python scripts/infer-loadings-only.py data/WGS_PCAWG.96.ready.Lung-AdenoCA.tsv Lung-AdenoCA  --signatures-prefix Signature --signatures 1 2 3 4 5 9 13 17a 17b 18 28 --save-dir WGS_PCAWG.96.ready.Lung-AdenoCA_NO40/synthetic_data --subst-type SBS -n 38 -a 0.00 --zeta 1    
data/WGS_PCAWG.96.ready.Lung-AdenoCA.tsv
Using 38 samples
Using SBS1, SBS2, SBS3, SBS4, SBS5, SBS9, SBS13, SBS17a, SBS17b, SBS18, SBS28
inferring loadings for 38 samples
zeta = 1
Using cached StanModel for normalized_joint_loadings_only
a0: 1.0800904367570754 b0: 247.13788567778553

Gradient evaluation took 0.01 seconds
1000 transitions using 10 leapfrog steps per transition would take 100 seconds.
Adjust your expectations accordingly!





Gradient evaluation took 0 seconds
Gradient evaluation took 0.01 seconds
Gradient evaluation took 0 seconds
1000 transitions using 10 leapfrog steps per transition would take 0 seconds.
Adjust your expectations accordingly!
1000 transitions using 10 leapfrog steps per transition would take 0 seconds.
1000 transitions using 10 leapfrog steps per transition would take 100 seconds.

Adjust your expectations accordingly!
Adjust your expectations accordingly!





Iteration:    1 / 3000 [  0%]  (Warmup)
Iteration:    1 / 3000 [  0%]  (Warmup)
Iteration:    1 / 3000 [  0%]  (Warmup)
Iteration:    1 / 3000 [  0%]  (Warmup)
Iteration:  300 / 3000 [ 10%]  (Warmup)
Iteration:  300 / 3000 [ 10%]  (Warmup)
Iteration:  300 / 3000 [ 10%]  (Warmup)
Iteration:  300 / 3000 [ 10%]  (Warmup)
Iteration:  600 / 3000 [ 20%]  (Warmup)
Iteration:  600 / 3000 [ 20%]  (Warmup)
Iteration:  600 / 3000 [ 20%]  (Warmup)
Iteration:  600 / 3000 [ 20%]  (Warmup)
Iteration:  900 / 3000 [ 30%]  (Warmup)
Iteration:  900 / 3000 [ 30%]  (Warmup)
Iteration:  900 / 3000 [ 30%]  (Warmup)
Iteration:  900 / 3000 [ 30%]  (Warmup)
Iteration: 1200 / 3000 [ 40%]  (Warmup)
Iteration: 1200 / 3000 [ 40%]  (Warmup)
Iteration: 1200 / 3000 [ 40%]  (Warmup)
Iteration: 1200 / 3000 [ 40%]  (Warmup)
Iteration: 1500 / 3000 [ 50%]  (Warmup)
Iteration: 1501 / 3000 [ 50%]  (Sampling)
Iteration: 1500 / 3000 [ 50%]  (Warmup)
Iteration: 1501 / 3000 [ 50%]  (Sampling)
Iteration: 1500 / 3000 [ 50%]  (Warmup)
Iteration: 1501 / 3000 [ 50%]  (Sampling)
Iteration: 1500 / 3000 [ 50%]  (Warmup)
Iteration: 1501 / 3000 [ 50%]  (Sampling)
Iteration: 1800 / 3000 [ 60%]  (Sampling)
Iteration: 1800 / 3000 [ 60%]  (Sampling)
Iteration: 1800 / 3000 [ 60%]  (Sampling)
Iteration: 1800 / 3000 [ 60%]  (Sampling)
Iteration: 2100 / 3000 [ 70%]  (Sampling)
Iteration: 2100 / 3000 [ 70%]  (Sampling)
Iteration: 2100 / 3000 [ 70%]  (Sampling)
Iteration: 2100 / 3000 [ 70%]  (Sampling)
Iteration: 2400 / 3000 [ 80%]  (Sampling)
Iteration: 2400 / 3000 [ 80%]  (Sampling)
Iteration: 2400 / 3000 [ 80%]  (Sampling)
Iteration: 2400 / 3000 [ 80%]  (Sampling)
Iteration: 2700 / 3000 [ 90%]  (Sampling)
Iteration: 2700 / 3000 [ 90%]  (Sampling)
Iteration: 2700 / 3000 [ 90%]  (Sampling)
Iteration: 2700 / 3000 [ 90%]  (Sampling)
Iteration: 3000 / 3000 [100%]  (Sampling)

 Elapsed Time: 4488.25 seconds (Warm-up)
               11705.5 seconds (Sampling)
               16193.7 seconds (Total)

Iteration: 3000 / 3000 [100%]  (Sampling)

 Elapsed Time: 4576.71 seconds (Warm-up)
               11777.1 seconds (Sampling)
               16353.8 seconds (Total)

Iteration: 3000 / 3000 [100%]  (Sampling)

 Elapsed Time: 5455.67 seconds (Warm-up)
               12012.1 seconds (Sampling)
               17467.7 seconds (Total)

Iteration: 3000 / 3000 [100%]  (Sampling)

 Elapsed Time: 5511.85 seconds (Warm-up)
               12341.2 seconds (Sampling)
               17853.1 seconds (Total)

Inference for Stan model: normalized_joint_loadings_only_7478cda48744ea0a7d29de17e1bfd57e.
4 chains, each with iter=3000; warmup=1500; thin=1; 
post-warmup draws per chain=1500, total post-warmup draws=6000.

               mean se_mean     sd    2.5%    25%    50%    75%  97.5%  n_eff   Rhat
theta[1,1]   606.36   309.9 573.47  1.7e-5   1.92 184.99 1179.6 1261.1      3    2.1
theta[2,1]      0.8    0.27   0.76    0.02    0.2   0.57   1.17    2.8      8   1.43
theta[3,1]    2.4e4   1.4e4  2.2e4    0.03   0.25  4.3e4  4.4e4  4.7e4      3   2.67
theta[4,1]   7572.0  1840.4 5522.9    0.23 4621.4 4887.5  1.5e4  1.5e4      9   1.75
theta[5,1]    1.7e4   1.2e4  1.9e4  2.2e-3   0.12   1.25  3.7e4  4.5e4      3   2.91
theta[6,1]   3375.8  1496.7 2428.4    0.04    5.3 4167.4 4775.7 6121.0      3   2.13
theta[7,1]     1.27    0.51   1.78    0.05   0.33   0.65   1.25   7.08     12   1.33
theta[8,1]     0.35    0.06   0.24  7.1e-3   0.22   0.33   0.45   0.85     15   1.27
theta[9,1]   637.55  322.23 481.26    0.26   7.61 655.58 808.26 1465.8      2   3.35
theta[10,1]  388.63  415.16 1123.5  1.5e-9   0.19   0.99   4.96 3769.2      7   2.54
theta[11,1]    0.73    0.27    0.6  2.1e-3    0.2   0.57   1.18   2.05      5   1.44
theta[1,2]   499.12  353.54 511.95  8.1e-4   0.02  20.56 1021.9 1113.1      2   4.58
theta[2,2]     0.71    0.37   1.26    0.01   0.08   0.23    0.8   4.11     11   1.39
theta[3,2]    2.6e4  5295.6  1.3e4    0.18  2.8e4  3.2e4  3.4e4  3.9e4      6   2.28
theta[4,2]   2154.2  1036.6 2402.9    0.16   0.81 2901.7 3269.4  1.0e4      5   1.68
theta[5,2]   7996.4  4999.0  1.2e4  2.5e-5  17.73 1688.7 4866.7  3.4e4      6   2.25
theta[6,2]   3094.5  1295.0 2065.6    0.22   0.55 3898.6 4320.4 6230.8      3    2.3
theta[7,2]     0.69    0.32   1.06  3.9e-6   0.05   0.21   0.93   3.84     11   1.25
theta[8,2]     0.97    0.55   1.84  1.2e-3   0.24   0.53   0.87   6.69     11   1.44
theta[9,2]   225.09  157.65 339.74    0.17   0.37   4.53 491.42 903.77      5   1.98
theta[10,2]  386.24  468.59 715.52  4.5e-3   0.14   1.51  30.65 2057.5      2   4.06
theta[11,2]    3.32    2.41   7.45    0.03    0.1   0.35   2.44  22.64     10   1.29
theta[1,3]    79.92   51.76 149.89    0.04   0.18   0.37 109.19 507.49      8   1.85
theta[2,3]     0.73     0.2    0.8    0.04   0.16   0.51    0.9   3.05     17   1.29
theta[3,3]   4340.7  1782.9 2855.9    0.16   1.95 5451.5 6534.2 7399.1      3   2.88
theta[4,3]   641.65  583.75 853.78     0.3   1.02 249.91 1213.5 2075.7      2   4.01
theta[5,3]   3070.3  719.93 1883.7  2.1e-4 2107.2 2760.6 4984.7 7412.2      7   1.56
theta[6,3]   1817.3  756.67 1159.0    0.16   0.77 2328.8 2452.7 2882.5      2   2.68
theta[7,3]    32.38   37.88  58.98    0.04   0.61   1.41   4.38 171.02      2   2.76
theta[8,3]   142.81   46.69  94.16    0.17  65.77 134.17 221.48  317.4      4   1.51
theta[9,3]    56.04   66.72 100.51  3.0e-3   0.23   1.13  20.46 282.16      2   3.05
theta[10,3]   40.03   48.55  77.81    0.01   0.09   0.44   3.43  248.0      3   2.26
theta[11,3]   90.92   95.13 172.23  2.4e-6    0.1   1.88  11.86 473.24      3   1.91
theta[1,4]   118.78   42.79  97.06    0.17    5.0 153.96 187.58 279.61      5   3.64
theta[2,4]     1.06     0.4   1.33    0.08   0.21   0.54   1.36   4.77     11   1.64
theta[3,4]   8750.7  3678.2 6053.2     0.6   1.59  1.2e4  1.2e4  1.5e4      3   2.25
theta[4,4]   842.21  603.32 1584.8 5.1e-14   0.12   0.56 2116.1 6982.3      7   1.42
theta[5,4]   2526.3  2478.0 4119.3  6.2e-9    0.3   2.12 8201.5 9002.6      3   2.15
theta[6,4]   3497.0  1437.8 2332.7    0.03   0.19 4368.8 4572.5 8985.8      3   2.52
theta[7,4]     9.82   10.95  19.52     0.1   0.36   0.65   3.54  67.93      3   1.89
theta[8,4]     0.85    0.26   1.42    0.03   0.18   0.46   0.91   3.98     29   1.15
theta[9,4]    389.4  291.88 456.09    0.14   0.78   5.19  820.3 1140.6      2   3.37
theta[10,4]    0.45    0.22   0.74  2.9e-6   0.02    0.1   0.63   1.82     12   1.21
theta[11,4]   14.51   16.78 117.99  3.6e-3    0.1   0.27   0.84  15.04     49   1.06
theta[1,5]   1317.3  573.54 1035.3    0.37   3.96 2010.0 2130.4 2342.7      3   2.63
theta[2,5]     0.89    0.28   1.09    0.02   0.25    0.5   1.04   4.53     15   1.31
theta[3,5]    6.8e4   2.8e4  4.2e4    1.88   5.05  9.2e4  9.6e4  1.1e5      2    3.0
theta[4,5]   9462.4  5435.2  1.5e4    0.11   1.03 6651.0 7563.6  2.7e4      8   1.33
theta[5,5]    2.1e4   2.4e4  3.6e4    0.01   2.58  16.31  6.0e4  1.1e5      2   4.42
theta[6,5]   9578.7  3694.5 8762.5    0.02   1.03  1.5e4  1.6e4  2.3e4      6   2.25
theta[7,5]     2.15    0.84   2.49    0.25   0.68   1.09   2.64   8.48      9   1.24
theta[8,5]    86.76  106.38 597.24  5.3e-7   0.05   0.19   0.57   4.01     32   1.09
theta[9,5]   600.47  704.39 1324.9     0.2   0.35   0.98   1.78 3614.5      4   2.34
theta[10,5]  336.83  191.26 789.26    0.01   0.84   5.21  65.21 3668.2     17   1.34
theta[11,5]  407.27  489.35 2042.3  2.1e-4   0.64   1.46   4.87 4209.5     17    1.2
theta[1,6]    29.14   13.49  24.35     0.2    0.5  29.58  51.47  68.06      3   1.92
theta[2,6]     1.15    0.83   1.75  6.0e-4    0.1   0.42   1.06    6.5      4   2.34
theta[3,6]   178.76  126.28 185.68  7.8e-3   0.51  75.68 353.07 473.07      2   4.06
theta[4,6]    40.69   29.78  48.14    0.01   0.13   6.24  84.21 138.09      3   3.46
theta[5,6]   213.35   107.2 181.23    0.02  11.69 226.51 394.98 453.27      3   2.19
theta[6,6]    44.95   39.32  78.14    0.06   0.54    1.3  74.05 317.16      4   1.82
theta[7,6]     2.76    2.41   5.23  5.8e-4   0.07   0.27   3.03  19.35      5    1.7
theta[8,6]    52.31    4.34  19.56    0.61  44.17   53.8   63.6   87.9     20   1.17
theta[9,6]     11.7    4.91   9.31    0.48   1.99  11.15  18.64  30.87      4   1.67
theta[10,6]    9.47    8.24  29.66  9.9e-3   0.21   0.35   1.26 134.55     13   1.33
theta[11,6]    2.75    0.97   3.37    0.03   0.26   1.44   4.42  11.98     12   1.27
theta[1,7]   332.75  199.79 309.39  7.9e-6   22.6 117.88 656.14 733.69      2   2.73
theta[2,7]     0.93    0.41   1.01    0.02   0.13   0.57   1.45   3.53      6   1.38
theta[3,7]    1.0e4  7383.0  1.0e4    0.03   0.25 9180.1  2.0e4  2.4e4      2  33.53
theta[4,7]   2718.8  1757.7 2507.2  7.6e-4   0.43 2994.2 5247.8 5512.0      2  13.21
theta[5,7]   6778.3  4796.1 6943.9    0.07   0.24 5711.8  1.3e4  1.8e4      2    7.1
theta[6,7]   3209.1  1275.9 2613.6    0.02   1.31 3524.2 5313.0 6999.8      4   2.22
theta[7,7]    14.03    13.9  36.39  6.0e-3   0.29   0.86   2.29  134.9      7   2.83
theta[8,7]     3.34    2.92    7.8  6.3e-5   0.05   0.28   2.43  26.81      7   1.46
theta[9,7]   651.82  256.71 488.75    0.01   0.46 832.36 925.23 1334.5      4   2.23
theta[10,7]   34.91   37.05  78.48    0.03   0.11    1.0   9.13 272.64      4   2.13
theta[11,7]  169.43   186.8 532.97 7.0e-12 9.1e-3   0.19   0.32 1881.2      8   1.93
theta[1,8]   241.13  140.19 240.39    0.07   0.31  87.74 502.14 549.53      3   2.39
theta[2,8]     1.31     0.4   1.06     0.2   0.52   1.01    1.8    4.4      7   1.46
theta[3,8]    1.3e4  5018.6 7533.7    0.17  1.7e4  1.8e4  1.8e4  1.9e4      2   3.11
theta[4,8]   2217.9  1360.7 1986.1    0.05   9.03 1793.3 2070.9 5828.4      2   4.09
theta[5,8]   3029.9  3682.3 5536.4    0.16   0.73   2.85  85.84  1.5e4      2   3.59
theta[6,8]   742.52  389.15 1199.7    0.31   1.64 729.29 1083.2 1867.5     10   1.22
theta[7,8]      1.5    0.41   1.66    0.14   0.37   1.25   1.94   6.67     17   1.21
theta[8,8]     0.97    0.47   1.23    0.04   0.13    0.5   1.39   4.06      7   1.38
theta[9,8]   183.66   39.45 133.19    0.22   6.19 226.65 294.03 366.99     11   1.39
theta[10,8]  350.08  427.29 742.47  2.6e-4   0.47   7.68  47.21 1380.0      3   1.75
theta[11,8]     9.2    8.33   32.2  2.8e-6   0.03   0.76   2.52 141.05     15   1.28
theta[1,9]   814.02   64.91 320.96    2.44 873.69 913.83 949.28 1353.8     24   1.23
theta[2,9]     0.66    0.33   0.87  8.5e-3   0.13   0.31   0.85    3.3      7   1.63
theta[3,9]    2.9e4  4900.0  1.1e4    0.13  3.0e4  3.1e4  3.5e4  3.8e4      5   6.44
theta[4,9]   4032.7  2760.1 7435.9    0.27   2.78 2949.5 3197.1  3.4e4      7   1.82
theta[5,9]   2122.0  1925.7 7219.7 1.2e-12   0.48   2.36  17.82  2.8e4     14   1.47
theta[6,9]   1890.8  1338.1 1906.0  1.6e-6   0.14 1542.9 3710.3 4718.7      2   8.89
theta[7,9]     0.75    0.39    1.3    0.02   0.11   0.28   0.72   5.99     11   1.73
theta[8,9]     1.37    0.75    1.7    0.02   0.34   0.68   1.68   6.17      5   1.45
theta[9,9]   722.83  351.71  670.1    0.47  30.03  655.6 1012.1 2934.3      4   2.11
theta[10,9]   60.89   73.44 424.22  1.1e-9   0.13   0.35   0.72   35.5     33   1.09
theta[11,9]    1.34    0.44   1.75  4.7e-8   0.06   0.79   1.83   6.41     16   1.31
theta[1,10]  1456.3  629.05 1122.7    1.33   7.34 2269.1 2344.3 2446.2      3   2.67
theta[2,10]    0.96    0.45   0.92    0.02   0.17   0.65   1.59   3.03      4    1.7
theta[3,10]   6.2e4   2.8e4  4.7e4    0.23   0.58  8.9e4  9.7e4  1.1e5      3   2.57
theta[4,10]   1.3e4  8595.1  1.7e4  4.0e-4   0.26  83.39  2.6e4  5.6e4      4   2.37
theta[5,10]   1.9e4   2.2e4  3.1e4    0.32   1.22 2277.7  3.8e4  8.3e4      2  12.14
theta[6,10]   1.6e4  7100.1  1.8e4    0.24   2.01  1.5e4  1.9e4  5.9e4      7   1.68
theta[7,10]   31.06   28.59 171.19    0.08   0.18   1.14   3.08 448.94     36   1.14
theta[8,10]    1.03    0.86   1.54    0.03   0.17   0.31   0.93   5.51      3   2.02
theta[9,10]  1212.7  915.88 1704.8  3.0e-3   0.02   0.11 2334.4 4799.0      3   4.19
theta[10,10] 1475.7  1432.9 5898.4    0.12   0.67  33.76 838.88  2.9e4     17    1.2
theta[11,10] 140.51  113.31 535.23  4.3e-3   0.47   2.22   10.0 1670.1     22    1.2
theta[1,11]   78.36   47.13 124.71    0.18   0.81   3.87 235.11 324.46      7   3.09
theta[2,11]     0.5     0.2   0.56  3.4e-3   0.12   0.28   0.66   1.94      8   1.93
theta[3,11]  5280.6  2034.9 5775.2    0.23   0.53   5.31  1.1e4  1.3e4      8    2.2
theta[4,11]  1777.8  1371.2 2670.8    0.01   1.18  77.01 2932.6 6691.1      4   2.29
theta[5,11]  3217.1  1605.2 4862.0  2.7e-7   0.15   2.35 7268.4  1.4e4      9   2.28
theta[6,11]  3187.2  1389.0 2533.1    0.24 796.54 2986.9 4103.5 7626.7      3   2.83
theta[7,11]   21.86   12.74  46.03  5.5e-3   0.13   0.88   6.44 152.43     13    1.3
theta[8,11]    0.27    0.15   0.28  5.8e-4   0.04   0.18   0.44   0.93      4   1.68
theta[9,11]  283.62  108.91 305.74    0.69   2.28  25.22 610.48 844.45      8   1.69
theta[10,11]   1.33    0.56   2.56  2.3e-5   0.02    0.2   1.72   8.49     21   1.16
theta[11,11] 197.88  231.73 420.38    0.02    0.1   0.38   2.01 1378.2      3   1.89
theta[1,12]  577.94   329.8 623.61    0.14   0.76 296.04 1275.7 1490.4      4   2.33
theta[2,12]    1.04    0.27   1.12    0.13   0.27   0.64   1.33   4.35     18   1.51
theta[3,12]   1.9e4   1.4e4  2.3e4  9.1e-3   0.05   0.57  4.6e4  4.9e4      3   3.34
theta[4,12]  6767.2  4192.1  1.2e4  2.5e-6   0.24    1.4 5900.5  4.5e4      8   1.57
theta[5,12]   2.4e4   1.6e4  2.3e4    0.03    0.8 9269.9  5.0e4  5.3e4      2   6.42
theta[6,12]  769.82  941.29 1405.2    0.02   0.45   1.96   7.38 3813.3      2   3.39
theta[7,12]    0.61     0.3   0.64    0.03   0.21   0.36   0.76    2.5      5   1.58
theta[8,12]    7.77    6.63  89.33    0.01   0.43   1.17   2.77  14.58    181   1.01
theta[9,12]  595.37  173.72 446.85    0.47   6.79 709.67 855.26 1239.8      7   1.51
theta[10,12] 1233.2  1485.2 6744.1 4.1e-16 4.6e-4   0.06   0.58 4825.8     21   1.16
theta[11,12] 314.78  330.01 1037.7 4.1e-11   0.07   0.23   2.52 4072.2     10    1.6
theta[1,13]   88.86    50.8  73.26    0.04   0.95  99.06 159.13 184.42      2   5.18
theta[2,13]    0.98    0.33    1.3    0.01   0.27   0.49    1.2   5.39     16   1.23
theta[3,13]  779.42  493.36  722.4    0.04   0.46 1125.4 1480.9 1637.4      2   4.59
theta[4,13]  134.51  106.97 164.73    0.07   0.36   9.73 204.65 465.17      2   3.11
theta[5,13]  616.08  442.28 637.13 4.2e-11 2.2e-5 120.18 1276.9 1490.7      2   5.49
theta[6,13]  558.45   43.53 122.82  371.92 486.75 555.08 618.46 757.05      8   1.41
theta[7,13]   22.05   14.19  23.61  8.8e-4   0.06   10.1  44.31  65.87      3   2.14
theta[8,13]   55.36   43.77  68.96    0.02   0.15   0.33 127.81 178.74      2   3.36
theta[9,13]   40.95   17.58  33.38    0.16   0.76  48.36  68.83  95.38      4   2.27
theta[10,13]  23.34    23.3  36.37    0.18    0.8   1.77  37.29 116.81      2   2.35
theta[11,13]   1.07    0.25   1.72  2.1e-6   0.12   0.43   1.52   6.21     49   1.14
theta[1,14]  313.11   10.05   48.1  173.62 304.13 320.75 336.64 366.83     23   1.12
theta[2,14]    0.82    0.28   0.99  6.5e-3   0.09   0.53   1.19   3.59     13   1.39
theta[3,14]  2754.3  433.29 761.07    1.24 2451.7 2776.6 3239.8 3687.4      3   2.05
theta[4,14]  187.98  141.25 224.87  7.1e-4   0.03  32.73 341.63 876.12      3   2.55
theta[5,14]  112.62   83.01 327.46 5.8e-11    0.1    1.4  13.26 1526.8     16   1.25
theta[6,14]  561.07  398.06 568.99    0.05   0.34 385.03 1114.1 1331.1      2   7.58
theta[7,14]   26.72   16.58  28.84  7.0e-7   0.68  19.39  41.65 107.78      3   1.91
theta[8,14]  126.86   47.47  86.17    0.37   6.44 151.66 195.86 249.06      3   1.94
theta[9,14]    80.3   63.05  95.04    0.04    0.4   3.49 136.96 260.78      2   2.98
theta[10,14]  37.79   34.32   60.0  3.2e-4   0.06   0.39  66.56 183.54      3    2.0
theta[11,14]  60.29   72.16  102.8  7.5e-7   0.05   0.96  90.53  271.3      2   8.15
theta[1,15]  1417.4  697.02 1324.9    0.42   0.78 2435.9 2649.3 2894.8      4   2.35
theta[2,15]    0.95    0.51   1.36    0.02   0.05   0.35   1.29   5.03      7   1.46
theta[3,15]   1.2e5   2.3e4  4.9e4    0.09  1.2e5  1.3e5  1.4e5  1.5e5      5   2.63
theta[4,15]  2197.5  1606.9 2825.5    0.19   0.94  13.21 5459.5 6569.0      3    2.4
theta[5,15]   2.4e4   2.8e4  5.3e4    0.05   0.24   2.82 6394.8  1.5e5      4   2.94
theta[6,15]  8730.6  6291.9  1.0e4    0.32   1.58   9.14  2.0e4  2.4e4      3   2.27
theta[7,15]    0.51    0.14   0.46  5.0e-3    0.2   0.37   0.74   1.83     10   1.32
theta[8,15]    1.31    0.44   1.66    0.02   0.12   0.45   2.03   5.13     14   1.23
theta[9,15]  5287.7  591.24 2219.3    2.59 4394.5 4735.8 6911.8 8047.3     14   1.27
theta[10,15]   4.54    3.99   7.98    0.15   0.23   1.21   3.93  29.82      4   1.67
theta[11,15]   3.49    1.22    4.4    0.03   0.32   2.12   5.14  15.16     13   1.51
theta[1,16]  332.49   135.5 219.41    0.62   7.28 454.76 486.32 543.75      3   2.34
theta[2,16]    1.34    1.08   2.03    0.03   0.22   0.41   1.52   7.99      4   2.57
theta[3,16]   2.6e4  1503.3 5680.7    2.27  2.7e4  2.8e4  2.8e4  2.8e4     14   1.22
theta[4,16]  499.04  539.16 1741.6  2.3e-4   0.12   0.33   1.78 8641.4     10   1.25
theta[5,16]  653.96  782.36 3129.8 3.9e-10 4.0e-3    0.1   0.37  1.5e4     16   1.22
theta[6,16]   1.2e4  1385.1 2431.2   1.1e4  1.1e4  1.1e4  1.5e4  1.6e4      3   1.83
theta[7,16]    0.59     0.3   1.02  1.7e-3   0.02   0.15   0.65    3.9     11   1.51
theta[8,16]     0.4    0.08   0.63  1.0e-4   0.09    0.2    0.5   2.56     57   1.09
theta[9,16]  2017.4  827.61 1192.4    0.16   1.47 2655.7 2723.8 2851.9      2   5.08
theta[10,16]   0.78    0.35   2.42  2.3e-7 1.4e-3   0.02   0.46   6.17     48   1.09
theta[11,16]   0.46    0.11   0.69    0.04   0.11   0.32   0.51   2.29     38    1.1
theta[1,17]   60.93   43.95  96.34     0.1   0.22  17.37  83.64 372.02      5   1.93
theta[2,17]  168.77   59.47 164.71    0.02   0.86 173.13 329.06 397.72      8   1.92
theta[3,17]   2.5e4  1389.5 4831.0   2.3e4  2.5e4  2.5e4  2.5e4  3.7e4     12   1.32
theta[4,17]    0.31    0.11   1.15 2.2e-10   0.03   0.06   0.15   2.06    109   1.04
theta[5,17]    1.69    0.81   2.11  1.1e-3   0.04   0.75   2.71   7.53      7   1.44
theta[6,17]   1.8e4  2078.2 6513.3    1.09  1.8e4  1.8e4  1.8e4  2.5e4     10   1.45
theta[7,17]    9.93    9.18 114.59    0.02   0.51   1.64    3.7   8.92    156   1.02
theta[8,17]     1.0    0.49   1.05  2.1e-7    0.2   0.75   1.38   3.96      5   1.64
theta[9,17]  3837.8  435.83 1527.0    0.73 4260.4 4359.1 4455.3 5125.3     12   1.41
theta[10,17]  47.14   57.79 385.97  1.2e-9 2.8e-3   0.16   0.44   9.47     45   1.06
theta[11,17] 408.15  450.02 1327.1    0.02    0.1   0.22   1.52 5024.0      9   1.65
theta[1,18]   27.98   31.88  49.21    0.07   0.24   1.06  12.28 138.39      2   2.67
theta[2,18]    1.87    0.94    1.8    0.08   0.37   1.33   2.89   6.32      4   2.02
theta[3,18]  1661.4  1174.4 1676.0    0.14   0.66 1255.7 3366.6 3763.9      2  16.52
theta[4,18]  817.38  494.06 786.62     0.1 181.59 392.58 1152.2 2015.9      3   2.38
theta[5,18]  728.94   731.8 1057.9  6.8e-4   0.17   2.56 1736.3 2630.9      2  17.88
theta[6,18]  1608.6  382.58 779.69    0.94 1225.5 1347.3 1485.7 3102.6      4   1.65
theta[7,18]   20.43   19.97  32.35    0.06   0.26   1.25  28.91  99.02      3   2.28
theta[8,18]   89.77   82.71 176.75    0.08   0.31   1.25 146.46 684.64      5   1.57
theta[9,18]  131.77   56.15   82.8    0.12    2.3 157.24 192.56 244.34      2   3.92
theta[10,18] 110.82   81.36 458.62  1.8e-8    0.1   0.47  76.47  297.9     32   1.09
theta[11,18]  33.91   40.01  170.8 1.5e-11   0.03   0.45   1.09 890.74     18   1.19
theta[1,19]  1006.2  424.53 716.45    0.11   0.46 1444.1 1540.3 1669.0      3   2.88
theta[2,19]     1.6    0.71    1.8    0.01   0.35   0.97   2.01   6.61      7    1.6
theta[3,19]   4.5e4  7943.2  1.9e4    3.82  4.9e4  5.1e4  5.5e4  5.9e4      6   2.47
theta[4,19]  2014.5  1677.3 4833.1 3.8e-46   0.03    0.2 5261.0 6536.2      8   1.22
theta[5,19]   1.1e4   1.0e4  2.0e4  1.0e-3    3.0 2364.1 9317.6  6.1e4      4   4.38
theta[6,19]  1987.5  737.34 2964.8 3.5e-69   1.27 2118.9 2529.4 3413.6     16   1.12
theta[7,19]    0.42    0.17   0.47  7.6e-8   0.07   0.33   0.59   1.64      8   1.36
theta[8,19]    0.41    0.14   0.75  9.9e-3   0.12   0.26   0.46   2.12     28   1.11
theta[9,19]  458.07   43.58 208.42    1.11 394.31 458.44 559.44 856.38     23   1.13
theta[10,19] 401.24   280.9 473.97    0.11   0.37  11.57 867.16 1261.1      3   2.21
theta[11,19]   0.53    0.31   0.84 4.1e-13 3.7e-3   0.17   0.75   3.41      8    1.8
theta[1,20]  376.83  267.61 386.82  8.4e-3   0.05   0.92 768.53  841.9      2   4.75
theta[2,20]    1.01    0.58   1.09    0.02    0.3   0.59   1.49   4.09      4   1.74
theta[3,20]   1.5e4  6299.3 8981.2     0.5    3.9  2.0e4  2.1e4  2.3e4      2   7.97
theta[4,20]  1733.4  716.68 1046.8  8.1e-3   0.39 2254.0 2443.2 2681.1      2   4.05
theta[5,20]  7464.1  7119.2  1.0e4    0.57   1.57 1551.5  2.2e4  2.6e4      2   8.31
theta[6,20]  608.63  214.86 645.09    0.39    2.1 607.08 1133.1 1756.8      9    1.6
theta[7,20]    1.69    0.52   1.73    0.01    0.5   1.24   2.26   5.82     11    1.4
theta[8,20]    1.11    0.28   1.06  2.6e-3   0.23    0.8   1.72   3.76     14    1.4
theta[9,20]  375.45   53.42 183.99    0.56 348.63  419.2 501.92  604.0     12   1.43
theta[10,20] 125.25  125.71 348.42  9.8e-9   0.06    0.2    1.8 1198.7      8   2.28
theta[11,20]    2.7    1.08   7.08 3.8e-12   0.02   0.71   2.44  22.27     43   1.11
theta[1,21]   58.33   24.11  39.22    0.02   1.38  72.74  87.02 114.07      3   2.24
theta[2,21]    1.31     0.8   1.68    0.02   0.09   0.19    2.6   5.29      4   2.01
theta[3,21]  647.35  457.59 674.78  3.0e-5   0.08 347.75 1224.1 1722.3      2   7.59
theta[4,21]  240.73  224.25 350.64 1.1e-12   0.41  91.02 415.09 1395.5      2   2.82
theta[5,21]  459.36  476.01 680.71    0.05   0.21  14.37 1069.2 1688.8      2   11.2
theta[6,21]  415.04  250.56 431.98  5.2e-3   0.22 431.85 608.71 1184.4      3   2.25
theta[7,21]   63.59   28.19  41.78    0.26   3.27  71.99  93.83 129.76      2   3.31
theta[8,21]   93.55   41.91  88.44  3.1e-4   1.87  98.48 122.99 433.74      4    1.6
theta[9,21]   28.26   26.75  39.01    0.01    0.6   2.74  65.09 109.49      2   4.14
theta[10,21]  82.46   55.67  85.26  9.3e-3   0.07  47.73 171.66 223.65      2   3.66
theta[11,21]    8.2    6.84  17.12    0.04   0.34   1.18   3.24  62.96      6    2.3
theta[1,22]   93.36   93.13 144.84    0.06   0.86   2.85  91.95 391.23      2   2.64
theta[2,22]    0.65    0.46    0.8    0.02   0.09   0.19   1.21   2.67      3   2.04
theta[3,22]  6214.3  2476.5 5061.8     0.2   0.54  1.0e4  1.0e4  1.1e4      4   1.78
theta[4,22]  1263.5  1023.0 1484.2    0.26   0.88   5.49 3330.6 3668.7      2   4.78
theta[5,22]  4518.9  1490.2 4100.8  1.6e-8 1898.0 2235.1 7753.0  1.3e4      8   1.51
theta[6,22]  430.69  319.77 514.47  3.7e-5   0.48 270.53 1001.9 1389.0      3   2.31
theta[7,22]     1.0    0.56   1.17    0.04   0.17   0.48    1.4   4.27      4    1.6
theta[8,22]    4.35    2.15   9.03    0.05   0.34   1.27    3.8  33.08     18   1.24
theta[9,22]   138.8   22.67  57.66    4.15 105.63 136.92 176.43 264.15      6   1.29
theta[10,22]   0.98    0.92   1.81    0.01   0.06    0.2   0.65   6.53      4   2.17
theta[11,22]   1.21     0.7   1.54    0.02    0.1   0.43   1.85   5.28      5   1.43
theta[1,23]    37.9   18.26  49.14    0.02   0.12   3.89  63.21  149.9      7   2.28
theta[2,23]  432.48   31.97 167.33    0.47  463.4 490.77 512.78 555.43     27   1.12
theta[3,23]  3580.2  1707.2 2449.3    0.03 1086.7 3638.1 6535.5 7253.1      2   7.55
theta[4,23]  140.69  171.64 244.09 1.7e-11   0.17   0.66  17.42 624.96      2   9.56
theta[5,23]     1.8    1.11   5.03  1.0e-7   0.05   0.27   1.13  18.11     21   1.17
theta[6,23]  4011.6  2156.2 3095.8     0.1    1.5 3659.7 7514.0 8887.3      2   6.34
theta[7,23]  255.61  132.97 207.23    0.04   0.14 315.38  430.2 553.91      2   5.47
theta[8,23]    1.02    0.35   1.65  1.0e-9   0.12   0.39   1.12   6.02     23   1.17
theta[9,23]   62.38   56.23 107.63 6.3e-11   0.26   0.69  141.8 343.97      4   1.67
theta[10,23]   1.44    0.63   2.77 7.1e-11   0.02   0.21   0.96  10.15     19   1.18
theta[11,23] 1560.4  679.83 1014.5     0.1   0.39 1923.3 2459.4 2705.8      2   3.49
theta[1,24]    5.86    3.98  10.29    0.02    0.1   0.37   6.07  36.64      7    2.3
theta[2,24]    0.24    0.16    0.4  6.9e-3   0.03   0.08   0.24   1.56      6   1.52
theta[3,24]   95.35  116.49 169.23    0.04   0.14   0.33   1.42 483.58      2   6.16
theta[4,24]   48.29   37.53   62.3    0.15   0.46    1.3 116.62 160.76      3   4.69
theta[5,24]  319.36   99.51 153.76    0.05 232.89 302.42 459.74  560.5      2   3.81
theta[6,24]   57.87   41.31  61.28    0.09   0.18   4.57 116.43 163.95      2   3.28
theta[7,24]    2.03     1.1   2.89  8.6e-3   0.34   0.83   2.45  11.13      7   1.43
theta[8,24]   14.19    9.35  14.92    0.52   1.47   3.84  25.92  47.03      3   2.32
theta[9,24]   15.72     7.2  13.07    0.37   1.39  16.23  26.29  40.56      3   1.91
theta[10,24]   6.99    3.25  15.08  3.8e-4   0.14   0.74   5.39  59.99     21   1.17
theta[11,24]   1.41    0.68   2.84  1.6e-4   0.04   0.21   1.28   9.55     18   1.28
theta[1,25]  846.35   349.3 549.16    0.05   0.72 1172.9 1217.2 1288.5      2   2.42
theta[2,25]    0.66    0.19   0.62    0.04   0.28   0.41   0.99    2.0     11   1.53
theta[3,25]   3.1e4   1.3e4  1.9e4    0.11   2.21  4.0e4  4.4e4  4.5e4      2    3.5
theta[4,25]  3859.9  3272.0 4863.7  3.9e-3   0.06 3276.1 3918.4  1.3e4      2   3.44
theta[5,25]  9476.1  9280.2  1.4e4 5.1e-10   5.19 1497.7  3.0e4  4.1e4      2   2.59
theta[6,25]  2615.1  1129.0 1935.8    0.22   1.42 2629.3 4185.7 5127.9      3   2.14
theta[7,25]    0.98     0.5   0.99  8.3e-3    0.2   0.61   1.51   3.61      4   1.58
theta[8,25]    1.11    0.57   1.29  5.8e-3   0.15   0.65   1.51   4.58      5   1.47
theta[9,25]  645.51  286.24 445.24    0.33   4.64 805.56 960.71 1469.4      2   2.91
theta[10,25]  40.94   36.73 213.35 3.3e-14   0.27   1.24   5.89 243.78     34   1.09
theta[11,25]   2.08    1.94  20.17  3.6e-6   0.12   0.29   0.57   3.72    108   1.03
theta[1,26]   48.18   33.72  76.31    0.06   0.47   2.17 121.87 205.42      5    1.8
theta[2,26]    0.42    0.12   0.52  1.7e-3   0.05   0.25   0.64   1.78     17   1.15
theta[3,26]   2.1e4  2944.4 5230.9   1.7e4  1.8e4  1.8e4  2.6e4  3.3e4      3   2.09
theta[4,26]    1.15    0.39   1.62  4.2e-6   0.36   0.64   1.17   6.42     17   1.36
theta[5,26]  158.89  196.72 1496.2  4.0e-9   0.02   0.26   1.46   4.88     58   1.05
theta[6,26]  8715.3  3841.2 6162.8    0.25   1.12  1.2e4  1.2e4  1.6e4      3   2.96
theta[7,26]    0.71    0.31   1.13  3.1e-8 8.2e-3    0.3   0.97   3.95     13   1.39
theta[8,26]    0.75    0.27   1.08  2.5e-4   0.02    0.3   1.15   3.49     16   1.24
theta[9,26]  3251.3  786.08 1725.0    0.21 3498.2 3620.5 4361.1 5352.6      5   1.69
theta[10,26]   1.01    0.56   1.07    0.07   0.21    0.5   1.63   3.78      4   1.76
theta[11,26] 340.23   351.9 892.04  1.3e-5   0.21    0.6    2.7 2840.8      6  10.35
theta[1,27]  338.48  239.68  344.3    0.05   0.22    6.1 687.58 751.72      2   5.96
theta[2,27]    0.92    0.47   1.32  4.7e-4    0.1   0.28   1.17    5.0      8   1.78
theta[3,27]   2.4e4  9881.2  1.4e4    0.18   2.27  3.2e4  3.3e4  3.4e4      2   4.82
theta[4,27]  3856.9  3004.3 4739.2  3.2e-3   2.07 1939.7 9823.3  2.0e4      2    2.3
theta[5,27]  4598.7  5661.6 8405.3  8.2e-3    0.1   0.44   3.21  2.0e4      2   3.48
theta[6,27]  9247.5  1748.9 3373.7  6583.1 7005.7 7969.4  1.2e4  2.3e4      4   1.66
theta[7,27]     1.0    0.51   1.19    0.06   0.14   0.42   1.57   4.34      5   1.77
theta[8,27]     1.3    0.29   1.46    0.01    0.3   0.82   1.85   5.49     25   1.16
theta[9,27]  781.65  320.52 660.27     0.3   1.33 1233.6 1334.3 1462.0      4    2.2
theta[10,27]   4.88    5.39  12.48  8.0e-4   0.05   0.17   0.73  41.41      5   1.37
theta[11,27]   0.71    0.55    1.6  3.6e-8 2.5e-3   0.13   0.32   6.09      8   1.65
theta[1,28]  3324.4  1683.8 2701.9  5.4e-3   2.54 5376.6 5599.2 7815.8      3   2.25
theta[2,28]    1.02    0.51   1.11  4.3e-3   0.22   0.59   1.34   4.24      5   1.62
theta[3,28]   5.9e4   5.1e4  8.3e4    0.03   0.14   0.86  1.7e5  1.8e5      3   3.38
theta[4,28]   4.7e4   2.0e4  4.3e4    0.22   3.52  4.6e4  4.8e4  1.7e5      5   1.82
theta[5,28]   6.5e4   4.6e4  6.9e4    0.08   0.23   2.86  1.4e5  1.4e5      2   3.48
theta[6,28]   1.1e4   1.3e4  2.4e4    0.02   0.12   0.57 1884.9  6.5e4      3   2.54
theta[7,28]    2.31    1.41   2.56     0.1   0.29    1.2    3.7   8.89      3   1.96
theta[8,28]    1.78    0.44   1.42    0.02   0.57   1.55   2.64   5.06     10   1.42
theta[9,28]   732.8  538.18 910.55    0.08   0.36   3.17 1660.9 1832.1      3   2.09
theta[10,28]   2.87    1.36   3.21    0.02   0.42    1.8   4.46  10.43      6   1.56
theta[11,28] 225.27  272.12 1307.1  2.2e-5   0.41   1.76   4.37 4805.5     23   1.14
theta[1,29]  149.37   86.03  139.5  8.4e-4   0.34 243.22 279.97 319.69      3   2.42
theta[2,29]    0.82    0.26   0.96    0.05   0.24   0.59   1.02   4.11     14   1.27
theta[3,29]  2228.0  1452.9 2213.0  2.0e-5   0.03 3909.3 4338.2 4696.7      2   2.88
theta[4,29]  533.66  559.76 852.87  8.1e-3   0.09   0.31 290.94 2194.2      2   3.04
theta[5,29]  1454.5  1686.2 2416.8  3.7e-7   0.02   0.08 4450.3 5698.9      2   6.48
theta[6,29]  1611.1  930.41 1379.9    0.07   1.65 1418.2 1764.8 4129.7      2   3.82
theta[7,29]   32.05   36.58  67.82    0.06   0.35   0.77   1.95 200.35      3   1.81
theta[8,29]  109.48   82.03 132.18    0.01   0.12   0.67 256.85 330.97      3   2.55
theta[9,29]   170.3   95.72 143.77    0.25   2.46  177.4 283.67 416.46      2   4.96
theta[10,29]   2.72    1.12   8.64  1.8e-4   0.04   0.45   1.53  26.44     59   1.08
theta[11,29]  22.82   26.95  44.08 4.5e-10   0.03   0.33   7.44 133.96      3   2.38
theta[1,30]  255.47  115.72 193.34    0.04   0.92 342.82 411.14 495.58      3   2.46
theta[2,30]    0.61    0.24    1.1    0.08   0.16   0.23   0.46   4.61     21    1.2
theta[3,30]  9975.6  892.72 2482.4    1.59 9634.9  1.0e4  1.1e4  1.2e4      8    1.5
theta[4,30]  251.66  285.63 634.27  4.6e-5   0.14   0.27  66.62 2796.8      5   1.66
theta[5,30]  1997.1  824.92 1995.2     0.7 374.34 1545.2 3051.5 8824.6      6   1.66
theta[6,30]  3110.0  162.37  550.3  2531.2 2873.6 3149.0 3395.3 4044.4     11    1.2
theta[7,30]    1.99    1.68   2.88  1.4e-3   0.11   0.56   2.58  10.08      3   2.06
theta[8,30]    5.53    1.67   8.33  3.4e-4   0.85   3.29   7.36  28.83     25   1.19
theta[9,30]    79.5   56.64  88.97    0.03   0.18   2.98 168.45 230.71      2   2.56
theta[10,30]  30.71   12.69  41.66    0.25   1.48   6.64  48.93 144.54     11   1.29
theta[11,30]   9.52   10.57  62.24  3.2e-5   0.16   0.53   1.23   8.75     35   1.08
theta[1,31]  167.95  101.43 154.89    0.02   1.95 260.49 315.31 362.98      2   2.75
theta[2,31]    0.53    0.21    0.9  1.6e-3   0.08   0.21   0.44   3.47     19   1.24
theta[3,31]  3964.4  1760.0 2678.1    0.15   2.55 4802.2 6647.3 7288.7      2   2.99
theta[4,31]   58.31   42.68  92.27    0.05   0.14   1.73 131.96 276.31      5   1.83
theta[5,31]  1426.1  1090.9 2206.0  1.4e-3   0.17   0.86 4306.6 7754.7      4   1.71
theta[6,31]  1788.6   879.4 1566.7    0.03    0.2 2061.4 2381.9 7150.3      3   2.22
theta[7,31]   41.52   42.31  81.53    0.35   2.27   6.83  44.82 390.43      4   1.71
theta[8,31]    1.47    0.86   3.45  1.3e-5 7.2e-3   0.18    1.5  12.56     16   1.18
theta[9,31]  330.48   75.13 237.88    0.41   3.29 394.91 447.24 700.34     10   1.77
theta[10,31]   1.14    0.39   3.92  1.7e-4   0.13   0.52    1.2   3.52    103   1.04
theta[11,31]  79.44    86.6 215.85  2.6e-8   0.02   0.24   4.57 796.98      6    1.9
theta[1,32]   412.6  298.23 663.41     0.1   0.22   0.48 1431.5 1590.8      5   1.99
theta[2,32]    1.07     0.3   1.04    0.06   0.28    0.8   1.43   4.04     12   1.27
theta[3,32]   3.2e4   1.7e4  2.7e4    0.15   0.41  5.4e4  5.6e4  5.7e4      3   3.02
theta[4,32]  8925.5  4423.6 7194.9    0.17   2.69 6701.7  1.7e4  1.8e4      3   2.35
theta[5,32]   2.3e4   1.3e4  2.2e4  9.2e-4 1194.7 8214.3  4.7e4  6.6e4      3   2.68
theta[6,32]  616.07  349.32 1458.4    0.03   0.15   0.92   7.69 6109.2     17   1.28
theta[7,32]     1.7    1.11   2.36  3.9e-5   0.11   1.04   1.85   9.46      5   2.01
theta[8,32]    1.79    1.88   3.23    0.02   0.07    0.2   1.41  10.91      3   2.02
theta[9,32]  643.13  221.36  563.8    0.16   1.65 704.47 1069.8 1522.8      6   1.62
theta[10,32] 500.01  615.92 907.57    0.12   0.55   1.28   6.13 2191.0      2   3.48
theta[11,32]   2.02    0.74   3.29  5.0e-5   0.16   1.28   2.45  13.24     20   1.27
theta[1,33]  142.94   24.02  56.73    0.37 147.58 161.06 172.38 194.58      6    3.4
theta[2,33]    1.45    0.36   1.05    0.09   0.76   1.26   1.79   4.51      9   1.64
theta[3,33]  1106.5  103.85 185.83  801.23 977.65 1072.1 1287.0 1471.3      3   2.25
theta[4,33]   24.57   25.31  65.24    0.05   0.11    0.3   1.02  229.2      7   3.54
theta[5,33]    7.74    4.72  19.73    0.03   0.31   0.84    5.7  66.51     17   1.26
theta[6,33]  308.35  131.37 210.09    0.16   1.13 392.27 451.71 611.19      3   2.65
theta[7,33]    3.71    1.31    4.2    0.16   0.53   2.31   5.12   15.2     10   1.22
theta[8,33]  132.85    5.12  27.58   78.52 120.01 134.65 149.17 178.13     29   1.08
theta[9,33]   29.33   23.73  37.52  1.9e-4 8.4e-3   0.73  59.83 105.31      2   2.45
theta[10,33]  37.17   31.78  62.95  1.7e-4   0.33   2.93  41.23  217.1      4   3.29
theta[11,33]    3.2    2.08  10.39  6.7e-3   0.14   0.58   2.44  17.25     25   1.11
theta[1,34]  100.67   42.33 112.65    0.13   0.43  11.93 225.46 262.26      7   1.76
theta[2,34]    0.39    0.08   0.42    0.02   0.16    0.3   0.48   1.56     27   1.17
theta[3,34]  2472.1  648.55 1225.1     0.7 2461.7 2656.3 3494.3 3813.7      4   2.25
theta[4,34]   23.73   24.26  95.61    0.09    0.2   0.34   0.83 177.44     16   1.35
theta[5,34]   754.4  734.17 1427.4  4.2e-5   0.22    0.6 747.55 4031.0      4   2.52
theta[6,34]  459.35  355.26 539.13  7.5e-3   0.23   1.76 1016.6 1372.1      2   3.61
theta[7,34]    3.34    1.94   5.88  5.2e-3    0.1   1.28   4.18  24.33      9   1.44
theta[8,34]   29.85   19.21  39.33    0.01   0.37   3.42  62.68 115.71      4   2.08
theta[9,34]  149.04    61.8 124.58    0.06    0.4 171.31 265.48  325.7      4   2.89
theta[10,34]   9.46   10.56  38.21  7.7e-5   0.05   0.18   0.77 171.64     13   1.29
theta[11,34]   0.81    0.23   1.08  4.4e-7   0.19   0.44   0.94   3.77     21   1.19
theta[1,35]  287.87  281.13 404.52  3.7e-3   0.09   6.38 369.62 1017.7      2   7.97
theta[2,35]    0.42    0.09   0.35    0.03   0.24   0.35   0.48   1.32     17   1.31
theta[3,35]   1.4e4  9634.3  1.4e4    0.03   0.71  2.7e4  2.8e4  3.2e4      2   4.64
theta[4,35]  4940.2  1762.5 3112.3 2.5e-26 2687.6 2944.5 8320.4 8681.4      3   1.98
theta[5,35]   1.1e4  7573.9  1.1e4 1.4e-26 1.4e-6   1.48  2.1e4  3.1e4      2   4.07
theta[6,35]  2912.8   624.0 1102.3 2.1e-14 1875.2 3252.1 3787.9 4047.0      3   1.81
theta[7,35]    0.68    0.42   0.98    0.03   0.18   0.35    0.6   4.24      5   1.82
theta[8,35]     3.9    2.28   4.08    0.05   0.25    2.6   6.86  12.83      3   1.92
theta[9,35]  135.74  100.19 156.78    0.88    3.1  20.88 259.46 439.85      2   2.55
theta[10,35]  32.13   38.17 174.75  1.9e-4   0.04   0.24   1.29 890.89     21   1.15
theta[11,35]   0.72    0.15   1.41  1.9e-3   0.15   0.36    0.9   3.31     90   1.05
theta[1,36]  184.14   88.94 144.54     0.2  16.56 282.09 309.67 344.46      3   3.07
theta[2,36]    2.25    1.23    2.2    0.21   0.74   1.41   3.07   8.04      3   2.14
theta[3,36]  2423.7  1436.0 2150.5    0.05    0.5 3632.4 4459.2 4815.2      2   4.12
theta[4,36]  523.47  471.07  747.0  1.3e-3   0.13  53.93 572.53 2107.9      3   3.05
theta[5,36]   922.0  1111.1 1574.3 1.1e-12   0.07   1.97 1872.6 3818.0      2   19.4
theta[6,36]  1095.8  792.61 1207.2    0.18   0.34 362.11 1866.3 3208.6      2   3.87
theta[7,36]   24.93   16.31  40.38  3.1e-3   0.22   1.78  40.57 127.38      6   1.44
theta[8,36]  201.85   83.71 122.32    0.01   3.28 249.51 286.86 349.89      2   4.09
theta[9,36]  173.88   97.75 143.47    0.03    0.6 238.88 309.45 349.77      2   4.86
theta[10,36]  34.23   21.62  87.06  4.6e-8   0.15   0.93   9.73 373.97     16   1.27
theta[11,36]   2.36    1.51   6.68  2.9e-6   0.13   0.69   1.03  21.88     20   1.16
theta[1,37]  220.54   36.68 103.28    15.5 122.97  261.2  291.9 387.52      8   1.35
theta[2,37]    1.05    0.39   1.52    0.22    0.4    0.6   1.06   5.71     15    1.2
theta[3,37]  1760.0  847.27 1519.4    0.05   0.22 2519.2 2885.1 4153.5      3   2.72
theta[4,37]  797.86   346.1 924.82    1.35 343.84 473.04 985.03 3810.9      7   1.92
theta[5,37]  992.63  550.48 1193.8    0.27    1.1 274.96 2127.4 3692.2      5   1.57
theta[6,37]  883.31  385.84 643.24    0.08   0.36 1256.6 1376.1 1556.6      3    3.0
theta[7,37]   19.83   23.41  41.25    0.05   0.11   0.17   0.32 125.32      3   2.42
theta[8,37]  119.49    59.8 109.59  6.2e-3   0.24  169.6 218.28 278.41      3   2.27
theta[9,37]  208.85   77.99 147.73    0.64 130.91 158.01 282.11 705.07      4   1.95
theta[10,37]  27.69   27.53  74.12    0.02   0.13   1.53   6.56 284.32      7   1.88
theta[11,37]   31.2   30.71  99.39  2.7e-3   0.12   0.36   3.09 447.13     10   1.44
theta[1,38]  456.41   68.17 208.08    0.57  501.9 537.06 567.11 624.26      9   1.85
theta[2,38]    0.71    0.28   1.04  9.6e-3   0.15   0.36   0.85   3.69     13   1.35
theta[3,38]   2.0e4  1067.4 1653.2   1.8e4  1.9e4  2.0e4  2.2e4  2.3e4      2   3.52
theta[4,38]  444.39  360.04 607.42    0.13    0.4   1.18 1202.1 1429.2      3   3.42
theta[5,38]  325.94  351.73 848.78  2.5e-7   0.02   0.17  24.39 3032.2      6   2.05
theta[6,38]  1443.4  1021.9 1457.3    0.18   0.32 211.46 2840.0 3440.5      2   7.86
theta[7,38]    2.67    0.85   2.78    0.14   0.47   1.61   4.12  10.37     11   1.53
theta[8,38]    1.14    0.49   1.24  8.5e-4   0.19    0.7   1.62   4.33      7   1.55
theta[9,38]  285.25  138.96 244.06    0.02   0.17 303.05 384.38 714.66      3   2.02
theta[10,38] 182.94  218.48  344.0    0.26   1.18    3.0 215.47 1327.3      2   2.94
theta[11,38]  90.89  110.36 181.43  1.9e-8 8.2e-3   0.07   1.22 499.69      3   2.44
mu[1]        488.47   26.05 297.29  145.25 296.56 417.96 594.33 1266.5    130   1.05
mu[2]         78.05    2.04  43.59   29.77  50.08  66.97  93.49 187.34    457   1.01
mu[3]         1.9e4  720.55  1.3e4  6824.3  1.2e4  1.6e4  2.3e4  4.7e4    309   1.02
mu[4]        3440.4  510.66 2499.9  1062.2 1892.0 2731.8 4118.4  1.0e4     24   1.12
mu[5]        7324.4  689.06 5334.8  2147.9 4200.1 5987.2 8824.9  2.0e4     60   1.07
mu[6]        3688.6  361.09 2267.1  1270.9 2234.1 3129.0 4461.5 9739.6     39   1.07
mu[7]         83.55     8.1  57.69   29.63  49.34  67.98  97.26 242.84     51   1.07
mu[8]         96.43    1.92   58.3   36.54  59.86  81.52  115.5 242.66    923   1.01
mu[9]        734.04   35.61 455.24  229.75 442.46 619.44 886.03 1929.7    163   1.03
mu[10]       221.96   45.54 341.53   49.58  99.24 144.42 224.57 1054.0     56   1.06
mu[11]       168.79   36.02  148.0   38.63  82.62 127.03 198.62  564.6     17   1.21
lp__          7.2e6   1.4e4  4.9e4   7.1e6  7.2e6  7.2e6  7.2e6  7.3e6     12   1.56

Samples were drawn using NUTS at Mon Mar  7 16:26:42 2022.
For each parameter, n_eff is a crude measure of effective sample size,
and Rhat is the potential scale reduction factor on split chains (at 
convergence, Rhat=1).
Warning: some signatures do not have substantial loadings attributed to them: SBS1, SBS2, SBS13, SBS17a, SBS17b, SBS18
max loadings: [ 8.  4. 86. 25. 56. 40.  3.  9. 10.  4. 15.]
