python scripts/infer-loadings-only.py data/WGS_PCAWG.96.ready.Lung-AdenoCA.tsv Lung-AdenoCA  --signatures-prefix Signature --signatures 1 2 3 4 5 9 13 17a 17b 18 28 --save-dir WGS_PCAWG.96.ready.Lung-AdenoCA_NO40/synthetic_data --subst-type SBS -n 38 -a 0.00 --zeta 1    
data/WGS_PCAWG.96.ready.Lung-AdenoCA.tsv
Using 38 samples
Using SBS1, SBS2, SBS3, SBS4, SBS5, SBS9, SBS13, SBS17a, SBS17b, SBS18, SBS28
inferring loadings for 38 samples
zeta = 1
Using cached StanModel for normalized_joint_loadings_only
a0: 1.0800904367570754 b0: 247.13788567778553


Gradient evaluation took 0 seconds
Gradient evaluation took 0.01 seconds
1000 transitions using 10 leapfrog steps per transition would take 0 seconds.
Adjust your expectations accordingly!
1000 transitions using 10 leapfrog steps per transition would take 100 seconds.


Adjust your expectations accordingly!




Gradient evaluation took 0 seconds
1000 transitions using 10 leapfrog steps per transition would take 0 seconds.
Adjust your expectations accordingly!
Gradient evaluation took 0 seconds


1000 transitions using 10 leapfrog steps per transition would take 0 seconds.
Adjust your expectations accordingly!


Iteration:    1 / 3000 [  0%]  (Warmup)
Iteration:    1 / 3000 [  0%]  (Warmup)
Iteration:    1 / 3000 [  0%]  (Warmup)
Iteration:    1 / 3000 [  0%]  (Warmup)
Iteration:  300 / 3000 [ 10%]  (Warmup)
Iteration:  600 / 3000 [ 20%]  (Warmup)
Iteration:  900 / 3000 [ 30%]  (Warmup)
Iteration:  300 / 3000 [ 10%]  (Warmup)
Iteration:  300 / 3000 [ 10%]  (Warmup)
Iteration: 1200 / 3000 [ 40%]  (Warmup)
Iteration:  300 / 3000 [ 10%]  (Warmup)
Iteration:  600 / 3000 [ 20%]  (Warmup)
Iteration:  600 / 3000 [ 20%]  (Warmup)
Iteration: 1500 / 3000 [ 50%]  (Warmup)
Iteration: 1501 / 3000 [ 50%]  (Sampling)
Iteration:  600 / 3000 [ 20%]  (Warmup)
Iteration:  900 / 3000 [ 30%]  (Warmup)
Iteration: 1800 / 3000 [ 60%]  (Sampling)
Iteration:  900 / 3000 [ 30%]  (Warmup)
Iteration:  900 / 3000 [ 30%]  (Warmup)
Iteration: 1200 / 3000 [ 40%]  (Warmup)
Iteration: 2100 / 3000 [ 70%]  (Sampling)
Iteration: 1200 / 3000 [ 40%]  (Warmup)
Iteration: 1200 / 3000 [ 40%]  (Warmup)
Iteration: 1500 / 3000 [ 50%]  (Warmup)
Iteration: 1501 / 3000 [ 50%]  (Sampling)
Iteration: 2400 / 3000 [ 80%]  (Sampling)
Iteration: 1500 / 3000 [ 50%]  (Warmup)
Iteration: 1501 / 3000 [ 50%]  (Sampling)
Iteration: 1500 / 3000 [ 50%]  (Warmup)
Iteration: 1501 / 3000 [ 50%]  (Sampling)
Iteration: 1800 / 3000 [ 60%]  (Sampling)
Iteration: 2700 / 3000 [ 90%]  (Sampling)
Iteration: 1800 / 3000 [ 60%]  (Sampling)
Iteration: 1800 / 3000 [ 60%]  (Sampling)
Iteration: 2100 / 3000 [ 70%]  (Sampling)
Iteration: 3000 / 3000 [100%]  (Sampling)

 Elapsed Time: 1455.54 seconds (Warm-up)
               8350.97 seconds (Sampling)
               9806.51 seconds (Total)

Iteration: 2100 / 3000 [ 70%]  (Sampling)
Iteration: 2100 / 3000 [ 70%]  (Sampling)
Iteration: 2400 / 3000 [ 80%]  (Sampling)
Iteration: 2400 / 3000 [ 80%]  (Sampling)
Iteration: 2400 / 3000 [ 80%]  (Sampling)
Iteration: 2700 / 3000 [ 90%]  (Sampling)
Iteration: 2700 / 3000 [ 90%]  (Sampling)
Iteration: 2700 / 3000 [ 90%]  (Sampling)
Iteration: 3000 / 3000 [100%]  (Sampling)

 Elapsed Time: 5952.97 seconds (Warm-up)
               8948.83 seconds (Sampling)
               14901.8 seconds (Total)

Iteration: 3000 / 3000 [100%]  (Sampling)

 Elapsed Time: 6427.24 seconds (Warm-up)
               8986.12 seconds (Sampling)
               15413.4 seconds (Total)

Iteration: 3000 / 3000 [100%]  (Sampling)

 Elapsed Time: 6655.37 seconds (Warm-up)
               8985.03 seconds (Sampling)
               15640.4 seconds (Total)

Inference for Stan model: normalized_joint_loadings_only_459ea4a3f842ccf2483db91ef70eb873.
4 chains, each with iter=3000; warmup=1500; thin=1; 
post-warmup draws per chain=1500, total post-warmup draws=6000.

               mean se_mean     sd    2.5%    25%    50%    75%  97.5%  n_eff   Rhat
theta[1,1]   102.68   42.67  65.56    0.18  15.22 122.97 150.45 197.06      2   2.44
theta[2,1]   1181.3  482.35 683.53     0.2 614.97 1551.1 1598.5 1675.3      2  15.48
theta[3,1]    1.9e4   1.4e4  2.0e4  6431.0 6995.9 7341.6  3.5e4  5.4e4      2  56.61
theta[4,1]    2.4e4  9882.7  1.4e4    0.08  1.4e4  3.2e4  3.2e4  3.3e4      2   46.8
theta[5,1]   4059.6  1659.4 2359.5    0.17  50.62 5285.4 5542.8 5966.1      2   9.31
theta[6,1]   274.83   115.1 184.54    0.43   1.12 320.45 412.86 566.67      3   2.04
theta[7,1]   996.43  406.94 577.38    0.25 502.35 1303.0 1353.4 1439.5      2  12.02
theta[8,1]     0.72    0.08   2.26 3.7e-13 2.5e-4   0.11   0.35   7.43    810   1.01
theta[9,1]     0.73    0.24   1.43 4.3e-16 5.4e-5   0.05   1.28   4.46     34   1.05
theta[10,1]  3949.7  1614.0 2292.3    0.17 1946.3 5153.9 5384.0 5759.6      2  10.48
theta[11,1]    0.73    0.07   2.28 1.8e-12 1.2e-4   0.12   0.35    6.6   1067   1.01
theta[1,2]   230.03  100.69 170.89  1.8e-5    0.2 329.21 363.12 415.35      3    3.2
theta[2,2]   1311.5   193.1 518.16    6.44 1433.7 1486.1 1537.3 1738.1      7   3.34
theta[3,2]    1.2e4   1.1e4  1.5e4  2467.1 3054.1 3367.1  2.2e4  3.9e4      2  36.37
theta[4,2]    1.7e4  7097.3  1.0e4    0.88 9708.4  2.3e4  2.3e4  2.4e4      2  36.16
theta[5,2]   4439.4  1815.2 2586.1    1.02 2149.0 5740.0 6015.2 6728.9      2   9.61
theta[6,2]   357.33  148.15 223.36    0.18  61.23 434.28 518.92 654.59      2    2.8
theta[7,2]   1168.0   59.24 230.08  977.05 1088.0 1133.0 1212.9 1545.0     15   1.16
theta[8,2]     1.14    0.07   2.26 8.1e-11 5.9e-4    0.2   1.76   7.33    926   1.02
theta[9,2]     1.91    0.29   5.52 2.8e-11 3.8e-4   0.29   0.44  19.79    370   1.02
theta[10,2]  3357.6  1375.8 1967.7    0.63 1575.9 4284.4 4521.4 5439.6      2   8.81
theta[11,2]    2.55    0.18   6.17 1.1e-14 2.8e-5   0.17   2.16  21.86   1146   1.01
theta[1,3]   1143.2   36.88  65.84  998.04 1103.2 1154.0 1189.7 1250.6      3   1.62
theta[2,3]   375.61  153.43 218.31    0.17  178.7 487.29 513.71 558.78      2   8.75
theta[3,3]   1833.7  750.39 1072.3    0.04 772.14 2353.8 2532.4 2796.0      2   6.66
theta[4,3]   517.48   106.3 282.58    0.83 353.03 450.35 578.98 1119.6      7   1.44
theta[5,3]   4387.3  850.17 1238.9  3355.7 3614.2 3772.3 5210.1 6781.9      2    4.4
theta[6,3]   282.34    8.02  92.83   84.07 222.47  286.2 346.58 450.03    134   1.03
theta[7,3]   640.74   24.24  56.96  556.05 605.92 635.28 671.75 753.41      6   1.26
theta[8,3]     1.68    0.39   4.68 1.5e-10 3.8e-3   0.08   0.67  15.86    141   1.04
theta[9,3]    22.61    9.41  24.09  2.5e-4   0.41  15.37  41.38  74.09      7   1.27
theta[10,3]  1097.9   26.71 207.27  780.37 1016.4 1110.3 1187.7 1621.3     60   1.08
theta[11,3]   10.17    3.88  18.11 5.7e-10   0.07   0.63  12.81  62.53     22   1.07
theta[1,4]   463.78   24.41  84.48  385.03 426.32 449.09 475.34 822.19     12   1.22
theta[2,4]   2513.8   10.69  76.58  2380.9 2466.3 2508.7 2553.3 2716.7     51   1.03
theta[3,4]   2147.0   659.4 1094.9     0.7 2360.5 2625.9 2797.3 3097.2      3   2.29
theta[4,4]   1691.4  806.77 1486.7  740.74  924.0 1026.9 1192.7 6816.0      3   2.22
theta[5,4]   2531.9  335.51 1077.3    2.87 2084.6 2231.9 2416.2 4840.5     10   1.25
theta[6,4]   313.77  129.57 192.96    0.09  52.54 385.41 451.95 558.35      2   3.07
theta[7,4]   4358.0   80.48 159.04  4149.5 4252.5 4314.0 4413.6 4772.9      4    1.7
theta[8,4]    23.06   24.78  87.99 3.2e-12 2.7e-4   0.16   7.26 461.07     13   1.22
theta[9,4]     4.71     1.1  10.14 3.0e-10 4.4e-3   0.24   2.86  36.65     85   1.04
theta[10,4]  2063.9  680.12 1078.0  8.0e-3 2422.3 2581.4 2679.0 2845.6      3   2.55
theta[11,4]   41.56   46.37  97.11 6.3e-12 1.2e-4   0.12  26.76 439.24      4   1.72
theta[1,5]     3.24    0.32   8.73 4.9e-12 1.9e-3   0.51   1.55  31.69    722   1.01
theta[2,5]   3983.6  1626.2 2301.4    0.26 2257.2 5272.2 5350.3 5489.6      2  30.21
theta[3,5]    1.1e4  4642.5 6581.1    0.25 5978.3  1.5e4  1.5e4  1.6e4      2  14.23
theta[4,5]    3.9e4   1.6e4  2.3e4    0.16  2.3e4  5.2e4  5.2e4  5.3e4      2  58.25
theta[5,5]    3.3e4   1.0e4  1.4e4   2.4e4  2.5e4  2.5e4  4.3e4  5.8e4      2  23.47
theta[6,5]     10.3    2.23  32.55 2.8e-15 1.8e-3   0.15   1.96 110.89    214   1.02
theta[7,5]   6080.4   39.52 499.16  5882.7 6037.8 6118.2 6197.5 6353.9    160   1.02
theta[8,5]     2.37    0.32   6.76 2.8e-11 3.4e-4   0.23   1.59  22.89    441    1.0
theta[9,5]   271.42  110.56  159.3    1.35  96.51 343.97  377.7 434.89      2   4.96
theta[10,5]   1.6e4   1.2e4  1.7e4  5736.3 6194.2 6473.5  2.8e4  4.7e4      2  56.58
theta[11,5]     0.7    0.07   1.79 7.1e-13 5.5e-4    0.1   0.66    6.0    750    1.0
theta[1,6]   150.38    4.64  19.86  119.88 139.03  149.6 162.11 185.92     18   1.11
theta[2,6]    12.43    5.07   9.48  1.1e-4   0.67  13.59  19.56  30.22      3   1.53
theta[3,6]   163.06    84.9 129.77    0.01  74.35 121.46  207.9 409.23      2   2.57
theta[4,6]    26.52    3.62  25.73  9.7e-8   3.63  19.93  43.69  87.52     50   1.07
theta[5,6]   181.16   75.02  113.5    0.25  40.67 214.92 261.24 340.47      2   2.76
theta[6,6]     2.22    0.17   5.32 4.0e-13 5.4e-4   0.56   0.97  19.49    988   1.02
theta[7,6]     0.42    0.04   1.27 2.9e-18 3.2e-5   0.06   0.14    4.2   1073   1.01
theta[8,6]     0.61    0.18   1.11 4.4e-13 1.3e-4   0.07   0.98    3.6     37   1.04
theta[9,6]     0.34    0.13   0.69 4.8e-15 2.4e-7 5.8e-3   0.54   1.93     28   1.07
theta[10,6]   44.76   18.88  32.09    0.27   0.44  51.94  70.28  95.61      3   1.77
theta[11,6]    1.03    0.13   1.73 9.9e-14 2.2e-4   0.17   1.59   6.32    173   1.02
theta[1,7]   616.57   63.41 185.67    6.96 540.28 570.85 622.03 953.04      9   1.31
theta[2,7]   2226.9   92.39 147.96  2053.7 2127.7 2177.3 2296.5 2581.4      3   2.19
theta[3,7]   6256.0  4520.7 6913.4  1774.1 2431.4 2694.1 3150.6  1.9e4      2   2.83
theta[4,7]   6481.3  2645.4 3745.4    1.08 3510.6 8545.8 8728.6 9044.2      2  21.47
theta[5,7]   5563.4  2271.9 3219.0    0.43 2983.1 7316.3 7521.1 7868.3      2  16.15
theta[6,7]   567.95  495.36 2775.8  1.8e-9   3.59 159.67 244.19 632.12     31    1.1
theta[7,7]   1978.3   24.63 286.86  1835.5 1920.8 1964.1 2007.0 2122.3    136   1.02
theta[8,7]     0.93    0.09   2.21 1.4e-11 1.5e-3    0.2    0.9   7.78    574   1.01
theta[9,7]     0.64    0.06   1.66 6.0e-13 7.2e-4   0.13   0.53   5.54    676   1.01
theta[10,7]  599.79  247.82 369.64     0.4 136.86 736.11 865.18 1078.4      2   3.01
theta[11,7]    0.42    0.04   1.36 1.0e-18 2.9e-5   0.05   0.24   3.89   1322   1.01
theta[1,8]    48.77   19.99  33.66    0.92    1.8  55.23  73.13 107.61      3   1.81
theta[2,8]   255.09  101.45 146.03    2.44 130.88 323.29 349.28 400.65      2   5.32
theta[3,8]   3484.7  1283.1 1933.0  1893.0 2255.1 2472.7 5994.9 6936.6      2   3.03
theta[4,8]    1.2e4  508.46 893.57   1.2e4  1.2e4  1.2e4  1.3e4  1.4e4      3   1.71
theta[5,8]   2426.8  993.95 1464.1    0.12   0.39 3208.8 3392.3 3677.4      2   3.93
theta[6,8]     6.31    1.41  17.08 2.4e-11 6.9e-3   0.24    1.9  61.29    146   1.03
theta[7,8]   232.28   94.59 136.91    1.27  56.29 294.87  324.1 372.67      2   4.69
theta[8,8]      1.2     0.1   3.83 4.4e-14 3.0e-4   0.19   0.33  11.76   1420   1.01
theta[9,8]     0.79    0.53   1.35 7.5e-15 2.0e-5   0.04   1.45   3.63      7   1.22
theta[10,8]  1398.3  573.57 829.27    0.12 592.99 1775.5 1918.5 2212.2      2   5.17
theta[11,8]    3.36    3.15   5.15 1.0e-14 5.1e-5   0.08   7.83  16.34      3   2.33
theta[1,9]   279.76  114.35 164.41    0.61 112.89 356.82 387.32 438.72      2   5.39
theta[2,9]   1797.9  268.79 504.33    6.96 1712.1 2000.6 2048.1 2134.1      4   2.03
theta[3,9]   1567.8  655.79 1085.9    0.14 120.79 1883.1 2166.3 2676.6      3   1.95
theta[4,9]    1.7e4  6900.2 9764.8    1.07 8387.4  2.2e4  2.3e4  2.3e4      2  31.33
theta[5,9]   8481.2  2992.2 4256.6  5518.3 5950.4 6183.2  1.2e4  1.7e4      2  10.32
theta[6,9]    20.72    6.51   43.5 4.2e-14 9.0e-3   0.33  13.14 157.59     45   1.05
theta[7,9]   1320.4  541.74 785.25    0.21   0.27 1759.2 1809.0 1892.8      2   4.59
theta[8,9]     0.89    0.04   2.06 1.3e-14 2.9e-4   0.14   1.05   6.39   2097    1.0
theta[9,9]     0.33    0.03   0.74 3.0e-11 3.4e-4   0.06   0.39   2.38    803   1.01
theta[10,9]  8014.0  5487.7 7766.8  3120.5 3444.5 3640.4  1.4e4  2.2e4      2  27.93
theta[11,9]    0.53    0.04   1.29 9.7e-15 2.8e-4   0.09   0.46   4.43    936    1.0
theta[1,10]  315.17  127.08 183.42    4.26  11.44 398.54 437.07 506.15      2   4.77
theta[2,10]  3948.0  1223.7 1998.2    0.38 4808.0 4924.7 5005.8 5147.5      3   2.43
theta[3,10]   3.1e4   1.3e4  1.9e4   1.9e4  1.9e4  2.0e4  4.3e4  6.9e4      2   14.7
theta[4,10]   4.5e4   1.8e4  2.6e4    0.13  2.6e4  5.9e4  6.0e4  6.1e4      2  61.43
theta[5,10]   1.6e4  3028.5 4783.4  6.5e-3  1.4e4  1.8e4  1.9e4  2.0e4      2   2.71
theta[6,10]   56.95   17.64 112.52 1.7e-15   0.07   1.01  55.46 393.96     41   1.05
theta[7,10]  2343.0  956.21 1354.1    0.98 1268.5 3086.8 3160.9 3287.2      2  19.02
theta[8,10]   179.3   74.84 117.69    0.25   6.25  210.6 266.85 358.13      2    2.2
theta[9,10]  716.15  292.62 415.69    0.09 354.33 933.96 976.32 1046.4      2  10.24
theta[10,10]  1.5e4   1.1e4  1.5e4  5299.2 5792.6 6096.5  2.5e4  4.2e4      2  36.21
theta[11,10]   4.03    0.21  10.58 3.3e-17 1.4e-4   0.39   3.54  36.99   2533    1.0
theta[1,11]  202.11   14.19  31.46  141.49 184.45 205.02  223.1 254.41      5    1.3
theta[2,11]  2086.2   22.85  74.37  1975.2 2044.1 2083.3 2123.6 2207.8     11   1.12
theta[3,11]  2719.3  1599.4 2276.2  1070.3 1338.2 1492.8 1983.0 6806.2      2   8.63
theta[4,11]  3779.8  1543.2 2184.5    0.05 2080.5 4991.5 5090.4 5245.2      2  23.77
theta[5,11]  2113.4  863.88 1228.2    0.06 1004.3 2747.5 2888.4 3121.5      2   9.35
theta[6,11]    5.03    3.36  89.04 5.0e-12 7.5e-5   0.05   1.05  18.69    703    1.0
theta[7,11]  2429.1   70.76 116.33  2184.8 2358.2 2460.0 2510.6 2596.1      3    1.9
theta[8,11]    0.78    0.57   1.43 1.0e-16 1.3e-5   0.02   0.69   4.66      6   1.72
theta[9,11]    0.44    0.04    1.0 3.9e-17 4.2e-5   0.04   0.54   3.13    562   1.01
theta[10,11] 715.74  865.35 1230.1 9.7e-14 1.2e-3   1.32 1108.7 2945.8      2   9.75
theta[11,11]   0.82    0.08   1.99 2.4e-13 1.5e-4   0.03   0.66   6.19    596   1.01
theta[1,12]  374.52   59.38 196.23    1.59 377.44 416.97 449.92 789.57     11   1.49
theta[2,12]   781.2  318.17 451.54    2.38  400.4 1019.2 1060.3 1131.5      2  11.61
theta[3,12]   1.2e4  5604.6  1.5e4    1.52 6270.6 6630.5 6989.5  5.3e4      8   6.27
theta[4,12]   2.7e4   1.1e4  1.5e4    0.53  1.5e4  3.5e4  3.6e4  3.6e4      2  52.93
theta[5,12]  9569.8  6236.5  1.6e4  3.7e-6 3546.0 3801.3 4075.9  5.4e4      7   6.66
theta[6,12]     1.0    0.16   3.31 5.4e-15 8.1e-5    0.1    0.3   9.71    451   1.01
theta[7,12]  979.92  397.58 563.99    2.95 508.36 1279.2 1327.9 1406.9      2  12.46
theta[8,12]    1.08    0.85   1.65 4.4e-14 4.8e-5   0.04   2.28   4.85      4   1.46
theta[9,12]    0.34    0.03   0.71 7.8e-14 1.9e-5   0.03   0.49   2.17    429   1.02
theta[10,12] 3619.2  1479.0 2101.6    0.38 1686.9 4711.8 4939.7 5307.7      2   9.88
theta[11,12]   0.49    0.16   1.05 3.1e-14 6.4e-6   0.02    0.8   3.13     44   1.05
theta[1,13]   392.5    4.86  33.62  341.37 371.75 389.04 406.89 492.07     48   1.06
theta[2,13]  102.19    2.52  24.04   54.11  91.59 103.03 113.89 140.43     91   1.03
theta[3,13]   50.16   24.73   66.4  8.1e-8   1.23  13.32  85.12 222.49      7   1.24
theta[4,13]  110.21   46.47  78.26    0.16    0.4  129.0 170.44 236.53      3   1.84
theta[5,13]  1396.1   62.66 306.04    0.95 1373.4 1450.5 1528.4 1638.5     24   1.14
theta[6,13]    28.0   10.85  33.52  1.9e-9   0.26  10.39  51.94 105.94     10   1.16
theta[7,13]    7.26     0.9   8.58 7.3e-10    0.1   4.07   12.1  28.44     92   1.05
theta[8,13]    0.52    0.02   1.37 5.5e-15 6.5e-6   0.04   0.56   4.11   4214    1.0
theta[9,13]    1.19    0.18   2.99 2.3e-14 2.4e-4   0.17   0.31  10.87    284   1.03
theta[10,13] 231.17   96.67 309.58   65.89 125.61 161.67  221.5 1639.7     10    1.3
theta[11,13]   1.75    0.24    3.8 9.5e-11 1.5e-3   0.39   1.31  14.26    255   1.02
theta[1,14]  849.51   16.61  75.36  774.59 829.12 855.03 879.43 925.25     21   1.09
theta[2,14]  153.82   62.85  90.18    0.35  61.24 195.91 213.16 241.29      2   5.64
theta[3,14]  328.16   35.17 168.24    0.49 232.89 351.22 450.74 605.95     23   1.24
theta[4,14]  125.19   51.22  94.63    0.53   9.67 136.01 197.67 296.79      3   1.57
theta[5,14]  2025.7  195.39 330.81  1629.7 1806.8 1919.1 2169.4 2812.4      3   2.29
theta[6,14]  368.61   29.24  78.25  231.46 315.55 367.39 421.18 522.14      7    1.2
theta[7,14]  123.54   50.64  73.18    0.16  44.02 156.09 172.74 201.33      2   4.65
theta[8,14]    1.03    0.04   2.74 5.6e-14 2.0e-4   0.14   0.68   9.11   4769    1.0
theta[9,14]   23.51   10.07  20.73  1.7e-4   0.34  23.59  39.79  64.54      4   1.41
theta[10,14] 258.75   38.49   77.8  128.89 202.27 252.04 310.17  413.4      4   1.45
theta[11,14]   2.57    0.22   6.35 8.5e-14 6.5e-4   0.08   1.56  23.25    868   1.01
theta[1,15]  281.02  115.46 167.92    0.18  92.73 353.22 395.87 468.64      2   4.09
theta[2,15]  9616.0  3925.4 5553.3    0.21 5504.3  1.3e4  1.3e4  1.3e4      2  50.13
theta[3,15]   3.9e4   1.9e4  4.5e4    8.61  2.1e4  2.2e4  2.3e4  1.4e5      5   2.05
theta[4,15]   4.9e4   2.0e4  2.8e4     1.9  2.9e4  6.5e4  6.6e4  6.7e4      2  62.05
theta[5,15]   2.4e4  9634.0  1.4e4    1.18  1.3e4  3.1e4  3.2e4  3.3e4      2  29.22
theta[6,15]   1.1e4   1.2e4  3.5e4    0.07 267.97 636.08 1109.6  1.2e5      9   1.72
theta[7,15]   1.8e4  1603.0 5044.4   1.6e4  1.6e4  1.6e4  1.7e4  3.5e4     10   1.39
theta[8,15]    1.55    0.09   4.16 9.6e-20 2.1e-5    0.1   1.71  11.96   2134   1.01
theta[9,15]  178.28   95.56  158.1  6.6e-9   0.57 250.72 317.47 403.32      3   2.51
theta[10,15] 5997.1  2450.6 3479.8    0.47 3026.7 7816.2 8166.2 8752.0      2  10.71
theta[11,15]   1.27    0.12   4.15 4.2e-12 3.7e-4   0.14   0.46   13.3   1140   1.02
theta[1,16]  250.23  102.18 146.57     0.6  94.06 319.34 346.31 394.19      2    5.7
theta[2,16]  6886.6  2811.2 3977.2    0.16 3960.5 9133.6 9229.9 9372.2      2   47.0
theta[3,16]  6988.5  2633.8 7231.6  1.0e-4 4377.7 4686.3 5033.4  2.5e4      8   3.08
theta[4,16]   1.3e4  3015.9 5528.6    2.05  1.4e4  1.6e4  1.6e4  1.6e4      3   3.08
theta[5,16]  6676.1  2124.8 6386.8    1.32 4999.8 5264.1 5524.0  2.4e4      9   2.93
theta[6,16]  351.07  144.64  216.3    1.26  69.42 428.77 505.86 632.82      2   2.94
theta[7,16]  2730.9  1114.9 1578.0    0.13 1519.3 3609.6 3673.3 3779.9      2  25.94
theta[8,16]    1.33    0.66   2.29 1.9e-14 1.1e-4   0.11   2.38   6.43     12   1.11
theta[9,16]    0.41    0.07   1.43 4.8e-14 5.6e-5   0.05   0.15   3.88    383   1.02
theta[10,16] 5348.3  2587.5 4937.5  2742.0 3026.6 3205.6 3933.4  1.8e4      4   3.48
theta[11,16]    1.6    0.21   3.56 1.6e-15 3.3e-5   0.11   2.34  10.19    299   1.02
theta[1,17]  320.12   48.97 161.46     2.2 304.15 337.73  368.4 667.35     11   1.82
theta[2,17]  9535.2  109.91 188.82  9259.7 9400.9 9491.9 9627.8 9964.5      3   1.75
theta[3,17]  6343.5  2456.3 4416.0  3660.2 4141.3 4430.9 7231.6  2.1e4      3   2.28
theta[4,17]  5768.3   194.3 830.08  3892.0 5648.7 5825.7 6064.0 6744.5     18    1.2
theta[5,17]  4630.0  1891.6 2684.6    0.18 2310.5 6054.3 6296.5 6700.7      2  11.59
theta[6,17]  1820.8  844.93 1981.6   646.3 966.67 1114.4 1383.3 5933.7      6   1.47
theta[7,17]  6011.9  551.33 1713.2    0.37 6417.1 6489.9 6556.3 6684.3     10   1.58
theta[8,17]  3267.0  165.36 521.86  2537.0 3285.0 3381.2 3449.4 3563.5     10   1.32
theta[9,17]  6509.3   449.4 1512.5    1.27 6750.1 6861.4 6956.4 7110.0     11   1.34
theta[10,17] 1244.0  506.96 730.39    3.07  19.19 1593.4 1725.1 1958.7      2   5.03
theta[11,17] 2254.1  161.27 851.77  1763.0 2018.2 2120.3 2204.6 6283.4     28   1.14
theta[1,18]  369.65   15.18  34.96  301.51 348.61 371.78 392.66 430.83      5   1.26
theta[2,18]  241.29   98.73 140.98    0.01  108.1 309.88 332.26 368.56      2    6.9
theta[3,18]  602.58  247.79  362.4    0.12 184.92 751.85 856.56 1024.3      2   3.74
theta[4,18]    5.33    1.72  18.37 1.5e-19 7.2e-7   0.15   0.23  59.66    114   1.04
theta[5,18]  2925.2  512.51 769.91  2260.0 2445.6 2566.0 3271.2 4660.7      2   5.82
theta[6,18]   78.57   33.34  65.34    0.11    0.8   83.6 130.33 200.55      4   1.44
theta[7,18]  227.13    9.74  44.06   170.4 204.15 221.94 242.32 329.01     20   1.18
theta[8,18]    1.02    0.08   2.13 4.3e-12 1.1e-3   0.23   1.28   7.27    769   1.01
theta[9,18]    0.83    0.05   2.06 1.9e-13 1.1e-4   0.11   0.83    6.5   1682   1.01
theta[10,18]  779.8  116.27 307.01  9.3e-8 836.06 885.29 927.43 1007.3      7    3.8
theta[11,18]   2.11    0.37   5.84 3.2e-14 1.2e-4   0.21    0.5  21.37    255   1.02
theta[1,19]  154.07   63.56  94.75    0.21    0.3 192.37 221.03 267.45      2   3.06
theta[2,19]  771.14  314.28 446.28    1.42 383.61 1005.4 1049.2 1123.1      2   10.7
theta[3,19]  2191.5  900.47 1308.1    0.89 693.77 2755.1 3076.8 3648.5      2   4.17
theta[4,19]   4.4e4  1732.6 2471.1   4.2e4  4.2e4  4.3e4  4.6e4  4.8e4      2   7.36
theta[5,19]  9424.9  1543.8 2199.3  7577.8 8025.9 8305.7  1.1e4  1.3e4      2   7.92
theta[6,19]     1.5    0.18   4.95 7.8e-13 1.1e-3   0.27   0.41   14.5    791   1.01
theta[7,19]  830.49  337.59 479.44    2.86 404.54 1081.2 1129.4 1209.3      2  10.52
theta[8,19]    4.04    3.77   6.81 1.9e-14 1.1e-4    0.1    7.2  24.09      3   2.15
theta[9,19]    0.46    0.05   0.94 2.5e-13 5.1e-5   0.03   0.73    2.9    345   1.02
theta[10,19] 4082.7  1668.2 2370.1    0.34 1998.5 5315.8 5567.5 5998.7      2  10.12
theta[11,19]   0.73    0.45   1.19 4.3e-15 9.4e-5   0.05   1.51   2.88      7   1.19
theta[1,20]  252.31  102.83 147.16     0.8 104.02 323.57 348.46 388.97      2   6.23
theta[2,20]  360.22  146.42 208.83    1.52 155.97 464.24 493.96 544.63      2   7.37
theta[3,20]  2771.4  1133.6 1617.8    0.79 1205.3 3571.7 3816.5 4214.1      2   7.14
theta[4,20]   1.2e4  4846.7 6858.1     0.4 6710.0  1.6e4  1.6e4  1.6e4      2  33.81
theta[5,20]  2974.9  1216.0 1729.2    0.21 1333.8 3866.1 4066.6 4399.5      2   9.22
theta[6,20]    1.18    0.11   4.01 5.2e-19 1.9e-4   0.18   0.38  11.37   1436   1.01
theta[7,20]  350.03  143.23 204.71    0.17 154.45 449.44 482.18  540.8      2   6.59
theta[8,20]    1.09    0.05   3.22 8.3e-13 2.1e-4   0.14   0.62   10.5   4999    1.0
theta[9,20]    0.47    0.03   1.23 5.2e-14 9.7e-6   0.02   0.59   3.56   1835   1.01
theta[10,20] 7350.0  7581.5  1.1e4  841.03 1087.3 1229.3  1.5e4  2.6e4      2  67.57
theta[11,20]   0.55    0.04   1.59 2.3e-13 1.1e-4   0.09   0.43   4.53   1892    1.0
theta[1,21]   203.2   11.28  44.86    3.53 196.53 209.92 224.05 249.65     16   1.22
theta[2,21]   25.63   10.66   18.2    0.34   0.65  28.47  39.13  57.68      3   1.73
theta[3,21]    85.4   12.94  99.35  2.8e-8   1.29  55.78 147.06 285.89     59   1.05
theta[4,21]   91.93   20.75  58.41  5.9e-5  40.33  100.0 139.15 190.05      8   1.27
theta[5,21]  1530.1   59.69 136.92  1300.6 1449.9 1518.9 1596.6 1882.6      5   1.31
theta[6,21]  104.19    43.6  68.57    0.03   4.63 121.19 155.41 210.82      2   2.19
theta[7,21]   10.63    4.32  11.73  9.4e-7   0.15   6.52   19.4  36.13      7   1.21
theta[8,21]    0.63    0.09   1.77 2.2e-13 9.2e-4   0.14   0.36   6.15    363   1.03
theta[9,21]    1.31    0.24   3.48 9.3e-16 1.2e-5    0.1   0.62  12.68    212   1.03
theta[10,21]  46.78   12.45  44.23 5.3e-10    2.1  39.27  78.39 143.69     13    1.2
theta[11,21]    0.5    0.05   1.28 1.6e-12 1.2e-4   0.09   0.48   3.93    604    1.0
theta[1,22]  149.84   61.37  88.51    0.23  50.99  189.9 208.85 242.11      2   4.87
theta[2,22]  184.93    74.6 107.22    2.38  80.59 234.54 255.86 291.55      2   5.34
theta[3,22]  646.63  268.76 411.11    0.25   0.68 778.92 948.38 1216.0      2   2.52
theta[4,22]  7525.9  417.96 607.75  6879.8 7114.1 7257.6 8033.0 8692.9      2   4.14
theta[5,22]  2889.5  504.21 725.45  2178.1 2406.9 2551.3 3507.2 4246.3      2   5.16
theta[6,22]   16.53    4.24  32.79 1.1e-15   0.03   1.12  13.28 117.75     60   1.06
theta[7,22]  167.31   68.62  99.06    0.09  62.52  211.6  233.9 271.74      2   4.74
theta[8,22]     0.8    0.51   1.27 7.8e-13 2.3e-5   0.04   1.42   3.52      6   1.28
theta[9,22]     6.5     1.7   10.2  1.8e-9   0.08   0.88  10.11  34.48     36   1.07
theta[10,22] 1081.0  442.39 633.68    0.52 422.64 1383.6 1497.1 1683.1      2   6.02
theta[11,22]   1.01    0.15   3.04 5.7e-13 5.2e-4   0.14   0.25  10.25    386   1.02
theta[1,23]  204.62    6.78  31.21  146.32 190.61  206.9 222.83 254.24     21   1.17
theta[2,23]  198.46   19.39  54.26    8.44 190.05 209.42 227.49 260.73      8   1.66
theta[3,23]  104.18   14.98 129.45  1.9e-8   0.57  36.66 188.19 411.86     75    1.1
theta[4,23]    4.67    0.66  12.72 5.5e-10   0.01   0.48   2.01  45.17    368   1.03
theta[5,23]  3622.4  316.27 817.63  3020.1 3275.3 3402.9 3559.3 5374.1      7    1.8
theta[6,23]  315.29  131.57 206.46    0.06   2.83 374.72 467.68 627.89      2   2.22
theta[7,23]    1.69    0.34    4.7 4.5e-22 2.6e-5   0.17   0.29  16.35    197   1.04
theta[8,23]  1071.6  137.07 372.31    0.19 1150.7 1190.8 1227.6 1293.0      7   2.53
theta[9,23]  1716.9   34.98 352.08  1529.9 1619.4 1666.5 1721.0 2174.3    101   1.13
theta[10,23] 248.13   44.85 109.65    2.12 234.07 280.66 315.88 379.14      6   1.96
theta[11,23] 2596.7    77.8 394.26  2406.2 2587.7 2650.1 2713.6 2837.7     26   1.13
theta[1,24]   61.59   25.24   36.8    0.14  19.14  77.06  86.58 103.29      2   3.99
theta[2,24]    0.89    0.16   2.01 2.3e-13 2.4e-4   0.13   0.83   7.57    155   1.03
theta[3,24]   15.31    8.07  28.33  1.0e-9    0.3   0.93  15.15 105.79     12   1.36
theta[4,24]   23.24    9.69   28.1  2.5e-7    0.4   7.87  43.44  90.19      8   1.26
theta[5,24]  417.64    59.5  89.42  295.46 358.03 386.36 490.34 593.46      2   3.07
theta[6,24]     0.8    0.07   2.17 3.2e-13 1.9e-4    0.1   0.66   7.39    947   1.01
theta[7,24]    1.56    0.32   3.04 2.5e-11 1.2e-3   0.26   1.09  11.01     89   1.05
theta[8,24]    1.39    0.08   2.56 2.0e-13 3.8e-4   0.46    1.4    9.8   1127    1.0
theta[9,24]    0.25    0.02   0.57 2.3e-15 4.1e-5   0.03   0.32    1.8    748   1.01
theta[10,24]  45.84   19.47  34.92    0.19   0.29  51.26  73.88 105.07      3   1.65
theta[11,24]    0.8    0.67   1.13 3.0e-14 8.0e-5   0.05   1.77   3.22      3   1.93
theta[1,25]  278.83   51.28 122.85    7.23 279.85 318.16 349.37 434.79      6   1.93
theta[2,25]  1016.5  414.81 588.06    0.74 526.36 1332.7 1376.4 1451.5      2  14.02
theta[3,25]  9390.4  2800.5 3973.7  6416.2 6942.6 7265.1  1.2e4  1.7e4      2  12.07
theta[4,25]   2.9e4  1207.1 1898.4   2.5e4  2.9e4  3.0e4  3.0e4  3.1e4      2   2.28
theta[5,25]  4162.1  1700.3 2416.1    1.62 2026.5 5418.1 5678.7 6095.6      2   9.88
theta[6,25]    2.55    0.49   7.73 7.9e-14 6.3e-4   0.31   0.64  24.82    254   1.02
theta[7,25]  929.05  379.48  538.5    0.23 472.69 1213.1 1262.7 1341.4      2  11.76
theta[8,25]    1.96    0.34   5.85 4.0e-13 7.6e-4   0.19   0.47  19.82    301   1.02
theta[9,25]  224.57   91.87  131.8    0.26  88.81 287.04  311.6 352.17      2   5.68
theta[10,25] 3461.7  1042.1 1730.5  2057.5 2502.2 2705.3 3085.6 7185.3      3   1.94
theta[11,25]   0.58    0.05   1.99 6.6e-15 3.7e-5   0.07   0.29   5.65   1410    1.0
theta[1,26]  513.71   55.05 189.69    2.31 481.74 512.22 548.76 842.23     12   1.55
theta[2,26]   1.2e4  104.49  185.4   1.2e4  1.2e4  1.2e4  1.2e4  1.2e4      3   1.65
theta[3,26]  5212.3  2309.3 3276.2  2869.8 3216.9 3432.0 7616.8  1.1e4      2  13.92
theta[4,26]  645.12  265.71 390.34    0.47 191.94 798.94 917.77 1110.4      2   3.52
theta[5,26]  3892.8  1590.2 2256.2    0.27 1969.1 5094.6 5291.5 5605.5      2  12.14
theta[6,26]  372.61  154.13 233.85    0.74  69.87 447.43 537.01 708.79      2   2.77
theta[7,26]  9348.1   44.29 120.54  9117.1 9265.5 9345.7 9428.2 9594.9      7   1.17
theta[8,26]     0.9    0.11   2.49 3.5e-12 8.7e-4   0.22   0.57   7.33    484   1.01
theta[9,26]    85.8    8.02  37.53  1.8e-3  67.92  89.08 111.18 146.86     22   1.18
theta[10,26] 1151.9  471.03 672.26    0.79 470.28 1487.4 1585.7 1754.0      2   7.06
theta[11,26]   4.89    0.63  11.97 3.7e-14 4.4e-4   0.64   2.01  45.69    363   1.02
theta[1,27]  256.42   23.56 127.45    96.4 212.91 265.54 295.87 359.18     29   1.09
theta[2,27]  3599.2  1468.3 2077.7    1.18 2026.0 4763.5 4830.7 4943.2      2  33.07
theta[3,27]  3142.0  1283.8 1834.5    3.97 1383.9 4036.4 4334.5 4814.6      2   6.66
theta[4,27]   2.1e4  1775.5 3425.0   1.9e4  1.9e4  1.9e4  2.2e4  2.4e4      4   1.58
theta[5,27]  8691.5  3665.5 5692.5  5086.2 5586.9 5828.5 6256.5  1.9e4      2   2.54
theta[6,27]   29.12    8.65   59.0 2.5e-15   0.01   0.38  23.49 208.26     47   1.05
theta[7,27]  2943.3  1201.6 1700.8    0.14 1650.4 3889.4 3958.6 4077.2      2  25.74
theta[8,27]    2.58    1.42   4.23 3.2e-13 9.2e-4   0.18   5.35  11.88      9   1.17
theta[9,27]    5.12    0.76   9.37 3.2e-12 8.9e-4    1.5   4.87  36.28    151   1.02
theta[10,27] 3468.0  1416.2 2010.7    1.24 1760.8 4520.3 4720.0 5048.5      2   11.0
theta[11,27]   1.84    0.31   3.63 1.7e-13 2.7e-4   0.18   2.88  11.89    139   1.02
theta[1,28]  331.75  135.81 195.95     0.6 125.58 419.59 463.89 534.25      2   4.81
theta[2,28]  1002.1   409.5 581.55    0.13 494.18 1306.4 1363.8 1466.2      2  10.56
theta[3,28]  7407.9  3028.7 4309.8     0.3 3414.1 9607.4  1.0e4  1.1e4      2   8.67
theta[4,28]   1.6e5  9194.6  1.3e4   1.5e5  1.5e5  1.6e5  1.7e5  1.9e5      2  22.04
theta[5,28]  5462.9  2233.3 3180.0     1.2 2564.6 7079.5 7487.1 8169.3      2   8.22
theta[6,28]   13.56    3.46   39.2 2.4e-11 7.4e-3   0.38   3.06 140.39    128   1.02
theta[7,28]  1608.4  656.75 930.94    0.55 833.16 2110.3 2176.3 2291.6      2  14.41
theta[8,28]   32.99   37.07 126.97 3.3e-15 3.3e-5   0.07   9.48 602.97     12   1.31
theta[9,28]    0.88    0.71   1.58 1.5e-19 6.4e-6   0.03   1.09   5.33      5   1.71
theta[10,28] 6925.5  2829.9 4019.0    0.58 3478.1 9031.6 9445.1  1.0e4      2  10.54
theta[11,28]  35.29   40.14 131.97 1.1e-11 1.2e-4   0.05   4.79 619.94     11    1.4
theta[1,29]  694.21   60.01  90.01  578.34 631.66 663.52 754.99  880.8      2    2.9
theta[2,29]  413.83   39.17  61.99  324.43 370.82 398.07 455.49 536.69      3   2.17
theta[3,29]  1872.3  1023.6 1479.9 5.7e-23 1275.4 1520.5 3060.3 4321.6      2   5.43
theta[4,29]   395.8  146.16  251.0    0.83 182.86 324.78 623.33 818.46      3   1.91
theta[5,29]  2100.7   897.0 1289.3    0.55 893.23 2483.8 2707.8 3720.2      2   6.31
theta[6,29]   101.3   51.57 100.47  6.3e-6   0.36  89.96  181.7  309.4      4   1.48
theta[7,29]  231.58   18.21  38.85  168.38 207.61 228.96 255.61 307.29      5   1.36
theta[8,29]    0.81    0.23   2.04 5.6e-24 4.0e-9 8.6e-3   0.75    6.5     82   1.04
theta[9,29]   17.31    7.14  19.05  8.2e-9   0.24  10.98  32.23  58.05      7   1.25
theta[10,29] 482.58  205.03 298.79    0.12 113.02 604.74 708.39 842.41      2   4.15
theta[11,29]   4.77    1.46  11.22 2.3e-13 7.4e-4   0.22    1.8  42.02     59   1.05
theta[1,30]  488.02  199.39 283.44    0.17 238.12 634.65 665.71 718.38      2   9.54
theta[2,30]   656.1   31.09 157.19    1.84 631.12 659.33 702.17 900.63     26   1.05
theta[3,30]  6249.0  1628.6 2781.7  4450.0 4787.2 5001.1 5558.0  1.3e4      3   2.98
theta[4,30]   356.2  149.03 246.65    0.12    0.4 408.69 543.76 770.36      3    1.9
theta[5,30]  1835.1  751.07 1072.6     0.1 824.81 2365.3 2532.3 2796.2      2   6.85
theta[6,30]  483.21  439.87 1156.3 7.9e-10   7.19 145.14 341.57 2656.8      7   1.43
theta[7,30]   503.1  205.65 292.54     0.1 247.22 652.66  687.4 746.92      2   8.88
theta[8,30]     2.5    0.13   5.17 6.0e-13 2.3e-4   0.28   3.34  17.16   1541   1.01
theta[9,30]   36.04   14.31  30.64  1.4e-7   2.75  36.34  60.55  95.21      5   1.35
theta[10,30] 5021.8  729.38 2036.2    0.72 5505.9 5656.4 5797.4 6947.3      8   3.02
theta[11,30]  84.11   35.18  56.26    0.18   0.64  98.59 126.75 172.16      3   2.08
theta[1,31]  624.47   26.36  119.7    0.52 621.83  643.7 666.07 709.67     21   1.16
theta[2,31]  1018.7   12.34  45.53  924.33 993.07 1020.3 1048.1 1099.0     14   1.12
theta[3,31]  1104.0  453.38 656.76  4.8e-4 410.71 1394.5 1548.9 1807.1      2   4.43
theta[4,31]  442.68  313.37 471.82  2.5e-5  134.1 243.83 421.89 1352.9      2   2.98
theta[5,31]  2961.3  411.97 734.41  2331.9 2556.8 2694.1 3227.5 5202.0      3   1.85
theta[6,31]  349.52   31.16  116.1    5.23 284.21 343.66 421.13 569.89     14   1.19
theta[7,31]  678.38   16.28 112.75  585.57 654.43 682.22  722.6 807.27     48   1.06
theta[8,31]    0.51    0.04   1.22 2.6e-14 5.2e-5   0.05   0.52   3.69    759   1.01
theta[9,31]    2.13    0.92   4.55 4.5e-14 2.8e-4    0.1   1.25   16.1     25   1.18
theta[10,31] 667.12  273.14 392.46    0.26 244.02  848.5 928.54 1052.2      2   5.42
theta[11,31]  10.62    3.59  17.38 3.1e-14   0.03   0.79   16.4  58.77     23   1.07
theta[1,32]  157.54   80.47 214.89    0.19  50.98  88.63 124.77 744.45      7   4.66
theta[2,32]  1277.4   521.6 739.16    0.22 676.67 1677.6 1728.6 1811.9      2  15.49
theta[3,32]   1.8e4   1.9e4  2.7e4  1976.2 2568.9 2912.0  3.8e4  6.6e4      2  69.76
theta[4,32]   3.2e4   1.3e4  1.9e4    0.61  1.9e4  4.3e4  4.3e4  4.4e4      2  57.07
theta[5,32]  7362.7  3006.9 4262.6    0.56 3862.8 9648.6 9962.7  1.0e4      2  14.28
theta[6,32]     1.6    0.24   5.27 1.4e-13 9.3e-4   0.18   0.35  15.35    469   1.01
theta[7,32]  1763.3   719.8 1019.5    0.44  944.8 2321.0 2380.0 2484.2      2   17.8
theta[8,32]    0.91    0.32   1.77 1.0e-14 9.4e-6   0.04    1.4   4.88     30   1.09
theta[9,32]    0.56    0.06   1.19 3.2e-15 9.3e-5   0.06   0.84    3.6    362   1.02
theta[10,32] 4640.4  1896.0 2692.0    0.43 2294.6 6055.8 6320.4 6753.3      2  10.89
theta[11,32]   1.26    0.99   1.88 5.2e-13 9.9e-5   0.07   2.67   4.79      4   1.55
theta[1,33]  361.97   45.55  121.5    0.42 377.58  397.6 416.22 449.02      7   2.16
theta[2,33]   86.74   12.81  30.97    3.89  82.56  94.09 104.64 124.15      6   2.23
theta[3,33]  197.66   82.73 138.41    0.13   0.22 228.43 304.54  421.1      3   1.87
theta[4,33]   47.24   18.61  50.93  2.8e-6   0.27  29.31  90.32 151.66      7   1.22
theta[5,33]  1021.0  131.54 221.34  765.64 877.18  946.9 1119.0 1607.2      3   2.61
theta[6,33]    5.06    1.27  11.88 3.5e-15 1.3e-3   0.42   1.85  42.96     87   1.03
theta[7,33]    8.91    0.84   9.22 1.5e-10   0.89   6.07  14.44  31.76    120   1.02
theta[8,33]    0.94    0.81   1.68 1.7e-17 2.3e-7   0.01   1.48   6.13      4   1.45
theta[9,33]    0.96    0.13   2.12 8.6e-16 7.5e-3   0.24   0.56   7.45    256   1.03
theta[10,33]  66.01   34.35  62.66  1.9e-7   6.89  56.95  99.92 223.46      3   1.78
theta[11,33]   0.66    0.04   1.94 2.6e-15 7.5e-5   0.08   0.32    6.8   2548   1.01
theta[1,34]  636.26   25.76  46.44  564.18 602.59 627.97 664.41 737.03      3   1.58
theta[2,34]  464.47   19.85  36.77   403.4  438.4 459.48 488.02  543.6      3   1.51
theta[3,34]  1133.3  535.87 767.69  492.43 646.08 745.18 1072.2 2530.2      2   6.03
theta[4,34]  207.59   73.28 146.89  1.0e-4 139.49 241.57  295.3 386.99      4   1.43
theta[5,34]  1138.7  465.75 664.08     0.1 501.05 1472.6 1565.2 1716.8      2   7.56
theta[6,34]     2.9    0.62    8.7 4.8e-15 3.1e-4    0.1   0.54  31.28    200   1.02
theta[7,34]  196.58   80.38 114.88    0.09  80.82 252.55 270.79 301.78      2   6.64
theta[8,34]     2.8    0.77   6.96 6.7e-13 1.8e-4   0.31   3.31  16.34     82   1.04
theta[9,34]    1.76    0.76   3.05 4.9e-25 3.3e-5   0.13   2.24  10.23     16   1.14
theta[10,34] 222.75    36.5  82.04   78.02 168.29 211.15 278.89 382.94      5   1.34
theta[11,34]   0.42    0.06   1.32 5.3e-13 2.3e-6   0.02   0.23   4.17    494   1.02
theta[1,35]  152.89   62.77  91.31    0.18  51.12  191.2 215.11 256.39      2   4.06
theta[2,35]  442.15  180.58 257.01    0.36 210.56 573.12 605.38 657.52      2   8.52
theta[3,35]  8787.6  3985.4 5717.3  4981.0 5412.8 5679.9  1.1e4  1.8e4      2   5.78
theta[4,35]   1.6e4  6436.0 9106.0    0.12 9010.7  2.1e4  2.1e4  2.2e4      2  39.91
theta[5,35]  2327.2  952.12 1360.4    0.05 1004.6 2995.8 3210.8 3556.6      2   6.75
theta[6,35]    3.81    0.45   11.1 7.9e-13 1.2e-3   0.59   1.33  37.92    609   1.02
theta[7,35]   336.7  133.21 191.01    0.58 189.57 428.24 462.21 519.06      2   5.83
theta[8,35]    1.95     0.8   3.34 1.6e-12 3.9e-4   0.17   3.68  10.31     18   1.09
theta[9,35]    3.05    0.62   5.33 1.6e-12 9.6e-4   0.28   5.17  19.14     74   1.04
theta[10,35] 5631.9  3799.9 5458.7  2157.4 2448.7 2623.1 3057.1  1.5e4      2   5.54
theta[11,35]   2.37    0.53   4.61 4.9e-20 1.4e-5   0.16   3.81  14.69     76   1.04
theta[1,36]  510.56  208.55 296.01    0.13 256.88 666.16 694.69 740.53      2  11.36
theta[2,36]  416.86   26.03 103.57    2.23 379.86 401.99 440.86 590.22     16   1.19
theta[3,36]  1057.2  823.91 1178.4   31.88 324.29 458.39 1824.0 3374.1      2   7.93
theta[4,36]  527.13  216.41 314.02    0.33 183.43 661.79 741.71 874.65      2   4.26
theta[5,36]  2185.2  892.88 1268.2    0.13 1089.4 2846.8 2973.8 3201.5      2  10.45
theta[6,36]   82.66   41.53 132.13  6.3e-7   1.18   35.4  94.26 499.78     10   1.72
theta[7,36]   96.48   39.46   57.8    0.25  29.02 120.04 136.35 165.12      2   3.65
theta[8,36]    0.81     0.4   1.39 4.8e-14 3.7e-4   0.08   1.59   3.73     12   1.11
theta[9,36]    1.58    1.58   2.45 6.5e-16 1.1e-6 9.7e-3   4.01   6.47      2   2.37
theta[10,36] 708.75  462.11 658.98  207.41 304.09 360.82 1147.3 2095.3      2   8.49
theta[11,36]    1.7    0.15   4.09 4.5e-12 1.1e-3   0.31   1.16   14.9    727   1.02
theta[1,37]  553.15  225.97 320.68    0.04 284.69 722.79 751.35 800.64      2  11.74
theta[2,37]   283.2   21.32  93.55    1.11 259.37 280.82 304.42 464.97     19   1.06
theta[3,37]  640.68  443.31 1000.1  6.7e-7  60.05 259.78 437.89 2984.9      5   1.51
theta[4,37]  109.65   44.22 104.61    0.03   3.38 102.24 183.32 308.33      6   1.35
theta[5,37]  2329.4  556.37 1176.6    0.62 2585.9 2773.2 2920.1 3959.6      4   1.75
theta[6,37]  238.81   98.34 145.71     0.5  65.59 292.23 342.25 422.55      2   3.23
theta[7,37]   56.94   23.42  35.88    0.49   7.38  67.92  82.84 109.05      2   2.51
theta[8,37]   12.84   13.65  55.63 2.2e-14 8.4e-5   0.11   2.57 287.82     17   1.21
theta[9,37]    0.56    0.05   1.46 1.9e-13 7.6e-4   0.15   0.46   4.55    821   1.02
theta[10,37] 837.23  424.21 874.93  337.14  440.3 497.62 680.67 4678.2      4   1.85
theta[11,37]   0.56     0.1    1.7 3.7e-13 4.7e-4   0.07   0.17   5.27    303   1.02
theta[1,38]  147.04   59.48  86.39    0.91  54.43 184.13 206.07 241.77      2   4.16
theta[2,38]  265.27  108.19 154.97    0.99 105.24 339.01 366.37 413.71      2   6.03
theta[3,38]  1347.1  554.94 816.73    0.13 376.75 1672.2 1918.9 2327.2      2   3.48
theta[4,38]   1.2e4  981.39 1402.1   1.0e4  1.1e4  1.1e4  1.3e4  1.4e4      2   7.09
theta[5,38]  4955.8  2023.6 2868.4    1.06 2596.4 6500.5 6709.3 7055.3      2  14.49
theta[6,38]  2544.8  2559.1 3624.5  257.76 405.65 503.83 4842.9 9270.0      2  28.73
theta[7,38]  237.28   34.53 112.09    3.07 210.51  243.3  273.1 474.22     11   2.67
theta[8,38]   568.1   111.2 200.05    4.87 549.81 641.83 680.65 746.96      3   2.81
theta[9,38]  1190.3  485.67 688.05    0.89 637.45 1564.7 1607.1 1680.7      2  16.81
theta[10,38] 475.32  198.03 305.53    0.18  32.71 566.09 699.27 926.75      2    2.4
theta[11,38]   1.75     0.5    3.3 3.9e-15 1.1e-3   0.27   2.45   9.06     43   1.06
mu[1]        396.96   42.63 307.82   89.44 234.08 332.61 483.07 1050.6     52   1.05
mu[2]        1848.5  359.94 1198.6  490.69 1067.8 1587.9 2285.8 4813.8     11   1.12
mu[3]        5957.5  2668.9 5668.3  1552.7 2778.1 4070.1 6993.3  2.1e4      5   1.35
mu[4]         1.6e4  2862.4  1.0e4  4380.5 9004.4  1.3e4  2.0e4  4.1e4     13    1.1
mu[5]        5332.3   83.72 3250.3  2028.4 3344.5 4509.1 6325.3  1.3e4   1507   1.01
mu[6]        591.85  373.26 1192.5  100.25 174.33 250.89 400.28 4371.9     10   1.44
mu[7]        1813.5  103.14 1065.8  647.12 1152.1 1560.2 2144.6 4449.2    107   1.03
mu[8]        160.49   60.97  139.9    7.96  40.46 143.97 214.44  485.1      5   1.27
mu[9]        340.44   44.25 222.58   64.84 202.58 294.28 422.86 896.28     25   1.08
mu[10]       3076.4  689.75 2087.8  1000.0 1751.4 2453.8 3720.8 9025.9      9   1.14
mu[11]       195.06    4.55 131.66   71.65  122.5 164.37 228.65  495.2    837    1.0
lp__          7.9e6   8.1e4  1.2e5   7.6e6  7.9e6  8.0e6  8.0e6  8.0e6      2   5.91

Samples were drawn using NUTS at Tue Mar  8 09:00:57 2022.
For each parameter, n_eff is a crude measure of effective sample size,
and Rhat is the potential scale reduction factor on split chains (at 
convergence, Rhat=1).
max loadings: [26. 36. 40. 88. 73. 11. 28. 11. 17. 32. 26.]
