python scripts/infer-loadings-only.py data/WGS_PCAWG.96.ready.Lung-AdenoCA.tsv Lung-AdenoCA  --signatures-prefix Signature --signatures 1 2 3 4 5 9 13 17a 17b 18 28 --save-dir WGS_PCAWG.96.ready.Lung-AdenoCA_NO40/synthetic_data --subst-type SBS -n 38 -a 0.00 --zeta 1    
data/WGS_PCAWG.96.ready.Lung-AdenoCA.tsv
Using 38 samples
Using SBS1, SBS2, SBS3, SBS4, SBS5, SBS9, SBS13, SBS17a, SBS17b, SBS18, SBS28
inferring loadings for 38 samples
zeta = 1
Using cached StanModel for normalized_joint_loadings_only
a0: 1.0800904367570754 b0: 247.13788567778553

Gradient evaluation took 0.01 seconds
1000 transitions using 10 leapfrog steps per transition would take 100 seconds.
Adjust your expectations accordingly!





Gradient evaluation took 0 seconds
Gradient evaluation took 0 seconds
1000 transitions using 10 leapfrog steps per transition would take 0 seconds.
1000 transitions using 10 leapfrog steps per transition would take 0 seconds.
Adjust your expectations accordingly!
Adjust your expectations accordingly!




Gradient evaluation took 0 seconds
1000 transitions using 10 leapfrog steps per transition would take 0 seconds.
Adjust your expectations accordingly!


Iteration:    1 / 3000 [  0%]  (Warmup)
Iteration:    1 / 3000 [  0%]  (Warmup)
Iteration:    1 / 3000 [  0%]  (Warmup)
Iteration:    1 / 3000 [  0%]  (Warmup)
Iteration:  300 / 3000 [ 10%]  (Warmup)
Iteration:  300 / 3000 [ 10%]  (Warmup)
Iteration:  300 / 3000 [ 10%]  (Warmup)
Iteration:  300 / 3000 [ 10%]  (Warmup)
Iteration:  600 / 3000 [ 20%]  (Warmup)
Iteration:  600 / 3000 [ 20%]  (Warmup)
Iteration:  600 / 3000 [ 20%]  (Warmup)
Iteration:  600 / 3000 [ 20%]  (Warmup)
Iteration:  900 / 3000 [ 30%]  (Warmup)
Iteration:  900 / 3000 [ 30%]  (Warmup)
Iteration: 1200 / 3000 [ 40%]  (Warmup)
Iteration:  900 / 3000 [ 30%]  (Warmup)
Iteration:  900 / 3000 [ 30%]  (Warmup)
Iteration: 1500 / 3000 [ 50%]  (Warmup)
Iteration: 1501 / 3000 [ 50%]  (Sampling)
Iteration: 1200 / 3000 [ 40%]  (Warmup)
Iteration: 1200 / 3000 [ 40%]  (Warmup)
Iteration: 1200 / 3000 [ 40%]  (Warmup)
Iteration: 1800 / 3000 [ 60%]  (Sampling)
Iteration: 1500 / 3000 [ 50%]  (Warmup)
Iteration: 1501 / 3000 [ 50%]  (Sampling)
Iteration: 1500 / 3000 [ 50%]  (Warmup)
Iteration: 1501 / 3000 [ 50%]  (Sampling)
Iteration: 1500 / 3000 [ 50%]  (Warmup)
Iteration: 1501 / 3000 [ 50%]  (Sampling)
Iteration: 2100 / 3000 [ 70%]  (Sampling)
Iteration: 1800 / 3000 [ 60%]  (Sampling)
Iteration: 1800 / 3000 [ 60%]  (Sampling)
Iteration: 1800 / 3000 [ 60%]  (Sampling)
Iteration: 2400 / 3000 [ 80%]  (Sampling)
Iteration: 2100 / 3000 [ 70%]  (Sampling)
Iteration: 2100 / 3000 [ 70%]  (Sampling)
Iteration: 2100 / 3000 [ 70%]  (Sampling)
Iteration: 2700 / 3000 [ 90%]  (Sampling)
Iteration: 2400 / 3000 [ 80%]  (Sampling)
Iteration: 2400 / 3000 [ 80%]  (Sampling)
Iteration: 2400 / 3000 [ 80%]  (Sampling)
Iteration: 3000 / 3000 [100%]  (Sampling)

 Elapsed Time: 2059.85 seconds (Warm-up)
               8152.54 seconds (Sampling)
               10212.4 seconds (Total)

Iteration: 2700 / 3000 [ 90%]  (Sampling)
Iteration: 2700 / 3000 [ 90%]  (Sampling)
Iteration: 2700 / 3000 [ 90%]  (Sampling)
Iteration: 3000 / 3000 [100%]  (Sampling)

 Elapsed Time: 3779.95 seconds (Warm-up)
               8146.47 seconds (Sampling)
               11926.4 seconds (Total)

Iteration: 3000 / 3000 [100%]  (Sampling)

 Elapsed Time: 4844.84 seconds (Warm-up)
               8067.72 seconds (Sampling)
               12912.6 seconds (Total)

Iteration: 3000 / 3000 [100%]  (Sampling)

 Elapsed Time: 4961.65 seconds (Warm-up)
               7992.58 seconds (Sampling)
               12954.2 seconds (Total)

Inference for Stan model: normalized_joint_loadings_only_7478cda48744ea0a7d29de17e1bfd57e.
4 chains, each with iter=3000; warmup=1500; thin=1; 
post-warmup draws per chain=1500, total post-warmup draws=6000.

               mean se_mean     sd    2.5%    25%    50%    75%  97.5%  n_eff   Rhat
theta[1,1]   1142.4   115.6 423.05    2.43 1105.9 1170.6 1248.1 1771.6     13    1.4
theta[2,1]     0.92    0.65   1.08  4.3e-7   0.12   0.45   1.48   3.59      3   2.06
theta[3,1]    3.6e4   1.5e4  2.1e4    1.22  1.8e4  4.7e4  4.8e4  5.0e4      2   28.2
theta[4,1]    1.4e4   1.5e4  2.1e4    0.02   0.12 4665.4  1.9e4  5.3e4      2  11.58
theta[5,1]    22.67   14.31 224.35 7.0e-10   0.09   0.41    0.7 169.19    246   1.01
theta[6,1]   948.71  708.34 2226.2  2.7e-3   0.24   1.37 2530.2 3183.2     10   1.17
theta[7,1]     0.76    0.29   1.11  4.0e-5   0.03   0.28   1.47   2.86     14   1.16
theta[8,1]   464.61  544.99 1007.3  5.8e-4    0.1   0.62    6.5 2782.1      3    2.1
theta[9,1]   603.57  256.55 397.76    0.47   1.53 681.18 944.16 1054.2      2   2.65
theta[10,1]   615.9  432.86 788.48  1.1e-7   0.01   1.02 1421.3 1759.5      3   2.65
theta[11,1]    1.02    0.22   2.88  3.3e-9   0.03   0.62   1.19   4.59    173   1.01
theta[1,2]   943.03   46.64 240.88     5.7 961.61 998.94 1033.6 1100.6     27   1.12
theta[2,2]     0.47    0.14   0.67  4.2e-5   0.04   0.28    0.7   2.46     22   1.22
theta[3,2]    3.1e4  1824.3 7848.7    2.23  3.2e4  3.2e4  3.5e4  3.6e4     19   1.15
theta[4,2]   2621.8  878.72 3448.0  2.4e-5   0.85 3195.7 3420.9  1.0e4     15   1.13
theta[5,2]   1438.1  1169.0 5511.5  1.8e-5   0.66  17.25 213.17  2.4e4     22   1.15
theta[6,2]   3713.6  767.32 2666.7    0.04 3251.6 3964.0 4237.4 6447.5     12   1.26
theta[7,2]     7.34    7.73  41.25  1.5e-3   0.41   0.79   1.23  12.22     28   1.11
theta[8,2]     0.67    0.45   1.53  4.2e-9 3.3e-3   0.06   0.37   6.01     12   1.45
theta[9,2]   166.28  144.26 264.15  4.2e-6   0.08   0.98 456.86 858.09      3   1.88
theta[10,2]  144.72  112.11 212.42  1.5e-6   0.22    1.9 348.74 603.31      4    2.1
theta[11,2]    2.67    0.65   3.33  7.6e-3   0.56   1.58   3.71  11.87     27   1.18
theta[1,3]   222.65  134.28 230.59     0.3    1.9 100.39 482.38 535.68      3   2.33
theta[2,3]     0.65    0.21    1.0  7.5e-3   0.06   0.23   1.04   3.72     23   1.15
theta[3,3]   4627.5  1952.1 3125.7    0.05   0.34 5919.0 7084.9 7562.9      3   2.62
theta[4,3]   340.39  238.39 624.95  4.1e-5   0.05   0.56 493.24 1969.0      7   6.17
theta[5,3]   2145.3  1037.0 2542.5 2.6e-14    1.7 1930.0 3190.7 7455.9      6   1.47
theta[6,3]   2513.4  519.58 1433.7    3.39 1945.8 2098.8 2782.1 7964.3      8   1.38
theta[7,3]     41.2    40.6  76.71 6.6e-12   0.41   4.67  32.47 326.82      4   1.67
theta[8,3]   104.47   38.83  92.92    0.02   0.41  113.2 173.63 278.33      6    1.8
theta[9,3]   132.62   55.26 105.08    0.18   0.36  169.4 203.67 334.57      4   1.69
theta[10,3]  180.48  118.16 490.53 4.0e-14 5.9e-4   0.25 147.45 2192.7     17   1.22
theta[11,3]    1.18    0.72   5.69 6.8e-10 1.1e-4   0.03   0.56   6.92     63   1.05
theta[1,4]   139.57   61.38 107.27    0.28   3.74 179.15 227.55 290.11      3   2.26
theta[2,4]     0.26    0.11   0.43  3.6e-8   0.07   0.16   0.27   1.78     16   1.27
theta[3,4]    1.2e4  1034.1 2360.9   1.1e4  1.2e4  1.2e4  1.5e4  1.5e4      5   1.37
theta[4,4]   113.07  139.01 877.18 1.0e-10 1.7e-4    0.1   0.42  15.26     40   1.07
theta[5,4]   134.83  152.01 1342.1 3.5e-13 8.0e-6   0.01   0.68 399.52     78   1.03
theta[6,4]   2758.0  1161.2 1874.8    0.12   0.77 3400.8 3658.3 4692.7      3   2.28
theta[7,4]     0.52    0.45   0.94 5.1e-12 9.7e-5   0.12   0.52   2.96      4   1.57
theta[8,4]     0.55    0.08   0.55    0.02   0.25   0.42   0.63   1.98     45   1.06
theta[9,4]   623.77  181.22 346.34    0.71 579.11 637.73 982.01 1098.1      4   2.63
theta[10,4]    0.59    0.33   1.28  1.4e-9   0.02   0.13   0.46   3.77     15   1.21
theta[11,4]   11.14   13.57 131.29  5.6e-7 7.2e-4    0.2   0.37    2.2     94   1.03
theta[1,5]   961.15  682.92 1028.1    0.32   0.45  25.38 2064.4 2182.8      2   3.46
theta[2,5]     2.43    1.39   2.13  2.3e-4    0.3   1.86    4.6   6.87      2   2.92
theta[3,5]    6.9e4   3.0e4  4.5e4    0.03   0.47  9.3e4  1.1e5  1.1e5      2   3.31
theta[4,5]   1291.6  1533.4 2778.8  8.8e-6   0.08   0.38   0.92 7539.2      3   2.31
theta[5,5]    2.6e4   3.2e4  4.5e4    0.03   0.13   0.24  5.5e4  1.1e5      2  39.12
theta[6,5]   9320.6  7138.7  1.6e4    0.03   0.13   2.84  1.4e4  7.7e4      5   1.56
theta[7,5]    98.19  113.49 490.75    0.09   0.93   2.07   5.47 2636.9     19   1.19
theta[8,5]      1.9     1.6   6.24    0.04    0.3   0.43   0.62  16.74     15   1.24
theta[9,5]   1357.4  1015.7 1649.3    0.02   0.77   1.23 2132.1 4219.8      3   2.42
theta[10,5]  2443.4  1370.3 5767.7    2.08   3.16 768.26 4015.2  3.0e4     18    1.2
theta[11,5]    0.82    0.42   0.89  3.9e-8   0.11   0.48   1.44    2.9      5   1.61
theta[1,6]    35.61   16.06   24.1    0.76   1.31  42.66  55.35  70.56      2   3.06
theta[2,6]     1.03    0.55   1.45  3.2e-3   0.14   0.32   1.39   5.25      7    1.3
theta[3,6]   214.64  150.18 213.64  3.8e-5   3.52 135.19 427.72 503.94      2   9.44
theta[4,6]    57.59   40.96  59.63  4.6e-4   0.02    7.4 114.41 151.29      2    4.4
theta[5,6]   189.86  133.26 191.97  9.9e-5   0.34  158.3 406.68 489.43      2   5.64
theta[6,6]    33.48   23.22  40.44    0.04   0.21   0.48  68.94 117.05      3   1.91
theta[7,6]     1.68    0.83   2.52  1.5e-3   0.32   0.89   1.75  10.48      9   1.39
theta[8,6]    37.02   15.23  27.57    0.23   0.41  46.67  58.99  77.88      3   1.85
theta[9,6]    10.73    2.63   6.56    1.95   5.86   8.57  14.75   27.0      6   1.32
theta[10,6]    1.89    0.91    2.3  1.1e-4   0.35   1.64   2.09   9.05      6   1.55
theta[11,6]    1.12     0.6   1.31  3.0e-5   0.02    0.5   2.14   4.37      5   1.57
theta[1,7]   433.16  180.35 304.33    0.41   1.82 610.52  665.6 737.62      3   2.14
theta[2,7]     0.85    0.41   1.01  1.7e-3   0.17   0.35   1.26   3.38      6   1.83
theta[3,7]    1.2e4  5276.5 9186.0    0.11   0.78  1.8e4  1.8e4  2.2e4      3   2.01
theta[4,7]   2013.4  630.22 2104.5  2.3e-3 1099.7 1293.9 1553.9 5549.3     11   1.38
theta[5,7]   6527.7  5523.0 9256.4 2.2e-14    0.2 195.17  1.8e4  2.4e4      3   2.21
theta[6,7]   1894.3  1385.5 2435.5    0.07    0.3   0.79 3559.0 5556.0      3   1.94
theta[7,7]    13.01   15.06  63.22  9.5e-6    0.1   0.36   0.79 154.84     18   1.19
theta[8,7]     1.32    0.39   2.04  7.0e-5   0.13   0.69   1.58   6.44     27   1.12
theta[9,7]   956.11  132.15 471.82    0.52 814.59 892.65 1293.1 1639.3     13   1.54
theta[10,7]   50.25   35.39 141.86 2.7e-10   0.01   0.36   3.81 503.14     16   1.28
theta[11,7]   36.31   43.86 229.76  5.4e-5 6.1e-3   0.08   0.26 759.46     27   1.11
theta[1,8]   406.93  140.84 231.34    0.13 442.75 492.75 521.08 741.22      3   2.33
theta[2,8]     1.28    0.66   1.38  2.4e-3   0.22   0.73   2.31   4.42      4   1.66
theta[3,8]    1.6e4  1765.1 5098.7    0.52  1.7e4  1.7e4  1.7e4  2.0e4      8   1.98
theta[4,8]   2774.1  1837.2 4855.0  1.1e-5   1.63 1823.0 1961.2  1.8e4      7   2.15
theta[5,8]   423.45  420.83 820.72  3.8e-6   0.09  10.15 111.52 2365.4      4    1.6
theta[6,8]    551.4  231.25  403.0    0.13   3.56 670.84  835.5 1223.7      3   2.02
theta[7,8]    27.47   28.91  81.78  2.9e-8   0.28    0.6   1.45 294.23      8   2.02
theta[8,8]    54.69   58.24 166.88  2.9e-4   0.48   1.17    2.2 597.85      8   1.97
theta[9,8]   299.36  125.16 278.69    0.32 210.68 254.12 308.39 1149.7      5   2.23
theta[10,8]  178.38  215.65 329.06    0.02   0.61   1.24  33.12 1094.3      2   3.07
theta[11,8]    8.64    7.84  69.54 1.4e-12   0.01   0.69   1.03  11.07     79   1.06
theta[1,9]   863.19  248.31 434.64     0.3 880.42 941.68 1138.3 1383.8      3   2.48
theta[2,9]     1.39    0.83   1.37  3.3e-9   0.23   0.97   2.42   4.81      3   2.44
theta[3,9]    2.3e4  9416.2  1.4e4    0.08   2.53  3.0e4  3.2e4  3.4e4      2   4.53
theta[4,9]    1.0e4  8854.8  1.3e4  2526.8 2915.3 3096.8  2.6e4  3.3e4      2    7.5
theta[5,9]   342.47  286.57 978.33 8.6e-10   0.05   0.19   4.33 3427.5     12   1.28
theta[6,9]   2126.4  1529.0 2675.2  9.9e-3   0.36 1561.6 3768.4 5664.1      3   1.79
theta[7,9]     2.51    2.58  19.09  1.5e-7   0.04    0.2   0.63   1.86     55   1.05
theta[8,9]   206.24  251.24 406.13 4.0e-11 8.4e-3   0.12   2.12 1069.8      3   2.51
theta[9,9]   568.32  266.66 395.37    0.57   2.73 642.83 768.59 1128.1      2   3.51
theta[10,9]   38.61   39.91 139.65 5.8e-10   0.03   0.49    5.2 601.13     12   1.37
theta[11,9]  1031.1  1262.7 1797.3  3.6e-4    0.1   0.45 119.01 4270.5      2   8.71
theta[1,10]   92.68  106.95 312.12    0.15   0.78   5.34  14.43 323.93      9   1.23
theta[2,10]    0.33    0.11   0.42  1.3e-3   0.04   0.16   0.52   1.38     15   1.29
theta[3,10]   2.4e4   2.7e4  4.1e4    0.12   0.32   0.43  8.2e4  1.1e5      2   3.67
theta[4,10]   1.4e4  7868.9  1.2e4  6.0e-3  14.09 7663.7  2.7e4  2.8e4      2   2.56
theta[5,10]   6.0e4   2.5e4  3.6e4    0.11 9339.5  6.5e4  9.0e4  1.1e5      2   3.96
theta[6,10]   1.3e4  5838.3  1.0e4    0.84    4.7  1.6e4  1.9e4  2.4e4      3   1.86
theta[7,10]    7.36    7.66 101.74    0.04   0.11   0.22   0.46  23.75    176   1.01
theta[8,10]    1.43    0.78   2.46    0.02   0.21   0.56    1.4   8.99     10   1.74
theta[9,10]  1514.8   790.8 1789.3  4.7e-5   0.64  42.19 2171.4 4813.7      5   1.89
theta[10,10] 834.96  631.16 2642.7     0.1   0.21   6.15  26.23 5088.2     18    1.2
theta[11,10]   2.82    1.72   3.86    0.05   0.25   1.13   4.13  13.62      5   1.53
theta[1,11]  144.76   97.26 143.59  4.3e-4   0.76  45.68 288.41  330.9      2   3.57
theta[2,11]    0.25     0.1   0.49  4.7e-4 9.4e-3   0.11   0.21   1.92     22    1.2
theta[3,11]  9064.6  3733.3 5306.3    0.12 4702.3  1.1e4  1.3e4  1.3e4      2  14.93
theta[4,11]  794.33  911.23 1331.8    0.29    4.5  22.88 407.55 3048.0      2   3.96
theta[5,11]  1752.3  2137.8 3087.6 6.9e-12   0.01   0.12 632.51 7412.3      2   4.93
theta[6,11]  1547.1  913.47 1442.9    0.12   0.76 1980.3 2728.6 3443.6      2    3.0
theta[7,11]    1.81    0.68   3.49  2.1e-6 9.8e-3   0.49   1.97  11.72     26   1.17
theta[8,11]    0.43     0.1    1.0 2.0e-14 3.0e-4   0.17   0.47   2.03    110   1.06
theta[9,11]  661.23    97.6 246.88    2.48 621.14 672.46 858.14 944.71      6   1.83
theta[10,11]   0.82    0.29   2.42 10.0e-6   0.02   0.18   0.28   7.51     70   1.07
theta[11,11]  85.73   90.59 257.76    0.02    0.2   1.11   4.01 924.91      8   2.04
theta[1,12]   660.2  467.57 678.14    0.05   0.51   4.88 1358.0 1451.6      2   4.88
theta[2,12]    0.45    0.18   0.54  5.7e-3   0.17   0.28   0.52   1.91      9   1.38
theta[3,12]   2.2e4   1.5e4  2.2e4    0.03   0.12  2.0e4  4.3e4  4.5e4      2  47.76
theta[4,12]  5516.1  3011.6 4974.4    0.38   0.69 5187.6 5539.1  1.4e4      3   2.28
theta[5,12]   2.4e4   1.6e4  2.3e4  1.3e-5 1269.7  2.4e4  5.3e4  5.4e4      2   9.86
theta[6,12]  1059.0  793.55 1405.8    0.02   0.09    2.9 2116.3 3606.1      3   2.15
theta[7,12]    0.79    0.33   1.27  9.5e-3   0.06   0.29   1.13   4.91     15   1.35
theta[8,12]    0.59    0.27   1.08  5.0e-3   0.07   0.24   0.58   2.92     16   1.16
theta[9,12]  330.63  226.11 440.53    0.04   0.19   0.41 626.76 1185.3      4   2.26
theta[10,12]    1.2    0.44   2.29  1.9e-4   0.02   0.55   1.02   8.54     28   1.14
theta[11,12]   1.04     0.3   1.78  3.2e-5   0.21   0.38   0.99   5.93     34   1.13
theta[1,13]   77.39   41.51  63.93    0.38   4.52  76.02 109.84 190.34      2    2.8
theta[2,13]    0.97    0.34   1.07  6.9e-5   0.21   0.55   1.68   3.27     10   1.34
theta[3,13]  498.18  609.68 862.96    0.04   0.15   0.44 987.06 2074.8      2  30.61
theta[4,13]  332.67  128.12  196.9    1.28 101.45 406.68 446.37 705.47      2   2.86
theta[5,13]  882.83  442.46 666.62    0.07    0.4 954.29 1531.4 1943.6      2   3.47
theta[6,13]  322.19  232.21 380.18    0.21   0.42   1.25 588.61 1382.8      3   2.31
theta[7,13]    27.2   18.73  28.21    0.18   0.52   4.12  52.66  78.99      2   3.07
theta[8,13]   79.79   40.43  67.51    0.17   0.39 111.02 137.77 173.69      3   2.81
theta[9,13]   83.81    21.5  56.15    0.37  37.16  85.73 127.78 177.76      7   1.54
theta[10,13]   5.36     4.3  19.56  3.7e-3   0.04   0.32   2.85  42.19     21   1.18
theta[11,13]  10.02    6.73  32.09  4.3e-4   0.06   0.69   4.43 127.16     23   1.15
theta[1,14]   99.25   91.63 130.99    0.15   0.63   4.06  201.6 344.25      2   8.59
theta[2,14]    1.23    0.94   1.65  9.1e-5   0.04   0.62   1.55   6.01      3   2.05
theta[3,14]  1806.8  742.34 1142.5    0.01   2.52 2180.9 2284.6 3908.5      2   3.12
theta[4,14]  285.75  221.99 319.54    0.08   0.39   4.56 569.17 861.35      2   6.13
theta[5,14]  1460.3  815.32 1251.4    0.05    9.3 1590.7 2638.9 3568.5      2   3.21
theta[6,14]  258.99  316.69 453.12    0.16   0.35   1.14 177.18 1137.7      2   6.56
theta[7,14]   15.34   15.68  23.98    0.11   0.38   1.23   20.7  75.03      2   2.57
theta[8,14]    81.9   41.11  75.27    0.02   0.48  98.01 148.81 208.88      3   2.05
theta[9,14]  127.73   60.09  92.63    0.24   1.52 130.71 213.22 252.25      2   2.74
theta[10,14]  69.25    82.2 143.56 7.7e-10 2.9e-3   0.37  64.38 574.54      3   2.05
theta[11,14]  51.68   46.83 111.75  2.8e-3   0.63   1.51  19.46 353.74      6   3.17
theta[1,15]  1813.5  749.37 1338.1    0.19   0.39 2750.2 2827.4 2933.2      3   2.07
theta[2,15]    1.78    1.22   1.97  1.0e-6   0.06   0.88   4.07   5.23      3   2.67
theta[3,15]   9.8e4   4.1e4  6.7e4    0.33   1.72  1.4e5  1.5e5  1.5e5      3   2.93
theta[4,15]  5566.0  4605.1  1.3e4    0.02   0.49    2.1 5799.7  3.4e4      8   1.46
theta[5,15]   3.7e4   3.5e4  5.5e4    0.05   0.37    2.0  1.2e5  1.2e5      2   2.96
theta[6,15]  9671.2   1.1e4  1.6e4  7.3e-4   0.25   0.56  2.9e4  3.7e4      2   5.55
theta[7,15]    0.65    0.26   0.96    0.04   0.09   0.31   0.94   3.02     14   1.17
theta[8,15]    0.79    0.26   0.92  1.0e-3   0.22   0.32   1.14   3.37     13   1.37
theta[9,15]  4792.9  2023.9 3393.9    0.03   0.23 6803.8 6963.8 8915.4      3   2.24
theta[10,15]  89.83  100.48 205.66  8.5e-6   0.44   1.91   7.78 706.68      4   1.69
theta[11,15] 234.51  268.58 1031.9  3.0e-3   0.49   1.22   4.57 4821.8     15   1.27
theta[1,16]  336.28  140.61 224.66    0.14    0.3 457.08 488.57 612.88      3   2.61
theta[2,16]    1.65     1.6   2.51  2.4e-3   0.03   0.16   3.05   7.77      2   5.22
theta[3,16]   3.0e4  5208.5 9366.8    0.29  2.7e4  2.7e4  4.0e4  4.2e4      3    2.0
theta[4,16]  690.74  279.66 755.99    0.13   1.53 874.58 1001.8 1211.9      7   1.21
theta[5,16]  1170.0  1386.7 5185.5 2.8e-12   0.04   0.61   1.34  2.5e4     14   1.28
theta[6,16]  8320.2  3446.7 5235.7    0.13   0.25  1.1e4  1.1e4  1.5e4      2   3.08
theta[7,16]    0.78    0.25   1.29  2.3e-3   0.07   0.58   0.76   4.13     26   1.13
theta[8,16]    0.53    0.12   1.06  2.7e-5   0.05   0.15   0.51   3.55     83   1.06
theta[9,16]  2058.6   843.2 1213.4    0.05    2.8 2665.2 2733.0 3946.6      2   5.84
theta[10,16] 102.81  124.86 184.57  4.3e-8 8.7e-3   0.48  28.38  532.2      2   3.59
theta[11,16]   0.71    0.25   2.02  8.4e-8 5.6e-3   0.17   0.64   5.47     66   1.09
theta[1,17]   45.41    20.5  41.77    0.16   0.51  42.12  80.87 125.18      4   1.75
theta[2,17]   88.37  101.57 148.84  3.9e-3   0.18   0.83 266.49 387.93      2   3.86
theta[3,17]   2.8e4  4124.2 6332.1   2.3e4  2.5e4  2.5e4  3.4e4  3.8e4      2   2.64
theta[4,17]  118.38  146.03 1098.0  1.9e-6   0.14   0.55   0.92  11.64     57   1.05
theta[5,17]    1.97    1.09   3.38  2.8e-8 1.1e-3   0.26   2.27  12.72     10   1.37
theta[6,17]   1.4e4  5908.9 8587.5    0.16 6442.5  1.8e4  1.8e4  2.4e4      2   5.23
theta[7,17]    8.89   10.85  78.53 10.0e-7 3.6e-3   0.07   0.28   4.84     52   1.05
theta[8,17]    0.98     0.4   0.93  2.8e-8   0.18   0.74    1.6   2.81      5   1.35
theta[9,17]  3727.4   870.4 1824.9  1.7e-3 4196.5 4347.5 4725.1 5211.9      4    2.0
theta[10,17]   0.33     0.2   0.55 4.3e-37 3.3e-3   0.09   0.61    1.2      8   1.21
theta[11,17] 1578.6  1358.9 2065.7  1.3e-3   64.2 233.27 2199.8 5236.2      2   2.94
theta[1,18]   82.85   35.05  62.62    0.11   2.22 112.92 134.34 163.05      3   2.33
theta[2,18]    0.97    0.68    1.5  1.2e-4   0.14   0.41   1.01   5.74      5   2.74
theta[3,18]  2504.2  1034.2 1591.7    0.02   0.68 3317.2 3565.2 3994.2      2    2.7
theta[4,18]  280.06   114.1 325.88    0.32   1.61 232.84 349.97 1076.5      8   2.53
theta[5,18]  1349.8  1099.4 1738.4  8.2e-6  51.95 340.23 3414.9 4674.1      3   3.06
theta[6,18]  610.32  334.81 565.22    0.06   0.76 952.64 1096.0 1359.9      3   2.19
theta[7,18]   16.84   17.57  28.05    0.01   0.27   0.75  24.13  85.52      3   2.26
theta[8,18]  129.31   46.92  81.17    0.05   78.0 120.84 198.23 275.44      3   2.38
theta[9,18]  175.87   67.56 124.18    0.53  31.51 180.02 234.21  389.5      3   2.01
theta[10,18]  15.05   14.04  54.72  1.5e-6   0.14   0.32   1.76  183.6     15   1.16
theta[11,18]  64.24   50.44 105.33    0.02   0.87   3.05  78.59 345.84      4   2.34
theta[1,19]  1110.5  462.06 695.43    1.49    2.1 1503.1 1585.3 1686.0      2   3.05
theta[2,19]    0.99    0.33   0.95  3.2e-4   0.12   0.72    1.6   3.36      8   1.41
theta[3,19]   5.3e4  1913.6 3329.5   4.9e4  5.0e4  5.1e4  5.5e4  6.1e4      3   2.52
theta[4,19]  3036.6  2152.0 3071.5    0.05   0.44   7.55 6140.3 6518.9      2   7.18
theta[5,19]  3423.5  2434.3 3770.7    0.13 144.12 1963.0 4809.3  1.1e4      2   3.36
theta[6,19]  624.52  765.94 1121.1    0.02   0.29   1.11  17.89 2885.8      2   3.94
theta[7,19]     1.1    0.63   1.25  3.4e-4   0.04    0.5   2.22   3.88      4   1.83
theta[8,19]    1.21    0.53    1.0    0.06   0.47   0.71   1.95   3.55      4   1.62
theta[9,19]  375.47  176.81 326.67    0.32   0.69 467.23 691.02 825.52      3    2.7
theta[10,19] 202.57   228.3  470.7  6.8e-7 9.8e-3   0.44   7.01 1443.9      4   2.55
theta[11,19]   0.82    0.88   1.34  9.9e-9 5.2e-3   0.06   1.47   4.47      2   4.12
theta[1,20]  486.22  221.97  371.2    0.33   4.81 739.45 779.24 839.56      3   6.47
theta[2,20]    1.42    0.49   1.67  1.6e-5    0.2    1.0   2.19   5.94     12    1.4
theta[3,20]   1.5e4  6323.4 8967.5    0.13 8067.8  2.1e4  2.1e4  2.1e4      2  33.81
theta[4,20]  1807.4  740.06 1053.8    1.02 788.71 2351.5 2503.0 2719.5      2   9.62
theta[5,20]  7042.2  7359.3  1.0e4    0.01   0.25 880.99  1.6e4  2.5e4      2  34.24
theta[6,20]  569.54  403.68  577.9    0.03   0.63 287.19 1137.3 1360.7      2   6.24
theta[7,20]    1.16    0.51   1.24  2.4e-6   0.37   0.65   1.74   4.45      6   1.39
theta[8,20]    2.99    2.92   5.86  1.4e-8   0.02   0.15   3.36  18.66      4   1.72
theta[9,20]  313.79  133.47 190.83    0.06  99.53  377.1 445.61 547.94      2   6.52
theta[10,20] 234.15  286.85 419.11 1.3e-17 2.9e-3   0.73  17.23 1104.0      2   4.05
theta[11,20]   0.26    0.05   0.63 3.0e-11   0.04   0.12   0.27   1.75    179   1.03
theta[1,21]   37.22   25.44  38.32  1.9e-3    0.3   5.67  74.71 101.91      2   3.09
theta[2,21]    1.85    0.71   2.51  2.2e-8   0.66   1.15   1.99   9.68     12   1.37
theta[3,21]   434.2  303.69  531.3     0.1   0.25   1.15 1038.2 1245.5      3   2.27
theta[4,21]  124.13   94.61 185.69    0.11   0.19   0.66 182.53 695.05      4   1.96
theta[5,21]   848.3  520.28 749.19    0.16   2.11 561.67 1411.0 1964.5      2    6.2
theta[6,21]  454.23  155.89 334.29    0.71 361.61 451.57 531.59 1294.3      5   1.71
theta[7,21]   39.49   25.09  39.03    0.01   1.54  38.79  70.33 120.85      2   2.63
theta[8,21]   32.63   31.44  49.05  6.8e-4   0.29   0.58  81.79 137.29      2   2.92
theta[9,21]   15.54    8.69  17.32  2.3e-5   0.15   7.56   29.3  53.28      4   1.51
theta[10,21] 103.64   56.43   94.5  7.5e-3   1.16  122.7 180.82 244.49      3   1.95
theta[11,21]   5.62    4.75  14.83  1.8e-6 5.9e-3   1.18   2.58   60.3     10   1.74
theta[1,22]  249.24  103.17 163.87    0.35   1.03 342.69 364.28 400.16      3   2.48
theta[2,22]    0.39     0.2   0.49 4.9e-11   0.09   0.18   0.55   2.06      6   2.17
theta[3,22]  7501.3  3077.8 4443.2    0.05   0.45  1.0e4  1.0e4  1.1e4      2   4.98
theta[4,22]  1920.0  721.57 1220.3    2.44 1289.8 1385.9 3281.2 3703.2      3   1.88
theta[5,22]  1855.4  2249.4 3274.9 5.2e-11 5.9e-5    1.4 507.78 7865.9      2   4.26
theta[6,22]  1094.6  266.12  724.6  511.05 786.14 929.63 1334.7 1696.2      7   1.22
theta[7,22]    1.67    0.77   6.81  1.3e-6   0.08   0.46   1.27   6.36     79   1.04
theta[8,22]    1.45    0.95   2.15 1.1e-10   0.19   0.35   2.04   8.31      5   1.55
theta[9,22]   26.49   32.41  47.16  7.5e-3   0.07   0.28  17.35 136.63      2   4.13
theta[10,22]  17.58   20.73  85.27  5.9e-6 6.4e-4   0.08    0.4 370.86     17   1.21
theta[11,22]   1.14    0.46   3.07  1.6e-5   0.03   0.18   1.07   7.79     44   1.08
theta[1,23]   30.73   20.95  35.58  5.1e-3   0.55   6.58  55.84 127.41      3    1.9
theta[2,23]  377.76   121.1 198.09    0.34 391.13 464.73 502.38 557.56      3   2.33
theta[3,23]  3044.6  1289.7 1989.8  3.5e-3   0.33 3613.8 4041.6 6399.6      2   2.75
theta[4,23]   12.82   14.32  68.11  2.7e-7    0.1   0.43   2.44 192.54     23   1.14
theta[5,23]  680.16  524.24 866.02 3.5e-11   0.02   1.05 1612.6 2204.2      3   2.58
theta[6,23]  3556.4  883.96 1823.1    0.41 3389.7 3640.7 4969.3 5790.3      4   1.83
theta[7,23]  288.59  128.27 193.29    0.18  72.05 322.73 446.31 561.75      2   2.94
theta[8,23]    2.83    1.78   6.72  7.4e-8   0.11   0.63   3.03  15.17     14   1.22
theta[9,23]   26.66   20.87  69.44  9.0e-9   0.11   0.35   2.23 247.29     11   1.53
theta[10,23]  71.35   76.45  504.7 9.3e-11 9.3e-3   0.14   2.14 272.94     44   1.07
theta[11,23] 1990.2   159.8 554.78  1582.3 1813.7 1924.5 2003.3 2795.3     12   1.23
theta[1,24]   12.37    8.36  14.81    0.17   0.25   1.77  26.98  41.32      3    2.1
theta[2,24]    2.05    1.26   1.92  2.0e-3   0.54   1.24    4.3   5.54      2   3.07
theta[3,24]   252.9  104.69 169.25    0.22   0.73 323.07 382.36 461.31      3   2.42
theta[4,24]   34.46   24.46  39.67    0.01   0.46   3.45  64.95 124.84      3   2.14
theta[5,24]  172.77  145.56 220.15  5.5e-4   0.77  39.49 457.08 555.21      2   3.73
theta[6,24]    42.5   31.62  56.04    0.03   1.41   5.67  81.28 169.01      3   1.76
theta[7,24]    5.31    2.11   4.77    0.02   1.44   3.87   7.89  16.08      5   1.68
theta[8,24]    15.6    5.37  13.82    0.29   1.03  15.55  26.26  44.42      7   1.71
theta[9,24]   19.47    3.98  10.86    1.32  11.22  18.73  27.13  42.26      7   1.39
theta[10,24]   9.73    8.02  17.43    0.19   0.47   1.33   8.01  61.11      5   1.78
theta[11,24]   2.44     0.7   1.97    0.04   0.72   1.98   3.96   6.45      8   1.25
theta[1,25]  478.21  346.59 605.23  3.8e-4   0.16   1.19 1224.4 1309.7      3   2.72
theta[2,25]    2.02    1.29   2.07  5.5e-3   0.53   1.17    3.3   7.24      3   3.23
theta[3,25]   2.5e4   1.1e4  1.9e4    0.24   0.86  3.7e4  4.0e4  4.4e4      3   3.92
theta[4,25]  3402.1  1524.3 3182.1    0.14   0.49 3316.2 3807.6  1.2e4      4   2.52
theta[5,25]   1.6e4   1.2e4  1.9e4  4.3e-7   0.77 6442.4  4.3e4  4.4e4      2    5.0
theta[6,25]  1826.4   903.1 1564.4    0.17   5.76 2335.7 2773.4 4818.2      3   2.14
theta[7,25]    0.33    0.14   1.07 3.3e-17 5.0e-7 2.0e-3   0.59   1.56     57   1.05
theta[8,25]    3.29    3.22   6.48 1.3e-15 6.0e-3   0.07   4.57  18.07      4   1.46
theta[9,25]   833.1   162.6 358.17    0.54 745.82 806.53 1026.1 1543.8      5   1.67
theta[10,25]  54.42   57.51  342.3  2.7e-5   0.41   1.44   9.19 302.48     35   1.08
theta[11,25]  10.81   11.75  51.81  1.0e-9   0.02   0.17   0.23 243.49     19   1.21
theta[1,26]    2.34    1.03   2.82  1.0e-3   0.15    1.5   4.01   9.23      7   1.44
theta[2,26]    0.38    0.24   0.55  3.8e-6   0.02   0.08   0.79    1.5      5   1.55
theta[3,26]   2.0e4  3071.7 4354.9   1.7e4  1.8e4  1.8e4  2.2e4  2.8e4      2  14.16
theta[4,26]    1.19     0.3   2.04 8.4e-12   0.02   0.46   1.44   7.04     46   1.11
theta[5,26]     1.1     0.4    2.0  3.4e-4   0.05   0.47   1.05   7.96     25   1.21
theta[6,26]  8791.3  3592.2 5105.5    0.14 4968.1  1.2e4  1.2e4  1.2e4      2  10.43
theta[7,26]     0.8    0.78   1.18 2.3e-15 1.8e-5   0.03   2.16   3.03      2   2.74
theta[8,26]    0.44    0.17   0.83  2.2e-8   0.02   0.23   0.33    3.3     24   1.22
theta[9,26]  3952.4  527.68 908.32  3415.2 3563.5 3635.8 3831.1 5357.1      3   1.78
theta[10,26]    0.9    0.82   1.32  1.0e-8 3.6e-4   0.04   2.27   3.41      3   2.16
theta[11,26]   0.49    0.24   0.94  2.3e-9 2.3e-3   0.06   0.71    2.4     16   1.13
theta[1,27]  651.76   48.42 178.02    1.96 657.44 690.46 719.38 786.27     14   1.36
theta[2,27]    0.48    0.26   0.58  1.5e-3   0.03   0.19   0.99   1.53      5   1.47
theta[3,27]   2.5e4  5106.9  1.3e4     0.3  3.1e4  3.2e4  3.2e4  3.4e4      7   1.88
theta[4,27]  5606.7  3089.9 7400.9    5.68 1882.3 2016.1 2249.2  2.0e4      6   2.05
theta[5,27]  1079.3  1189.3 4549.3  3.6e-9 3.7e-3   0.48   3.54  2.0e4     15   1.32
theta[6,27]  9374.5  2116.0 5560.3   34.29 6850.2 6997.7 7271.4  2.2e4      7   1.67
theta[7,27]   30.85   27.87  79.61  4.2e-7 6.4e-3   0.11   4.31 277.24      8   1.47
theta[8,27]    0.76    0.39    1.0  3.2e-7 5.9e-3   0.29   1.15   3.28      6   1.55
theta[9,27]  1206.9  122.05 536.91     0.7 1274.5 1347.6 1400.2 2020.1     19   1.16
theta[10,27]   0.66     0.3   1.78  1.1e-5 3.3e-3   0.14   0.21   5.63     37   1.14
theta[11,27]   1.75    1.55   7.53  1.4e-4   0.09   0.36   0.91   9.19     24   1.13
theta[1,28]  2704.2  1465.8 2471.6    0.61   3.55 1564.6 5514.2 5672.8      3   2.81
theta[2,28]     0.9    0.27   1.12  1.0e-4   0.11   0.62   1.08   4.02     17   1.34
theta[3,28]   8.5e4   6.1e4  8.6e4    0.07   0.25  7.9e4  1.7e5  1.9e5      2  85.24
theta[4,28]   2.7e4   1.4e4  2.1e4    0.81   3.05  1.8e4  4.8e4  4.9e4      2    3.1
theta[5,28]   6.5e4   4.6e4  6.6e4  2.1e-3   0.85  6.2e4  1.3e5  1.8e5      2    9.2
theta[6,28]  5251.8  2885.0 4233.9    0.55   3.92 4009.9 9537.1  1.0e4      2   3.78
theta[7,28]    1.28    0.31   1.19    0.01   0.37   1.03   1.87    3.9     15   1.41
theta[8,28]    1.82    1.66   2.52  3.6e-5   0.02   0.29   4.44   7.69      2   3.13
theta[9,28]  120.13   140.6 239.67    0.16    0.7   2.55   9.09  684.8      3   2.28
theta[10,28]   1.03    0.54   2.05  2.5e-4   0.02    0.3   1.87   3.42     15   1.16
theta[11,28]   0.47    0.28   0.66  2.9e-4   0.05   0.18   0.76   2.22      5   1.42
theta[1,29]  143.98   93.62 141.51  4.7e-3   0.77  55.77 290.93 331.92      2   3.03
theta[2,29]    1.28    0.79    1.5    0.03   0.34   0.55   1.74   5.55      4    1.7
theta[3,29]  2387.4  1722.2 2440.9  3.8e-3    0.2 1589.5 4835.7 5667.9      2  18.95
theta[4,29]  590.01  360.01 524.61    0.12   3.11 324.14 1091.2 1216.4      2   4.37
theta[5,29]  1774.3  1241.1 1826.3 6.4e-11   0.83 1115.5 3165.5 4623.4      2   4.66
theta[6,29]  904.98  466.45 816.61  7.4e-4    0.3 1290.0 1558.2 1798.0      3   2.33
theta[7,29]   13.57   11.74  30.84    0.12   0.68    1.2   2.85 111.78      7   3.19
theta[8,29]  181.55   42.33   83.9    0.67  138.5 198.19 241.76 306.48      4   2.55
theta[9,29]  272.47   52.17 111.76   10.51 196.43 234.65  367.7 475.95      5   1.64
theta[10,29]  38.99   28.29   99.7  1.8e-8    0.1   0.25   47.3 188.66     12   1.15
theta[11,29]   7.82    5.25  24.05  5.5e-3   0.35   1.93   4.56  98.96     21   1.27
theta[1,30]  248.57  118.79  202.3  3.7e-3   0.42 342.91 419.36  514.7      3   2.81
theta[2,30]    1.05    0.58   1.38  1.3e-5   0.02    0.4    1.4    4.4      6   1.93
theta[3,30]  8987.9  1181.6 3492.8    0.01 9051.2  1.0e4  1.1e4  1.2e4      9    1.5
theta[4,30]  787.23  205.17 770.28    1.47 467.46  544.2 630.34 2915.1     14   1.31
theta[5,30]  2385.4  1089.5 2660.8    0.08   3.23 1505.8 3080.9 9046.6      6   1.73
theta[6,30]  3206.1  111.52 612.38  2524.8 2957.8 3297.6 3529.0 4061.3     30   1.11
theta[7,30]    1.13    0.45   2.47  3.3e-6   0.04   0.29    1.3   8.61     30   1.14
theta[8,30]    3.62    2.77  13.95  3.0e-8   0.04   0.16   0.65  49.42     25   1.13
theta[9,30]   81.65   58.32  93.64    0.05   0.27   1.14 175.82 243.41      3   2.21
theta[10,30]   1.77    1.45   3.21 2.0e-13 2.1e-3   0.16   2.04  10.75      5   1.61
theta[11,30]  11.87   14.07  73.28  3.2e-9 6.3e-3   0.25   0.32  14.13     27   1.11
theta[1,31]  133.69   95.32 148.36  2.6e-3   0.26   0.75 292.33 334.63      2    2.7
theta[2,31]    0.75    0.19   1.06  4.9e-4   0.23   0.32   0.83   3.76     31   1.09
theta[3,31]  4965.3  212.75 732.44  4245.1 4744.4 4954.5 5204.8 6580.3     12   1.21
theta[4,31]  136.23   97.03 305.73    0.14   0.62   64.4 204.37 331.42     10   1.18
theta[5,31]  360.91  389.75 601.26  1.8e-6   0.06   0.27 714.09 1651.5      2   3.22
theta[6,31]  1771.1  515.88 1000.4    0.65 1913.4 2065.6 2326.6 2677.3      4   1.83
theta[7,31]    3.28    1.02   5.51    0.01   0.28   1.54   3.63   20.4     29   1.12
theta[8,31]    1.42    0.94   3.02 6.8e-10   0.17   0.33   0.89   8.86     10   1.19
theta[9,31]  389.23   37.12  149.8    0.73  352.1 395.82 434.32 662.87     16   1.17
theta[10,31]   19.0   11.16   56.0 3.1e-16   0.19   0.56  13.29 162.42     25   1.14
theta[11,31]  74.19   75.24  206.0 1.7e-13 6.0e-4   1.51   9.36 806.97      7   1.74
theta[1,32]  674.89  378.63 681.84    0.21   0.27  320.2 1475.6 1568.1      3   2.18
theta[2,32]    0.89    0.62   1.54  2.3e-3   0.15    0.3   1.04   5.67      6   1.57
theta[3,32]   4.3e4   1.8e4  2.5e4    0.28  2.1e4  5.3e4  6.3e4  6.6e4      2  25.09
theta[4,32]  7661.8  4641.0 6646.6    1.58   2.61 6623.8  1.3e4  1.9e4      2   6.99
theta[5,32]   1.1e4   1.3e4  1.9e4  1.8e-7   0.28   1.69  2.6e4  4.8e4      2   16.1
theta[6,32]  2827.5  1170.8 2388.7    1.33   2.37 3253.2 4829.7 6497.4      4   8.82
theta[7,32]    2.26    0.95   2.72  1.8e-3   0.44   1.68   2.62  11.33      8    1.5
theta[8,32]    1.88    0.56   2.02  9.5e-3   0.26   1.24   2.86    6.7     13   1.23
theta[9,32]  405.88  288.15 481.02  7.4e-5   0.36   1.74 714.62 1505.3      3    2.3
theta[10,32]  38.12   44.11 263.33  8.8e-9 4.0e-3   0.18   5.34   12.0     36   1.08
theta[11,32]  15.51   18.38  88.07  7.2e-7   0.03   0.16   0.43 426.96     23   1.14
theta[1,33]   115.1   17.69  60.25     0.5  97.65 132.66 161.04 185.04     12   1.62
theta[2,33]    0.88    0.35   1.06  3.1e-5   0.24   0.78   1.04   4.23      9   1.29
theta[3,33]  489.28  191.87 488.39    0.01   0.46 729.07 893.62 1217.2      6   2.01
theta[4,33]  242.32   109.0 181.09    0.42   5.02 218.83 414.92 547.55      3    2.4
theta[5,33]  232.35  191.18 314.48  4.4e-5   0.14   1.93 569.65 826.22      3   3.82
theta[6,33]  606.93  107.45 364.34  304.53 423.37 496.67 601.88 1786.9     11   1.49
theta[7,33]    8.03    2.88  10.73  8.9e-8   0.57   2.15  13.09  37.31     14   1.49
theta[8,33]   65.21   45.02  69.71    0.32   1.46   6.36 136.85 173.25      2   2.72
theta[9,33]   25.06     9.9  25.15  5.8e-4   0.58   14.7   46.6  73.99      6   1.88
theta[10,33]   7.89    8.74  47.91  6.5e-6    0.1   0.54   0.97  37.75     30    1.1
theta[11,33]    1.7     0.5    6.5 1.8e-11   0.31   0.69   1.51   7.79    169   1.02
theta[1,34]  191.91   54.61  87.82    6.54 124.18 232.57 249.89  279.5      3   2.39
theta[2,34]     0.9    0.27    0.6    0.03   0.32    1.0   1.29   2.14      5   1.65
theta[3,34]  2276.9  954.63 1372.6    0.22   1.82 2669.1 3373.4 3529.6      2   6.88
theta[4,34]   136.5   79.22 234.92    0.09    0.9   6.79 191.05 835.57      9   1.99
theta[5,34]  509.05  617.84 907.46  7.7e-6   0.05   1.11 728.99 2482.6      2    7.0
theta[6,34]  620.95  400.64 604.06  4.3e-4   0.16 803.09 1241.8 1546.5      2   3.53
theta[7,34]   11.22   11.29  18.15  1.1e-5   0.22   0.91  16.33   61.4      3    2.6
theta[8,34]   74.98   33.05  54.93    0.24   3.03  86.01 113.82 156.27      3    1.9
theta[9,34]  170.73   74.37 109.72    0.14   0.94 189.22 263.71  303.6      2   3.72
theta[10,34]  14.78    6.37  83.58  3.3e-8   0.21   0.71   8.66   73.2    172   1.02
theta[11,34]   2.04    0.94  26.33 5.5e-16 4.0e-4   0.32   1.63   7.11    790    1.0
theta[1,35]  726.94  138.56 403.12    0.25 864.36 935.22 967.73 1023.9      8    1.6
theta[2,35]    0.45    0.33   1.04  6.6e-5   0.02   0.13   0.28   4.21     10    1.6
theta[3,35]   2.8e4  1154.6 3197.9   2.7e4  2.7e4  2.8e4  3.0e4  3.1e4      8   1.22
theta[4,35]  1083.4  655.96 1357.0  1.5e-5 6.9e-3   2.29 2729.2 3012.1      4   2.03
theta[5,35]  1191.7   918.9 3384.1  6.5e-5   0.03   0.25 207.97 5917.7     14   1.22
theta[6,35]  1658.4  290.35 898.35    1.53 1504.4 1696.6 1948.2 3291.8     10   1.58
theta[7,35]    0.52    0.42   0.81  4.9e-7 6.1e-4    0.1   0.83   2.85      4    1.6
theta[8,35]    0.63     0.2   1.35  1.5e-3   0.04   0.18   0.63   3.98     47   1.08
theta[9,35]  225.51    91.0 158.75    0.12   0.34  303.0 351.48 417.09      3   2.03
theta[10,35] 141.44   75.84 213.59  5.7e-7   0.52   8.54 277.43 543.77      8   1.39
theta[11,35]   1.09    0.73   2.56    0.01   0.09    0.2   1.06   7.11     12   1.23
theta[1,36]  217.83   48.64  114.1    0.28 149.34 271.51 290.74 328.12      6   1.73
theta[2,36]    0.49    0.13   0.51  2.3e-3   0.07   0.27    0.8   1.83     15   1.35
theta[3,36]  2444.0  1011.2 1436.4    0.05  11.54 3074.6 3279.2 3791.8      2  10.86
theta[4,36]   742.7  521.71 811.12    0.05  24.03 546.68 1176.3 2156.4      2   3.18
theta[5,36]  164.95  155.93 538.27  1.5e-5   0.24   0.37   5.53 2149.1     12   1.39
theta[6,36]  1592.1  230.83 578.74   983.4 1256.7 1454.5 1659.6 2833.8      6   1.38
theta[7,36]   28.54   29.93  44.41    0.09   0.59   3.02  35.23 131.96      2   3.74
theta[8,36]  244.91   48.62  99.51    5.44 200.13 231.35 279.93 405.88      4    1.6
theta[9,36]   86.43    59.8 121.54    0.09   0.21   10.6  167.6 241.74      4   1.47
theta[10,36]  65.55   57.59 142.75  1.4e-8   0.09    3.8  22.33  479.1      6   1.45
theta[11,36]   0.71    0.42   0.89  6.4e-9   0.11   0.22   1.24   2.75      5    1.5
theta[1,37]  103.06   79.55 131.81  8.8e-3   0.23   2.19 263.17 306.88      3   9.86
theta[2,37]    0.52    0.16   0.78  1.8e-4   0.08   0.38    0.5   2.53     25   1.19
theta[3,37]  1709.9  721.66 1369.0    0.27   0.66 2156.6 2915.5 3454.0      4   6.18
theta[4,37]  513.54  467.17 690.98    0.03   0.28   9.31 1309.5 1710.9      2   4.07
theta[5,37]   835.6  570.22 1225.6  2.9e-4   0.39  11.01 1075.2 4301.7      5   5.17
theta[6,37]  1378.3  810.97 1183.5    0.03   0.75 1278.5 2486.4 3318.3      2    4.8
theta[7,37]   54.48   24.26  50.54    0.16   0.57  62.29  100.2 139.56      4   1.83
theta[8,37]  189.91   26.83   82.2    1.22 165.07 208.55 244.14 302.81      9   1.31
theta[9,37]  116.31   92.29  132.5    0.42   2.18  34.87 255.43 374.29      2   6.94
theta[10,37] 150.26   59.55 137.43  1.7e-9   3.41 180.38 272.27  382.3      5   1.49
theta[11,37]  10.92    12.2  46.94  8.9e-7   0.04   0.19   0.93 218.53     15   1.26
theta[1,38]  382.35  156.77 230.34    0.12   4.68 505.52 535.66 579.72      2   3.88
theta[2,38]    0.86     0.3   1.05    0.02   0.11   0.44   1.25   3.71     12   1.28
theta[3,38]   1.4e4  5686.0 8058.3    0.01 7043.6  1.8e4  1.9e4  2.0e4      2   20.6
theta[4,38]  1836.3  1292.4 1904.7    0.33  16.08 1225.6 3259.5 5183.1      2    6.0
theta[5,38]  3471.9  3886.8 5523.5    0.34   5.31 175.52 9513.0  1.3e4      2  13.11
theta[6,38]  3459.3  655.73  961.4  2297.5 2724.3 3220.7 4378.0 5443.0      2   4.03
theta[7,38]   32.54   35.11  66.05 2.9e-10   0.07   1.92   8.35 203.47      4    2.2
theta[8,38]     0.7    0.24   1.36  2.6e-3   0.06   0.17   0.74   4.62     33    1.1
theta[9,38]  239.66   99.17 162.41    0.22   0.43 314.38 357.91  432.0      3   2.17
theta[10,38]  42.39   42.41 124.89  4.6e-5   0.22   0.54   7.03 477.42      9   1.77
theta[11,38]   1.17    0.66   3.36  8.3e-9   0.08   0.21   0.53  12.07     26   1.22
mu[1]        471.51  151.79 401.97   41.37  227.7 365.34 594.44 1395.0      7    1.2
mu[2]         62.11   18.46  46.76    8.75  28.38  53.56  79.44 182.49      6   1.23
mu[3]         2.0e4  2320.5  1.2e4  7064.7  1.2e4  1.6e4  2.4e4  5.1e4     28   1.05
mu[4]        3126.0  202.02 1953.2  1067.9 1897.8 2617.5 3747.7 8261.2     93   1.03
mu[5]        7370.0  2617.3 5880.6  747.86 3173.6 6137.6 9863.8  2.2e4      5    1.3
mu[6]        3227.9   256.3 1947.6  1112.8 1950.3 2729.1 3918.9 8573.4     58   1.04
mu[7]          83.9    3.82  52.06   31.15  51.02  69.51 100.87 215.66    186   1.02
mu[8]        110.81   14.88  71.32   37.01  65.43  92.85 136.76 279.02     23   1.12
mu[9]        642.02  264.48 571.34   10.26  92.62 581.06  883.2 2026.2      5   1.32
mu[10]       219.34   42.84 261.81   50.11  96.07 144.53 246.37 851.57     37   1.09
mu[11]       199.59   71.36 152.59   51.73  95.06 145.39 256.78 614.43      5   1.38
lp__          7.2e6   3.7e4  6.0e4   7.1e6  7.1e6  7.2e6  7.2e6  7.3e6      3   2.99

Samples were drawn using NUTS at Thu Mar  3 14:23:57 2022.
For each parameter, n_eff is a crude measure of effective sample size,
and Rhat is the potential scale reduction factor on split chains (at 
convergence, Rhat=1).
Warning: some signatures do not have substantial loadings attributed to them: SBS1, SBS2, SBS13, SBS17a, SBS18
max loadings: [ 6.  4. 86. 27. 53. 35.  3.  6. 12.  5. 20.]
