python scripts/infer-loadings-only.py data/WGS_PCAWG.96.ready.tsv Ovary-AdenoCA  --signatures-prefix Signature --signatures 1 2 3 5 8 13 18 26 35 39 40 41 --save-dir WGS_PCAWG.96.Ovary-AdenoCA/synthetic_data --subst-type SBS -n 113 -a 0.00 --zeta 1    
data/WGS_PCAWG.96.ready.tsv
Using 113 samples
Using SBS1, SBS2, SBS3, SBS5, SBS8, SBS11, SBS17a, SBS24, SBS33, SBS37, SBS38, SBS39
inferring loadings for 113 samples
zeta = 1
Using cached StanModel for normalized_joint_loadings_only
a0: 2.8696402219958235 b0: 1327.2008694018562

Gradient evaluation took 0 seconds
1000 transitions using 10 leapfrog steps per transition would take 0 seconds.
Adjust your expectations accordingly!



Gradient evaluation took 0.01 seconds
1000 transitions using 10 leapfrog steps per transition would take 100 seconds.
Adjust your expectations accordingly!



Gradient evaluation took 0 seconds
1000 transitions using 10 leapfrog steps per transition would take 0 seconds.
Adjust your expectations accordingly!



Gradient evaluation took 0.01 seconds
1000 transitions using 10 leapfrog steps per transition would take 100 seconds.
Adjust your expectations accordingly!


Iteration:    1 / 3000 [  0%]  (Warmup)
Iteration:    1 / 3000 [  0%]  (Warmup)
Iteration:    1 / 3000 [  0%]  (Warmup)
Iteration:    1 / 3000 [  0%]  (Warmup)
Iteration:  300 / 3000 [ 10%]  (Warmup)
Iteration:  300 / 3000 [ 10%]  (Warmup)
Iteration:  300 / 3000 [ 10%]  (Warmup)
Iteration:  300 / 3000 [ 10%]  (Warmup)
Iteration:  600 / 3000 [ 20%]  (Warmup)
Iteration:  900 / 3000 [ 30%]  (Warmup)
Iteration:  600 / 3000 [ 20%]  (Warmup)
Iteration:  600 / 3000 [ 20%]  (Warmup)
Iteration:  600 / 3000 [ 20%]  (Warmup)
Iteration: 1200 / 3000 [ 40%]  (Warmup)
Iteration: 1500 / 3000 [ 50%]  (Warmup)
Iteration: 1501 / 3000 [ 50%]  (Sampling)
Iteration:  900 / 3000 [ 30%]  (Warmup)
Iteration: 1800 / 3000 [ 60%]  (Sampling)
Iteration: 2100 / 3000 [ 70%]  (Sampling)
Iteration: 2400 / 3000 [ 80%]  (Sampling)
Iteration:  900 / 3000 [ 30%]  (Warmup)
Iteration:  900 / 3000 [ 30%]  (Warmup)
Iteration: 1200 / 3000 [ 40%]  (Warmup)
Iteration: 2700 / 3000 [ 90%]  (Sampling)
Iteration: 3000 / 3000 [100%]  (Sampling)

 Elapsed Time: 11116.5 seconds (Warm-up)
               6699.61 seconds (Sampling)
               17816.1 seconds (Total)

Iteration: 1500 / 3000 [ 50%]  (Warmup)
Iteration: 1501 / 3000 [ 50%]  (Sampling)
Iteration: 1800 / 3000 [ 60%]  (Sampling)
Iteration: 1200 / 3000 [ 40%]  (Warmup)
Iteration: 2100 / 3000 [ 70%]  (Sampling)
Iteration: 1200 / 3000 [ 40%]  (Warmup)
Iteration: 2400 / 3000 [ 80%]  (Sampling)
Iteration: 2700 / 3000 [ 90%]  (Sampling)
Iteration: 3000 / 3000 [100%]  (Sampling)

 Elapsed Time: 18894.6 seconds (Warm-up)
               6214.74 seconds (Sampling)
               25109.3 seconds (Total)

Iteration: 1500 / 3000 [ 50%]  (Warmup)
Iteration: 1501 / 3000 [ 50%]  (Sampling)
Iteration: 1500 / 3000 [ 50%]  (Warmup)
Iteration: 1501 / 3000 [ 50%]  (Sampling)
Iteration: 1800 / 3000 [ 60%]  (Sampling)
Iteration: 1800 / 3000 [ 60%]  (Sampling)
Iteration: 2100 / 3000 [ 70%]  (Sampling)
Iteration: 2100 / 3000 [ 70%]  (Sampling)
Iteration: 2400 / 3000 [ 80%]  (Sampling)
Iteration: 2400 / 3000 [ 80%]  (Sampling)
Iteration: 2700 / 3000 [ 90%]  (Sampling)
Iteration: 2700 / 3000 [ 90%]  (Sampling)
Iteration: 3000 / 3000 [100%]  (Sampling)

 Elapsed Time: 26947.9 seconds (Warm-up)
               26173.9 seconds (Sampling)
               53121.8 seconds (Total)

Iteration: 3000 / 3000 [100%]  (Sampling)

 Elapsed Time: 26467.2 seconds (Warm-up)
               28000.9 seconds (Sampling)
               54468.2 seconds (Total)

Warning: some signatures do not have substantial loadings attributed to them: SBS1, SBS2, SBS11, SBS17a, SBS33, SBS38
max loadings: [ 6.  0. 57. 28. 30.  2.  7. 11.  9. 14.  0. 71.]
