Traceback (most recent call last):
  File "/net/rcstorenfs02/ifs/rc_labs/miller_lab/csxue/bayes-power-sig/scripts/infer-loadings-only.py", line 227, in <module>
    main()
  File "/net/rcstorenfs02/ifs/rc_labs/miller_lab/csxue/bayes-power-sig/scripts/infer-loadings-only.py", line 61, in main
    full_df = load_sbs_data(args.data, args.plain)
  File "/net/rcstorenfs02/ifs/rc_labs/miller_lab/csxue/bayes-power-sig/scripts/infer-loadings-only.py", line 155, in load_sbs_data
    data = pd.read_csv(path, sep = "\t").T
  File "/n/home00/csxue/.conda/envs/mutsig-venv/lib/python3.9/site-packages/pandas/util/_decorators.py", line 311, in wrapper
    return func(*args, **kwargs)
  File "/n/home00/csxue/.conda/envs/mutsig-venv/lib/python3.9/site-packages/pandas/io/parsers/readers.py", line 586, in read_csv
    return _read(filepath_or_buffer, kwds)
  File "/n/home00/csxue/.conda/envs/mutsig-venv/lib/python3.9/site-packages/pandas/io/parsers/readers.py", line 482, in _read
    parser = TextFileReader(filepath_or_buffer, **kwds)
  File "/n/home00/csxue/.conda/envs/mutsig-venv/lib/python3.9/site-packages/pandas/io/parsers/readers.py", line 811, in __init__
    self._engine = self._make_engine(self.engine)
  File "/n/home00/csxue/.conda/envs/mutsig-venv/lib/python3.9/site-packages/pandas/io/parsers/readers.py", line 1040, in _make_engine
    return mapping[engine](self.f, **self.options)  # type: ignore[call-arg]
  File "/n/home00/csxue/.conda/envs/mutsig-venv/lib/python3.9/site-packages/pandas/io/parsers/c_parser_wrapper.py", line 51, in __init__
    self._open_handles(src, kwds)
  File "/n/home00/csxue/.conda/envs/mutsig-venv/lib/python3.9/site-packages/pandas/io/parsers/base_parser.py", line 222, in _open_handles
    self.handles = get_handle(
  File "/n/home00/csxue/.conda/envs/mutsig-venv/lib/python3.9/site-packages/pandas/io/common.py", line 701, in get_handle
    handle = open(
FileNotFoundError: [Errno 2] No such file or directory: 'data/WGS_PCAWG.96.tsv'
