python scripts/infer-loadings-only.py data/WGS_PCAWG.96.ready.tsv Stomach-AdenoCA  --signatures-prefix Signature --signatures  --save-dir sparse.WGS_PCAWG.96.Stomach-AdenoCA/synthetic_data --subst-type SBS -n 75 -a 0.00 --zeta 1    --sparse 
data/WGS_PCAWG.96.ready.tsv
Using 75 samples
Using SBS1, SBS2, SBS3, SBS4, SBS5, SBS6, SBS7a, SBS7b, SBS7c, SBS7d, SBS8, SBS9, SBS10a, SBS10b, SBS10c, SBS10d, SBS11, SBS12, SBS13, SBS14, SBS15, SBS16, SBS17a, SBS17b, SBS18, SBS19, SBS20, SBS21, SBS22, SBS23, SBS24, SBS25, SBS26, SBS27, SBS28, SBS29, SBS30, SBS31, SBS32, SBS33, SBS34, SBS35, SBS36, SBS37, SBS38, SBS39, SBS40, SBS41, SBS42
inferring loadings for 75 samples
zeta = 1
Using cached StanModel for normalized_joint_loadings_only
a0: 0.3419761316295885 b0: 0.012542178834061685

Gradient evaluation took 0.01 seconds
1000 transitions using 10 leapfrog steps per transition would take 100 seconds.
Adjust your expectations accordingly!



Gradient evaluation took 0.01 seconds
1000 transitions using 10 leapfrog steps per transition would take 100 seconds.
Adjust your expectations accordingly!




Gradient evaluation took 0.01 seconds
1000 transitions using 10 leapfrog steps per transition would take 100 seconds.
Adjust your expectations accordingly!


Gradient evaluation took 0.01 seconds
1000 transitions using 10 leapfrog steps per transition would take 100 seconds.
Adjust your expectations accordingly!


Iteration:    1 / 3000 [  0%]  (Warmup)
Iteration:    1 / 3000 [  0%]  (Warmup)
Iteration:    1 / 3000 [  0%]  (Warmup)
Iteration:    1 / 3000 [  0%]  (Warmup)
Iteration:  300 / 3000 [ 10%]  (Warmup)
Iteration:  300 / 3000 [ 10%]  (Warmup)
Iteration:  300 / 3000 [ 10%]  (Warmup)
Iteration:  300 / 3000 [ 10%]  (Warmup)
Iteration:  600 / 3000 [ 20%]  (Warmup)
Iteration:  600 / 3000 [ 20%]  (Warmup)
Iteration:  600 / 3000 [ 20%]  (Warmup)
Iteration:  600 / 3000 [ 20%]  (Warmup)
Iteration:  900 / 3000 [ 30%]  (Warmup)
Iteration:  900 / 3000 [ 30%]  (Warmup)
Iteration:  900 / 3000 [ 30%]  (Warmup)
Iteration:  900 / 3000 [ 30%]  (Warmup)
Iteration: 1200 / 3000 [ 40%]  (Warmup)
Iteration: 1200 / 3000 [ 40%]  (Warmup)
Iteration: 1200 / 3000 [ 40%]  (Warmup)
Iteration: 1200 / 3000 [ 40%]  (Warmup)
Iteration: 1500 / 3000 [ 50%]  (Warmup)
Iteration: 1501 / 3000 [ 50%]  (Sampling)
Iteration: 1500 / 3000 [ 50%]  (Warmup)
Iteration: 1501 / 3000 [ 50%]  (Sampling)
Iteration: 1500 / 3000 [ 50%]  (Warmup)
Iteration: 1501 / 3000 [ 50%]  (Sampling)
Iteration: 1500 / 3000 [ 50%]  (Warmup)
Iteration: 1501 / 3000 [ 50%]  (Sampling)
Iteration: 1800 / 3000 [ 60%]  (Sampling)
Iteration: 1800 / 3000 [ 60%]  (Sampling)
Iteration: 1800 / 3000 [ 60%]  (Sampling)
Iteration: 1800 / 3000 [ 60%]  (Sampling)
