python scripts/infer-loadings-only.py data/WGS_PCAWG.96.ready.tsv Liver-HCC  --signatures-prefix Signature --signatures 1 4 5 6 9 12 14 16 17a 17b 18 19 22 24 26 28 29 30 31 35 40 --save-dir WGS_PCAWG.96.Liver-HCC/synthetic_data --subst-type SBS -n 326 -a 0.00 --zeta 1    
data/WGS_PCAWG.96.ready.tsv
Using 326 samples
Using SBS1, SBS4, SBS5, SBS6, SBS9, SBS10d, SBS12, SBS14, SBS15, SBS16, SBS17a, SBS17b, SBS20, SBS22, SBS24, SBS26, SBS27, SBS28, SBS29, SBS33, SBS38
inferring loadings for 326 samples
zeta = 1
Using cached StanModel for normalized_joint_loadings_only
a0: 1.5370122572276015 b0: 190.1885693889052

Gradient evaluation took 0.03 seconds
1000 transitions using 10 leapfrog steps per transition would take 300 seconds.
Adjust your expectations accordingly!




Gradient evaluation took 0.03 seconds
Gradient evaluation took 0.03 seconds
1000 transitions using 10 leapfrog steps per transition would take 300 seconds.
1000 transitions using 10 leapfrog steps per transition would take 300 seconds.
Adjust your expectations accordingly!
Adjust your expectations accordingly!





Gradient evaluation took 0.04 seconds
1000 transitions using 10 leapfrog steps per transition would take 400 seconds.
Adjust your expectations accordingly!


Iteration:    1 / 3000 [  0%]  (Warmup)
Iteration:    1 / 3000 [  0%]  (Warmup)
Iteration:    1 / 3000 [  0%]  (Warmup)
Iteration:    1 / 3000 [  0%]  (Warmup)
Iteration:  300 / 3000 [ 10%]  (Warmup)
Iteration:  300 / 3000 [ 10%]  (Warmup)
Iteration:  300 / 3000 [ 10%]  (Warmup)
Iteration:  300 / 3000 [ 10%]  (Warmup)
Iteration:  600 / 3000 [ 20%]  (Warmup)
Iteration:  600 / 3000 [ 20%]  (Warmup)
Iteration:  600 / 3000 [ 20%]  (Warmup)
Iteration:  900 / 3000 [ 30%]  (Warmup)
Iteration:  600 / 3000 [ 20%]  (Warmup)
Iteration: 1200 / 3000 [ 40%]  (Warmup)
Iteration:  900 / 3000 [ 30%]  (Warmup)
Iteration: 1500 / 3000 [ 50%]  (Warmup)
Iteration: 1501 / 3000 [ 50%]  (Sampling)
Iteration: 1800 / 3000 [ 60%]  (Sampling)
Iteration:  900 / 3000 [ 30%]  (Warmup)
Iteration: 1200 / 3000 [ 40%]  (Warmup)
