python scripts/infer-loadings-only.py data/WGS_PCAWG.96.ready.tsv Ovary-AdenoCA  --signatures-prefix Signature --signatures  --save-dir sparse.WGS_PCAWG.96.Ovary-AdenoCA/synthetic_data --subst-type SBS -n 113 -a 0.00 --zeta 1    --sparse 
data/WGS_PCAWG.96.ready.tsv
Using 113 samples
Using SBS1, SBS2, SBS3, SBS4, SBS5, SBS6, SBS7a, SBS7b, SBS7c, SBS7d, SBS8, SBS9, SBS10a, SBS10b, SBS10c, SBS10d, SBS11, SBS12, SBS13, SBS14, SBS15, SBS16, SBS17a, SBS17b, SBS18, SBS19, SBS20, SBS21, SBS22, SBS23, SBS24, SBS25, SBS26, SBS27, SBS28, SBS29, SBS30, SBS31, SBS32, SBS33, SBS34, SBS35, SBS36, SBS37, SBS38, SBS39, SBS40, SBS41, SBS42
inferring loadings for 113 samples
zeta = 1
Using cached StanModel for normalized_joint_loadings_only
a0: 0.3846752471202132 b0: 0.020295601783322716

Gradient evaluation took 0.03 seconds
1000 transitions using 10 leapfrog steps per transition would take 300 seconds.
Adjust your expectations accordingly!



Gradient evaluation took 0.02 seconds
1000 transitions using 10 leapfrog steps per transition would take 200 seconds.
Adjust your expectations accordingly!



Gradient evaluation took 0.02 seconds
1000 transitions using 10 leapfrog steps per transition would take 200 seconds.
Adjust your expectations accordingly!



Gradient evaluation took 0.02 seconds
1000 transitions using 10 leapfrog steps per transition would take 200 seconds.
Adjust your expectations accordingly!


Iteration:    1 / 3000 [  0%]  (Warmup)
Iteration:    1 / 3000 [  0%]  (Warmup)
Iteration:    1 / 3000 [  0%]  (Warmup)
Iteration:    1 / 3000 [  0%]  (Warmup)
Iteration:  300 / 3000 [ 10%]  (Warmup)
Iteration:  300 / 3000 [ 10%]  (Warmup)
Iteration:  300 / 3000 [ 10%]  (Warmup)
Iteration:  300 / 3000 [ 10%]  (Warmup)
Iteration:  600 / 3000 [ 20%]  (Warmup)
Iteration:  600 / 3000 [ 20%]  (Warmup)
Iteration:  600 / 3000 [ 20%]  (Warmup)
Iteration:  600 / 3000 [ 20%]  (Warmup)
Iteration:  900 / 3000 [ 30%]  (Warmup)
Iteration:  900 / 3000 [ 30%]  (Warmup)
Iteration:  900 / 3000 [ 30%]  (Warmup)
Iteration:  900 / 3000 [ 30%]  (Warmup)
Iteration: 1200 / 3000 [ 40%]  (Warmup)
Iteration: 1200 / 3000 [ 40%]  (Warmup)
Iteration: 1200 / 3000 [ 40%]  (Warmup)
Iteration: 1200 / 3000 [ 40%]  (Warmup)
Iteration: 1500 / 3000 [ 50%]  (Warmup)
Iteration: 1501 / 3000 [ 50%]  (Sampling)
Iteration: 1500 / 3000 [ 50%]  (Warmup)
Iteration: 1501 / 3000 [ 50%]  (Sampling)
Iteration: 1500 / 3000 [ 50%]  (Warmup)
Iteration: 1501 / 3000 [ 50%]  (Sampling)
Iteration: 1800 / 3000 [ 60%]  (Sampling)
Iteration: 1500 / 3000 [ 50%]  (Warmup)
Iteration: 1501 / 3000 [ 50%]  (Sampling)
Iteration: 1800 / 3000 [ 60%]  (Sampling)
Iteration: 2100 / 3000 [ 70%]  (Sampling)
Iteration: 1800 / 3000 [ 60%]  (Sampling)
Iteration: 1800 / 3000 [ 60%]  (Sampling)
Iteration: 2400 / 3000 [ 80%]  (Sampling)
Iteration: 2100 / 3000 [ 70%]  (Sampling)
Iteration: 2100 / 3000 [ 70%]  (Sampling)
Iteration: 2100 / 3000 [ 70%]  (Sampling)
Iteration: 2700 / 3000 [ 90%]  (Sampling)
Iteration: 2400 / 3000 [ 80%]  (Sampling)
Iteration: 2400 / 3000 [ 80%]  (Sampling)
Iteration: 2400 / 3000 [ 80%]  (Sampling)
Iteration: 3000 / 3000 [100%]  (Sampling)

 Elapsed Time: 34175.4 seconds (Warm-up)
               27490.2 seconds (Sampling)
               61665.6 seconds (Total)

Iteration: 2700 / 3000 [ 90%]  (Sampling)
Iteration: 2700 / 3000 [ 90%]  (Sampling)
Iteration: 2700 / 3000 [ 90%]  (Sampling)
Iteration: 3000 / 3000 [100%]  (Sampling)

 Elapsed Time: 38767.9 seconds (Warm-up)
               31509.8 seconds (Sampling)
               70277.8 seconds (Total)

Iteration: 3000 / 3000 [100%]  (Sampling)

 Elapsed Time: 39329.6 seconds (Warm-up)
               31280.2 seconds (Sampling)
               70609.8 seconds (Total)

Iteration: 3000 / 3000 [100%]  (Sampling)

 Elapsed Time: 41053.8 seconds (Warm-up)
               31350.8 seconds (Sampling)
               72404.5 seconds (Total)

Warning: some signatures do not have substantial loadings attributed to them: SBS1, SBS2, SBS3, SBS4, SBS5, SBS6, SBS7a, SBS7b, SBS7c, SBS7d, SBS10a, SBS10b, SBS10c, SBS10d, SBS11, SBS12, SBS13, SBS14, SBS15, SBS16, SBS17a, SBS17b, SBS18, SBS19, SBS20, SBS22, SBS23, SBS24, SBS27, SBS28, SBS29, SBS30, SBS31, SBS32, SBS33, SBS35, SBS36, SBS37, SBS38, SBS40, SBS41, SBS42
max loadings: [ 6.  0.  0.  0.  0.  3.  0.  0.  6.  2. 26. 20.  0.  1.  0.  1.  0.  0.
  9.  0.  0.  0.  5.  6.  4.  7.  0. 13.  8.  0.  4. 17. 10.  3.  0.  4.
  0.  5.  9.  1. 12.  5.  6.  9.  0. 68.  0.  0.  0.]
