python scripts/infer-loadings-only.py data/WGS_PCAWG.96.ready.tsv Breast-AdenoCA  --signatures-prefix Signature --signatures 1 2 3 5 8 9 13 17a 17b 18 37 40 41 --save-dir WGS_PCAWG.96.Breast-AdenoCA/synthetic_data --subst-type SBS -n 214 -a 0.00 --zeta 1    
data/WGS_PCAWG.96.ready.tsv
Using 198 samples
Using SBS1, SBS2, SBS3, SBS5, SBS8, SBS9, SBS13, SBS17a, SBS17b, SBS18, SBS37, SBS40, SBS41
inferring loadings for 198 samples
zeta = 1
Using cached StanModel for normalized_joint_loadings_only
a0: 1.8535977969488453 b0: 588.8323513024698

Gradient evaluation took 0.01 seconds
1000 transitions using 10 leapfrog steps per transition would take 100 seconds.
Adjust your expectations accordingly!



Gradient evaluation took 0.01 seconds
1000 transitions using 10 leapfrog steps per transition would take 100 seconds.
Adjust your expectations accordingly!



Gradient evaluation took 0.01 seconds
1000 transitions using 10 leapfrog steps per transition would take 100 seconds.
Adjust your expectations accordingly!



Gradient evaluation took 0.01 seconds
1000 transitions using 10 leapfrog steps per transition would take 100 seconds.
Adjust your expectations accordingly!


Iteration:    1 / 3000 [  0%]  (Warmup)
Iteration:    1 / 3000 [  0%]  (Warmup)
Iteration:    1 / 3000 [  0%]  (Warmup)
Iteration:    1 / 3000 [  0%]  (Warmup)
Iteration:  300 / 3000 [ 10%]  (Warmup)
Iteration:  600 / 3000 [ 20%]  (Warmup)
Iteration:  300 / 3000 [ 10%]  (Warmup)
Iteration:  300 / 3000 [ 10%]  (Warmup)
Iteration:  300 / 3000 [ 10%]  (Warmup)
Iteration:  900 / 3000 [ 30%]  (Warmup)
Iteration:  600 / 3000 [ 20%]  (Warmup)
Iteration:  600 / 3000 [ 20%]  (Warmup)
Iteration: 1200 / 3000 [ 40%]  (Warmup)
Iteration:  900 / 3000 [ 30%]  (Warmup)
Iteration:  900 / 3000 [ 30%]  (Warmup)
Iteration: 1200 / 3000 [ 40%]  (Warmup)
Iteration: 1500 / 3000 [ 50%]  (Warmup)
Iteration: 1501 / 3000 [ 50%]  (Sampling)
Iteration: 1200 / 3000 [ 40%]  (Warmup)
Iteration:  600 / 3000 [ 20%]  (Warmup)
Iteration: 1500 / 3000 [ 50%]  (Warmup)
Iteration: 1501 / 3000 [ 50%]  (Sampling)
Iteration: 1800 / 3000 [ 60%]  (Sampling)
Iteration: 1500 / 3000 [ 50%]  (Warmup)
Iteration: 1501 / 3000 [ 50%]  (Sampling)
Iteration:  900 / 3000 [ 30%]  (Warmup)
Iteration: 1800 / 3000 [ 60%]  (Sampling)
Iteration: 2100 / 3000 [ 70%]  (Sampling)
Iteration: 1800 / 3000 [ 60%]  (Sampling)
Iteration: 1200 / 3000 [ 40%]  (Warmup)
Iteration: 2100 / 3000 [ 70%]  (Sampling)
Iteration: 2400 / 3000 [ 80%]  (Sampling)
Iteration: 2100 / 3000 [ 70%]  (Sampling)
Iteration: 1500 / 3000 [ 50%]  (Warmup)
Iteration: 1501 / 3000 [ 50%]  (Sampling)
Iteration: 2400 / 3000 [ 80%]  (Sampling)
Iteration: 2700 / 3000 [ 90%]  (Sampling)
Iteration: 2400 / 3000 [ 80%]  (Sampling)
Iteration: 1800 / 3000 [ 60%]  (Sampling)
Iteration: 2700 / 3000 [ 90%]  (Sampling)
Iteration: 3000 / 3000 [100%]  (Sampling)

 Elapsed Time: 15604.6 seconds (Warm-up)
               15661.1 seconds (Sampling)
               31265.7 seconds (Total)

Iteration: 2700 / 3000 [ 90%]  (Sampling)
Iteration: 2100 / 3000 [ 70%]  (Sampling)
Iteration: 3000 / 3000 [100%]  (Sampling)

 Elapsed Time: 17794.5 seconds (Warm-up)
               15431.8 seconds (Sampling)
               33226.3 seconds (Total)

Iteration: 3000 / 3000 [100%]  (Sampling)

 Elapsed Time: 19526 seconds (Warm-up)
               15526.2 seconds (Sampling)
               35052.3 seconds (Total)

Iteration: 2400 / 3000 [ 80%]  (Sampling)
Iteration: 2700 / 3000 [ 90%]  (Sampling)
Iteration: 3000 / 3000 [100%]  (Sampling)

 Elapsed Time: 26481.3 seconds (Warm-up)
               14644 seconds (Sampling)
               41125.2 seconds (Total)

Warning: some signatures do not have substantial loadings attributed to them: SBS2, SBS13, SBS17a, SBS18, SBS37, SBS40
max loadings: [10.  2. 82. 23. 24. 45.  4.  9. 18.  1.  7.  3. 20.]
