Traceback (most recent call last):
  File "/net/rcstorenfs02/ifs/rc_labs/miller_lab/csxue/bayes-power-sig/scripts/infer-loadings-only.py", line 232, in <module>
    main()
  File "/net/rcstorenfs02/ifs/rc_labs/miller_lab/csxue/bayes-power-sig/scripts/infer-loadings-only.py", line 136, in main
    fits = models.infer_loadings(sigs, sig_names, Xs, **kwargs)
  File "/n/home00/csxue/.conda/envs/mutsig-venv/lib/python3.9/site-packages/mutsigtools/models.py", line 139, in infer_loadings
    fits = infer_joint_loadings(sigs, sig_names, counts, a0, b0, a, rho,
  File "/n/home00/csxue/.conda/envs/mutsig-venv/lib/python3.9/site-packages/mutsigtools/models.py", line 84, in infer_joint_loadings
    model =  StanModel_cache(model_name='normalized_joint_loadings_only')
  File "/n/home00/csxue/.conda/envs/mutsig-venv/lib/python3.9/site-packages/mutsigtools/models.py", line 56, in StanModel_cache
    sm = pystan.StanModel(model_code=model_code, model_name=model_name)
  File "/n/home00/csxue/.conda/envs/mutsig-venv/lib/python3.9/site-packages/pystan/model.py", line 230, in __init__
    stanc_ret = pystan.api.stanc(file=file,
  File "/n/home00/csxue/.conda/envs/mutsig-venv/lib/python3.9/site-packages/pystan/api.py", line 169, in stanc
    raise ValueError(error_msg)
ValueError: Failed to parse Stan model 'normalized_joint_loadings_only_dc67521a0a9a63b7c63ea58444b7c22d'. Error message:
SYNTAX ERROR, MESSAGE(S) FROM PARSER:
Variable "eps" does not exist.
 error in 'unknown file name' at line 27, column 15
  -------------------------------------------------
    25:     for (j in 1:J)
    26:         for (k in 1:K) {
    27:             eps ~ gamma(a, a);
                      ^
    28:             theta[k, j] = mu[k] * eps;
  -------------------------------------------------


