python scripts/infer-loadings-only.py data/WGS_PCAWG.96.ready.tsv Skin-Melanoma  --signatures-prefix Signature --signatures 1 2 5 7a 7b 7c 7d 13 17a 17b 38 40 --save-dir WGS_PCAWG.96.Skin-Melanoma/synthetic_data --subst-type SBS -n 107 -a 0.00 --zeta 1    
data/WGS_PCAWG.96.ready.tsv
Using 107 samples
Using SBS1, SBS2, SBS5, SBS7a, SBS7b, SBS7c, SBS7d, SBS11, SBS15, SBS16, SBS36, SBS38
inferring loadings for 107 samples
zeta = 1
Using cached StanModel for normalized_joint_loadings_only
a0: 1.030525913071621 b0: 835.9976451291856

Gradient evaluation took 0 seconds
1000 transitions using 10 leapfrog steps per transition would take 0 seconds.
Adjust your expectations accordingly!



Gradient evaluation took 0.01 seconds
1000 transitions using 10 leapfrog steps per transition would take 100 seconds.
Adjust your expectations accordingly!




Gradient evaluation took 0.01 seconds
Gradient evaluation took 0.01 seconds
1000 transitions using 10 leapfrog steps per transition would take 100 seconds.
Adjust your expectations accordingly!
1000 transitions using 10 leapfrog steps per transition would take 100 seconds.

Adjust your expectations accordingly!



Iteration:    1 / 3000 [  0%]  (Warmup)
Iteration:    1 / 3000 [  0%]  (Warmup)
Iteration:    1 / 3000 [  0%]  (Warmup)
Iteration:    1 / 3000 [  0%]  (Warmup)
Iteration:  300 / 3000 [ 10%]  (Warmup)
Iteration:  300 / 3000 [ 10%]  (Warmup)
Iteration:  300 / 3000 [ 10%]  (Warmup)
Iteration:  300 / 3000 [ 10%]  (Warmup)
Iteration:  600 / 3000 [ 20%]  (Warmup)
Iteration:  600 / 3000 [ 20%]  (Warmup)
Iteration:  600 / 3000 [ 20%]  (Warmup)
Iteration:  600 / 3000 [ 20%]  (Warmup)
Iteration:  900 / 3000 [ 30%]  (Warmup)
Iteration:  900 / 3000 [ 30%]  (Warmup)
Iteration:  900 / 3000 [ 30%]  (Warmup)
Iteration: 1200 / 3000 [ 40%]  (Warmup)
Iteration: 1500 / 3000 [ 50%]  (Warmup)
Iteration: 1501 / 3000 [ 50%]  (Sampling)
Iteration: 1200 / 3000 [ 40%]  (Warmup)
Iteration: 1500 / 3000 [ 50%]  (Warmup)
Iteration: 1501 / 3000 [ 50%]  (Sampling)
Iteration: 1800 / 3000 [ 60%]  (Sampling)
Iteration: 1200 / 3000 [ 40%]  (Warmup)
Iteration: 2100 / 3000 [ 70%]  (Sampling)
Iteration:  900 / 3000 [ 30%]  (Warmup)
Iteration: 2400 / 3000 [ 80%]  (Sampling)
Iteration: 1800 / 3000 [ 60%]  (Sampling)
Iteration: 1500 / 3000 [ 50%]  (Warmup)
Iteration: 1501 / 3000 [ 50%]  (Sampling)
Iteration: 1800 / 3000 [ 60%]  (Sampling)
Iteration: 2100 / 3000 [ 70%]  (Sampling)
Iteration: 2700 / 3000 [ 90%]  (Sampling)
Iteration: 1200 / 3000 [ 40%]  (Warmup)
Iteration: 1500 / 3000 [ 50%]  (Warmup)
Iteration: 1501 / 3000 [ 50%]  (Sampling)
Iteration: 3000 / 3000 [100%]  (Sampling)

 Elapsed Time: 581.82 seconds (Warm-up)
               3501.51 seconds (Sampling)
               4083.33 seconds (Total)

Iteration: 2400 / 3000 [ 80%]  (Sampling)
Iteration: 1800 / 3000 [ 60%]  (Sampling)
Iteration: 2100 / 3000 [ 70%]  (Sampling)
Iteration: 2700 / 3000 [ 90%]  (Sampling)
Iteration: 2100 / 3000 [ 70%]  (Sampling)
Iteration: 2400 / 3000 [ 80%]  (Sampling)
Iteration: 3000 / 3000 [100%]  (Sampling)

 Elapsed Time: 940.87 seconds (Warm-up)
               14526 seconds (Sampling)
               15466.9 seconds (Total)

Iteration: 2400 / 3000 [ 80%]  (Sampling)
Iteration: 2700 / 3000 [ 90%]  (Sampling)
Iteration: 2700 / 3000 [ 90%]  (Sampling)
Iteration: 3000 / 3000 [100%]  (Sampling)

 Elapsed Time: 451.72 seconds (Warm-up)
               20949.2 seconds (Sampling)
               21400.9 seconds (Total)

Iteration: 3000 / 3000 [100%]  (Sampling)

 Elapsed Time: 2630.97 seconds (Warm-up)
               22952.9 seconds (Sampling)
               25583.9 seconds (Total)

Warning: some signatures do not have substantial loadings attributed to them: SBS1, SBS2, SBS7a, SBS7b, SBS11, SBS15
max loadings: [ 3.  0. 90.  1.  5. 81. 16.  0.  7. 71. 62. 45.]
