python scripts/infer-loadings-only-2.py data/WGS_PCAWG.96.ready.Lung-AdenoCA.tsv Lung-AdenoCA  --signatures-prefix Signature --signatures 1 2 3 4 5 9 13 17a 17b 18 28 40 --save-dir WGS_PCAWG.96.ready.Lung-AdenoCA_ALT/synthetic_data --subst-type SBS -n 38 -a 0.00 --zeta 1    
data/WGS_PCAWG.96.ready.Lung-AdenoCA.tsv
Using 38 samples
Using SBS1, SBS2, SBS3, SBS4, SBS5, SBS9, SBS13, SBS17a, SBS17b, SBS18, SBS28, SBS40
inferring loadings for 38 samples
zeta = 1
Using cached StanModel for normalized_joint_loadings_only
a0: 0.7572980238519428 b0: 190.41207114132106

Gradient evaluation took 0 seconds
1000 transitions using 10 leapfrog steps per transition would take 0 seconds.
Adjust your expectations accordingly!



Gradient evaluation took 0 seconds
1000 transitions using 10 leapfrog steps per transition would take 0 seconds.
Adjust your expectations accordingly!




Gradient evaluation took 0 seconds
Gradient evaluation took 0 seconds
1000 transitions using 10 leapfrog steps per transition would take 0 seconds.
Adjust your expectations accordingly!
1000 transitions using 10 leapfrog steps per transition would take 0 seconds.


Adjust your expectations accordingly!


Iteration:    1 / 3000 [  0%]  (Warmup)
Iteration:    1 / 3000 [  0%]  (Warmup)
Iteration:    1 / 3000 [  0%]  (Warmup)
Iteration:    1 / 3000 [  0%]  (Warmup)
Iteration:  300 / 3000 [ 10%]  (Warmup)
Iteration:  300 / 3000 [ 10%]  (Warmup)
Iteration:  600 / 3000 [ 20%]  (Warmup)
Iteration:  600 / 3000 [ 20%]  (Warmup)
Iteration:  900 / 3000 [ 30%]  (Warmup)
Iteration:  300 / 3000 [ 10%]  (Warmup)
Iteration:  300 / 3000 [ 10%]  (Warmup)
Iteration: 1200 / 3000 [ 40%]  (Warmup)
Iteration:  900 / 3000 [ 30%]  (Warmup)
Iteration:  600 / 3000 [ 20%]  (Warmup)
Iteration:  600 / 3000 [ 20%]  (Warmup)
Iteration: 1500 / 3000 [ 50%]  (Warmup)
Iteration: 1501 / 3000 [ 50%]  (Sampling)
Iteration: 1200 / 3000 [ 40%]  (Warmup)
Iteration:  900 / 3000 [ 30%]  (Warmup)
Iteration:  900 / 3000 [ 30%]  (Warmup)
Iteration: 1800 / 3000 [ 60%]  (Sampling)
Iteration: 1500 / 3000 [ 50%]  (Warmup)
Iteration: 1501 / 3000 [ 50%]  (Sampling)
Iteration: 1200 / 3000 [ 40%]  (Warmup)
Iteration: 1200 / 3000 [ 40%]  (Warmup)
Iteration: 2100 / 3000 [ 70%]  (Sampling)
Iteration: 1800 / 3000 [ 60%]  (Sampling)
Iteration: 1500 / 3000 [ 50%]  (Warmup)
Iteration: 1501 / 3000 [ 50%]  (Sampling)
Iteration: 1500 / 3000 [ 50%]  (Warmup)
Iteration: 1501 / 3000 [ 50%]  (Sampling)
Iteration: 2400 / 3000 [ 80%]  (Sampling)
Iteration: 2100 / 3000 [ 70%]  (Sampling)
Iteration: 1800 / 3000 [ 60%]  (Sampling)
Iteration: 1800 / 3000 [ 60%]  (Sampling)
Iteration: 2700 / 3000 [ 90%]  (Sampling)
Iteration: 2400 / 3000 [ 80%]  (Sampling)
Iteration: 2100 / 3000 [ 70%]  (Sampling)
Iteration: 2100 / 3000 [ 70%]  (Sampling)
Iteration: 3000 / 3000 [100%]  (Sampling)

 Elapsed Time: 2802.15 seconds (Warm-up)
               8856.88 seconds (Sampling)
               11659 seconds (Total)

Iteration: 2700 / 3000 [ 90%]  (Sampling)
Iteration: 2400 / 3000 [ 80%]  (Sampling)
Iteration: 2400 / 3000 [ 80%]  (Sampling)
Iteration: 3000 / 3000 [100%]  (Sampling)

 Elapsed Time: 4977.28 seconds (Warm-up)
               8603.78 seconds (Sampling)
               13581.1 seconds (Total)

Iteration: 2700 / 3000 [ 90%]  (Sampling)
Iteration: 2700 / 3000 [ 90%]  (Sampling)
Iteration: 3000 / 3000 [100%]  (Sampling)

 Elapsed Time: 7078.95 seconds (Warm-up)
               8824.57 seconds (Sampling)
               15903.5 seconds (Total)

Iteration: 3000 / 3000 [100%]  (Sampling)

 Elapsed Time: 7978.01 seconds (Warm-up)
               8832.34 seconds (Sampling)
               16810.3 seconds (Total)

Inference for Stan model: normalized_joint_loadings_only_7478cda48744ea0a7d29de17e1bfd57e.
4 chains, each with iter=3000; warmup=1500; thin=1; 
post-warmup draws per chain=1500, total post-warmup draws=6000.

               mean se_mean     sd     2.5%     25%    50%    75%  97.5%  n_eff   Rhat
theta[1,1]   601.75  425.25 602.08     0.04    0.19 531.07 1203.3 1270.1      2  21.81
theta[2,1]     0.52    0.34   0.78  2.5e-19  8.1e-9   0.09   0.82   2.45      5   1.41
theta[3,1]    4.3e4  1614.2 2476.9    4.0e4   4.1e4  4.2e4  4.4e4  4.8e4      2   2.78
theta[4,1]   1949.4  1378.7 1954.1   7.3e-3    0.07 1624.8 3895.3 4222.1      2  15.42
theta[5,1]   943.56  1154.6 1653.1  1.8e-11    0.01   0.28 1435.2 4633.0      2   7.09
theta[6,1]   2967.7  1062.2 2171.7   1654.0  1949.9 2173.8 3640.8 5798.3      4   1.54
theta[7,1]      0.2    0.03   0.54  1.6e-11  6.6e-4   0.04    0.2   1.57    252   1.01
theta[8,1]     0.96    0.84   1.58  2.6e-11  4.2e-3   0.16   1.06   5.25      3   1.81
theta[9,1]   488.43  184.28 284.77     0.42  101.63 628.64  677.8 756.55      2   2.65
theta[10,1]  763.55  475.86 1132.2  3.7e-13  2.0e-4    0.3 1902.9 3078.1      6   3.16
theta[11,1]    0.28    0.03   0.72  1.2e-10  1.5e-3   0.06   0.27    1.8    461   1.01
theta[12,1]  2865.9  1381.5 2018.5     0.15    36.4 3943.3 4651.1 5340.2      2   4.23
theta[1,2]   796.72  325.48 462.05     0.35  407.28 1036.1 1079.7 1171.9      2  13.14
theta[2,2]     0.56    0.35   0.77  7.9e-13  6.3e-4   0.15   0.95   2.33      5   1.43
theta[3,2]    2.3e4  5091.0  1.2e4     0.07   2.8e4  2.9e4  3.0e4  3.0e4      6   1.83
theta[4,2]   2586.7  1022.9 2181.2     0.24  2395.7 2690.8 2929.3  1.0e4      5    1.7
theta[5,2]   2413.3  2737.7 5926.9  2.3e-11    0.02   1.86 2258.6  2.4e4      5   1.76
theta[6,2]   2837.0  456.63 1191.1     3.07  2382.2 2626.4 3166.2 6266.7      7   1.75
theta[7,2]     1.83    1.57   2.48  1.2e-12  7.4e-4   0.84   2.78   8.54      3   2.77
theta[8,2]     0.62    0.17   1.46  5.1e-11  2.5e-3   0.09    0.7   3.68     73   1.04
theta[9,2]   314.16  144.43 245.98   1.6e-3     0.4 464.75  515.0 584.78      3   5.98
theta[10,2]     6.5    6.94 101.19  2.0e-12  1.5e-4 9.7e-3   0.23  11.01    212   1.01
theta[11,2]    0.58    0.24   0.73  2.3e-10  9.9e-3    0.4   0.95   2.16      9   1.24
theta[12,2]  8589.8  7158.5  1.3e4     0.81  1223.9 3809.6 4446.4  3.9e4      3   2.66
theta[1,3]   246.39  174.03 246.79   8.5e-3    0.26 205.47 492.86 536.65      2   13.7
theta[2,3]     1.28     0.6   1.62  1.9e-10    0.02    0.8   1.78   5.79      7   1.59
theta[3,3]   6047.2  947.76 2184.0     3.36  6542.2 6807.6 7003.9 7357.9      5   3.05
theta[4,3]   394.06  147.75 313.71     0.03    0.37 455.62 553.92 1150.4      5   1.78
theta[5,3]   1034.6  1224.8 1861.0  6.4e-17    0.19   0.99 1304.9 5609.8      2   6.72
theta[6,3]   1856.1  757.28 1124.3     0.41  1899.2 2111.7 2582.3 3198.8      2   3.38
theta[7,3]     4.23    1.49   7.08   2.8e-9     0.1   0.83   5.48  24.15     23   1.14
theta[8,3]    95.38    40.9  78.69     0.17    0.78 118.16 160.65 219.81      4   2.56
theta[9,3]    93.88   66.61  96.24     0.02    0.14  47.49 187.56 238.51      2   4.65
theta[10,3]    29.7   33.15 118.97   9.1e-9    0.01   0.77   4.18 575.68     13   1.31
theta[11,3]   63.85   69.25 147.28  9.2e-15  4.2e-4   0.57   4.01 448.91      5   1.88
theta[12,3]  441.98  476.11 1252.1   6.1e-8    0.03   0.51   4.51 4465.2      7   2.84
theta[1,4]   170.28    23.6  67.73     0.23  168.43 189.03 207.08 245.69      8   2.25
theta[2,4]     0.41    0.28   0.83  1.5e-12  3.1e-3   0.06   0.33   3.43      9   1.52
theta[3,4]    1.1e4  914.51 3008.3     2.05   1.2e4  1.2e4  1.2e4  1.5e4     11   1.43
theta[4,4]     0.59    0.12   1.86  2.6e-17  1.4e-3   0.04   0.46   4.87    229   1.05
theta[5,4]   161.86  188.11 634.69  1.2e-13  4.1e-4   0.25   1.71 2661.4     11   1.39
theta[6,4]   3286.8  170.14 949.79     1.11  3279.6 3381.6 3513.0 4455.3     31   1.02
theta[7,4]     0.68    0.31   1.19  5.3e-18  1.6e-3   0.07   1.11   4.25     15   1.16
theta[8,4]     0.95    0.75   1.75  6.5e-11  1.8e-3   0.07   0.96   6.72      5   2.05
theta[9,4]   530.82  105.04 244.44     0.49   576.5 627.61 661.18 731.81      5   1.99
theta[10,4]    0.52     0.1   1.32  7.1e-10  9.9e-4   0.05   0.44   4.24    173   1.03
theta[11,4]   45.34   53.04 216.46  5.2e-19  4.9e-5   0.07   1.78 1080.4     17   1.21
theta[12,4]  692.47  806.38 2669.5  4.0e-14  2.7e-4   0.19    1.5  1.1e4     11   1.42
theta[1,5]   1835.0  391.38 793.15     0.03  2083.2 2143.7 2191.3 2505.2      4   2.49
theta[2,5]      0.5    0.27   1.04  4.4e-11  4.0e-3   0.13   0.37   3.94     15   1.29
theta[3,5]    7.2e4   1.1e4  3.1e4     0.02   8.5e4  8.5e4  8.6e4  8.9e4      8   2.57
theta[4,5]   9087.6  2709.8 6920.5     5.71  6909.8 7209.1 7506.6  2.7e4      7   4.97
theta[5,5]   8067.5  8596.9  2.0e4   5.8e-9  3.2e-3   0.36  14.53  6.3e4      6   8.73
theta[6,5]    1.2e4  1537.1 4851.0     1.92   1.1e4  1.2e4  1.2e4  2.3e4     10   1.89
theta[7,5]    20.93   21.89  62.24  1.9e-23  5.3e-7   0.08   1.38 213.68      8   1.96
theta[8,5]     0.63    0.33   1.22  3.9e-12  1.8e-3   0.06    0.6   4.28     14   1.33
theta[9,5]   2017.2  161.59 671.94     1.09  2064.4 2139.1 2213.4 3107.3     17   1.27
theta[10,5]    1.34    1.15    4.2  1.0e-12  5.9e-6   0.01    0.3  11.19     13   1.32
theta[11,5]    0.55    0.24   0.98  1.7e-11  3.7e-5   0.03   0.83   2.91     16   1.18
theta[12,5]  5054.3  4330.3  1.7e4     0.53  776.48 1924.0 2589.2  1.1e5     16   1.22
theta[1,6]    46.76    6.37  18.51     0.42   43.39  51.08  57.71  70.97      8    2.0
theta[2,6]     0.74    0.22   1.33  5.9e-10  3.2e-3    0.3   0.89   5.34     36   1.12
theta[3,6]   335.53    49.1   94.0   136.63  286.42 331.53 386.62  521.6      4   1.93
theta[4,6]    40.62   16.93  31.49     0.23    0.39   43.6  63.59 101.18      3   1.55
theta[5,6]    65.84   33.18  96.21   1.3e-8    0.41  18.38  96.65  325.7      8   2.09
theta[6,6]    51.58   20.99  41.48     0.03    0.21  59.74  85.96 119.89      4   1.85
theta[7,6]     1.13    0.22   2.31  2.4e-10    0.02    0.3   1.03   8.25    113   1.06
theta[8,6]    38.07   15.73  27.15     0.18    0.44  47.31  59.25  77.35      3   2.24
theta[9,6]     3.06    1.54   5.05  3.6e-11    0.09   0.78   4.04  17.88     11   1.17
theta[10,6]    0.71    0.09   2.22  4.8e-14  4.1e-3   0.15   0.46   6.04    581   1.01
theta[11,6]    0.87     0.4   2.49  5.0e-11  2.9e-3   0.07   0.53   9.16     39   1.12
theta[12,6]    2.25    1.39    8.7   1.4e-9  1.6e-5 2.6e-3   0.14  26.35     39   1.09
theta[1,7]   609.71   34.09 132.16     0.33  611.72 634.63 657.39 699.84     15   1.22
theta[2,7]     0.37    0.13   0.68  4.9e-10  2.2e-3   0.08   0.44   2.44     26   1.12
theta[3,7]    1.3e4  3115.7 7904.8     0.26   18.97  1.8e4  1.8e4  1.9e4      6   1.83
theta[4,7]   849.25  387.46 657.02   1.2e-3    0.21 1255.3 1378.7 1545.0      3   5.94
theta[5,7]     1.41    0.35   5.33   2.7e-9    0.01   0.08    0.4  15.64    229   1.03
theta[6,7]   4557.1  941.44 2815.9   3348.4  3549.5 3690.1 4984.0 7157.2      9   1.27
theta[7,7]     1.14     0.8    2.2  1.3e-12  4.4e-3   0.17   1.43   7.53      8   1.24
theta[8,7]     0.68    0.37   2.03   4.0e-9  1.8e-3   0.04    0.4   6.93     29   1.14
theta[9,7]   601.97  248.12 364.65     0.01    7.87 810.94  858.9 936.78      2   5.29
theta[10,7]     0.9    0.19   3.56  3.5e-10    0.04   0.14    0.4   8.96    370   1.02
theta[11,7]    0.97    0.66   1.23  4.9e-10  3.7e-3   0.25   1.85   3.56      4   1.63
theta[12,7]  4372.7  2789.1 7698.1  1.9e-14  4.2e-4   1.24 152.75  1.8e4      8   1.66
theta[1,8]   349.24  121.17 219.46     0.14    6.19 461.69 511.29 558.79      3   2.27
theta[2,8]     0.49    0.21   0.61  2.2e-10  3.9e-3   0.24   0.81   2.07      8   1.25
theta[3,8]   7893.9  5581.0 7895.6     0.06     0.7 7387.9  1.6e4  1.6e4      2  47.84
theta[4,8]   1457.7  727.05 1225.6     0.03    1.85 1411.9 1641.3 3380.7      3   2.05
theta[5,8]   4972.7  3962.4 7166.7   2.0e-9    0.11 911.25 5808.2  1.9e4      3   2.23
theta[6,8]   610.86  377.73 673.18     0.01   28.69 352.95 831.88 1980.2      3   1.87
theta[7,8]     1.07     0.7   1.61  4.3e-11  2.9e-3   0.24   1.73   5.79      5   1.49
theta[8,8]     4.55    3.53   8.12  1.3e-11  3.2e-3   0.96   6.18  31.19      5   1.44
theta[9,8]   135.65   95.95 137.03     0.01    0.42  91.31 271.45 321.88      2   6.88
theta[10,8]  139.25  120.25  402.0  3.2e-10    0.05   0.53   5.23 1388.7     11   1.29
theta[11,8]    1.09    0.46   2.37  6.3e-10  5.7e-3   0.22   1.32   6.21     27   1.14
theta[12,8]  4693.7  2150.8 5544.2     0.33  1587.6 2159.1  1.1e4  1.6e4      7   1.62
theta[1,9]   689.93  144.09 382.24     0.27  758.33 889.12  927.2 984.26      7   2.78
theta[2,9]     0.43    0.21   0.68  2.3e-10    0.02   0.19   0.42   2.49     11   1.37
theta[3,9]    2.2e4  8848.6  1.3e4   5.5e-3    0.68  2.9e4  3.0e4  3.0e4      2   3.91
theta[4,9]   2228.3  911.25 1441.3     0.03    0.33 2828.4 3003.5 3361.0      3   2.38
theta[5,9]   2472.8  2229.7 4188.0  2.2e-12  6.6e-4   0.83 3690.4  1.2e4      4   2.58
theta[6,9]   3040.1  551.21 1295.7     0.86  3281.6 3475.8 3653.6 3998.5      6   2.38
theta[7,9]     0.28     0.1    0.6  1.9e-13  5.2e-4   0.07   0.26   2.09     39   1.07
theta[8,9]     1.26    0.89   3.47  5.8e-12  4.0e-3   0.14   0.65  12.48     15    1.4
theta[9,9]   600.05   50.38 171.73    25.89  608.76 652.56 690.73 755.32     12   1.36
theta[10,9]   13.66    11.6 125.83  3.9e-10    0.02   0.45   2.27  78.63    118   1.04
theta[11,9]    0.42    0.08   0.71  5.5e-11  5.8e-3    0.2   0.58   2.03     87   1.05
theta[12,9]  7776.5  8287.8  1.2e4   3.8e-8   380.9 1142.4  2.3e4  3.0e4      2   6.55
theta[1,10]  2459.0   52.69   95.1   2302.8  2390.7 2443.3 2519.7 2663.2      3   1.57
theta[2,10]    0.37    0.26   0.56  2.6e-10  1.1e-3   0.07   0.64   1.92      5   1.62
theta[3,10]   8.9e4  1116.4 2631.9    8.7e4   8.8e4  8.8e4  8.9e4  9.2e4      6   1.35
theta[4,10]  6284.8  740.18 1187.8   4067.4  5735.5 6796.6 7033.6 7420.7      3    2.1
theta[5,10]    10.4    8.08 115.61  2.0e-13  9.0e-5   0.19   0.57  28.52    205   1.02
theta[6,10]  8141.6  3326.9 4728.1      0.1    6.53  1.1e4  1.1e4  1.1e4      2   9.97
theta[7,10]    0.88    0.73   1.53  2.3e-14  1.2e-3   0.11   1.12   5.54      4   1.51
theta[8,10]    0.69    0.24    1.2  2.0e-10    0.01   0.29   0.74   4.65     26   1.18
theta[9,10]  2273.4  176.26 593.51     0.93  2067.0 2143.4 2264.9 3232.2     11   1.23
theta[10,10]   0.56    0.09   1.98  8.9e-12  2.8e-3   0.19   0.34   5.23    478   1.02
theta[11,10]   0.91     0.7   1.48  1.2e-10    0.01   0.13    1.5   4.64      5    1.5
theta[12,10] 5859.1  2656.9 4296.2   2281.4  3350.6 3861.7 4823.3  1.4e4      3    2.2
theta[1,11]  259.74    9.88   61.3     1.11  252.94 270.27 287.32 318.99     39   1.09
theta[2,11]    0.38    0.16   0.75  2.9e-12  3.5e-4   0.11   0.41   3.15     21   1.16
theta[3,11]   1.1e4  180.05 994.86    1.1e4   1.1e4  1.1e4  1.1e4  1.3e4     31   1.12
theta[4,11]   71.71   49.34  92.33   2.6e-6    0.16    3.1 145.61 280.34      4   1.59
theta[5,11]   56.86   69.97 740.81  6.2e-12  2.1e-4   0.02   0.56   9.03    112   1.02
theta[6,11]  2104.3   197.7 750.25     1.79  1959.7 2056.1 2193.9 3245.1     14   1.33
theta[7,11]    0.93    0.21   1.63  2.6e-10    0.05   0.39   1.11   5.26     62   1.08
theta[8,11]     0.4    0.29   1.47  6.2e-15  2.6e-5   0.03    0.2   3.79     27   1.14
theta[9,11]  463.23   191.4  294.9     0.13    2.74 629.39 664.32 716.38      2   2.89
theta[10,11]   1.01    0.22   2.26  6.9e-11    0.01   0.45   0.96    6.6    103   1.03
theta[11,11]  67.37   75.91 233.55  4.4e-16  2.6e-4   0.06    1.0 906.11      9   1.59
theta[12,11]   0.84    0.29   3.45  1.2e-11  3.8e-3   0.02   0.24   9.23    146   1.03
theta[1,12]  1400.4   83.55 333.13     0.28  1420.3 1463.0 1515.5 1620.1     16   1.22
theta[2,12]    0.17    0.06   0.34  1.1e-15  4.3e-4   0.03   0.24   0.89     36   1.06
theta[3,12]   2.9e4   1.2e4  1.7e4     0.01   1.7e4  3.9e4  3.9e4  4.1e4      2  47.67
theta[4,12]  2693.7  801.82 2065.2     0.18    5.58 3757.1 3984.3 7636.7      7   1.75
theta[5,12]  319.02   376.4 1457.5  5.1e-13    0.01   0.42   1.79 6975.3     15   1.25
theta[6,12]  260.86  185.44 294.45   2.5e-4     1.7  23.47 525.67  827.3      3   2.16
theta[7,12]    0.91    0.72   1.41  6.9e-11  3.2e-3   0.18   1.38   4.68      4    1.6
theta[8,12]    0.26    0.03   0.73  4.2e-14  3.7e-4   0.05   0.28   1.84    517   1.02
theta[9,12]  433.18  161.51 241.71     1.68  235.71 548.48 595.84 668.91      2   3.53
theta[10,12] 262.31   319.9 3098.0  5.0e-11  7.4e-4   0.16  24.84 392.82     94   1.03
theta[11,12]  11.56   13.97 189.35  4.2e-14  7.6e-4   0.17   0.54   2.72    184   1.01
theta[12,12]  1.9e4   1.3e4  1.8e4   5923.1  7734.8 8246.8  1.2e4  5.2e4      2   6.22
theta[1,13]  120.72   49.33  70.75   4.0e-3    52.6 153.95 166.92  190.7      2   5.85
theta[2,13]     0.6    0.12   1.05  2.9e-10  4.9e-3   0.36   0.62   3.31     73   1.07
theta[3,13]  1045.5  430.92 612.31     0.34  477.29 1326.2 1451.2 1613.8      2   10.2
theta[4,13]  179.25   92.82 140.95   6.5e-6    0.38  171.6 246.12  436.5      2   2.81
theta[5,13]   400.2  469.68 666.39  8.7e-10  5.4e-4   0.76 818.01 1633.5      2  12.53
theta[6,13]  333.23  136.69 198.23     0.14  119.89 419.61 467.31  548.8      2   4.42
theta[7,13]   18.93    7.61  17.49  1.0e-13    1.26  15.57  32.15  56.06      5    1.4
theta[8,13]  113.95   16.02  34.62     7.95   94.85  113.6 136.49 177.61      5    1.4
theta[9,13]   48.31   19.92  30.94     0.14    6.82  56.63  70.92  94.76      2   2.32
theta[10,13]   6.57    6.02  14.23  5.4e-12  2.2e-3   1.38   3.52  54.09      6   1.29
theta[11,13]  42.75   51.89  74.33  9.7e-13  2.9e-4   0.07  46.05  201.3      2   6.21
theta[12,13]  12.56    10.1  46.98  9.9e-14  8.4e-3    0.2   5.12  85.93     22   1.15
theta[1,14]  248.65   78.41 136.61     0.04  276.05 314.04 333.61 364.38      3   1.97
theta[2,14]    1.28    0.91   1.87  4.2e-11  9.7e-3   0.21   1.93   6.12      4   1.83
theta[3,14]  1438.0  604.75 1031.8     0.02    0.28 2064.7 2227.6 2644.7      3   2.62
theta[4,14]  240.97  113.39 234.57     0.33    1.16 326.68 404.33 782.06      4   1.74
theta[5,14]  461.71  482.99 1009.8  2.9e-10    0.03   0.92  36.54 3924.4      4   2.11
theta[6,14]  688.19  293.86 465.09   5.4e-3    0.76 934.98 1028.6 1177.5      3   2.73
theta[7,14]   41.61    13.6  27.54     3.26    12.8  43.19  60.55 102.57      4    1.5
theta[8,14]  175.74   42.16  91.51     1.81   128.4 162.09 202.65 363.86      5    1.5
theta[9,14]  118.15   17.49  63.63     0.67   87.23 109.15 139.93 264.56     13   1.47
theta[10,14]   2.46    1.28   5.31  9.2e-13  3.1e-3   0.12   2.31  19.56     17   1.24
theta[11,14]   0.45    0.05   1.39  1.5e-10  9.2e-3   0.17   0.29   3.62    945   1.01
theta[12,14] 842.02  1026.6 1473.9  3.8e-11  9.2e-3   0.23 1389.2 3944.1      2   9.69
theta[1,15]  1827.5  751.52 1131.8     0.87    7.76 2483.0 2543.2 2751.3      2   3.11
theta[2,15]    0.25    0.05   0.45  1.3e-10    0.02   0.15   0.33   1.26     91   1.05
theta[3,15]   9.6e4   3.9e4  5.6e4      0.1   5.5e4  1.2e5  1.3e5  1.6e5      2  14.26
theta[4,15]   1.3e4   1.0e4  1.5e4     0.67  2414.8 6223.2 7042.8  3.7e4      2   4.37
theta[5,15]   1.9e4   2.4e4  3.4e4  1.8e-12    0.03   0.96   23.2  8.1e4      2   4.94
theta[6,15]   2.4e4  7384.0  1.2e4     8.79   1.9e4  2.0e4  2.1e4  4.1e4      3   2.45
theta[7,15]   56.01   67.28 131.05  1.8e-11  4.6e-3   0.99  19.12 314.39      4   1.57
theta[8,15]    0.43    0.13    0.8  2.1e-10  8.0e-3   0.19   0.41   2.54     35   1.12
theta[9,15]  3269.3  1353.9 2126.5     0.16    2.79 4512.7 4625.7 4840.4      2   2.55
theta[10,15]   1.28    0.37   2.67  1.1e-16  9.7e-5   0.09   1.95   7.38     52   1.05
theta[11,15]   0.31    0.06   0.84  1.5e-10  2.7e-3   0.09   0.18   2.56    180   1.02
theta[12,15]   2.36    0.77   8.97  1.7e-13    0.03   0.35   0.96  22.06    136   1.02
theta[1,16]  361.25   76.73 201.85     0.15  403.51  459.3 486.49 532.58      7    1.9
theta[2,16]    0.21    0.07   0.52  1.2e-11  3.9e-3   0.03   0.14   1.96     50   1.07
theta[3,16]   2.6e4  1014.8 4784.1     18.4   2.7e4  2.7e4  2.8e4  2.8e4     22   1.15
theta[4,16]  547.57  294.28 481.04   2.8e-3    1.11 803.95 979.89 1187.9      3   2.32
theta[5,16]  1214.9  1460.1 6343.0  7.1e-10    0.01   1.03  80.93  2.5e4     19   1.17
theta[6,16]   1.1e4  246.63 1734.0    1.1e4   1.1e4  1.1e4  1.2e4  1.2e4     49   1.08
theta[7,16]    1.03    0.54   1.22  2.1e-14  1.6e-3   0.65   1.63   3.88      5    1.4
theta[8,16]    0.53    0.31   1.15  1.1e-10  7.5e-4   0.04   0.42    4.2     14   1.16
theta[9,16]  2674.3    31.1 360.82   2495.7  2624.7 2681.8 2739.3 2861.0    135    1.0
theta[10,16]    0.8     0.2   1.94  7.3e-15  3.5e-3   0.17   0.71    5.9     93   1.01
theta[11,16]   0.15    0.03   0.51  4.8e-14  1.6e-5   0.03   0.11   1.18    300   1.02
theta[12,16]   1.04    0.19   3.04  6.6e-10  9.2e-4   0.03   0.91    8.5    258   1.03
theta[1,17]   56.71   20.81  38.78     0.87   18.73  61.96  85.75 125.69      3   1.61
theta[2,17]  166.54  117.88 168.39     0.01    0.08  108.1  332.4 394.39      2   6.82
theta[3,17]   2.5e4  401.74 1996.6    2.4e4   2.5e4  2.5e4  2.5e4  3.7e4     25   1.13
theta[4,17]    1.03    0.39   2.15  3.1e-11  4.5e-3   0.19   1.06   6.81     30   1.14
theta[5,17]    0.78    0.27   2.04  1.7e-14  5.4e-5   0.07   0.49   6.44     56   1.07
theta[6,17]   1.8e4  464.02 2942.7    15.15   1.8e4  1.8e4  1.8e4  1.9e4     40   1.09
theta[7,17]    0.37    0.09   1.12  1.4e-13  4.2e-3   0.05   0.17   3.31    143   1.04
theta[8,17]    0.32    0.18   0.86  1.1e-10  1.2e-3   0.04   0.19   3.35     23   1.15
theta[9,17]  4138.1  261.39 913.78     1.84  4240.5 4337.0 4418.1 4565.8     12    1.3
theta[10,17]   0.63    0.19   1.31  6.4e-11  1.4e-3   0.14   0.73   4.45     50   1.11
theta[11,17]  441.6   441.3 1683.6   2.0e-7    0.03   5.79  287.4  1.0e4     15   1.22
theta[12,17]   2.82     0.4   8.91 10.0e-18  6.1e-3   0.34   0.86  26.19    498   1.02
theta[1,18]  134.32    2.97   24.6     91.0  122.39 135.53 149.14 174.07     69   1.06
theta[2,18]    0.72    0.56    1.1  3.8e-15  2.6e-4   0.03   1.32   3.35      4   1.52
theta[3,18]  3253.3  100.83 633.35     2.19  3222.0 3319.6 3411.3 4322.5     39   1.08
theta[4,18]   308.7   21.43  99.61     1.18   281.3  325.4 366.25 440.71     22   1.14
theta[5,18]   86.47   36.18 126.19   1.9e-7     0.3   7.32 151.64 415.84     12   1.38
theta[6,18]  1019.8   56.11 275.57     5.31  1017.7 1082.8 1139.8 1251.8     24   1.14
theta[7,18]    3.57    0.45   6.06  4.3e-15    0.32   1.72   3.81  23.14    179   1.03
theta[8,18]   81.67   33.88  52.76     0.03    3.45  96.34 120.91 159.46      2   2.34
theta[9,18]  186.45    4.47   34.4   132.44  164.57 182.88  201.9 283.08     59   1.04
theta[10,18]   1.43     0.4   4.73  7.0e-10    0.03    0.2   0.55  14.58    143   1.04
theta[11,18]   1.54    1.21   3.49  9.9e-14  6.6e-4   0.23   0.98  12.69      8   1.67
theta[12,18] 154.61  184.93 825.59  4.5e-17  9.9e-5    0.1   0.42 4727.1     20   1.16
theta[1,19]  1579.1   53.75  92.38   1382.8  1519.0 1599.4 1645.0 1722.0      3   1.74
theta[2,19]    0.28    0.12   0.48  4.6e-13  8.1e-4   0.14   0.37   1.67     16   1.17
theta[3,19]   4.7e4  3163.2 7892.8    4.4e4   4.5e4  4.5e4  5.3e4  5.5e4      6   1.23
theta[4,19]  3887.9  1680.4 4053.8     0.08  424.83 4274.8 4531.2 6573.1      6   1.38
theta[5,19]  760.89  728.01 1202.8   6.7e-9     2.3  52.35 1882.9 2998.7      3    2.0
theta[6,19]  1756.7  770.19 2704.8   222.88  562.68 795.36 2844.0 3351.0     12   1.23
theta[7,19]    1.18    0.69   1.29  1.3e-14  7.6e-4   0.75   2.31   3.93      3   2.07
theta[8,19]    0.72    0.59   3.93  1.1e-10  2.4e-3   0.05   0.34   3.58     44   1.06
theta[9,19]  357.16  146.95 219.52     0.29    2.29 465.38 508.76 576.87      2   3.23
theta[10,19]   1.12    0.56   3.07  1.4e-10  8.2e-3   0.06   0.72  10.16     30   1.15
theta[11,19]   0.65     0.4   1.12  1.7e-11  1.7e-5   0.03   0.95   3.87      8   1.24
theta[12,19] 6125.0  2996.8 5778.7     0.03    0.35 9118.0 9669.9  1.0e4      4   1.89
theta[1,20]  665.06   134.7 250.84     0.73  673.32 768.03  805.1 856.28      3   3.72
theta[2,20]    0.66    0.34    0.9  7.6e-11  3.0e-3   0.24   1.11   3.22      7   1.28
theta[3,20]   1.6e4  6465.2 9186.5     0.11  8374.2  1.9e4  2.0e4  2.5e4      2  20.12
theta[4,20]  2282.1  1003.0 1852.9     0.06  1740.2 1960.7 2349.7 6503.3      3   1.78
theta[5,20]  3625.7  3793.8 7085.6  2.3e-10    0.07   6.93 2978.0  2.6e4      3   4.09
theta[6,20]   425.3  147.52 516.55     0.08    0.32 416.49 600.33 1324.5     12   1.64
theta[7,20]    0.21    0.03   0.55  7.9e-15  8.8e-4   0.06   0.17   1.41    336   1.01
theta[8,20]    6.25    6.17  16.27  4.1e-17  7.5e-5   0.21   2.61  64.19      7   1.47
theta[9,20]  226.92  108.66 197.88     0.05    0.87 339.79 389.27 518.49      3   2.32
theta[10,20]   13.4   11.96   42.3  1.0e-12  4.8e-3   1.19   3.15 153.02     13   1.43
theta[11,20]   0.21    0.04   0.79  5.2e-11  1.3e-3   0.01   0.07   1.84    372   1.02
theta[12,20] 3096.4  1612.0 4610.2     0.28    1.37 2601.7 2999.6  1.7e4      8   2.32
theta[1,21]   68.51   16.14  30.16     0.55   57.98  71.36  89.13 114.74      3   2.74
theta[2,21]    0.63    0.25   0.88  4.6e-13  5.7e-4   0.25   1.04   2.64     13   1.21
theta[3,21]  772.06  319.48 470.93     0.09  313.69  960.9 1056.3 1269.7      2   3.54
theta[4,21]  179.56   31.61  70.83     3.57  136.16 181.98 228.28 307.86      5   1.37
theta[5,21]  271.68  147.36 239.04     0.02    3.51 242.08 391.88 816.32      3   2.24
theta[6,21]  212.76  150.81 216.77     0.02    0.25 122.23 422.16 528.78      2    5.4
theta[7,21]   53.96   11.93  22.83     3.03   37.63  58.43  70.47  90.88      4   1.58
theta[8,21]   86.83   17.96  35.76     7.19   63.69  81.78 108.49 161.18      4   1.47
theta[9,21]   38.15   17.67  29.92     0.04   10.46  32.98   61.5  98.38      3   2.13
theta[10,21]  21.14   14.84  35.57   3.5e-7    0.14   0.54  33.68 116.61      6   1.26
theta[11,21]   1.03    0.91    2.1  2.0e-12  3.1e-4   0.15   1.21   7.33      5   1.33
theta[12,21] 392.06  477.97 677.17   1.7e-9    0.01    0.2 782.59 1653.7      2  20.94
theta[1,22]  278.79   82.66  147.3     1.79  258.74 351.31 374.95 411.16      3   1.95
theta[2,22]    0.11    0.02   0.33  4.7e-12  1.4e-4 4.6e-3   0.06    0.9    185   1.03
theta[3,22]  6062.9  2717.4 4565.1      0.1    1.95 9295.0 9590.8  1.0e4      3   4.89
theta[4,22]  1144.3  542.54 970.12     0.11  385.88 1153.3 1269.4 3549.5      3   3.99
theta[5,22]  1286.0  999.24 2417.3  7.0e-12  1.6e-3   2.09 1833.5 7800.3      6   3.45
theta[6,22]  596.66  136.98 369.36   240.06  394.39 483.62 595.96 1603.3      7   2.02
theta[7,22]    0.51    0.25   0.76  3.4e-14  5.1e-4   0.07   0.94   2.23      9    1.2
theta[8,22]    1.04    0.63   2.08   1.1e-9    0.01   0.18   0.99    7.2     11   1.31
theta[9,22]   70.98   30.98  55.42   1.7e-4    1.02  90.67 117.25 152.48      3    3.0
theta[10,22]   1.31    0.75    2.5  2.1e-15  9.9e-4    0.4   1.28   9.24     11   1.35
theta[11,22]   0.34    0.13   0.62  2.4e-10  1.2e-3   0.13    0.5   1.44     21   1.08
theta[12,22] 3223.2  3080.0 4390.9     0.05  670.85 1029.5 5713.5  1.2e4      2  15.61
theta[1,23]   45.61   18.24   32.4     0.39    2.18  53.47  70.78  98.67      3   1.84
theta[2,23]   370.0  116.79 188.29     0.43  408.24 449.09 481.26 535.18      3   2.52
theta[3,23]  2757.8  486.99 913.93     2.22  2713.8 2984.8 3303.6 3730.0      4   2.42
theta[4,23]    6.51    7.17  59.59   2.5e-9  1.1e-3   0.09   0.79   7.92     69   1.04
theta[5,23]    1.63    0.65   2.69  4.7e-10    0.02   0.56   2.07    9.4     17   1.21
theta[6,23]  3730.6  243.59 952.07   2904.5  3352.8 3509.0 3720.6 6357.4     15   1.25
theta[7,23]   271.7   16.18  84.94   5.4e-5  248.59 286.66 314.95 374.46     28   1.14
theta[8,23]    0.75    0.43    1.4  1.2e-10  5.3e-5   0.14   0.83   4.57     11   1.19
theta[9,23]    1.79     0.5   3.05   2.0e-9    0.04   0.99   2.57   7.72     38   1.07
theta[10,23]   0.46    0.08   1.15  1.0e-10  3.1e-3   0.16   0.34   3.03    197   1.03
theta[11,23] 1745.7   159.4 535.44     0.73  1847.2 1900.8 1948.3 2034.3     11   1.43
theta[12,23] 1150.3  664.31 1164.1     0.47    4.52 915.65 1210.2 4264.6      3   2.03
theta[1,24]   19.99    7.69  13.47     0.11    5.81   22.6  30.97  42.77      3   1.81
theta[2,24]    0.24    0.09   0.46  6.9e-14  1.6e-3    0.1   0.28   1.24     28    1.1
theta[3,24]  211.21  109.22 180.99     0.04    1.22 313.28  370.9 437.68      3   2.79
theta[4,24]    74.5   26.81  67.63   1.5e-8   13.72  67.55 122.37 168.37      6   1.49
theta[5,24]  136.58   86.08  147.8  3.4e-10    0.28  53.41 277.46 397.08      3   2.24
theta[6,24]   67.36   34.33  56.14     0.09    0.55  67.63 113.51 171.25      3    2.0
theta[7,24]    1.42    1.11   2.26  4.5e-17  3.4e-4    0.2   2.52   7.86      4    1.6
theta[8,24]   24.28    1.35  11.38     0.57   16.84  24.25  31.77   46.3     71   1.04
theta[9,24]   14.76    7.98  14.11   9.7e-3    0.34  13.38  24.56  44.31      3   1.71
theta[10,24]  16.26    5.55  19.53   7.6e-6    0.88   5.37  30.76  62.42     12   1.21
theta[11,24]   1.02    0.77   6.52  8.1e-20  2.7e-4   0.09   0.41   4.71     72   1.04
theta[12,24]   1.32    0.38   4.79  2.3e-11    0.01   0.11   0.55  12.67    159   1.03
theta[1,25]  785.75   360.1 605.71   3.1e-3    0.15 1215.6 1261.9 1326.1      3   8.86
theta[2,25]    0.35    0.18   0.89  3.7e-11  1.1e-3   0.09   0.39   2.38     24   1.14
theta[3,25]   4.0e4  2049.3 2993.0    3.7e4   3.7e4  3.9e4  4.3e4  4.5e4      2   4.32
theta[4,25]  2368.9  891.96 1324.5     0.36  2375.6 2860.9 3087.0 3929.6      2   3.75
theta[5,25]    1.47    0.38   5.03   2.9e-8    0.03   0.26   0.95  10.88    175   1.03
theta[6,25]  1335.4  630.67 1108.1     0.13     3.1 1353.7 1649.5 3929.4      3   1.83
theta[7,25]    0.59    0.29   1.09  1.4e-10  3.0e-4   0.05    0.8   3.83     14   1.25
theta[8,25]    0.89    0.42   1.52  3.2e-22  1.2e-4   0.11   1.26   5.22     13   1.54
theta[9,25]  838.85   67.78  132.2   589.53  755.98 810.35 957.62 1092.1      4   1.55
theta[10,25] 738.25  766.58 1180.8  8.2e-15  2.3e-3   1.12 1713.9 2763.7      2    2.9
theta[11,25]    0.4    0.08   0.96  9.8e-15  1.2e-4   0.03   0.31   2.94    146   1.03
theta[12,25] 2270.1  1607.9 2294.5   1.7e-3    0.08   0.59 4554.1 5180.0      2   7.37
theta[1,26]    9.53   10.28  39.08  8.8e-10  5.1e-4   0.11    0.7 180.26     14   1.27
theta[2,26]    0.32    0.12   0.43  1.4e-16  4.8e-4   0.23   0.48   1.41     13    1.2
theta[3,26]  8896.1  6289.7 8897.1   7.3e-3     0.3 8614.2  1.8e4  1.8e4      2  78.83
theta[4,26]   15.87   12.06   34.1  5.6e-12  7.3e-5   0.29  10.84 118.88      8   1.71
theta[5,26]  802.53  983.29 2173.0  4.0e-22  5.5e-5   0.33   3.35 3249.2      5   1.34
theta[6,26]  9518.5  3954.3 6705.9      0.2    1.55  1.2e4  1.2e4  1.9e4      3   2.24
theta[7,26]    0.52    0.27   1.16  1.0e-10  1.1e-4   0.01   0.36   3.82     18   1.21
theta[8,26]    0.78    0.37   1.46  4.6e-10  5.3e-3   0.19   1.02   5.44     15   1.24
theta[9,26]  3179.2  1410.1 1996.4     0.01  1491.7 3602.3 4439.2 5637.9      2  22.49
theta[10,26]   0.62     0.2   1.09  1.1e-15  1.4e-3   0.12   0.69   3.42     29   1.07
theta[11,26] 394.52  463.45 1832.4  7.6e-13  1.5e-3   0.16    0.6 8919.6     16   1.24
theta[12,26]  1.0e4  7500.5  1.1e4  5.3e-12  4.0e-3  12.88  2.4e4  2.5e4      2   4.63
theta[1,27]   697.5    2.33  44.08   622.51  674.45 699.01 722.96 770.71    357   1.01
theta[2,27]    0.32    0.31   0.56  1.7e-20  1.8e-6 2.7e-3   0.41   1.66      3   1.83
theta[3,27]   3.2e4  1172.1 4777.7    2.8e4   3.2e4  3.2e4  3.3e4  3.4e4     17   1.16
theta[4,27]  1898.8  845.92 2846.7   7.7e-4  667.08 1881.1 2050.3 5064.8     11   1.23
theta[5,27]    1.14    0.22   3.62  7.9e-13  5.1e-5   0.04   0.51   9.75    283   1.02
theta[6,27]  7256.1   429.0 2194.4   6535.4  6792.4 6922.0 7057.2 9530.2     26   1.11
theta[7,27]    2.98    3.23  21.79  2.7e-13  2.2e-4   0.15   0.65   6.95     46   1.06
theta[8,27]    0.68     0.5    1.3  1.6e-10  2.0e-4   0.03   0.74    4.7      7    1.7
theta[9,27]  1319.2   46.64 237.12     5.43  1313.2 1355.5 1398.2 1481.0     26   1.12
theta[10,27]   1.52    1.19  18.29  9.3e-12  6.4e-6 6.4e-4   0.12   7.31    237   1.01
theta[11,27]   0.24    0.04   0.59  1.0e-10  7.7e-3    0.1   0.28   1.37    209   1.02
theta[12,27]    4.3    1.06  10.73   3.4e-9    0.22    1.0   3.41  31.78    103   1.05
theta[1,28]  4846.6  705.34 1819.2     0.44  5381.0 5525.4 5606.3 5735.1      7   7.75
theta[2,28]    0.24    0.08   0.48  3.2e-11  9.1e-4   0.06   0.33   1.62     37    1.1
theta[3,28]   1.4e5   1.5e4  3.7e4     5.26   1.4e5  1.4e5  1.7e5  1.8e5      7   1.53
theta[4,28]  5799.0  3903.7 5645.0      0.1    1.17  1.1e4  1.1e4  1.2e4      2    4.9
theta[5,28]  4873.2  5343.9  1.4e4  1.6e-12  5.1e-3   0.95   2.02  5.7e4      7   2.67
theta[6,28]     2.9    1.17  22.73  1.8e-15  8.7e-4   0.16   0.55  20.86    378   1.02
theta[7,28]    0.45    0.16   0.84  3.6e-10    0.01   0.17   0.47   3.35     27   1.14
theta[8,28]    0.36    0.17   0.81  9.1e-12  1.8e-3   0.08    0.3   2.98     24   1.28
theta[9,28]  154.25   92.85 140.81     0.04    0.97 155.05 283.79 392.27      2   2.76
theta[10,28] 597.32  699.57 1322.2  4.7e-13  3.3e-3   1.42    6.1 3778.5      4   2.33
theta[11,28]    1.0     0.9   1.54  1.8e-14  6.3e-4   0.22   1.66   5.54      3   1.93
theta[12,28]  2.7e4   1.2e4  2.8e4     0.32    1.24  2.8e4  2.9e4  1.3e5      6   1.42
theta[1,29]  187.15   80.72 131.47     0.08    0.89  263.9 285.47 318.62      3   2.95
theta[2,29]    0.73    0.61   1.11  6.6e-11  4.9e-4   0.03   1.76   2.84      3   1.58
theta[3,29]  2555.3  1212.1 1967.2     0.46    1.07 3978.0 4160.0 4372.7      3   6.67
theta[4,29]  258.32  169.01 509.21   1.4e-5    0.63 139.87 229.81 1147.6      9   1.74
theta[5,29]  625.91  736.13 1356.8  7.4e-13    0.01   0.37  71.55 4447.0      3   2.72
theta[6,29]  1356.3  410.89 716.09     0.64  1252.6 1370.3 1784.5 2552.9      3   2.65
theta[7,29]    4.25    1.33   8.02  4.1e-12    0.07   0.67   4.91  30.81     37   1.05
theta[8,29]  129.75   56.43 119.29     0.04   15.05 127.84 164.79 342.48      4   2.05
theta[9,29]   99.68    64.5  93.95     0.07    0.75  122.7 189.71 235.98      2   4.46
theta[10,29]   30.9   21.27 100.97   1.4e-9  1.7e-3   0.08   7.45 204.46     23   1.11
theta[11,29]  94.01  101.54  223.8  2.6e-11  2.4e-3   0.48   4.23  613.0      5   2.59
theta[12,29]  973.5  1188.4 1681.9  5.2e-10    0.04   0.28 1987.7 4026.6      2  34.08
theta[1,30]  289.14  119.37 195.09     0.22    0.59  363.3 416.62 549.99      3   2.21
theta[2,30]    0.43    0.25   0.73  1.3e-12  2.2e-3   0.06   0.55   2.36      8    1.4
theta[3,30]  8454.7  3588.7 5116.9   2.4e-3  4172.4  1.0e4  1.1e4  1.5e4      2  11.89
theta[4,30]  252.31  179.48 261.91     0.17     0.4  71.57 504.28 673.83      2   3.89
theta[5,30]  663.03  472.19 687.14   9.4e-3    0.26  176.6 1328.0 1745.2      2   4.08
theta[6,30]  2904.1  835.05 1692.3      1.4  2824.3 3014.5 3578.9 4383.9      4   1.75
theta[7,30]    0.69    0.26   1.18  2.2e-13  1.8e-3   0.23   0.87   4.68     20   1.23
theta[8,30]    9.53    8.19  35.67  4.2e-12  8.2e-3   0.86   4.27  72.07     19   1.16
theta[9,30]  172.65   84.13 157.77     0.12    8.25 154.09 198.97 536.25      4   2.15
theta[10,30] 108.07    79.9 488.62  6.8e-10  4.6e-4   0.14   4.94 961.55     37   1.08
theta[11,30]  13.39   14.18  37.19  2.6e-12  6.6e-4   0.07   1.23 119.47      7   1.44
theta[12,30] 2844.5  3297.4 4839.0   2.7e-5    0.33  138.6  888.7  1.2e4      2   3.85
theta[1,31]  308.77   11.05  27.82   257.32  289.12 307.78 327.79 364.79      6   1.32
theta[2,31]    0.37    0.05   0.79  1.7e-31  1.4e-4   0.22   0.47   1.76    265   1.03
theta[3,31]  4558.7  663.68 2045.2     0.07  4784.3 4916.5 5100.5 6854.9      9   2.14
theta[4,31]  205.34   70.85 221.56      1.5   38.13  158.9 233.52 796.14     10    1.8
theta[5,31]    1.32    0.37   4.72  6.9e-14  4.8e-3   0.33   0.68  12.17    164   1.02
theta[6,31]  1318.0  584.32 1006.4     0.33    1.64 1982.9 2085.7 2351.6      3   4.14
theta[7,31]    3.26     1.5    5.7   6.6e-9    0.02   0.38   3.82  16.54     14   1.21
theta[8,31]    7.53     6.6  20.91  2.0e-10    0.01   0.41   1.98   69.5     10   1.61
theta[9,31]  412.75  113.58 203.16     0.33  379.96 418.15 489.27 715.18      3   2.79
theta[10,31]  19.56   10.94  34.45   3.3e-9    0.15   2.83   19.9 124.81     10   1.71
theta[11,31]  77.24   77.03 232.77  1.4e-18  2.1e-4   0.21   0.44 816.75      9   2.15
theta[12,31] 945.99  891.99 2255.9  1.3e-13  2.0e-4   0.07   3.83 6605.9      6   2.38
theta[1,32]  1298.5  170.78 530.92     0.12  1428.6 1511.6 1555.6 1640.5     10   1.58
theta[2,32]    0.36    0.25    0.6  3.4e-13  7.9e-5   0.08    0.5   2.15      6   1.37
theta[3,32]   4.7e4  4031.0  1.5e4     0.32   4.9e4  5.0e4  5.2e4  6.0e4     13   1.31
theta[4,32]  3213.0  1444.2 2681.4     0.04    0.31 4944.8 5241.1 6808.8      3   2.84
theta[5,32]  1908.2  2194.2 7657.6  2.8e-13    0.02   0.83 907.56 8516.8     12   1.25
theta[6,32]  1073.3   426.9 1004.8     0.04    0.25 1433.3 1734.8 3238.5      6    1.9
theta[7,32]    0.77    0.43   1.35  3.8e-11  2.4e-3   0.08   0.89   4.87     10   1.46
theta[8,32]    0.57    0.32   1.15  8.6e-14  3.7e-5   0.03    0.7   3.69     13   1.25
theta[9,32]  479.53  197.48 353.14     0.35    1.45  662.7 721.71 984.24      3   2.35
theta[10,32] 440.86  302.38 968.72  3.8e-19  8.1e-7   0.03   6.05 3529.5     10   1.49
theta[11,32]   0.75    0.19   1.39  4.0e-11  6.8e-3   0.18   1.02   4.13     56   1.12
theta[12,32]  1.1e4  6512.4  1.5e4     0.25    2.16 7825.5 8765.5  6.3e4      5   1.69
theta[1,33]  159.65     4.3  29.37    18.76  152.71 162.97 173.25 193.41     47   1.06
theta[2,33]    0.41    0.37   0.67  5.2e-10  6.3e-5   0.04   0.72   1.98      3   1.69
theta[3,33]  973.24  141.56 210.12   734.38  827.29 885.78 1202.1 1378.1      2    3.2
theta[4,33]  149.33   61.29  91.95     0.17    9.99 183.44 214.77 265.69      2    2.9
theta[5,33]    5.29    2.42  11.38  6.7e-13  5.4e-3   0.35   3.36   41.2     22   1.21
theta[6,33]  297.33  125.49 182.92   7.9e-3    2.08  360.6 427.83 523.03      2   4.03
theta[7,33]    2.21    0.47   3.76  5.2e-10    0.03   0.54   2.57   13.9     64   1.06
theta[8,33]  140.09    3.52   20.2   102.72  126.09 139.32  153.2 181.97     33   1.05
theta[9,33]   48.16    22.9  34.21     0.06    0.93  50.91  74.01 108.12      2   2.97
theta[10,33]  16.04   17.88  44.71  5.8e-10    0.01   0.23   7.18 169.84      6   1.38
theta[11,33]   0.75    0.46   2.05  4.3e-14 10.0e-5 5.1e-3   0.29   7.73     20   1.21
theta[12,33]   5.62    3.27  11.28  2.2e-16  9.2e-4   1.71   4.39   43.2     12   1.27
theta[1,34]  219.82   11.06  40.24    74.46  210.47 225.61  240.5  267.1     13   1.17
theta[2,34]    0.33    0.12   0.64  6.8e-11  9.6e-3   0.08    0.3   2.34     30   1.14
theta[3,34]  1879.9  772.12 1118.9     0.29    4.93 2427.9 2536.4 2873.1      2   4.63
theta[4,34]  392.36  267.77 475.37     0.73  149.13  214.9 280.66 1391.1      3   2.11
theta[5,34]   18.52   21.85 195.43  1.2e-12  7.8e-6   0.03   0.15  21.29     80   1.03
theta[6,34]  1237.5  485.61 727.42    11.37  841.04 901.08 1625.3 3128.1      2    3.6
theta[7,34]   23.67   27.56  41.41  5.4e-10  5.7e-3   1.25  10.68 129.61      2   3.12
theta[8,34]   64.95   28.12  52.78     0.03    0.37   69.1 100.33 166.76      4   1.73
theta[9,34]  124.48    50.8  77.61     0.17    1.05  156.2  176.1 217.87      2   2.79
theta[10,34]  33.49   37.99 137.36   1.1e-9    0.02   0.34   1.41 606.31     13   1.31
theta[11,34]   0.54     0.3   1.06  1.3e-14  1.3e-4   0.06    0.6   3.95     13   1.25
theta[12,34]  11.15   12.25 122.98  2.2e-10    0.01   0.23    1.0  11.44    101   1.03
theta[1,35]  977.84   12.59  56.44   858.45  942.36 980.62 1016.1 1083.1     20   1.21
theta[2,35]    0.61    0.51   0.87  1.9e-12  8.5e-4   0.16   1.16   2.93      3   1.93
theta[3,35]   1.7e4  7128.6  1.1e4   8.3e-3    0.21  2.4e4  2.5e4  2.5e4      3   2.82
theta[4,35]  2114.3  366.29 1310.8     0.12  1647.9 1838.0 2056.3 4694.7     13   1.49
theta[5,35]  534.54  621.95 1206.3   2.7e-9    0.23   1.91   9.05 3568.7      4   2.17
theta[6,35]   415.9  185.63 330.64     0.06    6.97 438.54 651.93 1041.8      3   1.87
theta[7,35]    0.77    0.45   1.11  2.8e-12  6.8e-5   0.38   1.04   3.75      6   1.77
theta[8,35]    1.59     0.9   3.21  2.8e-17  3.9e-4   0.07   1.73  12.85     13   1.22
theta[9,35]  248.77  107.87 191.34     0.12    0.58 359.64 402.73 465.21      3   4.61
theta[10,35]   0.99    0.32   2.35  4.9e-15  1.9e-3   0.21   0.94   7.07     54   1.06
theta[11,35]   0.55    0.27   1.16  9.1e-10  7.2e-4   0.07   0.43   4.31     18   1.22
theta[12,35]  1.2e4  6181.1  1.0e4   4523.5  5075.9 5508.7  2.4e4  3.2e4      3   2.59
theta[1,36]  271.57     9.9  44.26   136.81   262.0 279.56 295.46 325.82     20   1.31
theta[2,36]    0.26    0.07   0.59  1.7e-10  3.4e-3   0.09    0.2   1.95     66   1.06
theta[3,36]  1977.7   894.8 1503.0     0.16    0.32 3024.5 3150.0 3307.6      3   5.49
theta[4,36]  987.68  362.49 594.74   464.12  570.12 640.24 1245.2 2161.6      3   3.12
theta[5,36]  100.43    92.3  396.1  6.0e-12    0.02   0.34   4.74 1755.1     18   1.34
theta[6,36]  1628.1  399.23 691.03   1010.2  1126.5 1240.2 1865.4 3170.4      3   2.74
theta[7,36]    21.4   14.07  38.98  3.0e-10  7.7e-3   0.94  21.12 128.74      8   1.46
theta[8,36]  245.06   18.68  82.04     2.97  215.49 247.24 294.93 373.28     19    1.2
theta[9,36]  123.71   42.25   76.8     0.54   54.93 154.72 185.94  227.0      3   1.99
theta[10,36]   8.84     4.9  23.25  9.7e-12  2.7e-3   0.23   1.86  88.02     23   1.08
theta[11,36]   0.41    0.16   1.39  6.3e-10  9.4e-5 2.3e-3   0.12   3.95     75   1.05
theta[12,36] 221.33  157.93 585.01  2.9e-10    0.01   0.91   7.64 1985.3     14   1.35
theta[1,37]  194.05   82.29  128.3     0.01    0.55  263.8 286.81 320.16      2    2.9
theta[2,37]    1.12    0.44   1.77  8.6e-13  6.2e-3   0.34   1.71   5.12     16   1.19
theta[3,37]  1931.2  785.17 1315.4     0.24     0.8 2485.8 2660.2 3560.5      3    2.3
theta[4,37]  231.09  155.63 225.09     0.02    0.09 275.01 451.11 546.83      2   4.78
theta[5,37]  980.52  714.12 1375.3  3.6e-10    1.77 204.03 2552.3 4127.5      4   1.76
theta[6,37]  1201.7  545.46 953.92      0.1  436.74 1306.2 1568.7 4905.9      3    2.0
theta[7,37]  107.08   23.62  49.14     1.87   81.16 107.53 137.67 187.61      4   1.48
theta[8,37]  173.05   47.79   91.9     0.17  158.25  199.1 232.23 298.64      4   1.81
theta[9,37]   136.0   69.74 104.18     0.35    0.56  134.3 184.12 323.46      2   3.12
theta[10,37] 100.25   63.77 135.22  3.7e-15    0.06  12.96 224.55 398.68      4   2.02
theta[11,37]    3.0    2.89   5.31  5.8e-12  5.0e-3   0.62   3.43  19.19      3   1.82
theta[12,37]   4.61    2.24  10.36  3.0e-11    0.02   1.07   3.29   35.7     21    1.3
theta[1,38]  413.28  168.89 239.88     0.04  201.76 538.44 563.22 605.11      2  10.43
theta[2,38]    0.35    0.21   0.54  7.5e-13  1.9e-3   0.11   0.55   1.55      6   1.29
theta[3,38]   1.7e4   84.07  311.6    1.6e4   1.6e4  1.7e4  1.7e4  1.7e4     14    1.1
theta[4,38]  735.18   89.32 242.51      1.3  650.81 757.74 870.97 1127.4      7   1.43
theta[5,38]  465.21  568.15 809.19  1.8e-16  1.2e-4   0.46 665.91 2119.1      2   8.78
theta[6,38]  2482.9  404.65 611.31   1742.0  1996.4 2204.1 3058.0 3617.7      2   3.15
theta[7,38]    0.45    0.07   1.26  1.1e-13  4.9e-3   0.18    0.3    2.9    369   1.01
theta[8,38]    0.52    0.16   1.24  9.5e-11  1.9e-3   0.06   0.43   4.01     57   1.06
theta[9,38]  209.71  108.75 178.99      0.1    0.41  311.6 367.19 434.85      3   2.86
theta[10,38]  15.34   15.93  53.27  1.2e-10  1.0e-3   0.36   5.31 228.02     11   1.33
theta[11,38]   1.11    0.42   3.02  5.1e-11  8.8e-4   0.07   0.65   9.95     51   1.06
theta[12,38] 2394.0  714.84 1065.2    20.39  1854.2 2816.1 3097.2 3678.3      2    3.2
mu[1]        780.95   74.77 510.98   247.45  460.35 655.68 939.52 2070.7     47   1.06
mu[2]         67.42    2.64   41.8    24.49   41.63  56.63  79.85 172.67    251   1.04
mu[3]         2.4e4  1522.5  1.4e4   8457.6   1.5e4  2.1e4  2.9e4  6.3e4     87   1.05
mu[4]        1925.2  153.83 1273.2   594.58  1137.5 1594.0 2304.6 5391.4     69   1.04
mu[5]        1685.2  1154.5 2358.4    44.18   89.64 434.85 2634.7 8290.6      4    1.7
mu[6]        3809.5   68.55 2265.1   1400.8  2363.5 3227.2 4574.2 9649.0   1092   1.01
mu[7]         73.57    1.53  43.14     27.0   45.61  63.04   88.7 181.68    796    1.0
mu[8]         89.72     1.7   51.8    33.78    56.3  75.68 107.85 227.53    927   1.01
mu[9]        808.85   86.62  569.6   228.89  471.62 668.19 972.44 2250.1     43   1.06
mu[10]       144.68   63.97 155.95     23.4   47.05  98.67 188.51 504.63      6   1.24
mu[11]       134.88   28.09 121.98    42.59   72.19 100.03 147.78 475.57     19   1.15
mu[12]       3941.3  1209.2 3400.1   1042.1  1936.5 2933.6 4800.3  1.3e4      8   1.22
lp__          7.3e6   2.3e4  4.2e4    7.2e6   7.2e6  7.3e6  7.3e6  7.3e6      3   2.32

Samples were drawn using NUTS at Thu Mar  3 15:28:22 2022.
For each parameter, n_eff is a crude measure of effective sample size,
and Rhat is the potential scale reduction factor on split chains (at 
convergence, Rhat=1).
Warning: some signatures do not have substantial loadings attributed to them: SBS1, SBS2, SBS13, SBS17a, SBS17b, SBS18
max loadings: [ 9.  4. 83. 18. 25. 37.  3.  8. 10.  3. 17. 36.]
