python scripts/infer-loadings-only-2.py data/WGS_PCAWG.96.ready.Lung-AdenoCA.tsv Lung-AdenoCA  --signatures-prefix Signature --signatures 1 2 3 4 5 9 13 17a 17b 18 28 40 --save-dir WGS_PCAWG.96.ready.Lung-AdenoCA_ALT/synthetic_data --subst-type SBS -n 38 -a 0.00 --zeta 1    
data/WGS_PCAWG.96.ready.Lung-AdenoCA.tsv
Using 38 samples
Using SBS1, SBS2, SBS3, SBS4, SBS5, SBS9, SBS13, SBS17a, SBS17b, SBS18, SBS28, SBS40
inferring loadings for 38 samples
zeta = 1
Using cached StanModel for normalized_joint_loadings_only
a0: 1.0465355286837101 b0: 222.98157607396396

Gradient evaluation took 0 seconds
1000 transitions using 10 leapfrog steps per transition would take 0 seconds.
Adjust your expectations accordingly!



Gradient evaluation took 0 seconds
1000 transitions using 10 leapfrog steps per transition would take 0 seconds.
Adjust your expectations accordingly!




Gradient evaluation took 0 seconds
1000 transitions using 10 leapfrog steps per transition would take 0 seconds.
Adjust your expectations accordingly!

Gradient evaluation took 0 seconds

1000 transitions using 10 leapfrog steps per transition would take 0 seconds.
Adjust your expectations accordingly!


Iteration:    1 / 3000 [  0%]  (Warmup)
Iteration:    1 / 3000 [  0%]  (Warmup)
Iteration:    1 / 3000 [  0%]  (Warmup)
Iteration:    1 / 3000 [  0%]  (Warmup)
Iteration:  300 / 3000 [ 10%]  (Warmup)
Iteration:  300 / 3000 [ 10%]  (Warmup)
Iteration:  300 / 3000 [ 10%]  (Warmup)
Iteration:  600 / 3000 [ 20%]  (Warmup)
Iteration:  600 / 3000 [ 20%]  (Warmup)
Iteration:  300 / 3000 [ 10%]  (Warmup)
Iteration:  900 / 3000 [ 30%]  (Warmup)
Iteration:  600 / 3000 [ 20%]  (Warmup)
Iteration:  900 / 3000 [ 30%]  (Warmup)
Iteration:  600 / 3000 [ 20%]  (Warmup)
Iteration:  900 / 3000 [ 30%]  (Warmup)
Iteration: 1200 / 3000 [ 40%]  (Warmup)
Iteration: 1200 / 3000 [ 40%]  (Warmup)
Iteration:  900 / 3000 [ 30%]  (Warmup)
Iteration: 1200 / 3000 [ 40%]  (Warmup)
Iteration: 1500 / 3000 [ 50%]  (Warmup)
Iteration: 1501 / 3000 [ 50%]  (Sampling)
Iteration: 1500 / 3000 [ 50%]  (Warmup)
Iteration: 1501 / 3000 [ 50%]  (Sampling)
Iteration: 1200 / 3000 [ 40%]  (Warmup)
Iteration: 1500 / 3000 [ 50%]  (Warmup)
Iteration: 1501 / 3000 [ 50%]  (Sampling)
Iteration: 1800 / 3000 [ 60%]  (Sampling)
Iteration: 1800 / 3000 [ 60%]  (Sampling)
Iteration: 1500 / 3000 [ 50%]  (Warmup)
Iteration: 1501 / 3000 [ 50%]  (Sampling)
Iteration: 1800 / 3000 [ 60%]  (Sampling)
Iteration: 2100 / 3000 [ 70%]  (Sampling)
Iteration: 2100 / 3000 [ 70%]  (Sampling)
Iteration: 1800 / 3000 [ 60%]  (Sampling)
Iteration: 2100 / 3000 [ 70%]  (Sampling)
Iteration: 2400 / 3000 [ 80%]  (Sampling)
Iteration: 2400 / 3000 [ 80%]  (Sampling)
Iteration: 2100 / 3000 [ 70%]  (Sampling)
Iteration: 2400 / 3000 [ 80%]  (Sampling)
Iteration: 2700 / 3000 [ 90%]  (Sampling)
Iteration: 2700 / 3000 [ 90%]  (Sampling)
Iteration: 2400 / 3000 [ 80%]  (Sampling)
Iteration: 2700 / 3000 [ 90%]  (Sampling)
Iteration: 3000 / 3000 [100%]  (Sampling)

 Elapsed Time: 4551.06 seconds (Warm-up)
               9563.05 seconds (Sampling)
               14114.1 seconds (Total)

Iteration: 3000 / 3000 [100%]  (Sampling)

 Elapsed Time: 4832.75 seconds (Warm-up)
               9301.21 seconds (Sampling)
               14134 seconds (Total)

Iteration: 2700 / 3000 [ 90%]  (Sampling)
Iteration: 3000 / 3000 [100%]  (Sampling)

 Elapsed Time: 6188.86 seconds (Warm-up)
               9522.61 seconds (Sampling)
               15711.5 seconds (Total)

Iteration: 3000 / 3000 [100%]  (Sampling)

 Elapsed Time: 7696.01 seconds (Warm-up)
               9558.35 seconds (Sampling)
               17254.4 seconds (Total)

Inference for Stan model: normalized_joint_loadings_only_459ea4a3f842ccf2483db91ef70eb873.
4 chains, each with iter=3000; warmup=1500; thin=1; 
post-warmup draws per chain=1500, total post-warmup draws=6000.

               mean se_mean     sd    2.5%    25%    50%    75%  97.5%  n_eff   Rhat
theta[1,1]   285.09  100.46  169.1    0.96  199.9 236.04 320.02 670.41      3    2.8
theta[2,1]   1365.9   35.91 157.91  1064.8 1326.6 1380.5 1431.8 1612.7     19    1.2
theta[3,1]   4601.5  591.89 1914.4    0.98 4170.6 4673.4 5316.3 7533.3     10   1.76
theta[4,1]    3.3e4  447.59 1288.3   3.1e4  3.2e4  3.2e4  3.3e4  3.6e4      8   2.05
theta[5,1]   3345.3  1378.3 2052.5    0.09   5.83 4183.9 4546.9 5673.9      2   3.48
theta[6,1]    36.62   29.97 108.29 4.4e-10   0.02   0.73   4.32 426.13     13   1.36
theta[7,1]   1217.6   47.93  91.19  1033.6 1155.5 1226.6 1280.4 1385.5      4   1.53
theta[8,1]     1.55    0.53   3.91 3.2e-14 1.4e-4   0.07   1.34  12.22     55   1.05
theta[9,1]     0.93    0.77   1.42 8.7e-12 1.8e-4   0.04   2.09   3.76      3   1.53
theta[10,1]  3930.7  767.44 1685.1    1.32 4177.3 4460.2 4739.5 5602.7      5   2.47
theta[11,1]    1.11    0.38   1.92 6.8e-10    0.1   0.47   1.24   6.27     26   1.16
theta[12,1]  5980.8  2123.8 3743.1    0.04 4454.7 5008.0 6379.6  1.5e4      3   3.03
theta[1,2]   322.62   132.0 190.11    0.08 124.24 411.97 442.98 504.09      2   5.25
theta[2,2]   1299.0   44.26 231.16    6.73 1293.4 1334.8 1375.1 1458.0     27   1.12
theta[3,2]   1272.6   222.4 751.24    0.18  904.7 1441.8 1795.3 2444.4     11   1.38
theta[4,2]    2.3e4  140.04 404.76   2.2e4  2.3e4  2.3e4  2.3e4  2.4e4      8   1.22
theta[5,2]   5335.2  527.03  890.7  4234.6 4819.5 5065.1 5777.3 7072.1      3   1.93
theta[6,2]    33.98   14.47  77.81 4.4e-12    0.1   3.76  25.35 261.23     29   1.14
theta[7,2]   1045.8   16.28  63.39  917.49 1009.0 1046.6 1085.7 1161.9     15   1.11
theta[8,2]      1.6    0.36   3.14 2.0e-10 5.2e-3   0.26   2.11   9.13     76   1.06
theta[9,2]     1.49    0.22   3.24 7.9e-11 2.9e-3    0.2   1.67  10.55    227   1.03
theta[10,2]  4069.6  361.84 560.47  3326.6 3676.9 3883.8 4441.1 5289.8      2   2.44
theta[11,2]     1.8    0.54   4.44 3.1e-10   0.02    0.3   1.52  12.52     69   1.05
theta[12,2]  3652.2  406.37 1258.6  1292.4 3251.0 3643.2 4014.3 7953.8     10   1.27
theta[1,3]   1279.6   62.72  97.98  1146.1 1209.0 1247.9 1346.1 1486.6      2   2.32
theta[2,3]   297.36   102.4 171.23    0.16 238.14 379.51 421.47 472.84      3   2.25
theta[3,3]   1272.4  524.84 789.21     0.1 423.49 1554.7 1746.6 2728.4      2   3.05
theta[4,3]   297.83   92.19 258.19    0.13  16.19 320.67  457.6 847.63      8   2.24
theta[5,3]   2334.6  952.86 1381.9  9.0e-3 815.89 2995.9 3249.5 3732.1      2   6.58
theta[6,3]    15.05    5.21  36.32  6.9e-9 2.3e-3   0.39    7.3 137.22     49   1.06
theta[7,3]   420.57   97.97  241.0    0.03 390.15 544.61  582.1 635.71      6   2.46
theta[8,3]     2.11    0.24   4.29 4.2e-11 4.0e-3   0.52   2.87   14.1    309   1.02
theta[9,3]     10.7    4.85  14.89  2.4e-6   0.76   1.71  18.21  49.52      9    1.2
theta[10,3]  703.92  112.79  202.7  327.79 532.08 750.11 865.16 1014.6      3   1.74
theta[11,3]    1.12    0.19   3.09 5.6e-11 2.5e-3   0.12   0.77   9.59    267   1.02
theta[12,3]  3678.0  1246.1 1926.3  1588.7 2057.9 2761.2 5687.4 7009.2      2   3.99
theta[1,4]    555.8   59.16   88.5  432.26 484.72 532.15 627.52  727.4      2   2.93
theta[2,4]   2384.7    58.0 111.18  2173.8 2316.2 2404.4 2457.5 2554.4      4    1.5
theta[3,4]   1959.0  309.28 724.32    2.42 1678.0 1882.4 2239.7 2969.4      5   1.34
theta[4,4]   646.93  278.85 436.75  7.7e-3   0.13 807.55 988.59 1207.3      2   2.47
theta[5,4]   852.17  599.43 858.85  5.1e-6   0.47 340.82 1698.5 2046.0      2   6.06
theta[6,4]    40.87   31.05  76.93 1.9e-14 2.6e-4   0.33  45.17 258.88      6   1.41
theta[7,4]   4220.5   30.17  87.08  4046.8 4163.0 4221.0 4279.2 4390.3      8   1.15
theta[8,4]     2.27    0.54   4.92 5.1e-10   0.07   0.49   1.61  17.22     82   1.07
theta[9,4]      2.6    1.17   6.88  1.8e-8   0.09   0.19   0.44  26.47     34   1.15
theta[10,4]  1726.4  706.46 1011.2    0.05 717.26 2216.5 2334.5 2819.8      2   6.48
theta[11,4]    0.79    0.37    1.9 8.4e-12 1.6e-4   0.04   0.55   6.62     27   1.15
theta[12,4]  3764.6  1498.6 2215.8  1428.8 2093.6 3015.0 6590.9 7700.1      2   3.67
theta[1,5]    12.02    8.94  85.84  3.3e-9   0.02   0.52   3.42  49.36     92   1.03
theta[2,5]   5398.0  142.06 251.08  5069.8 5231.7 5322.2 5481.0 5946.6      3   1.89
theta[3,5]    2.7e4   1.2e4  2.1e4   1.3e4  1.5e4  1.5e4  1.6e4  6.5e4      3   2.06
theta[4,5]    4.0e4   1.3e4  2.2e4    0.27  5.1e4  5.2e4  5.2e4  5.3e4      3   1.96
theta[5,5]    1.9e4  5968.9  1.0e4    0.24  2.3e4  2.4e4  2.5e4  2.6e4      3   2.12
theta[6,5]    72.55   71.25 173.76 5.0e-10   0.03   4.92  16.65 639.53      6   1.71
theta[7,5]   5643.4  433.67 845.57  4223.5 5822.4 6021.3 6124.5 6294.0      4    1.7
theta[8,5]     1.52    0.38   6.09 3.5e-13 1.5e-3   0.02   0.38  15.64    253   1.02
theta[9,5]   181.94  110.77 182.32 2.3e-10    0.1 253.11 360.12 431.63      3   2.21
theta[10,5]   1.3e4  6841.3  1.3e4  3575.9 6138.9 6428.7 6990.9  3.6e4      3   1.76
theta[11,5]    0.76    0.39   1.63 5.2e-10 1.2e-4   0.02   0.96   4.54     17   1.11
theta[12,5]  702.41  689.31 1269.9  3.4e-8   0.14  46.01 883.68 3685.4      3   1.79
theta[1,6]   154.09    5.58  15.59  125.03 143.03 153.56 164.26 186.14      8   1.16
theta[2,6]    11.61    2.72  10.04  7.8e-3   1.02  10.48  18.63  32.86     14   1.63
theta[3,6]   112.14   97.01 142.75  1.4e-6   1.11  27.22 258.14 386.56      2   3.73
theta[4,6]    46.84    8.37  30.35  3.6e-8  22.72  49.52  68.51 103.41     13   1.17
theta[5,6]   158.45   65.57 101.26    0.16  29.09 189.26 231.85 308.56      2    2.5
theta[6,6]     2.33    0.93   4.82 2.9e-17   0.01   0.44   1.92  16.83     27   1.14
theta[7,6]     0.55    0.27   1.27 5.3e-12 1.7e-5   0.04   0.41   4.32     22   1.19
theta[8,6]     0.41    0.12   1.01 1.5e-10 2.2e-3   0.14   0.22   3.37     74   1.06
theta[9,6]     0.58    0.41   0.89 2.7e-11 9.3e-4   0.05   1.06   2.77      5   1.39
theta[10,6]    19.4    12.7  27.23  3.3e-3   0.18   0.61  39.04  84.02      5   1.39
theta[11,6]    0.75     0.4   1.43 4.5e-12 7.9e-3   0.18   0.64   4.91     13   1.16
theta[12,6]   80.58   35.06  75.94  2.1e-7   0.16  78.86 142.27 231.43      5   1.41
theta[1,7]   626.97   83.88 178.85  462.66 539.32 572.49 626.67 962.54      5   1.45
theta[2,7]   2255.6  148.89 218.76  2003.7 2110.7 2166.4 2409.5 2696.7      2   3.71
theta[3,7]   1700.1  701.39 1271.5  2.3e-8   0.26 2395.0 2704.4 3157.1      3   1.98
theta[4,7]   9879.8  1414.5 2024.0  8232.8 8547.8 8764.0  1.2e4  1.4e4      2   7.23
theta[5,7]   5691.2  2326.8 3320.4    0.09 2908.6 7341.3 7604.4 9488.4      2   8.48
theta[6,7]   1375.2  1547.4 2193.7    0.03   0.53 174.61 2823.3 5328.8      2  15.42
theta[7,7]   2047.3  108.78  163.4  1849.3 1933.1 1983.6 2156.7 2383.3      2   2.89
theta[8,7]     1.23    0.32   2.85  3.9e-9 1.2e-4    0.3   1.01   9.64     78   1.05
theta[9,7]     1.48    1.32   2.73 2.8e-11 3.1e-3   0.08   1.96   9.76      4   1.45
theta[10,7]  568.38  222.84 364.93     0.1 185.52 694.29 850.54 1077.5      3   2.17
theta[11,7]    0.98    0.32   2.31 3.7e-11   0.06   0.36   0.67   7.74     53   1.07
theta[12,7]   151.0  123.35 435.04 7.6e-15   0.03   0.44  14.88 1767.8     12   1.37
theta[1,8]    78.81   33.59  53.47    0.06  12.19  87.57 112.15  175.8      3   2.55
theta[2,8]    226.6   56.27 119.02    0.06 219.16 270.08 301.78 367.27      4    1.7
theta[3,8]   1866.1  574.59 1206.3   31.67 1305.8 1663.3 2147.3 6247.2      4   1.51
theta[4,8]    1.2e4  547.91  915.4   1.0e4  1.2e4  1.2e4  1.2e4  1.4e4      3   2.84
theta[5,8]   2236.2  919.71 1347.6  9.8e-3   1.01 2850.1 3048.5 3589.5      2   4.07
theta[6,8]     6.63    3.44  12.92 8.0e-10   0.01   0.89   5.87  48.66     14   1.34
theta[7,8]   251.49   29.86  83.53    0.04 205.43 276.04 307.42 358.33      8   1.27
theta[8,8]     3.19    1.46   6.42  6.2e-9   0.05    0.2   3.41  22.18     19   1.13
theta[9,8]     0.41    0.08   0.88 3.5e-10   0.02   0.15   0.37   2.63    129   1.02
theta[10,8]  1572.8  460.39 803.35    0.16 1379.4 1581.7 2006.2 3159.4      3   2.68
theta[11,8]    0.65    0.28   1.87 3.2e-11 1.5e-4   0.02   0.32   6.68     44   1.09
theta[12,8]  1977.4  497.09 1258.2    0.25 1233.9 1586.2 2446.4 4761.3      6   1.33
theta[1,9]   283.18  116.89 174.51    0.26    1.3 363.77 396.52 459.68      2   3.15
theta[2,9]   2026.1   17.34  63.98  1906.8 1982.6 2023.9 2067.1 2157.3     14   1.09
theta[3,9]   5849.9  4864.2 6907.4  1009.3 1620.6 1969.3  1.3e4  1.8e4      2  11.14
theta[4,9]    1.7e4  6897.0 9762.3    0.01 8505.5  2.2e4  2.3e4  2.3e4      2  26.57
theta[5,9]   4351.5  1792.9 2668.9  1.3e-7   7.62 5832.9 6088.5 6515.4      2   3.22
theta[6,9]    12.11    3.11  33.05 4.5e-14   0.06   0.69   3.64 125.83    113   1.04
theta[7,9]   1619.0  189.74 274.63  1086.2 1361.5 1751.3 1802.7 1885.4      2   4.55
theta[8,9]     0.41    0.15   1.81 9.4e-16 3.5e-9 2.3e-4   0.02   4.68    146   1.03
theta[9,9]     0.25    0.14   0.46 5.0e-12 1.7e-5 9.9e-3   0.46   1.21     11   1.14
theta[10,9]  6976.2  4257.3 6029.7  3037.3 3368.0 3567.0  1.2e4  1.8e4      2  19.18
theta[11,9]     0.4    0.09   0.98 4.6e-14 7.7e-5   0.11   0.43   2.46    109   1.06
theta[12,9]  384.57  188.55 627.04  3.6e-7   0.95 138.06 605.04 1579.0     11   1.16
theta[1,10]  438.07  100.48 216.05    5.71 451.19 509.37 549.78 643.33      5   1.56
theta[2,10]  3984.7  868.89 1743.1    0.08 4608.2 4718.0 4797.4 4960.9      4    2.4
theta[3,10]   1.8e4  2675.1  1.1e4    0.57  1.6e4  1.7e4  1.8e4  4.9e4     17    1.3
theta[4,10]   4.9e4   1.3e4  2.3e4  7.3e-5  5.9e4  6.0e4  6.0e4  6.1e4      3   2.35
theta[5,10]   1.5e4  1857.3 7070.5  1350.1  1.6e4  1.7e4  1.7e4  1.8e4     14   1.13
theta[6,10]     7.0    1.09  22.02 1.2e-10 7.5e-4   0.66   3.88  67.99    411   1.01
theta[7,10]  2616.0  435.12 875.72    4.57 2881.3 2991.4 3065.3 3197.0      4    2.2
theta[8,10]  135.19   44.87 123.98  1.1e-6   4.82 151.65 243.99  348.2      8   1.75
theta[9,10]  657.65  199.83 332.47    0.04 740.89 806.63 847.91 919.68      3    2.3
theta[10,10] 9955.0  5272.8  1.2e4  4143.2 4890.6 5194.6 5595.8  3.7e4      5   1.64
theta[11,10]   1.51    0.35   3.49 1.6e-10 8.7e-3   0.12    1.0  11.87    101   1.03
theta[12,10]  1.4e4  8828.3  2.1e4  3722.9 5131.0 5784.6 6677.2  7.2e4      6   2.64
theta[1,11]  280.36   28.04  66.01  169.47  233.4 300.57 326.87 363.93      6   1.36
theta[2,11]  2068.1   51.91  98.44  1880.1 1993.8 2079.6 2143.3 2236.5      4   1.61
theta[3,11]  3810.9  1259.1 2180.7  1148.2 1661.8 3492.5 4306.5 7823.6      3   2.35
theta[4,11]  4195.7  435.47 748.92  3058.6 3570.2 4438.0 4894.5 5181.0      3   1.97
theta[5,11]  777.84  837.71 1252.0  1.4e-3   0.05   0.36 2583.0 3036.3      2    3.3
theta[6,11]    4.49    3.92   9.08 2.1e-12 2.1e-3   0.12   5.78  37.22      5   1.42
theta[7,11]  1281.2  823.06 1219.5 9.7e-11 1.3e-6 2310.7 2445.8 2561.9      2   3.64
theta[8,11]    0.56    0.18   0.89 1.9e-10 3.3e-3   0.14   0.85   3.02     23   1.22
theta[9,11]    0.81    0.69   1.18 5.5e-11   0.01   0.07   2.01   2.92      3   1.72
theta[10,11]   86.7   65.66 224.73  2.1e-8    0.2   2.63  13.02  815.6     12   1.27
theta[11,11]   1.35    0.76   2.02 3.0e-11 6.8e-4   0.49   1.83   6.53      7   1.24
theta[12,11] 1544.5  1116.9 1747.9  2.0e-8   0.13 1170.1 3771.6 4547.8      2   2.64
theta[1,12]  429.02    2.62  41.72  357.43 402.01 426.62 452.38 510.06    254   1.01
theta[2,12]  971.79   64.84 116.01  742.27 856.86 1013.6 1057.4 1126.8      3   1.82
theta[3,12]  4671.7  1819.6 3026.1    0.02  15.05 6411.8 6760.2 7284.8      3   2.31
theta[4,12]   3.6e4  634.06 1231.2   3.5e4  3.5e4  3.6e4  3.7e4  3.8e4      4   1.73
theta[5,12]  4412.7  612.48 1040.8  3244.7 3661.3 3928.0 5635.2 6370.3      3   2.08
theta[6,12]    3.58    1.87   6.44 4.9e-11 6.6e-3   0.47    4.2  22.27     12   1.26
theta[7,12]  1340.3   36.34  81.33  1201.2 1281.8 1330.9 1395.6 1511.6      5   1.34
theta[8,12]    1.12    0.68   2.42  1.8e-9   0.01   0.13   0.78   8.78     13   1.34
theta[9,12]     0.4    0.09   0.87 4.8e-12 3.5e-4   0.06    0.4   2.67    104   1.04
theta[10,12] 4410.7  320.74 789.89  3133.3 3855.3 4683.5 4913.2 5280.0      6   1.39
theta[11,12]    0.4    0.08   0.78 5.7e-10 4.5e-3   0.19   0.44   2.42    107   1.03
theta[12,12] 1021.9  921.81 1567.5 2.5e-12 8.3e-3   5.36 3006.6 3969.0      3   2.21
theta[1,13]  422.73   22.69  40.13  358.98 393.55 416.05 448.56 509.01      3   1.66
theta[2,13]   98.95    28.1  47.99    0.09  78.77  95.22 123.78 184.85      3   2.56
theta[3,13]  364.68  409.91 597.87  2.2e-9   0.14   9.26 318.09 1503.4      2   4.35
theta[4,13]   72.25   45.13  71.16  2.7e-4   1.59  53.97 133.81 211.68      2   2.23
theta[5,13]  934.07  381.93 565.77    0.22 363.57 1154.6 1270.2 1736.5      2    4.4
theta[6,13]    4.62     2.0  12.77 1.2e-10   0.03   0.16   1.55  45.62     41   1.05
theta[7,13]    3.15    1.01   5.14  1.2e-9   0.05   0.89   3.68  17.63     26   1.17
theta[8,13]    1.23    0.53   1.88 6.6e-11 3.1e-5   0.15   2.19   6.04     12   1.22
theta[9,13]    2.66    2.32   4.46  1.6e-9 1.3e-3    0.1   4.46  15.17      4   1.86
theta[10,13]  93.61   44.18  77.16    0.01   6.72  88.29 159.31 237.75      3   1.72
theta[11,13]   0.49    0.08    1.4 2.2e-20 5.9e-4   0.11   0.37   4.37    276   1.02
theta[12,13] 325.06   83.91 292.72    1.11  10.38  322.1 476.35 883.48     12    1.3
theta[1,14]  917.48   37.03  64.15  811.95 871.48 904.95 960.66 1051.3      3   1.74
theta[2,14]  158.45   25.13  86.92    0.32 139.43  168.2 201.16 326.25     12    1.7
theta[3,14]  198.03  221.09 410.84  1.6e-9   0.06   0.54  86.97  970.8      3   1.81
theta[4,14]  271.77  212.63 307.02    0.02  39.21 145.34 484.59  871.9      2   5.01
theta[5,14]  1139.0  470.31 732.05    0.15   0.32 1436.1 1604.7 1994.6      2   2.59
theta[6,14]  685.13  481.12 685.37  146.87 256.26 321.04 1253.5 1973.6      2   8.73
theta[7,14]  132.65   51.59  81.41  1.4e-3  103.9 135.54 194.99 263.88      2    2.6
theta[8,14]    0.83     0.3   2.71 7.5e-12 1.1e-3   0.06   0.19   7.86     82   1.05
theta[9,14]   17.81    7.67  17.84  2.1e-8   3.09    9.4  31.54  56.99      5   1.32
theta[10,14] 156.07   76.87 136.27  9.5e-7  18.54 119.91  294.0 393.53      3   2.16
theta[11,14]   1.59    0.99   2.47 9.9e-14 5.8e-4   0.13    3.2   6.83      6   1.27
theta[12,14] 579.67  411.96 602.12  8.1e-4    0.2  293.2 1142.8 1459.6      2   3.96
theta[1,15]  1160.7  411.41 732.17  466.31 555.27 626.74 1923.1 2284.0      3   3.25
theta[2,15]  8896.4  3634.3 5430.2    0.26  17.99  1.2e4  1.2e4  1.3e4      2    3.8
theta[3,15]   1.3e4  5451.4 9767.1    0.02    0.5  1.6e4  1.8e4  2.6e4      3   1.94
theta[4,15]   4.5e4   1.9e4  3.0e4    0.18   0.88  6.5e4  6.6e4  6.7e4      3   2.77
theta[5,15]   1.4e4  9947.3  1.4e4    0.03   0.65   1.74  2.9e4  3.0e4      2   5.89
theta[6,15]    2.81    1.66  12.65  1.3e-8 5.9e-3   0.24   1.21  29.64     58   1.04
theta[7,15]   1.2e4  4758.9 6754.2    0.43 3852.4  1.5e4  1.6e4  1.6e4      2  14.58
theta[8,15]    2.05    0.29   4.61 9.8e-10   0.05   0.97   1.89  12.76    256   1.01
theta[9,15]   40.23   48.26  71.69 6.5e-10    0.1   1.42  10.85 217.25      2   3.16
theta[10,15] 6579.8  3202.8 9139.9    0.05   4.81 6162.1 6742.5  3.2e4      8   2.42
theta[11,15]   0.27    0.09   1.31 3.0e-17 2.3e-5 7.5e-3   0.07   3.05    231   1.03
theta[12,15]  5.6e4   3.8e4  5.8e4  9225.5  1.1e4  3.5e4  1.2e5  1.6e5      2   3.51
theta[1,16]  421.67   14.07  57.33  344.45 390.93 417.11  446.6 547.41     17    1.2
theta[2,16]  8985.2   40.36 117.47  8762.7 8903.5 8986.3 9063.9 9213.7      8   1.15
theta[3,16]  2211.3  920.92 1727.4  5.0e-6   0.22 2677.1 3024.7 3615.7      4   1.56
theta[4,16]   1.6e4  447.26 1424.4   1.5e4  1.6e4  1.6e4  1.6e4  1.8e4     10   1.18
theta[5,16]  4404.6  196.03 522.68  3691.2 4147.8 4386.7 4667.5 5298.6      7   1.21
theta[6,16]   15.89    3.01  34.52 4.1e-12 1.3e-3   0.75  13.36 124.36    131   1.03
theta[7,16]  3562.0   12.53  88.12  3398.9 3508.0 3562.7 3619.6 3726.0     49   1.04
theta[8,16]    2.16    0.61   4.26  3.2e-9 3.6e-3   0.19   2.27  15.22     49   1.09
theta[9,16]     0.4    0.14   1.22 1.3e-11 2.8e-5   0.01   0.09   3.76     78    1.1
theta[10,16] 2285.3  389.13 1096.4    0.47 2178.7 2451.6 2641.8 2967.6      8   1.33
theta[11,16]   0.83    0.13   1.76 1.1e-10 3.3e-3    0.1   0.89   5.61    187   1.03
theta[12,16] 4551.6  691.38 1105.0  3158.4 3837.1 4210.4 5285.5 6836.7      3   2.16
theta[1,17]  511.51   42.02  96.22   395.2 447.24 479.14 530.96 731.36      5    1.8
theta[2,17]  9164.5   13.15 127.22  8906.2 9091.4 9169.8 9249.2 9389.6     94   1.03
theta[3,17]  1270.5  107.64 671.08    0.67 863.08 1368.4 1728.9 2443.9     39   1.07
theta[4,17]  5717.3   92.29 486.42  5099.7 5540.2 5709.6 5904.6 6454.1     28   1.16
theta[5,17]  3665.5  669.77 1832.8 1.1e-11 4071.3 4454.0 4718.8 5181.3      7    1.9
theta[6,17]  790.58  134.21 649.17   267.6 523.89 669.94 860.66 1495.7     23   1.14
theta[7,17]  6294.4   28.16 131.43  6005.0 6222.6 6309.9 6381.7 6513.5     22   1.18
theta[8,17]  3359.9   92.42 508.48  3208.3 3374.9 3432.6 3488.9 3594.7     30    1.1
theta[9,17]  6904.9    23.7 173.39  6656.5 6807.4 6888.4 6970.2 7185.4     54   1.06
theta[10,17] 605.81  252.85  410.1  3.5e-7   0.05 758.27  917.2 1157.2      3    2.2
theta[11,17] 1732.1   76.72 315.67  1230.5 1677.1 1804.1 1887.7 2041.5     17   1.21
theta[12,17] 7696.3  966.27 2552.5  5319.1 6150.7 6708.8 7762.2  1.4e4      7   1.62
theta[1,18]  391.62   11.52  32.49  326.93 370.29 392.34 413.57 454.04      8   1.19
theta[2,18]  298.58   14.35  32.66  236.54 274.89 298.39 321.81 361.26      5   1.29
theta[3,18]  571.25  174.17 359.41    0.21 305.05 517.44 834.09 1300.9      4   1.71
theta[4,18]    4.99    2.26  18.96 2.3e-16 2.5e-3   0.21   1.03  68.63     70   1.04
theta[5,18]  2406.3  143.63 324.19  1964.8 2203.2 2353.9 2513.4 3370.8      5   1.51
theta[6,18]   39.96   27.81  55.44  1.6e-9   0.02   7.46   71.6  179.0      4   1.55
theta[7,18]  177.12   24.14  73.13    1.35 174.54 197.92 219.25 258.24      9   2.02
theta[8,18]    0.45    0.12   1.67 6.2e-10 3.7e-5   0.04   0.13   4.78    204   1.03
theta[9,18]    2.88     2.8   4.55  2.1e-8 6.6e-3   0.18   5.26  14.78      3   2.17
theta[10,18] 817.73   65.79 109.91  625.42 728.03 819.17 902.74 1022.6      3   1.88
theta[11,18]   4.51    2.26   7.43 3.3e-10   0.02   1.22   5.98  26.48     11   1.33
theta[12,18] 517.23  368.01 536.42    0.06   0.31 139.59 1032.9 1373.1      2   3.96
theta[1,19]  162.31   67.42 105.29 1.8e-10   38.1  194.0 225.81 318.11      2   2.48
theta[2,19]  765.77  312.86  444.8    0.23 305.95 999.51 1045.9 1125.8      2   9.76
theta[3,19]  3193.8  694.94 3610.7  3.7e-9 2499.5 2949.5 3368.8 8479.9     27   1.15
theta[4,19]   4.1e4  1420.5 5303.5   3.8e4  4.2e4  4.2e4  4.3e4  4.4e4     14   1.19
theta[5,19]  6806.6  1216.6 3234.3    0.57 7701.4 8117.8 8468.3 9547.0      7   1.86
theta[6,19]    1.36     0.2   4.39 4.2e-10 3.5e-4   0.02   0.48  13.58    496   1.01
theta[7,19]  992.26   80.81 275.47    0.02 1018.8 1085.3 1133.3 1212.8     12   1.32
theta[8,19]    1.63    0.43   3.64 1.9e-11 5.8e-4   0.17   1.49  12.26     72   1.06
theta[9,19]    0.72    0.23   1.47 8.0e-12 3.7e-3   0.11   0.67   5.41     41   1.07
theta[10,19] 6200.9  928.07 3290.5  4799.4 5283.6 5551.1 5903.2 8155.2     13    1.2
theta[11,19]   0.65    0.13   1.35  1.5e-9 4.2e-3   0.15   0.59   4.62    103   1.04
theta[12,19] 1948.9  1908.0 3481.7  4.2e-8   0.07  17.11 2536.7  1.0e4      3   2.05
theta[1,20]  370.05   26.98  95.89   14.71 325.91  356.7 409.75 538.67     13   1.22
theta[2,20]  456.29   55.64  92.71  294.56 405.89 476.91 516.19 587.81      3    1.9
theta[3,20]  3610.8  1831.7 2935.2  7.1e-3  28.63 3592.3 4762.1  1.5e4      3   2.38
theta[4,20]   1.6e4  960.48 2857.4   11.97  1.5e4  1.6e4  1.7e4  1.7e4      9   1.29
theta[5,20]  3312.1  1394.5 1982.2    0.06 1471.2 4018.5 4703.2 5486.6      2   10.4
theta[6,20]    1.68    0.18   4.96 7.5e-12 1.5e-4   0.02   0.71  16.35    721    1.0
theta[7,20]  443.09   60.72 106.31    41.5 397.95 466.19 508.99 580.93      3   1.82
theta[8,20]    1.17    0.35   3.06 4.5e-10 2.2e-3   0.04   0.79   9.67     75   1.07
theta[9,20]    1.04    0.41   1.66 2.7e-10 3.1e-3   0.31   1.47   5.24     17   1.25
theta[10,20] 1131.0  525.97 1724.8  1.5e-3 400.02 1057.9 1288.3  1.0e4     11   1.27
theta[11,20]   0.66    0.12   1.56 2.4e-10   0.01   0.23    0.5   5.21    159   1.03
theta[12,20] 939.36  644.82 991.12 1.7e-11    0.3 219.56 1911.5 2501.0      2   2.71
theta[1,21]  223.95    4.27  26.38  183.68 207.02 221.01 235.16 298.26     38   1.07
theta[2,21]   11.09     4.3  12.84  6.6e-5   0.33   5.33  19.91  41.13      9    1.2
theta[3,21]    7.33    2.66  23.33 4.1e-12   0.08   0.65   1.84  72.75     77   1.04
theta[4,21]   80.48   44.65  86.66    0.03    2.9  73.06 125.86 209.87      4   1.54
theta[5,21]  1334.4   81.29 346.28    10.9 1295.8 1379.9 1511.8 1671.6     18   1.17
theta[6,21]  101.81   41.34 171.94  2.0e-5  33.26   79.0 118.75 240.28     17   1.16
theta[7,21]     9.4    5.39  12.69 3.1e-10   0.15   2.87  15.74  43.91      6   1.41
theta[8,21]    0.72    0.24   2.06 7.9e-14 1.3e-4   0.03   0.54   7.07     76   1.04
theta[9,21]    3.24    1.38   4.88  2.4e-8   0.09    0.4   5.04  16.61     13   1.38
theta[10,21]   5.27    3.45  15.38 1.9e-21 3.9e-4   0.08   0.34  57.65     20   1.12
theta[11,21]   0.64    0.21   1.15 5.2e-15 1.9e-3   0.23   0.76   3.99     30   1.11
theta[12,21]  321.3  155.34 316.04    0.07   0.33 325.58 461.35 1554.6      4   1.62
theta[1,22]  159.51   64.59  97.93    0.43   6.72 206.09 227.36 262.51      2    2.9
theta[2,22]   223.9   21.57  39.45  158.94 194.97 218.22 251.16 304.97      3   1.54
theta[3,22]  1722.9  1819.5 2583.4  2.3e-7   4.33 336.56 3818.7 6376.3      2   11.5
theta[4,22]  5456.9  2228.2 3155.1    0.03 2921.8 7204.0 7361.0 7599.1      2  20.69
theta[5,22]  1787.0  653.43 939.85   16.45 1106.0 2228.7 2387.5 2730.8      2   5.44
theta[6,22]     5.9    1.78  15.34 2.2e-10 4.9e-3   0.24   2.91  53.88     74   1.06
theta[7,22]  160.33   65.83  95.21    0.01  56.29 202.18 224.27 262.15      2   4.53
theta[8,22]     0.4    0.22    0.9 8.8e-11 1.0e-3 9.2e-3   0.58    2.2     17    1.1
theta[9,22]    1.75    0.29   4.13  5.0e-9 9.9e-3   0.39   1.39  15.09    203   1.05
theta[10,22] 2461.5  1453.6 2061.5  993.36 1193.9 1326.6 4074.3 6156.0      2  13.58
theta[11,22]   1.08    0.54   1.41 5.6e-15 3.2e-4   0.83   1.58   4.26      7   1.22
theta[12,22] 689.81  291.26 492.33    0.14    4.5 822.18 1085.8 1442.9      3   1.85
theta[1,23]  267.95   48.29  86.16    0.46 231.87 254.28  327.1 410.62      3   1.98
theta[2,23]  177.42   85.29 123.95    0.19  26.45 183.29 229.23 380.64      2   4.36
theta[3,23]  881.74  1063.0 1553.8 4.4e-12   0.03   5.47 187.49 3774.0      2    4.1
theta[4,23]    2.03    0.56   5.36 1.4e-11 2.8e-4   0.02   1.26  18.96     92   1.05
theta[5,23]  2090.2  865.95 1297.7    0.12   4.03 2571.3 2742.8 4483.6      2   3.97
theta[6,23]  457.92  253.63 538.13    0.03   0.27 336.47  487.0 1698.2      5   1.98
theta[7,23]    0.68    0.15   1.43 5.1e-10 5.6e-3   0.32   0.56   5.15     95   1.08
theta[8,23]  901.25  368.23 522.17    0.14 473.18 1178.7 1223.5 1297.2      2  13.31
theta[9,23]  1723.8   86.57 141.98  1542.7 1627.5 1679.8 1784.6 2086.3      3    2.1
theta[10,23]   35.4   25.04  54.17  2.2e-4   0.42   0.91  65.85 172.37      5   1.35
theta[11,23] 2538.5   124.4 205.75  2103.8 2449.6 2561.1 2680.3 2870.7      3   2.19
theta[12,23] 1007.2  322.07 694.38     1.8 680.97 1148.7 1396.9 1889.5      5   1.42
theta[1,24]    82.9    1.39  12.24    61.4  74.37  82.16  90.54 108.23     77   1.04
theta[2,24]    1.67    0.74   3.16 1.8e-10   0.02   0.29   1.74  12.11     18   1.31
theta[3,24]   17.37    9.49  54.15  1.5e-8   0.16   1.28    6.7  131.5     33    1.1
theta[4,24]   26.07   10.11  31.11  2.0e-6   0.42  16.73  45.07  89.53      9   1.16
theta[5,24]  381.05   41.52  91.04    4.31 349.64 379.59  434.7 507.45      5   1.53
theta[6,24]    2.62    2.09  16.64 2.1e-15 8.5e-4   0.28   0.84  13.28     63   1.04
theta[7,24]    0.74    0.55   2.21 7.8e-14 1.4e-3   0.05   0.17   8.24     16   1.09
theta[8,24]    2.89    1.14   3.96 3.6e-13 1.4e-3   1.04   4.35  12.62     12   1.26
theta[9,24]    0.74    0.41   1.14 2.8e-10 1.8e-4    0.1   1.19   3.72      8   1.39
theta[10,24]  45.43   18.97  34.74    0.16   0.83  49.86  70.88 104.78      3    1.6
theta[11,24]   0.42    0.22    1.0 3.2e-11   0.01   0.08   0.25    3.8     21   1.19
theta[12,24]   7.55     5.1  15.61  1.4e-9 3.7e-4   0.05    8.0  52.74      9   1.22
theta[1,25]  314.24  140.76 211.95  2.1e-4 101.49 336.89 408.78 655.58      2   3.43
theta[2,25]  1007.3  411.53 584.58    0.07  502.7 1314.2 1361.4 1509.7      2  11.08
theta[3,25]   1.1e4  6416.3 9223.2  1019.1 6370.0 7044.2  2.1e4  2.7e4      2   6.85
theta[4,25]   2.3e4  9193.8  1.3e4 9.6e-16  1.2e4  3.0e4  3.0e4  3.2e4      2  30.64
theta[5,25]  3562.3  1456.3 2676.5  3.0e-8   5.97 4797.7 5491.0 8889.3      3   1.97
theta[6,25]    1.11    0.32   4.79 7.6e-18 3.3e-4   0.01   0.19  12.57    221   1.02
theta[7,25]  727.98  361.73 519.91  5.2e-3   0.24 611.21 1226.2 1327.6      2   5.76
theta[8,25]    2.28    0.81   5.39 7.4e-13 1.6e-5   0.07   2.08  18.47     44   1.06
theta[9,25]  142.91   100.3 143.63    0.01   0.65  93.83 285.74 338.33      2   6.24
theta[10,25] 6331.9  5669.3 8022.5  3.2e-3 769.62 2574.8  1.3e4  2.0e4      2  33.81
theta[11,25]   0.73    0.12   1.64  1.1e-9 7.2e-4   0.19   0.64    5.4    180   1.04
theta[12,25] 2717.5  2815.2 4916.9  1.7e-7   1.34 135.85 1140.8  1.3e4      3   2.19
theta[1,26]  652.03   60.45 129.13  502.08 565.03 635.58 754.73 816.82      5    1.4
theta[2,26]   1.2e4    11.5 128.82   1.1e4  1.2e4  1.2e4  1.2e4  1.2e4    125   1.03
theta[3,26]  2939.8  616.87 1224.5    9.34 2020.2 2522.6 4079.4 4634.1      4   1.66
theta[4,26]  440.31  296.72  431.7  6.0e-4   1.59 265.73  860.7 1081.7      2   4.26
theta[5,26]  2186.5  1544.9 2196.1    0.03   0.87  52.69 4384.2 4790.1      2   9.71
theta[6,26]   68.97   35.22 102.63  1.9e-8   0.04   2.53 122.39 330.13      8   1.22
theta[7,26]  9115.5   79.93 149.96  8837.6 9004.6 9115.0 9227.5 9394.9      4   1.49
theta[8,26]    0.87    0.31   1.97 3.9e-11   0.09   0.22   0.68   7.06     41    1.1
theta[9,26]   32.23   21.47  36.46  3.0e-8   0.41   6.86  65.14 104.31      3   1.81
theta[10,26] 1151.7   36.19 227.41  842.57 1052.4 1134.5 1216.2 1417.9     39   1.07
theta[11,26]   1.54    1.17   3.84 1.8e-12 8.9e-5   0.01   0.68   14.5     11   1.41
theta[12,26] 4840.5  1333.1 2130.2  2317.0 2985.0 3941.3 6378.4  1.1e4      3   2.45
theta[1,27]  326.41    7.68  61.58   243.3 303.47 328.53 353.56 418.36     64   1.05
theta[2,27]  4695.7   15.97  87.73  4518.3 4636.6 4697.6 4757.9 4857.8     30    1.1
theta[3,27]  2474.1  467.96 1130.1    0.09 2353.0 2751.1 3076.9 3842.7      6   1.95
theta[4,27]   2.0e4  143.51 439.02   1.9e4  1.9e4  2.0e4  2.0e4  2.1e4      9   1.36
theta[5,27]  5160.3   227.7  884.1  4394.5 4927.6 5153.7 5427.0 6328.5     15   1.19
theta[6,27]    8.85    5.88  43.14 1.7e-10 1.1e-3   0.09    2.6  54.05     54   1.05
theta[7,27]  3895.6   11.15   85.2  3725.4 3839.5 3896.7 3950.5 4065.1     58   1.05
theta[8,27]    1.01    0.36   3.24 6.3e-10 2.9e-4 8.6e-3   0.26  10.43     81   1.06
theta[9,27]    1.62     0.4   2.94  4.1e-9   0.15   0.45   1.67  10.65     55   1.07
theta[10,27] 4118.2   55.86 299.62  3463.0 3944.3 4138.4 4317.4 4671.3     29   1.12
theta[11,27]   1.18    0.35   1.82  4.1e-9   0.17   0.62    1.4   5.99     26   1.12
theta[12,27] 2622.5  189.28 891.24  1420.8 2118.3 2455.4 2855.5 4735.2     22   1.17
theta[1,28]  483.28  124.73  242.8    8.64 395.86 455.44 545.04 934.43      4   1.77
theta[2,28]  921.78  387.51 565.24  4.3e-3   3.28 1208.8 1335.1 1458.7      2   4.25
theta[3,28]  6311.8  2813.6 4617.2    0.06   1.95 9089.6 9885.2  1.1e4      3   3.33
theta[4,28]   1.6e5  1136.3 4070.4   1.5e5  1.5e5  1.6e5  1.6e5  1.7e5     13   1.26
theta[5,28]  6373.0  2862.2 4482.1    0.03   4.74 7179.6 8100.5  1.4e4      2   2.37
theta[6,28]  157.74  179.62 972.07  6.0e-9   0.04   1.51   2.93 263.48     29    1.1
theta[7,28]  1969.2  145.23 605.94    3.44 1960.4 2123.6 2240.3 2510.6     17   1.18
theta[8,28]    2.68    1.66   3.62 2.4e-12 1.2e-4    2.1   3.77  12.15      5    1.4
theta[9,28]    0.76    0.15   1.23  1.2e-9   0.01   0.31   0.88   4.33     68   1.03
theta[10,28] 8832.3  539.07 2396.0   38.31 8338.0 9065.0 9512.7  1.1e4     20    1.2
theta[11,28]   1.52    0.44   2.62 4.9e-15 2.3e-4   0.43   2.28    9.2     35   1.09
theta[12,28] 3612.1  3383.2 5546.0  3.8e-8  11.78 239.95 5102.2  1.8e4      3   2.28
theta[1,29]  682.61   16.69  98.36   590.1 669.86 695.12 719.97 766.07     35   1.08
theta[2,29]  336.09   15.64  49.22  267.34 311.88 333.71 362.95 421.03     10   1.16
theta[3,29]  784.26   79.57 409.61    1.85 576.87  755.1 957.75 1735.9     27   1.07
theta[4,29]  395.04  219.85 331.11    2.14 175.99 267.75 671.52 1150.7      2   3.03
theta[5,29]  2255.5  343.63  670.6  1628.0 1850.9 1989.0 2547.8 4082.9      4   1.69
theta[6,29]   52.26   59.91  93.47  3.2e-8   0.16   2.03  44.17 303.15      2   2.58
theta[7,29]  170.86    24.8  75.68    0.68 163.49 187.08 210.94 283.54      9   2.05
theta[8,29]     1.9    1.22   3.33  1.3e-9   0.01   0.23   2.54  12.91      7   1.39
theta[9,29]    6.78    5.29  11.03  4.3e-9 3.2e-3   1.21   9.44  38.64      4   1.48
theta[10,29] 326.88  136.38 231.89    0.03   0.35 379.79 458.29  814.5      3   2.02
theta[11,29]   1.24    0.31   2.41 1.1e-11 8.9e-3   0.22   1.53   8.65     60   1.08
theta[12,29] 1301.5  542.02 857.02  4.7e-5   1.05 1716.7 1914.8 2261.4      3   2.56
theta[1,30]  769.27   42.62 101.53  611.78 713.77 760.39 805.14 1097.3      6   1.64
theta[2,30]  521.95   31.12  81.44  304.76  486.6 517.84 554.94 682.43      7   1.55
theta[3,30]  3589.9   387.8 1120.8     1.0 3171.6 3704.5 4255.5 5099.1      8   1.52
theta[4,30]  612.55  287.61 900.04     0.1   0.42 484.47 657.01 4113.0     10   1.42
theta[5,30]  931.16  595.79 934.85  1.8e-4   0.32 1148.2 1557.9 2653.7      2   2.99
theta[6,30]   25.36   20.51   61.7 2.6e-12 1.8e-3   0.31  10.32 231.34      9   1.33
theta[7,30]  586.15   28.62  59.64  482.94  543.4 581.85 623.44 714.42      4   1.45
theta[8,30]    1.63    0.33   4.87 1.3e-14 2.0e-3   0.07   0.72  15.63    221   1.03
theta[9,30]    13.7    8.69  21.38  1.1e-7   0.19   2.42  19.72  74.02      6   1.34
theta[10,30] 4847.4  394.97 1219.6    0.38 4900.3 5070.1 5261.9 5813.6     10   1.44
theta[11,30]  19.19   19.81  42.14  1.2e-9   0.17   0.26   4.74 143.41      5   2.04
theta[12,30] 3797.7  1035.2 2152.4  1.2e-3 3395.4 4028.0 4584.9 9629.3      4    2.1
theta[1,31]  699.99   15.23  57.31  597.11 659.34 698.47 735.56 823.57     14   1.46
theta[2,31]  969.41   46.02   85.0  849.37 906.99 951.29 1015.2 1174.8      3   2.06
theta[3,31]  818.86  819.82 1370.9  3.1e-6   0.09    2.9 1126.6 4468.0      3   4.15
theta[4,31]  485.27   248.2 413.21 1.1e-10 171.81 388.57 639.94 1347.6      3   2.49
theta[5,31]  2170.7  351.56 980.37    0.33 1895.3 2090.7 2714.4 3764.9      8   2.33
theta[6,31]   90.79   94.58 182.07 6.1e-11   0.05    0.3  41.46 557.18      4   2.28
theta[7,31]  647.57   26.83  63.35  552.95 604.79 633.79 675.33 795.46      6   1.56
theta[8,31]    1.58    1.23   2.35 8.7e-11 6.0e-3    0.2   2.54   7.48      4   1.56
theta[9,31]     4.8    2.83   9.05 9.0e-10   0.04    2.0   4.71  34.03     10    1.4
theta[10,31] 374.86  225.18 375.78  1.8e-6   1.01 388.65 620.02 1037.1      3    2.3
theta[11,31]  14.79   17.08  31.75 2.3e-10   0.04   0.21   1.33  102.9      3   1.96
theta[12,31] 1579.9   788.5 1353.8  1.8e-7   0.26 2247.8 2807.0 3276.5      3   2.78
theta[1,32]  225.67  211.25 301.49  3.8e-5   0.37  84.36 581.16 795.79      2   7.46
theta[2,32]  1732.1  211.93 442.95    10.5 1635.6 1708.2 2008.4 2306.3      4   1.69
theta[3,32]  4793.8  2295.9 6978.7  4.5e-3    0.3 2593.1 3334.8  3.1e4      9   1.43
theta[4,32]   4.2e4  3933.8  1.3e4  2.5e-3  4.3e4  4.4e4  4.7e4  5.6e4     11   1.31
theta[5,32]  6658.9  2732.1 4752.4    0.02   1.09 9626.6  1.0e4  1.1e4      3   2.14
theta[6,32]  343.64  363.02 1165.2 3.5e-13 2.5e-3    0.8   16.6 4754.5     10   1.48
theta[7,32]  2165.4  127.56 607.01    2.25 2188.5 2336.3 2409.4 2796.5     23   1.16
theta[8,32]    8.23    8.36  66.21 2.8e-10   0.02   0.81   2.35  16.66     63   1.04
theta[9,32]    0.47    0.14   1.08 7.7e-11 1.9e-3   0.05   0.45   3.18     58   1.06
theta[10,32] 6787.6  2757.0 8036.5    0.23 686.95 6019.5 6345.1  3.2e4      8   1.37
theta[11,32]   0.85     0.3   1.27 1.3e-10   0.01   0.26   1.47    3.6     18   1.15
theta[12,32] 1903.4  2024.3 6962.2  5.2e-7   0.02   0.95 818.88  3.4e4     12   1.31
theta[1,33]   364.3   46.69 125.38    0.12 380.78 401.93  420.7 457.16      7   2.32
theta[2,33]   60.57   24.83  38.49    0.07   1.07  75.37  88.49 110.26      2   2.72
theta[3,33]   28.86   18.33  59.41  3.0e-7    0.4   1.05  15.66 208.59     11   1.17
theta[4,33]   75.83   23.12  61.19  1.2e-4   7.44  74.66 129.21 184.27      7   1.75
theta[5,33]  1040.4  190.89 316.67   633.6 771.18 1023.1 1232.8 1754.3      3   3.22
theta[6,33]    1.29     0.4   3.06  6.5e-9 1.1e-3    0.1   1.19   8.63     58   1.08
theta[7,33]    8.54    3.22  10.15  9.4e-9   0.11   3.48  15.34  32.41     10   1.34
theta[8,33]    0.46    0.17   0.98 1.3e-11 3.9e-4   0.12   0.42    2.9     33   1.14
theta[9,33]    1.73    1.35   2.86 3.0e-10 7.0e-4   0.12    2.3  10.04      4   1.78
theta[10,33]    3.6    1.76   9.12 1.7e-10   0.05   0.34   2.12   33.4     27   1.13
theta[11,33]   0.42    0.07   0.79 5.4e-11 2.5e-3    0.2   0.44   2.64    134   1.03
theta[12,33] 212.23   148.1 219.68  1.0e-4    0.5  42.26 421.35 583.48      2   3.23
theta[1,34]  620.18    8.05  71.79   558.3 602.51 624.38 646.89 703.07     80   1.04
theta[2,34]  444.84    8.67  31.48  388.89 423.56 442.79  463.4 516.37     13   1.14
theta[3,34]  710.67  239.17 482.69  153.17 437.11 609.85  852.1 2459.9      4   1.74
theta[4,34]  239.17  104.76 156.15    1.01  32.12 272.24 360.14 474.01      2   3.07
theta[5,34]  1380.5  110.17 375.78    1.78 1345.6 1433.9 1519.4 1697.2     12    1.3
theta[6,34]    2.63    0.76   7.46 1.8e-15 2.8e-3   0.15   0.94  26.12     96   1.03
theta[7,34]  244.07   18.09  62.96    0.43 240.67 256.82 272.24 302.09     12   1.32
theta[8,34]    2.14    0.63   4.11  2.3e-9   0.09   0.59   2.06  15.41     43    1.1
theta[9,34]    0.92     0.2   1.78  1.1e-9   0.03    0.2   0.92   6.39     77   1.05
theta[10,34] 164.83   84.28 126.45    0.03   0.61 165.75  272.9 382.67      2   2.93
theta[11,34]    0.4    0.12   1.16 1.5e-12 1.9e-4 8.2e-3   0.29   2.98    102   1.03
theta[12,34] 199.45  115.05 220.57  4.1e-6   0.18 117.28 373.56 676.56      4    1.5
theta[1,35]  215.57   39.76 116.14    0.06 190.32 233.99 301.71 372.79      9   1.71
theta[2,35]  546.48   38.17 140.26    0.62  534.4 566.02 599.28 725.72     14   1.31
theta[3,35]  7304.9  1056.0 4538.3    0.81 4952.4 5658.6 7324.1  1.8e4     18   1.12
theta[4,35]   1.7e4  3062.3 8049.8  7.2e-3  2.0e4  2.1e4  2.1e4  2.2e4      7   1.86
theta[5,35]  1460.9  895.28 1405.5  4.7e-5   0.08 1418.8 2854.9 3332.7      2   2.45
theta[6,35]    1.86    0.25   7.25 9.2e-16 1.4e-4   0.02   0.55  19.27    817   1.01
theta[7,35]  205.01  146.09  218.8  9.1e-3   0.06   0.36 432.08 502.34      2   3.31
theta[8,35]    0.79    0.22   2.61 4.9e-11 1.4e-3   0.03   0.23    7.9    137   1.03
theta[9,35]    0.79    0.21   2.24 5.7e-10 4.3e-3   0.14   0.78   5.56    110   1.05
theta[10,35] 4755.8  1804.1 4831.5  1988.9 2336.2 2531.1 2948.1  1.5e4      7   1.85
theta[11,35]   0.74    0.33   2.25 4.4e-13 9.6e-7   0.01   0.34    7.0     46   1.07
theta[12,35] 1978.3  954.06 3771.0  5.2e-4  91.82 951.31 2346.9  1.8e4     16   1.23
theta[1,36]  709.16   31.55  64.48  605.47 663.82 699.54 739.72 855.23      4   1.71
theta[2,36]  300.03  124.18 180.34    0.05  294.4  362.5 396.78  539.3      2   5.42
theta[3,36]  662.48  774.55 1271.1  2.3e-9   0.57   3.55 478.97 3613.2      3    3.5
theta[4,36]  568.91  237.45 340.46    0.05 204.48  704.2 805.86 948.18      2   5.84
theta[5,36]  2479.8  731.18 1198.9    0.09 2416.3 2642.3 3118.7 3893.5      3   3.22
theta[6,36]    3.82    0.75  11.73 8.6e-11 5.4e-3   0.11   1.06  39.46    246   1.02
theta[7,36]   98.82    20.7  43.49    0.05  84.01 109.62  127.5 158.75      4   1.67
theta[8,36]    0.37    0.13   1.23 1.3e-10 6.3e-5 1.5e-3   0.06    3.9     94   1.04
theta[9,36]    0.53     0.3   1.52 7.0e-10 2.3e-3   0.07   0.32   4.53     26   1.15
theta[10,36] 300.63  170.45  246.5 1.7e-10   6.97 270.64 471.03 735.96      2   4.65
theta[11,36]   1.02    0.32   1.76 2.4e-10 4.2e-3   0.28   1.61   5.36     31   1.11
theta[12,36] 464.17  273.13 434.19    0.13   0.45 509.34  829.3 1231.1      3   2.48
theta[1,37]  797.46   55.96  86.52   684.1 735.79 767.32 868.49 975.58      2   2.42
theta[2,37]  253.29   10.12  58.94  175.86 226.32 249.39 269.52 437.13     34    1.1
theta[3,37]   23.15   12.73  67.03 2.4e-10   0.48   0.96   4.38  252.0     28   1.11
theta[4,37]   97.96    58.4 247.42  1.6e-6   0.06   1.57 107.91 1216.4     18   1.21
theta[5,37]  1962.1   805.9 1187.7    0.05   0.81 2534.0 2677.2 3169.3      2   3.61
theta[6,37]  360.76  119.35 472.64   99.71 196.96 253.62 313.56 2298.7     16   1.21
theta[7,37]   52.36   10.26  38.49  3.0e-3  28.11  53.44  71.23 157.77     14   1.25
theta[8,37]    1.15    0.42   3.38  1.6e-9 9.3e-5   0.01   0.26  11.31     65   1.04
theta[9,37]    1.11    0.24   1.56 2.2e-11   0.02   0.76   1.55   5.38     42   1.12
theta[10,37] 337.67   138.8 222.93    1.56  47.21 385.02 460.52 653.28      3   2.64
theta[11,37]    0.5    0.13   1.15 6.1e-14 1.1e-4   0.04   0.51   3.77     76   1.06
theta[12,37] 1178.6  724.85 1263.2    0.06 453.11 723.25 1015.6 3682.1      3    2.1
theta[1,38]  214.14   16.99  78.13  9.4e-5 192.35 215.44 238.53 462.68     21   1.16
theta[2,38]  274.51   63.68 120.04    0.54 249.95 304.31 341.43 416.67      4    2.4
theta[3,38]  1537.6  647.17 2115.7     0.1  19.32 1293.0 1720.4  1.1e4     11   1.23
theta[4,38]   1.1e4  376.62 1848.9     0.5  1.1e4  1.1e4  1.1e4  1.1e4     24   1.14
theta[5,38]  6054.1  379.56 1555.3    2.62 6206.0 6430.9 6638.9 7084.6     17   1.22
theta[6,38]  292.44  123.97 266.24    0.13   1.75 315.32 433.21 698.08      5   1.43
theta[7,38]  200.37   14.44  71.72    1.45 184.27 215.21 243.46 293.87     25   1.16
theta[8,38]  659.88    9.91  71.28  511.32 633.03 666.39 698.04  760.4     52   1.06
theta[9,38]  1555.4   11.88  75.41  1354.0 1523.2 1564.3 1601.8 1672.9     40   1.09
theta[10,38] 622.85   258.1 1094.0    0.05 233.95 452.83  628.7 6572.5     18   1.16
theta[11,38]   1.38    0.28   3.48 3.2e-10 1.1e-3    0.1   0.92  11.57    159   1.03
theta[12,38] 1464.5  628.81 1461.1  8.0e-7 316.49 1070.2 2322.1 6110.0      5   1.43
mu[1]        505.68    6.03 305.95  188.26  312.9 424.08 604.57 1271.5   2571    1.0
mu[2]        2039.2    41.8 1281.6  754.14 1260.2 1744.4 2455.4 5076.8    940   1.01
mu[3]        3650.6  466.99 2428.0  1264.8 2173.0 3027.6 4372.0 9593.2     27   1.07
mu[4]         1.6e4   329.8 9292.6  5950.9  1.0e4  1.4e4  2.0e4  4.0e4    794   1.01
mu[5]        3965.8  690.99 2743.7  1204.0 2265.8 3226.1 4834.1  1.1e4     16    1.1
mu[6]        189.18    46.7 156.46   51.14  94.17 143.84 232.77 584.53     11   1.16
mu[7]        1766.3   60.75 1252.0  635.97 1078.6 1482.9 2098.2 4445.3    425   1.02
mu[8]        195.06    5.17 122.49   67.93 119.59 164.28 231.42 506.38    561   1.01
mu[9]        353.04    6.29 209.78  132.16 222.99 300.45 419.32  897.2   1114   1.01
mu[10]       2835.8  171.24 1801.8  929.29 1685.9 2378.1 3404.7 7706.2    111   1.03
mu[11]       168.26    3.49   95.9   64.02 106.71 144.15 198.43 418.29    754    1.0
mu[12]       3752.6  1551.8 3925.2  768.57 1496.9 2576.9 4715.3  1.3e4      6   1.26
lp__          8.0e6   1.3e4  2.4e4   7.9e6  8.0e6  8.0e6  8.0e6  8.0e6      3    2.5

Samples were drawn using NUTS at Tue Mar  8 09:27:53 2022.
For each parameter, n_eff is a crude measure of effective sample size,
and Rhat is the potential scale reduction factor on split chains (at 
convergence, Rhat=1).
Warning: some signatures do not have substantial loadings attributed to them: SBS17a
max loadings: [26. 35. 27. 85. 67. 16. 28.  9. 17. 31. 25. 36.]
