python scripts/infer-loadings-only-2.py data/WGS_PCAWG.96.ready.Lung-AdenoCA.tsv Lung-AdenoCA  --signatures-prefix Signature --signatures 1 2 3 4 5 9 13 17a 17b 18 28 40 --save-dir WGS_PCAWG.96.ready.Lung-AdenoCA_ALT/synthetic_data --subst-type SBS -n 38 -a 0.00 --zeta 1    
data/WGS_PCAWG.96.ready.Lung-AdenoCA.tsv
Using 38 samples
Using SBS1, SBS2, SBS3, SBS4, SBS5, SBS9, SBS13, SBS17a, SBS17b, SBS18, SBS28, SBS40
inferring loadings for 38 samples
zeta = 1
Using cached StanModel for normalized_joint_loadings_only
a0: 0.7572980238519428 b0: 190.41207114132106

Gradient evaluation took 0.01 seconds
1000 transitions using 10 leapfrog steps per transition would take 100 seconds.
Adjust your expectations accordingly!





Gradient evaluation took 0 seconds
Gradient evaluation took 0 seconds
1000 transitions using 10 leapfrog steps per transition would take 0 seconds.
1000 transitions using 10 leapfrog steps per transition would take 0 seconds.
Adjust your expectations accordingly!
Adjust your expectations accordingly!




Gradient evaluation took 0 seconds
1000 transitions using 10 leapfrog steps per transition would take 0 seconds.
Adjust your expectations accordingly!


Iteration:    1 / 3000 [  0%]  (Warmup)
Iteration:    1 / 3000 [  0%]  (Warmup)
Iteration:    1 / 3000 [  0%]  (Warmup)
Iteration:    1 / 3000 [  0%]  (Warmup)
Iteration:  300 / 3000 [ 10%]  (Warmup)
Iteration:  600 / 3000 [ 20%]  (Warmup)
Iteration:  300 / 3000 [ 10%]  (Warmup)
Iteration:  300 / 3000 [ 10%]  (Warmup)
Iteration:  900 / 3000 [ 30%]  (Warmup)
Iteration:  300 / 3000 [ 10%]  (Warmup)
Iteration:  600 / 3000 [ 20%]  (Warmup)
Iteration:  600 / 3000 [ 20%]  (Warmup)
Iteration: 1200 / 3000 [ 40%]  (Warmup)
Iteration:  600 / 3000 [ 20%]  (Warmup)
Iteration:  900 / 3000 [ 30%]  (Warmup)
Iteration:  900 / 3000 [ 30%]  (Warmup)
Iteration: 1500 / 3000 [ 50%]  (Warmup)
Iteration: 1501 / 3000 [ 50%]  (Sampling)
Iteration:  900 / 3000 [ 30%]  (Warmup)
Iteration: 1200 / 3000 [ 40%]  (Warmup)
Iteration: 1200 / 3000 [ 40%]  (Warmup)
Iteration: 1200 / 3000 [ 40%]  (Warmup)
Iteration: 1800 / 3000 [ 60%]  (Sampling)
Iteration: 1500 / 3000 [ 50%]  (Warmup)
Iteration: 1501 / 3000 [ 50%]  (Sampling)
Iteration: 1800 / 3000 [ 60%]  (Sampling)
Iteration: 1500 / 3000 [ 50%]  (Warmup)
Iteration: 1501 / 3000 [ 50%]  (Sampling)
Iteration: 2100 / 3000 [ 70%]  (Sampling)
Iteration: 1500 / 3000 [ 50%]  (Warmup)
Iteration: 2100 / 3000 [ 70%]  (Sampling)
Iteration: 1501 / 3000 [ 50%]  (Sampling)
Iteration: 2400 / 3000 [ 80%]  (Sampling)
Iteration: 2700 / 3000 [ 90%]  (Sampling)
Iteration: 3000 / 3000 [100%]  (Sampling)

 Elapsed Time: 7033.72 seconds (Warm-up)
               1144.54 seconds (Sampling)
               8178.26 seconds (Total)

Iteration: 1800 / 3000 [ 60%]  (Sampling)
Iteration: 2400 / 3000 [ 80%]  (Sampling)
Iteration: 1800 / 3000 [ 60%]  (Sampling)
Iteration: 2100 / 3000 [ 70%]  (Sampling)
Iteration: 2700 / 3000 [ 90%]  (Sampling)
Iteration: 2100 / 3000 [ 70%]  (Sampling)
Iteration: 2400 / 3000 [ 80%]  (Sampling)
Iteration: 3000 / 3000 [100%]  (Sampling)
Iteration: 2400 / 3000 [ 80%]  (Sampling)

 Elapsed Time: 4118.39 seconds (Warm-up)
               8988.75 seconds (Sampling)
               13107.1 seconds (Total)

Iteration: 2700 / 3000 [ 90%]  (Sampling)
Iteration: 2700 / 3000 [ 90%]  (Sampling)
Iteration: 3000 / 3000 [100%]  (Sampling)

 Elapsed Time: 7320.25 seconds (Warm-up)
               9012.83 seconds (Sampling)
               16333.1 seconds (Total)

Iteration: 3000 / 3000 [100%]  (Sampling)

 Elapsed Time: 7679.91 seconds (Warm-up)
               9013.06 seconds (Sampling)
               16693 seconds (Total)

Inference for Stan model: normalized_joint_loadings_only_7478cda48744ea0a7d29de17e1bfd57e.
4 chains, each with iter=3000; warmup=1500; thin=1; 
post-warmup draws per chain=1500, total post-warmup draws=6000.

               mean se_mean     sd    2.5%     25%    50%    75%  97.5%  n_eff   Rhat
theta[1,1]   1200.8    9.96  44.68  1117.8  1170.6 1200.7 1230.2 1287.1     20   1.06
theta[2,1]     0.18    0.03   0.42 1.5e-18  3.5e-5   0.02   0.18   1.24    216   1.02
theta[3,1]    4.4e4  3261.8 4629.3   4.0e4   4.1e4  4.1e4  4.7e4  5.2e4      2  12.12
theta[4,1]   2908.6  1189.0 1689.2    0.02  1421.5 3788.1 3970.7 4266.6      2  10.12
theta[5,1]     2.38    0.27   6.85 1.4e-12  1.4e-3   0.45   1.59  21.67    659   1.01
theta[6,1]   1833.5  857.57 1222.7    0.16  583.02 1965.5 2723.4 3650.9      2    7.5
theta[7,1]     0.21    0.06   0.49 6.1e-16  1.7e-5   0.01   0.21   1.27     80   1.05
theta[8,1]     0.37    0.05   0.84 6.2e-14  1.6e-4   0.05    0.4   2.53    234   1.02
theta[9,1]   509.18  205.07 351.47 5.9e-18    0.88 655.28 730.45 954.03      3   2.29
theta[10,1]    0.88    0.25   3.33 1.3e-12  2.3e-4   0.04   0.15   8.99    176   1.03
theta[11,1]    1.23    0.91    2.3 1.0e-10  6.1e-4   0.08   1.58   8.39      6   1.42
theta[12,1]  3442.6  1410.9 2022.0    1.14  1289.2 4407.0 4775.6 5393.7      2   5.88
theta[1,2]   1015.6   33.57 127.22  884.18  998.49 1032.4 1064.3 1117.3     14   1.17
theta[2,2]     0.14    0.01   0.47 4.7e-13  1.5e-4   0.02    0.1   1.14   2002    1.0
theta[3,2]    3.1e4  1272.0 1975.1   2.9e4   2.9e4  3.0e4  3.1e4  3.6e4      2   3.32
theta[4,2]   2549.7   234.8 812.82    1.23  2544.9 2710.7 2886.6 3440.6     12   1.52
theta[5,2]   478.17  543.18 1091.6 5.4e-10  1.0e-3    0.4  27.06 2963.4      4   1.98
theta[6,2]   1965.4  551.37 1021.3    1.68  2121.1 2373.9 2538.4 3221.3      3   1.88
theta[7,2]     0.29    0.13    0.7 1.3e-13  1.2e-5 8.8e-3   0.17   2.43     30   1.13
theta[8,2]     0.19    0.04    0.7 5.8e-13  1.5e-6 7.7e-3    0.1   1.92    282   1.02
theta[9,2]   571.12   82.71 141.21  421.91  482.75 517.63 576.17 897.11      3   1.87
theta[10,2]    0.75    0.15   2.62 2.5e-12  3.0e-5 3.5e-3   0.24    8.1    318   1.02
theta[11,2]    0.95    0.54   1.58 8.4e-11  1.1e-3   0.21   1.36   5.29      8   1.37
theta[12,2]  2949.7  1196.5 1744.5    0.67  1400.0 3723.8 4060.5 4801.7      2   4.92
theta[1,3]   469.67    27.4  90.79    5.17  463.07 486.41 506.99 544.46     11   1.23
theta[2,3]     1.14    0.82    2.8 2.3e-15  2.5e-5   0.04   0.78  11.75     12   1.45
theta[3,3]   5723.4  1257.8 2486.0  3.1e-3  6603.4 6765.8 6885.1 7094.0      4   2.49
theta[4,3]   1014.0   559.1 1158.1  378.85  476.12 535.05 607.72 3810.1      4   2.54
theta[5,3]    72.55   35.42 394.35 3.3e-12    0.02   1.28  51.28 337.61    124   1.04
theta[6,3]   2733.9   730.1 1376.1  1905.8  2053.3 2152.3 2366.5 6211.8      4   2.89
theta[7,3]     44.2   46.58  94.62 9.7e-11  5.4e-3    1.0  10.75 286.33      4   2.51
theta[8,3]   109.43   45.59  70.82    0.07    0.72 130.08 162.04 213.13      2   2.32
theta[9,3]   140.89   57.91  85.55    0.05   42.24 173.75 200.71 246.72      2   3.31
theta[10,3]    2.01    0.42   5.11 6.8e-16  8.4e-5   0.06   1.55  15.98    151   1.03
theta[11,3]     0.5    0.05   1.24 1.8e-11  1.4e-4   0.03   0.61   3.44    627   1.01
theta[12,3]    1.66     0.3   6.56 1.9e-12  2.6e-4 6.5e-3   0.28  16.96    471   1.02
theta[1,4]   208.94   16.82  41.21  152.18   184.8 203.04 232.72 288.71      6   1.27
theta[2,4]      0.3    0.18   0.67 1.1e-13  1.9e-5   0.01   0.21   2.53     13   1.36
theta[3,4]    1.3e4  881.47 1276.7   1.2e4   1.2e4  1.2e4  1.2e4  1.5e4      2   4.44
theta[4,4]     1.01    0.17   2.53 6.3e-16  1.0e-4   0.06   0.91   7.31    213   1.02
theta[5,4]      3.5    2.27  72.89 3.0e-15  1.0e-6 2.8e-3   0.33  11.75   1029    1.0
theta[6,4]   2518.4  1028.5 1457.4  5.5e-3  1333.3 3309.0 3406.9 3567.5      2  15.93
theta[7,4]     0.38    0.07   1.09 2.2e-11  2.8e-4   0.01   0.21   3.55    224   1.03
theta[8,4]     0.27    0.02   0.75 7.7e-13  4.6e-5 6.1e-3   0.15   2.45   1137    1.0
theta[9,4]   742.41  122.54 176.93  570.69  625.67 659.64 864.23 1092.8      2   4.71
theta[10,4]    0.55    0.07    1.8 1.0e-13  1.9e-5 6.8e-3   0.23   5.42    704    1.0
theta[11,4]    0.51    0.22   2.19 1.4e-11  4.3e-6 1.5e-3    0.1    5.3    104   1.03
theta[12,4]    5.37    4.66  195.4 7.3e-18  5.7e-6 9.0e-3    0.5  11.05   1755    1.0
theta[1,5]   2123.4   35.15 283.14  1983.4  2101.5 2151.2 2201.4 2324.5     65   1.02
theta[2,5]     0.26    0.11   0.54 1.3e-13  1.1e-5   0.02   0.31    2.0     23   1.13
theta[3,5]    8.9e4  4714.9 7855.8   8.4e4   8.5e4  8.6e4  8.8e4  1.1e5      3   5.68
theta[4,5]   5381.6  2197.7 3116.7  6.6e-5  2766.8 7045.9 7289.5 7714.3      2  13.76
theta[5,5]     2.97    0.51   9.79 2.3e-11  1.8e-3   0.05   0.81  29.21    362   1.02
theta[6,5]    1.0e4  1446.8 4284.7    0.45   1.1e4  1.1e4  1.2e4  1.6e4      9   3.24
theta[7,5]     0.39     0.1   0.87 2.4e-12  4.5e-4   0.03    0.5   2.47     76   1.04
theta[8,5]     0.26    0.03   0.82 1.2e-11  3.9e-5 7.1e-3   0.16   2.31    571   1.01
theta[9,5]   1606.0   655.9 929.92    0.24  826.16 2104.3 2178.5 2294.2      2  13.77
theta[10,5]    2.89    1.94   4.97 2.2e-13  2.1e-4   0.16    3.5   17.4      7   1.48
theta[11,5]    0.96    0.67   2.58 6.9e-13  5.9e-5   0.04   0.51   9.04     15   1.31
theta[12,5]  1525.0  640.75 1064.1    0.03     0.3 1830.3 2339.8 3156.0      3   1.94
theta[1,6]    52.32    1.66  12.13    6.35   47.12  53.28   59.4  71.77     54   1.07
theta[2,6]     1.15    0.74   1.93 1.7e-17  1.9e-6   0.05    1.6   6.93      7    1.4
theta[3,6]   359.42   53.74  86.42  227.62   298.5 336.19 416.72 533.63      3   2.21
theta[4,6]    40.98   17.34   30.5    0.12    0.47  45.14  64.21   96.2      3   1.65
theta[5,6]    16.24    4.63  30.01  3.3e-9  5.1e-3   0.14  19.53 105.45     42   1.09
theta[6,6]    56.19   23.59  38.71    0.03    0.82  64.39  85.65 119.68      3   1.92
theta[7,6]     0.71    0.11   1.81 2.1e-14  1.6e-4   0.14   0.27   6.54    287   1.02
theta[8,6]    47.44    8.31  22.59    0.05   41.73   53.0  62.09  78.61      7   1.73
theta[9,6]     4.24    1.36   5.94 6.5e-10    0.13    0.9   7.21   19.7     19   1.11
theta[10,6]    3.53    2.98  11.48 2.6e-14  7.5e-5   0.03   0.98  46.41     15    1.3
theta[11,6]    1.91    1.58   4.41 3.7e-13  1.4e-4   0.07   1.47  17.02      8   1.61
theta[12,6]    1.93    0.24   5.57 6.3e-16  1.2e-4   0.11   1.56  17.75    542   1.01
theta[1,7]   568.25   76.69  209.1    1.41  607.74 636.47  662.7 720.17      7   3.86
theta[2,7]     0.17    0.01   0.54 2.6e-16  1.4e-5   0.02   0.12   1.67   2348    1.0
theta[3,7]    1.9e4  976.26 1548.8   1.7e4   1.8e4  1.8e4  1.9e4  2.2e4      3   3.63
theta[4,7]   1014.3  415.21 593.52    0.13  410.63 1304.6 1398.5 1561.9      2   6.54
theta[5,7]   441.38  471.73 1128.5 7.2e-12  4.0e-3   0.58  27.36 3746.2      6   3.15
theta[6,7]   2696.5  1101.4 1561.5    0.11  1387.6 3532.7 3654.9 3852.1      2  13.93
theta[7,7]     0.71    0.12   1.81 6.7e-11  6.5e-4   0.03   0.54   5.44    236   1.02
theta[8,7]     0.56    0.08   1.39 2.5e-10  2.6e-4    0.1   0.57   4.33    284   1.03
theta[9,7]   854.14   75.82 284.66    0.22  814.13 855.74 909.17 1289.9     14   1.34
theta[10,7]    0.95    0.11   3.45 2.6e-13  1.0e-4 9.8e-3   0.23  10.35   1005   1.01
theta[11,7]   63.41   70.72 231.74 8.3e-16  3.1e-5   0.01   1.57 947.68     11   1.48
theta[12,7]    2.61    0.66   9.27 4.4e-11  6.7e-4   0.03   0.38   27.3    196   1.02
theta[1,8]   382.35  156.11 221.83    0.17  188.46 497.59 521.28 562.55      2   9.86
theta[2,8]     0.61    0.52   1.03 1.2e-10  2.1e-4   0.04   0.84   3.64      4   2.16
theta[3,8]    1.6e4  297.88 499.52   1.5e4   1.6e4  1.6e4  1.6e4  1.7e4      3   1.82
theta[4,8]   1419.9    37.0 177.69  1064.2  1307.9 1424.2 1530.2 1789.0     23   1.11
theta[5,8]     2.42    0.36   8.83 1.0e-14  1.1e-4   0.04   0.29  28.12    602   1.01
theta[6,8]   578.81  430.18 637.89  9.6e-5  154.83 299.01 566.57 1892.2      2   3.28
theta[7,8]     0.34    0.17   0.68 3.8e-13  2.4e-6   0.01   0.38   1.88     17   1.19
theta[8,8]     0.46    0.15   1.09 5.9e-13  4.8e-5   0.02   0.34   3.69     56   1.05
theta[9,8]   196.82   80.64 116.62  8.0e-3   70.33 248.84 275.59 322.36      2   4.57
theta[10,8]  149.55  182.22  289.7 9.0e-13  4.6e-5   0.11   6.74 812.56      3   2.53
theta[11,8]    0.47    0.15   0.91 1.2e-12  6.0e-5   0.03   0.78   2.58     35   1.05
theta[12,8]  1522.5  624.78 909.39    0.63  504.16 1909.2 2151.7 2539.8      2   4.06
theta[1,9]   928.05    14.3  48.97  843.04  894.98  924.1  954.9 1045.4     12   1.21
theta[2,9]     0.24    0.06   0.52 3.4e-12  4.8e-5   0.03   0.27   1.51     74   1.08
theta[3,9]    2.8e4  1596.7 6593.4    2.12   2.9e4  2.9e4  3.0e4  3.1e4     17   1.23
theta[4,9]   2225.5  808.71 1216.3    0.07  2548.4 2819.1 2957.9 3193.0      2   3.11
theta[5,9]     2.77    0.41    9.0 8.8e-12  1.6e-3    0.1   0.92  27.77    492   1.02
theta[6,9]   2818.2  755.86 1296.3    2.52  3099.7 3377.8 3532.3 3792.2      3   2.62
theta[7,9]     0.36    0.15   0.72 2.6e-11  7.4e-5   0.03   0.41   2.33     22   1.11
theta[8,9]      0.7    0.42   1.14 1.1e-15  1.4e-4   0.05   0.99   3.48      7   1.34
theta[9,9]   661.49   34.94 169.59    2.96   629.2 666.98 711.09 944.39     24   1.04
theta[10,9]     0.9    0.23   2.74 1.6e-14  2.7e-5   0.03   0.27   8.39    148   1.02
theta[11,9]    0.93    0.91   1.67 1.4e-18  3.4e-7 2.6e-3   1.04   5.24      3   1.76
theta[12,9]  3642.6  2843.1 7980.3  385.56  937.97 1243.9 1737.8  3.7e4      8   1.46
theta[1,10]  1834.0  717.18 1034.5    0.19  2278.0 2392.4 2443.1 2527.0      2   5.06
theta[2,10]    0.36    0.19   0.72 1.7e-12  2.1e-5   0.02   0.39   2.75     15   1.16
theta[3,10]   9.0e4  2421.8 3488.0   8.7e4   8.8e4  8.8e4  9.0e4  9.7e4      2   5.11
theta[4,10]  5227.9  2068.3 2976.3    0.18  6215.2 6797.0 7036.3 7436.2      2   5.29
theta[5,10]    2.84    0.18   7.33 7.8e-14  1.5e-4   0.33   3.13  21.71   1702    1.0
theta[6,10]   1.3e4  2019.5 2962.2   1.0e4   1.1e4  1.1e4  1.2e4  1.8e4      2   4.32
theta[7,10]    0.62    0.41    1.1 2.8e-13  8.1e-5   0.03   0.83   3.57      7   1.43
theta[8,10]    0.91    0.69   1.42 7.1e-11  3.8e-4   0.09   1.46   4.74      4    1.5
theta[9,10]  1662.7  552.76 846.97    0.74  1913.2 2077.5 2155.0 2276.7      2   3.15
theta[10,10]   0.95    0.09   2.55 7.2e-10  6.8e-4   0.15   0.73   7.72    742   1.01
theta[11,10]   0.63    0.09   1.35 4.6e-10  6.9e-4   0.14   0.66   4.28    207   1.02
theta[12,10] 2722.1  1118.2 1656.7    0.61    42.2 3386.3 3884.9 4703.4      2   3.21
theta[1,11]  277.15    2.96  21.54  235.57  262.49 277.08 291.29 320.44     53   1.04
theta[2,11]    0.19    0.02   0.47 9.8e-11  1.6e-4   0.03   0.22   1.32    825    1.0
theta[3,11]  8671.3  2827.8 4480.6     0.2   1.1e4  1.1e4  1.1e4  1.1e4      3    2.6
theta[4,11]    90.3   37.37  95.89 7.4e-10    0.18  65.29 168.95 284.99      7   1.26
theta[5,11]    0.64    0.11   2.19 1.1e-12  3.6e-5   0.07    0.3   6.26    373   1.02
theta[6,11]  2203.8  217.23 382.42  1832.5  1977.9 2060.8 2195.1 3036.0      3   1.79
theta[7,11]    0.69    0.43   1.21 4.7e-14  3.1e-5   0.03    0.8   4.05      8   1.25
theta[8,11]    1.02    0.85   1.78 9.5e-14  3.3e-5   0.04   1.45    5.7      4   1.47
theta[9,11]  611.46   49.13  86.65  417.84  585.69  638.0 670.13 724.22      3   1.76
theta[10,11]    0.8    0.21   2.36 1.3e-16  1.4e-4 8.5e-3   0.33   8.33    130   1.04
theta[11,11]   0.34    0.03   0.79 7.6e-14  3.5e-5   0.03   0.45   2.35    821   1.01
theta[12,11] 2199.0  2680.4 4253.1 9.3e-14  9.5e-5   0.09   8.32  1.1e4      3   2.64
theta[1,12]  1334.4   124.4 320.41     3.2  1340.9 1428.4 1465.4 1526.2      7   1.52
theta[2,12]    0.21    0.12   0.37 2.2e-16  1.4e-5 9.5e-3   0.32   1.21     10   1.17
theta[3,12]   4.2e4  3073.3 4471.2   3.8e4   3.9e4  3.9e4  4.2e4  5.3e4      2   4.55
theta[4,12]  2947.2  1204.4 1710.6  4.4e-3  1430.8 3840.5 4016.0 4298.6      2  10.46
theta[5,12]   829.4  1013.2 1686.5 1.6e-12  1.2e-3   0.33  18.96 4155.2      3   2.03
theta[6,12]   388.7   165.3 287.29    0.08    0.57 442.64 610.76 888.19      3   1.68
theta[7,12]     0.3    0.12   0.56 4.4e-14  5.1e-5   0.03   0.53   1.56     22   1.08
theta[8,12]    0.63    0.39    1.4 8.2e-14  2.4e-5   0.02    0.6   4.77     13   1.28
theta[9,12]  429.07  175.46 250.83    0.26  187.28 551.15 590.96 662.36      2   6.52
theta[10,12]   0.58     0.1    1.7 2.4e-11  4.0e-3   0.07   0.41   5.13    277   1.02
theta[11,12]   0.85    0.53   1.91 9.7e-16  1.8e-5   0.04   0.81   6.07     13   1.33
theta[12,12] 5892.0  2407.2 3422.1    0.27  2857.9 7656.2 8047.2 8649.3      2   9.54
theta[1,13]  157.01     3.4  21.09   97.39  148.17 158.49 169.31  190.2     39   1.07
theta[2,13]    0.38    0.04   1.06 4.0e-14  3.7e-5   0.04   0.26   3.46    573   1.01
theta[3,13]  1311.3   35.49 228.35   93.36  1282.8 1342.1 1401.7 1515.2     41   1.07
theta[4,13]  175.33    7.23  57.28   96.31  143.94 168.68 195.54 379.75     63   1.05
theta[5,13]   52.35   36.29 176.69 6.1e-11  4.4e-4   0.53  29.79 953.39     24   1.12
theta[6,13]  467.41   18.01  62.85  355.75   423.7 464.03 505.93 604.81     12   1.12
theta[7,13]    9.99    3.83  12.27  7.9e-7    0.15   3.28  18.29  39.14     10   1.15
theta[8,13]   81.66   33.62  50.39    0.09   21.27  99.32 117.87 148.52      2   2.95
theta[9,13]   63.82     0.3  16.77   31.54   52.37  63.62   75.2  98.14   3052   1.01
theta[10,13]   1.43    0.23   3.86 6.0e-17  8.8e-6   0.05   0.88  12.29    286   1.01
theta[11,13]   0.77    0.19   1.72 4.3e-12  1.5e-4   0.08    0.8   5.09     83   1.06
theta[12,13]   2.38    0.61   8.95 1.2e-12  9.0e-6   0.01    0.7  22.13    214   1.02
theta[1,14]   315.2    4.73  26.51  270.21  300.85  316.0 330.65 360.66     31   1.08
theta[2,14]    0.59     0.2   1.02 3.6e-10  5.0e-4   0.08   0.71   3.47     25    1.1
theta[3,14]  2359.4  183.42 320.83  2023.2  2171.2 2256.0 2465.6 3181.0      3   1.83
theta[4,14]  287.52  117.96 171.56    0.08   93.22 360.91 404.95 478.27      2   4.15
theta[5,14]   66.93   61.45 232.99 6.9e-11    0.03   1.83  26.16 572.87     14   1.28
theta[6,14]  914.52   103.4 306.82    0.79  934.15 1000.9 1060.7 1165.7      9   1.89
theta[7,14]   48.13    3.95  19.65    5.39   35.93  48.88  61.48  84.94     25   1.13
theta[8,14]  122.52    50.2  74.14    0.03   33.41 151.48 174.23 213.39      2   3.35
theta[9,14]  111.49    7.06  39.91   52.82   89.75 106.22 124.16 226.84     32   1.14
theta[10,14]  26.65   30.46  47.05 2.5e-11  8.6e-4   0.27  25.56 148.64      2   2.45
theta[11,14]    6.8     7.0  27.71 6.4e-12  9.3e-4   0.11   1.34  55.42     16   1.25
theta[12,14]   2.16    0.84    9.3 4.9e-17  3.6e-5   0.03   0.89  18.11    121   1.04
theta[1,15]  1885.1  769.06 1088.9    0.11  1026.4 2484.6 2540.1 2634.4      2  20.61
theta[2,15]    0.74    0.66   1.23 8.8e-12  2.2e-4   0.03   1.31   4.47      3   1.95
theta[3,15]   9.3e4   3.8e4  5.4e4     0.2   5.5e4  1.2e5  1.2e5  1.2e5      2 123.56
theta[4,15]   1.5e4   1.1e4  1.6e4  5706.2  6096.4 6349.9  1.1e4  3.8e4      2   3.09
theta[5,15]   1.9e4   2.3e4  3.5e4 9.1e-11  6.8e-3   0.72  21.92  8.4e4      2   3.19
theta[6,15]   2.4e4  5031.7  1.0e4   1.9e4   2.0e4  2.0e4  2.1e4  3.3e4      4   1.57
theta[7,15]    75.7   85.92  248.4 2.0e-13  1.5e-4   0.06   7.96 325.95      8   1.23
theta[8,15]    0.32    0.13   0.61 6.9e-14  3.1e-6   0.02   0.47   1.69     23   1.08
theta[9,15]  4513.1  112.22  651.0  4212.9  4527.8 4607.3 4686.3 4841.3     34   1.09
theta[10,15]   0.87     0.1   3.03 1.3e-15  5.2e-5    0.1   0.24   8.63    885   1.01
theta[11,15]   0.37    0.02   1.02 8.9e-15  4.7e-5   0.04   0.38    3.0   2018    1.0
theta[12,15]   2.66    0.72  10.31 1.9e-16  1.1e-5   0.13   0.46  29.35    204   1.03
theta[1,16]  398.19   88.16 175.91    2.25  432.58 467.09 493.27 539.93      4   2.26
theta[2,16]    0.23    0.05   0.62 4.0e-14  1.4e-5   0.01   0.12   2.21    141   1.01
theta[3,16]   2.0e4  8233.0  1.2e4    0.09   1.2e4  2.7e4  2.7e4  2.7e4      2  55.46
theta[4,16]  721.98  296.76 431.59    0.21  226.92 904.51 1018.7 1199.7      2   4.07
theta[5,16]  1270.8  1489.3 4680.2 1.1e-11  2.7e-4   0.05   4.07  2.5e4     10   1.36
theta[6,16]   1.2e4  984.65 1477.4   1.1e4   1.1e4  1.1e4  1.3e4  1.5e4      2   3.22
theta[7,16]    0.91    0.77   2.11 1.2e-17  7.3e-6   0.02   0.77   8.24      8   1.52
theta[8,16]    0.31    0.07   0.69 1.3e-12  1.4e-4   0.06   0.34   2.05    106   1.04
theta[9,16]  2568.0  163.62 342.18  2098.8  2556.3 2669.0 2735.5 2848.4      4   1.41
theta[10,16]   0.43    0.17   1.76 2.9e-12  1.6e-5   0.01   0.15   4.52    105   1.03
theta[11,16]   0.32    0.07   0.77 1.3e-13  2.3e-5   0.01   0.26   2.17    128   1.04
theta[12,16] 5102.7  6204.3 9842.0 1.5e-13  1.8e-4    0.1  11.26  2.6e4      3   2.77
theta[1,17]   56.33   22.31  39.56    1.27    7.43  62.05   86.0 128.51      3   1.63
theta[2,17]  247.32    99.7 147.12    3.54    7.47 315.16 346.56 401.85      2   3.45
theta[3,17]   1.9e4  7639.4  1.1e4    0.63   1.1e4  2.5e4  2.5e4  2.5e4      2  56.96
theta[4,17]    0.51    0.05   1.72 3.8e-13  1.0e-5   0.03   0.31   4.87   1219   1.01
theta[5,17]  2329.0  2593.6 7187.1 1.2e-11  5.1e-4   0.06    1.4  2.0e4      8   2.04
theta[6,17]   1.8e4  457.26 3172.0   1.7e4   1.8e4  1.8e4  1.8e4  2.4e4     48   1.02
theta[7,17]    0.54    0.06   1.29 9.2e-15  1.3e-4   0.07   0.49   3.78    406   1.02
theta[8,17]    1.07    1.04   1.67 2.3e-11  8.5e-5   0.04   2.06   5.24      3   2.22
theta[9,17]  4290.0   78.12 256.67  3837.8  4167.0 4317.7 4415.8 4646.9     11    1.2
theta[10,17]   1.43    1.21   2.47 7.5e-14  6.6e-4   0.07   2.29   9.05      4   1.58
theta[11,17] 237.69  168.59 1036.5  1.0e-8    0.01  25.14 174.45 451.05     38   1.08
theta[12,17] 3583.1  4018.1 8578.8 2.1e-13  2.0e-4   0.32   8.47  2.4e4      5   2.75
theta[1,18]  108.14   33.15  52.66    2.52  101.59 128.04 143.16 168.64      3   2.36
theta[2,18]    0.31    0.03   0.84 9.0e-11  4.5e-4   0.06   0.28   2.46    599    1.0
theta[3,18]  2473.2  1009.8 1432.1    0.21  1255.5 3246.5 3360.3 3522.6      2  13.32
theta[4,18]  453.04  148.39 216.14  235.84  308.18 355.64 557.18 897.82      2   4.01
theta[5,18]  406.66  391.29 654.98 2.5e-10    0.25   69.4 306.24 1846.3      3   2.24
theta[6,18]  1218.6  169.88 260.16  934.22  1042.8 1115.5 1333.7 1846.4      2   2.95
theta[7,18]    4.66    1.36   8.82  1.1e-9    0.02   0.53   4.62  31.66     42   1.06
theta[8,18]   96.96   14.61  51.39    0.59   74.28  104.5  131.5 183.01     12   1.47
theta[9,18]  135.98   55.75  81.05    0.27    46.8 170.04 191.45 228.01      2   4.09
theta[10,18]   2.87    0.28   6.21 2.6e-10  1.1e-3   0.41   3.71  17.86    491   1.01
theta[11,18]    0.5    0.09   1.27 2.9e-10  4.0e-4   0.04   0.35   4.13    191   1.01
theta[12,18] 332.13  401.31 636.74 7.5e-13  5.1e-4   0.39 368.06 2438.9      3   2.75
theta[1,19]  1635.2   23.79  94.46  1400.0  1592.7 1635.7 1685.8 1819.0     16   1.37
theta[2,19]    0.23    0.12   0.52 3.2e-16  9.1e-6   0.01   0.19   1.97     18   1.18
theta[3,19]   3.4e4   1.4e4  1.9e4    0.35   1.9e4  4.5e4  4.5e4  4.5e4      2  54.54
theta[4,19]  3236.8  1321.0 1875.5    2.53  1621.1 4222.0 4401.7 4699.9      2  10.92
theta[5,19]  745.48  821.33 2348.6 5.5e-12  3.4e-4   0.12   3.57 8499.8      8   1.92
theta[6,19]  431.91  182.73  317.6    0.35    3.64 483.69  671.6 987.16      3   1.68
theta[7,19]    0.46    0.29    1.0 4.9e-12  2.5e-5   0.03    0.5   3.01     12   1.17
theta[8,19]    0.72    0.53    1.9 1.8e-15  1.2e-6   0.01    0.5   6.83     13   1.18
theta[9,19]  369.07  151.09 217.02    0.26  153.19 470.49 512.26 582.64      2   5.45
theta[10,19]   0.57    0.05   1.85 3.0e-12  3.5e-5   0.06    0.4   4.87   1315   1.01
theta[11,19]   0.55    0.38   1.13 1.9e-19  7.1e-7 5.6e-3   0.68   4.38      9   1.29
theta[12,19]  2.1e4   1.4e4  2.0e4  8730.3  9396.8 9810.4  3.3e4  6.0e4      2  16.78
theta[1,20]  628.88  205.49 321.05    0.18  718.84 780.87 811.12 862.78      2    2.8
theta[2,20]    0.24    0.09    0.5 4.9e-21  3.5e-6   0.01   0.25   1.66     29    1.1
theta[3,20]   2.0e4  490.57 874.98   1.9e4   1.9e4  2.0e4  2.0e4  2.3e4      3   1.77
theta[4,20]  1467.1  600.31 858.36    0.23  651.88 1883.4 2009.7 2272.8      2   6.65
theta[5,20]  1097.2  1325.7 1964.9 1.2e-10  6.0e-4   0.69 934.37 5108.6      2   3.94
theta[6,20]  387.91  162.59 264.85    0.05   11.54 446.29 564.79 819.35      3    2.0
theta[7,20]    0.46    0.29   0.75 1.4e-13  3.0e-5   0.03   0.84   2.12      7   1.23
theta[8,20]    1.37     1.2   2.77 5.6e-14  8.1e-6   0.02    1.5   9.92      5   1.58
theta[9,20]  376.28   17.13  90.27    2.04  354.43 386.23 421.94 491.51     28   1.11
theta[10,20]   0.48    0.05   1.48 6.9e-14  4.0e-4   0.07   0.39   3.91    991   1.01
theta[11,20]   0.52    0.25   0.94 5.2e-12  1.7e-4   0.05   0.96   2.36     14    1.1
theta[12,20] 2085.5  857.74 1278.6    0.42   15.99 2705.8 2960.3 3358.8      2    3.2
theta[1,21]   66.64    1.27  16.57   17.54   58.25   67.7   76.9  95.25    171   1.03
theta[2,21]    0.76    0.54   1.24 2.2e-16  6.1e-5   0.04   1.23   4.43      5   1.47
theta[3,21]  910.01   62.53 232.57    0.28  887.52 952.03 1017.4 1144.3     14   1.26
theta[4,21]  194.01   34.82 117.24   58.78  140.75 178.37 213.37 707.01     11   1.28
theta[5,21]  277.68   16.02 147.38    3.03  208.33 270.98 331.94 489.29     85   1.01
theta[6,21]   459.2   34.22  150.5  318.66   391.6 433.82 479.52 1138.2     19   1.16
theta[7,21]   61.95    5.93  20.95    1.11    54.7   65.2  74.65  93.72     12   1.32
theta[8,21]   74.42    1.47  20.17   37.89   60.33  73.52  86.91 116.22    188   1.02
theta[9,21]   24.01    1.51  16.52  4.1e-5    10.1  24.46  35.66  55.95    120   1.02
theta[10,21]   27.5   11.28  37.45 3.3e-10    0.28   1.73  51.95 117.33     11   1.16
theta[11,21]   0.61    0.18   1.35 9.7e-12  5.8e-4   0.04   0.54   4.94     59   1.06
theta[12,21]   2.12    0.32    7.3 6.1e-18  5.4e-5 4.1e-3    0.4  23.28    528   1.02
theta[1,22]  315.58   49.19 114.12    0.81  329.85 354.87 372.96 405.76      5   3.07
theta[2,22]     0.3    0.22   0.48 1.9e-16  1.0e-5   0.01    0.6   1.31      5    1.3
theta[3,22]  7851.0  2129.6 3755.3     1.3  9285.4 9538.7 9744.6  1.0e4      3   2.27
theta[4,22]   893.1  366.04 525.91    0.17  355.79 1131.2 1236.2 1437.0      2   5.98
theta[5,22]  644.99  724.78 1398.8 3.2e-11  4.0e-4   0.11   17.3 4369.4      4   3.15
theta[6,22]  413.86   76.97 180.75    4.77  336.27 430.68 522.07 736.84      6    1.7
theta[7,22]    0.35    0.24   0.78 2.2e-14  2.6e-5 5.6e-3   0.37   2.84     11   1.16
theta[8,22]    0.55    0.05   1.38 1.9e-13  1.7e-4   0.06   0.61   3.96    671   1.01
theta[9,22]   82.63   33.83  51.15     0.5   15.58  99.43 119.56 153.45      2   2.71
theta[10,22]   2.07    0.61   4.43 3.3e-10    0.02   0.32   1.76  14.94     53   1.08
theta[11,22]   0.47    0.13   0.93 2.9e-13  6.6e-5   0.04   0.64   2.58     49   1.05
theta[12,22] 2465.1  1928.4 3135.4  3.1e-8  872.56 1084.6 1649.2 9809.4      3   2.39
theta[1,23]   83.34   23.59  42.53   25.14   53.78  68.23 121.66 170.49      3   1.66
theta[2,23]   331.1  134.67 192.92    0.35   93.56 430.72  457.6 501.49      2   6.36
theta[3,23]  4080.1  1311.7 1873.2  2650.6  2892.1 3054.3 5915.7 7794.1      2   7.92
theta[4,23]    0.75    0.18   1.72 3.7e-13  6.7e-4   0.08   0.62   5.88     95   1.02
theta[5,23]    0.96    0.06   2.72 9.1e-15  6.0e-5    0.1   0.61   8.21   2271   1.01
theta[6,23]  2477.6  1023.3 1563.4  2.4e-4    2.75 3391.0 3508.3 3698.8      2   2.97
theta[7,23]  209.82   86.31 127.06    0.02   26.12 273.17 297.99  338.2      2   3.74
theta[8,23]    1.08    0.85   1.74 2.7e-12  7.8e-6   0.03   2.07   4.93      4    1.4
theta[9,23]  150.19  152.81 461.58 8.2e-16  4.5e-4   0.32 135.81 2151.0      9   1.38
theta[10,23]   0.45    0.06   1.11 4.8e-17  5.5e-5   0.02   0.39   3.23    302   1.02
theta[11,23] 1971.6   118.3 528.43    0.93  1877.7 1933.6 2044.0 2669.5     20   1.18
theta[12,23] 775.61  325.81 603.46     0.1    0.51 865.43 1057.8 2794.7      3   1.68
theta[1,24]    30.9    0.19   7.14   17.55   25.96  30.76  35.58  45.38   1410    1.0
theta[2,24]    0.36    0.11   0.64 5.3e-11  1.4e-3    0.1   0.45   2.16     37   1.12
theta[3,24]  375.73   28.86  64.08  262.89  333.48 373.71 422.34 491.69      5    1.3
theta[4,24]   32.95    13.5  32.69  1.0e-5    0.69   27.4  59.78   97.9      6   1.26
theta[5,24]    10.8    2.74  24.14 6.9e-15  4.0e-3   0.05   6.35  88.61     78   1.05
theta[6,24]   53.11   22.42  43.03  4.5e-3    0.17  54.58  85.92 135.85      4   1.48
theta[7,24]    1.01    0.14   2.12 2.1e-12  2.9e-4   0.12   0.93   7.62    224   1.03
theta[8,24]   19.65    2.11  11.83    0.19   11.22   20.5   27.9  42.04     31   1.15
theta[9,24]   15.09    1.75   9.72  3.2e-6    7.17  15.57  22.28  33.61     31   1.09
theta[10,24]  25.87    9.85   32.7  4.8e-8    0.58  23.29  42.05  69.16     11   1.12
theta[11,24]   1.31    0.97   5.47 2.9e-13 10.0e-5   0.04   0.61   9.85     32   1.12
theta[12,24]   1.69    0.17    5.0 3.8e-10  3.0e-4   0.16   1.54  14.62    828   1.01
theta[1,25]  945.18  382.92 542.69    3.82  515.08 1238.1 1277.9 1338.3      2   15.3
theta[2,25]    0.12  9.0e-3   0.35 8.9e-17  2.2e-5   0.02   0.09   0.99   1486   1.01
theta[3,25]   2.8e4   1.1e4  1.6e4    0.12   1.6e4  3.7e4  3.8e4  3.8e4      2  49.96
theta[4,25]  2162.8  884.24 1259.3    0.16  902.24 2803.2 2958.8 3238.7      2   8.14
theta[5,25]   1.1e4   1.4e4  2.0e4 1.0e-10  2.0e-3   0.41  2.5e4  4.6e4      2  67.93
theta[6,25]  1093.6  454.14  718.6    0.18   88.12 1314.5 1480.9 2832.5      3   2.41
theta[7,25]    0.42    0.29   0.71 2.1e-12  5.8e-5   0.03   0.66   2.35      6   1.25
theta[8,25]    0.26    0.02   0.74 1.9e-12  6.8e-5   0.03   0.23   2.25   1373   1.01
theta[9,25]  856.11  124.12 279.32  2.6e-3  759.62 805.17 886.98 1320.0      5   1.43
theta[10,25] 333.95  409.97 598.46 1.5e-13  1.3e-4   0.07    9.1 1568.6      2   4.12
theta[11,25]   0.71    0.31   1.89 1.8e-13  1.6e-4   0.05   0.56   6.95     38   1.13
theta[12,25] 3387.6  1388.6 2001.7    0.28    0.88 4366.7 4702.0 5267.4      2   5.02
theta[1,26]   34.29   39.89  67.15 3.9e-14  2.1e-4   0.17   7.04 194.86      3   2.41
theta[2,26]    0.36    0.18   0.65 2.7e-13  3.8e-5   0.02   0.49   2.28     13   1.16
theta[3,26]   2.0e4  2558.8 3645.0   1.7e4   1.8e4  1.8e4  2.2e4  2.8e4      2    9.9
theta[4,26]    0.72    0.19   1.45 1.8e-10  1.6e-4   0.09   0.87   5.08     59   1.06
theta[5,26]    0.66     0.2   2.31 5.6e-11  2.7e-5 4.4e-3    0.3   6.27    134   1.06
theta[6,26]  8724.1  3561.5 5039.2    0.03  4946.6  1.2e4  1.2e4  1.2e4      2  38.45
theta[7,26]    0.31    0.07   0.88 5.6e-11  7.5e-4   0.06   0.19   2.65    162   1.02
theta[8,26]    0.31    0.07   0.69 1.5e-12  3.8e-4   0.06   0.29   2.27     99   1.03
theta[9,26]  3852.2  304.72 471.21  3451.9  3568.3 3639.6 3921.4 5270.7      2   2.94
theta[10,26]    0.3    0.06   0.94 3.8e-12  5.4e-5 5.1e-3   0.11   2.72    249   1.02
theta[11,26] 536.73  652.13 1081.7 3.1e-13  1.0e-4   0.05   2.44 2851.6      3   2.39
theta[12,26]   0.46     0.1   1.38 3.4e-10  2.8e-3   0.04   0.34   3.83    208   1.03
theta[1,27]  526.01  214.79 305.05    0.08  263.54 685.83 716.34 768.06      2  10.51
theta[2,27]    0.68    0.62   1.16 7.5e-14  9.5e-5   0.04   0.85   3.84      3   1.64
theta[3,27]   2.4e4  9760.5  1.4e4    0.04   1.4e4  3.2e4  3.2e4  3.2e4      2  61.52
theta[4,27]  3647.3  2051.6 2920.5  1695.1  1906.8 2032.6 5075.7 9212.9      2  10.56
theta[5,27]  8033.3  9836.6  1.4e4 6.3e-14  2.1e-5   0.09  1.7e4  3.5e4      2  20.33
theta[6,27]  5209.8  2127.3 3012.1    0.04  2835.9 6868.0 7023.7 7287.9      2  20.53
theta[7,27]    1.53    1.56   2.94 3.3e-13  2.8e-5   0.03   1.77  10.59      4   1.73
theta[8,27]    0.25    0.04   0.77 8.7e-15  5.6e-5 8.3e-3   0.18   2.21    389   1.01
theta[9,27]  1539.9   194.5 640.99    0.34  1327.6 1381.2 1454.8 2749.8     11   1.39
theta[10,27]   0.58    0.07   2.07 2.1e-13  7.7e-5   0.02   0.16   6.16    794   1.01
theta[11,27]   0.36    0.04   0.86 2.3e-12  1.3e-3   0.11   0.28   2.86    384   1.01
theta[12,27]   4.86    1.08  12.97  1.3e-9    0.07   0.64   2.85  42.07    143   1.04
theta[1,28]  5320.2  250.47 1135.7  1318.6  5475.7 5557.0 5628.5 5827.9     21   1.24
theta[2,28]    0.17    0.05   0.37 4.0e-12  7.7e-6   0.01   0.18   1.16     46   1.08
theta[3,28]   1.3e5   1.3e4  4.2e4    3.13   1.4e5  1.4e5  1.4e5  1.6e5     10   1.73
theta[4,28]   1.8e4  7702.3  2.5e4   1.1e4   1.1e4  1.1e4  1.6e4  4.7e4     10   1.36
theta[5,28]  9816.2   1.0e4  3.5e4 5.3e-14  6.5e-5   0.09  17.14  1.4e5     12    1.5
theta[6,28]    4.71    3.52  83.66 9.3e-13  6.9e-5   0.22   1.31  17.95    566    1.0
theta[7,28]    0.29    0.16   0.51 1.0e-10  9.3e-5   0.02   0.39   1.81     10   1.25
theta[8,28]     1.8    1.98   3.11 1.4e-16  2.4e-6 8.5e-3   2.81  10.08      2   2.65
theta[9,28]  214.81    88.6 135.36    1.08   11.81 258.89 314.13 403.11      2   2.55
theta[10,28]   1.54    1.06   2.69 4.3e-14  8.1e-5   0.07   2.07    9.0      6   1.37
theta[11,28] 172.12  207.85 1234.3 9.6e-18  8.9e-5   0.05   1.18  45.95     35   1.09
theta[12,28]  2.1e4  8782.6  1.2e4    0.49    2.64  2.8e4  2.9e4  3.0e4      2   11.1
theta[1,29]  212.42   86.83 123.86  2.7e-3   98.33 274.07 291.68 321.77      2   7.47
theta[2,29]    0.17    0.02   0.64 8.5e-24 3.5e-10 1.6e-3    0.1   1.63    960   1.01
theta[3,29]  3113.4  1271.2 1800.4  1.3e-4  1693.5 4097.6 4201.8 4367.5      2  18.91
theta[4,29]  370.06  223.79 346.85   58.05  165.25 218.83 446.07 953.09      2   2.42
theta[5,29]  462.89  543.95 930.02 7.2e-17  2.5e-3   0.71  38.63 2541.4      3    2.4
theta[6,29]  1492.4  175.47 389.82  1187.5  1303.4 1372.0 1488.7 2458.5      5   1.66
theta[7,29]    4.23    1.05   9.55 2.7e-13  6.5e-3   0.08   2.31  34.98     83   1.04
theta[8,29]  155.88   23.67  48.22   77.92  122.24 149.15  186.1 256.02      4   1.39
theta[9,29]  155.11   42.52  77.01    0.62  153.18  182.7 203.51 240.96      3   2.02
theta[10,29]   5.91    1.24  16.62 1.6e-13  6.1e-5   0.03   2.12  58.32    179   1.02
theta[11,29]   0.41    0.04    1.4 5.5e-17  8.5e-6 2.5e-3   0.12   4.07   1163   1.01
theta[12,29] 343.85  417.01 694.51 1.3e-18  9.3e-5   0.27  40.28 2800.0      3   2.16
theta[1,30]  422.78   42.12  82.24  310.63  362.39 409.98 492.05 554.47      4   1.48
theta[2,30]    0.43     0.3   0.74 8.3e-17  1.5e-6   0.01   0.65   2.53      6   1.29
theta[3,30]   1.1e4  1357.4 1932.3  9734.5   1.0e4  1.0e4  1.3e4  1.5e4      2   8.76
theta[4,30]  360.47  151.59 230.07    0.17    50.3 432.53 534.18 681.38      2   2.78
theta[5,30]  742.24  450.79 707.41  3.1e-3    0.05 1015.3 1398.7 1788.8      2   2.54
theta[6,30]  2226.6  908.34 1289.2    0.74  1135.6 2909.5 3029.0 3222.6      2  11.36
theta[7,30]    0.48     0.2   1.07 3.9e-15  1.2e-6   0.02   0.38   3.73     30   1.08
theta[8,30]    2.65    1.81   6.81 1.7e-11  2.0e-4   0.15   2.35  23.21     14   1.21
theta[9,30]  121.95   50.29  76.68     0.5   27.75 144.95 178.17 232.19      2    2.6
theta[10,30]  14.71   14.36  35.43 2.0e-17  7.0e-5   0.09    3.0 131.93      6   2.12
theta[11,30] 118.73  144.87 206.51 1.8e-12  4.3e-5   0.07  24.15 528.02      2   8.02
theta[12,30] 356.51  301.15 518.37 4.9e-11    1.64  15.13  608.0 1577.5      3   1.94
theta[1,31]  234.16   74.69 120.58    0.23  260.21 287.72 304.92 336.45      3   2.44
theta[2,31]    0.98    0.72   1.56 1.6e-12  1.7e-4   0.09   1.73   6.13      5   1.46
theta[3,31]  4445.2   506.1 1336.9    0.71  4712.4 4868.1 4967.4 5143.9      7   1.89
theta[4,31]  264.41   103.4 334.75     8.0   128.5 179.77 232.57 1396.0     10   1.58
theta[5,31]  302.33  325.49 813.27 3.8e-21  3.9e-8   0.02   8.72 3038.0      6   1.98
theta[6,31]  2246.4  220.75  421.8  1882.2  2007.8 2081.8 2190.4 3402.0      4   2.41
theta[7,31]   11.77   10.36  29.78 2.6e-10  9.6e-4   0.36   5.43 119.01      8   1.71
theta[8,31]    4.15    3.33  12.46 3.1e-13  2.1e-4   0.04   1.23  47.11     14   1.37
theta[9,31]  334.48   92.82 162.22    0.12  363.26 400.72 427.28 475.44      3   2.23
theta[10,31]  12.88    9.66  37.77 3.9e-14  1.6e-5   0.02   2.12 152.43     15   1.33
theta[11,31]   0.57     0.2   1.73 4.0e-15  1.5e-5   0.01   0.25   5.58     78   1.05
theta[12,31]   1.29    0.13   4.88 4.9e-13  1.0e-4   0.06   0.54  12.63   1391   1.01
theta[1,32]  1537.3    0.89  62.81  1441.7  1505.3 1537.4 1570.3 1632.7   5007    1.0
theta[2,32]    0.17    0.04    0.4 4.5e-13  6.0e-5   0.01   0.18   1.15     97   1.05
theta[3,32]   5.0e4  1180.3 3351.3   4.8e4   4.9e4  4.9e4  5.0e4  6.5e4      8   1.44
theta[4,32]  3855.4  1573.8 2233.2    0.55  1964.0 5034.0 5244.4 5564.1      2  11.88
theta[5,32]   20.72   21.77  80.25 2.2e-14  6.1e-3    0.6   8.96 195.42     14   1.26
theta[6,32]  1224.0  502.49 729.89    0.03  376.75 1538.2 1724.8 2010.3      2   4.27
theta[7,32]    0.77    0.63   1.47 9.6e-15  5.3e-5   0.03   0.77   5.01      5   1.38
theta[8,32]    0.23    0.04   0.74 5.7e-12  1.4e-4 2.0e-3   0.08   2.11    436   1.01
theta[9,32]  664.39   36.95 153.35    2.41  656.25 692.15 728.73 796.26     17    1.2
theta[10,32]    2.7    2.17   4.43 1.2e-11  4.7e-4   0.15   3.98  14.89      4   1.61
theta[11,32]   0.25    0.02   0.77 1.7e-13  4.2e-5   0.03   0.17   2.12   1048   1.01
theta[12,32] 8504.4  782.52 2895.9    7.07  7542.7 7970.9 8594.9  1.4e4     14   1.29
theta[1,33]  164.07    0.38  14.18  137.29  154.15 163.55 173.59 192.87   1378    1.0
theta[2,33]    0.18    0.02   0.61 7.2e-13  1.8e-5   0.01   0.07   1.84    631   1.01
theta[3,33]  866.03    15.8 141.75  723.29  824.36 868.12 917.25 1179.7     80    1.0
theta[4,33]  202.65    3.31  43.55  128.74  175.68 199.79 225.52 286.78    173    1.0
theta[5,33]    5.92    2.17  11.69 2.4e-14  3.2e-4   0.43   5.83  43.25     29   1.16
theta[6,33]  346.03   23.14  92.47    1.58  325.55 360.68  394.2 459.96     16   1.23
theta[7,33]    2.29     0.3   3.97 3.1e-10    0.02   0.48   2.41  14.32    172   1.01
theta[8,33]  139.51    0.84  21.76  101.31  125.54 138.63 152.61 184.86    677   1.01
theta[9,33]   53.66    2.94  17.27   25.61    42.1   52.0  62.48   99.7     35    1.1
theta[10,33]   0.86    0.06   2.23 1.4e-23  3.4e-6   0.04   0.96   7.21   1221   1.01
theta[11,33]   0.74    0.46   1.66 2.2e-30  2.3e-6   0.01   0.34   6.14     13    1.5
theta[12,33]   16.7   19.36 120.91 2.7e-13  8.3e-6   0.01   0.49  18.73     39   1.07
theta[1,34]  211.84   21.97  66.12    0.28  215.44 229.04 241.35 266.86      9   1.68
theta[2,34]    0.46    0.31   0.78 5.4e-13  3.5e-5   0.02   0.73   2.66      6   1.31
theta[3,34]  2403.2   39.25 274.87  2227.5  2368.9 2429.6 2491.0 2608.5     49   1.06
theta[4,34]   235.0   18.32 135.28  133.29   190.0 220.47 253.64 331.33     55   1.05
theta[5,34]    2.81    0.55   6.14 1.6e-15  3.1e-4   0.24   2.67  20.55    125   1.03
theta[6,34]  919.08   58.12 213.85  747.99  830.39 878.49 931.44 1329.8     14    1.3
theta[7,34]    0.77    0.09   2.35 4.7e-12  2.8e-4   0.09   0.25    7.7    678   1.01
theta[8,34]   67.65    9.86  33.85  8.1e-4    51.7  72.76  90.78 123.78     12    1.5
theta[9,34]  164.64    5.56  28.32  102.75  150.25 166.76 182.69 211.68     26   1.14
theta[10,34]   0.84    0.08   2.79 3.4e-12  4.2e-6 2.7e-3   0.23   8.47   1193    1.0
theta[11,34]   0.46    0.12    0.9 1.1e-13  1.3e-4   0.05   0.59   2.53     53   1.07
theta[12,34]   0.97    0.16   2.66 3.6e-12  1.4e-4   0.05   0.65   7.46    282   1.02
theta[1,35]  736.48  300.47 425.92    0.13  386.15 966.07 995.98 1048.3      2   14.7
theta[2,35]    0.82    0.81   1.57 3.7e-12  6.0e-5   0.02   0.95   5.84      4   2.32
theta[3,35]   1.9e4  7553.1  1.1e4  8.3e-6   1.1e4  2.5e4  2.5e4  2.5e4      2  41.04
theta[4,35]  2040.2  548.26 1971.6    0.02  1650.9 1826.9 1969.6 8463.1     13   1.41
theta[5,35]  7175.0  8765.9  1.3e4 2.3e-10  2.8e-3   0.41  1.2e4  3.3e4      2    8.2
theta[6,35]  809.92  408.95 890.48  1.2e-8  337.41  486.8 669.08 2991.3      5   1.81
theta[7,35]     0.4    0.26   0.93 9.6e-12  9.1e-5   0.02    0.3   3.67     13   1.32
theta[8,35]     2.2    1.88   4.59 6.8e-18  8.3e-5   0.05   1.94  17.35      6   1.45
theta[9,35]   346.7   45.02 126.62    2.12  344.76 381.85 414.74 474.88      8   2.52
theta[10,35]   0.62    0.09   1.91 3.0e-12  1.8e-4   0.07   0.32   5.26    484   1.01
theta[11,35]   0.32    0.02   0.87 5.8e-15  7.2e-5   0.04   0.31   2.56   2712    1.0
theta[12,35] 3842.5  1571.5 2240.6    0.12  1793.6 4963.0 5275.4 5804.2      2   7.66
theta[1,36]  215.88   88.26 125.82    0.02   97.31 278.96 295.85 325.31      2   7.74
theta[2,36]     0.4     0.2   0.68 5.3e-14  1.1e-4   0.04   0.66   2.31     12   1.15
theta[3,36]  2351.2  960.25 1360.5  2.1e-5  1241.1 3092.1 3177.1 3326.8      2  16.18
theta[4,36]  441.83  180.97 261.51     0.1  155.95 561.98 617.87 708.81      2   4.79
theta[5,36]  1104.3  1344.5 1935.9 2.7e-12  7.9e-4   0.58 1980.3 5269.2      2  15.31
theta[6,36]  1031.7  132.78 388.83    0.72  1066.2 1138.2 1212.2 1417.0      9   3.14
theta[7,36]    1.08     0.1   2.93 2.8e-15  6.2e-5   0.08    1.0   9.73    844   1.01
theta[8,36]  254.81   25.03  52.17  177.57  221.57 246.97  281.9 370.37      4   1.36
theta[9,36]  173.54   12.55  64.32    0.51  157.25  177.7  197.5  344.1     26   1.03
theta[10,36]  11.69    2.75  25.79 7.3e-12  7.3e-3   0.28   6.53  93.78     88   1.05
theta[11,36]    0.6     0.2   1.45 1.8e-12  9.1e-4   0.17   0.38   4.91     56   1.07
theta[12,36]   1.28    0.16   4.37 3.5e-14  1.0e-4   0.13   0.72  12.44    738   1.01
theta[1,37]   284.2    0.62  21.66  241.58   269.9 284.04 298.74 327.54   1234    1.0
theta[2,37]     1.1    0.41   2.34 7.9e-16  8.2e-4   0.11   0.89    8.7     33   1.15
theta[3,37]  2427.2  109.91 459.37    1.33  2423.0 2506.0 2583.9 2733.2     17   1.17
theta[4,37]  462.29   15.98 101.09  328.96  409.12 451.17 492.75  845.7     40   1.08
theta[5,37]   36.57    11.8   71.9 1.8e-15  7.8e-3   0.19  34.18 259.33     37   1.08
theta[6,37]  1381.7  103.43 180.47  1141.5  1262.4 1334.8 1471.5 1923.4      3   1.77
theta[7,37]  109.16    1.37  22.41   69.05   96.98 109.61 122.77 149.43    267   1.01
theta[8,37]  199.25    1.87  35.77  137.75  177.75 198.34 220.09 272.49    367    1.0
theta[9,37]  102.54   42.22  62.54    0.05   23.73 126.06 147.14 180.85      2    3.2
theta[10,37]   8.88    1.24  20.97 2.4e-19  1.5e-6   0.05   4.79  74.42    285   1.02
theta[11,37]   0.26    0.08   0.98 7.6e-13  1.2e-6 1.1e-4   0.02   2.99    145   1.03
theta[12,37]  52.92   61.67 279.39 2.3e-11  6.8e-5   0.03   1.28 1394.5     21   1.16
theta[1,38]  552.51    0.91  29.76  495.21  532.05 552.56 572.94 610.02   1076   1.01
theta[2,38]    0.64     0.5    1.2 2.0e-11  3.1e-4   0.05   0.75   4.43      6   1.52
theta[3,38]   1.7e4  211.88 678.91   1.6e4   1.7e4  1.7e4  1.7e4  1.9e4     10   1.53
theta[4,38]  784.02   54.72 198.46  496.02  661.69 750.97 847.94 1332.0     13   1.41
theta[5,38]    1.18    0.29   5.19 1.4e-19  1.1e-7 5.5e-3   0.19  12.05    314   1.02
theta[6,38]  2109.4   92.12 383.69  1701.3  1920.5 2042.7 2182.3 3208.0     17   1.28
theta[7,38]    0.87    0.36   1.75 1.3e-12  2.5e-4   0.07    1.1   5.32     24   1.11
theta[8,38]    1.11     1.0   1.87 8.9e-16  1.2e-4   0.04   1.86   6.82      3   1.93
theta[9,38]  343.26   19.14  73.55   37.44  321.26 353.75 383.15 438.69     15   1.26
theta[10,38]   1.16    0.15    3.8 2.0e-13  1.6e-4   0.06   0.31  12.07    602   1.02
theta[11,38]   0.93    0.43   1.92 1.5e-13  2.9e-5   0.04   1.12   6.39     20    1.1
theta[12,38] 2624.1  334.22 936.67    5.05  2638.9 2888.4 3101.6 3504.6      8   2.17
mu[1]        796.61   80.01 470.49  260.29  488.23 682.58 970.69 2002.4     35   1.05
mu[2]         70.92     2.6  54.78   24.59   42.07  58.75  81.88 191.09    443   1.02
mu[3]         2.5e4  1860.3  1.6e4  8286.3   1.5e4  2.1e4  3.0e4  6.4e4     78   1.04
mu[4]        2262.3  228.25 1637.3  785.26  1344.5 1814.9 2603.8 6762.9     51   1.06
mu[5]        1940.2  2311.4 3989.5   33.57   64.74 102.37 1358.2  1.3e4      3   1.81
mu[6]        3651.4    61.2 2205.6  1339.8  2268.9 3098.4 4319.5 9349.7   1299    1.0
mu[7]         69.68    1.41   46.9   26.15   43.02  57.99  82.92 182.71   1108   1.01
mu[8]         97.15    2.91  68.64   32.86   56.92  78.68 112.51 292.65    555   1.01
mu[9]         917.2   19.71 592.79  318.45  545.32 770.29 1107.1 2333.2    904   1.01
mu[10]        71.72   18.15  55.63   21.67   38.49  56.19  86.94 208.87      9   1.14
mu[11]       140.29   32.16 118.19   41.46   72.76 106.67 163.94 457.44     14   1.13
mu[12]       2923.0  294.07 2011.4  990.44  1711.0 2394.3 3501.9 7643.2     47   1.04
lp__          7.3e6   3.3e4  5.2e4   7.2e6   7.3e6  7.3e6  7.3e6  7.3e6      2   3.57

Samples were drawn using NUTS at Thu Mar  3 15:26:15 2022.
For each parameter, n_eff is a crude measure of effective sample size,
and Rhat is the potential scale reduction factor on split chains (at 
convergence, Rhat=1).
Warning: some signatures do not have substantial loadings attributed to them: SBS1, SBS2, SBS13, SBS17a, SBS18
max loadings: [ 9.  3. 82. 11. 24. 38.  3.  8. 12.  5. 20. 35.]
