python scripts/infer-loadings-only-2.py data/WGS_PCAWG.96.ready.Lung-AdenoCA.tsv Lung-AdenoCA  --signatures-prefix Signature --signatures 1 2 3 4 5 9 13 17a 17b 18 28 40 --save-dir WGS_PCAWG.96.ready.Lung-AdenoCA_ALT/synthetic_data --subst-type SBS -n 38 -a 0.00 --zeta 1    
data/WGS_PCAWG.96.ready.Lung-AdenoCA.tsv
Using 38 samples
Using SBS1, SBS2, SBS3, SBS4, SBS5, SBS9, SBS13, SBS17a, SBS17b, SBS18, SBS28, SBS40
inferring loadings for 38 samples
zeta = 1
Using cached StanModel for normalized_joint_loadings_only
a0: 1.0465355286837101 b0: 222.98157607396396

Gradient evaluation took 0.01 seconds
1000 transitions using 10 leapfrog steps per transition would take 100 seconds.
Adjust your expectations accordingly!



Gradient evaluation took 0 seconds
1000 transitions using 10 leapfrog steps per transition would take 0 seconds.
Adjust your expectations accordingly!




Gradient evaluation took 0 seconds
Gradient evaluation took 0 seconds
1000 transitions using 10 leapfrog steps per transition would take 0 seconds.
1000 transitions using 10 leapfrog steps per transition would take 0 seconds.
Adjust your expectations accordingly!
Adjust your expectations accordingly!




Iteration:    1 / 3000 [  0%]  (Warmup)
Iteration:    1 / 3000 [  0%]  (Warmup)
Iteration:    1 / 3000 [  0%]  (Warmup)
Iteration:    1 / 3000 [  0%]  (Warmup)
Iteration:  300 / 3000 [ 10%]  (Warmup)
Iteration:  300 / 3000 [ 10%]  (Warmup)
Iteration:  300 / 3000 [ 10%]  (Warmup)
Iteration:  600 / 3000 [ 20%]  (Warmup)
Iteration:  600 / 3000 [ 20%]  (Warmup)
Iteration:  600 / 3000 [ 20%]  (Warmup)
Iteration:  900 / 3000 [ 30%]  (Warmup)
Iteration:  300 / 3000 [ 10%]  (Warmup)
Iteration:  900 / 3000 [ 30%]  (Warmup)
Iteration:  900 / 3000 [ 30%]  (Warmup)
Iteration: 1200 / 3000 [ 40%]  (Warmup)
Iteration:  600 / 3000 [ 20%]  (Warmup)
Iteration: 1200 / 3000 [ 40%]  (Warmup)
Iteration: 1200 / 3000 [ 40%]  (Warmup)
Iteration: 1500 / 3000 [ 50%]  (Warmup)
Iteration: 1501 / 3000 [ 50%]  (Sampling)
Iteration:  900 / 3000 [ 30%]  (Warmup)
Iteration: 1500 / 3000 [ 50%]  (Warmup)
Iteration: 1501 / 3000 [ 50%]  (Sampling)
Iteration: 1500 / 3000 [ 50%]  (Warmup)
Iteration: 1501 / 3000 [ 50%]  (Sampling)
Iteration: 1800 / 3000 [ 60%]  (Sampling)
Iteration: 1200 / 3000 [ 40%]  (Warmup)
Iteration: 1800 / 3000 [ 60%]  (Sampling)
Iteration: 1800 / 3000 [ 60%]  (Sampling)
Iteration: 2100 / 3000 [ 70%]  (Sampling)
Iteration: 1500 / 3000 [ 50%]  (Warmup)
Iteration: 1501 / 3000 [ 50%]  (Sampling)
Iteration: 2100 / 3000 [ 70%]  (Sampling)
Iteration: 2100 / 3000 [ 70%]  (Sampling)
Iteration: 2400 / 3000 [ 80%]  (Sampling)
Iteration: 1800 / 3000 [ 60%]  (Sampling)
Iteration: 2400 / 3000 [ 80%]  (Sampling)
Iteration: 2400 / 3000 [ 80%]  (Sampling)
Iteration: 2700 / 3000 [ 90%]  (Sampling)
Iteration: 2100 / 3000 [ 70%]  (Sampling)
Iteration: 2700 / 3000 [ 90%]  (Sampling)
Iteration: 2700 / 3000 [ 90%]  (Sampling)
Iteration: 3000 / 3000 [100%]  (Sampling)

 Elapsed Time: 3464.79 seconds (Warm-up)
               8874.71 seconds (Sampling)
               12339.5 seconds (Total)

Iteration: 2400 / 3000 [ 80%]  (Sampling)
Iteration: 3000 / 3000 [100%]  (Sampling)

 Elapsed Time: 4177.11 seconds (Warm-up)
               8744.91 seconds (Sampling)
               12922 seconds (Total)

Iteration: 3000 / 3000 [100%]  (Sampling)

 Elapsed Time: 4226.85 seconds (Warm-up)
               8939.01 seconds (Sampling)
               13165.9 seconds (Total)

Iteration: 2700 / 3000 [ 90%]  (Sampling)
Iteration: 3000 / 3000 [100%]  (Sampling)

 Elapsed Time: 7297.88 seconds (Warm-up)
               8898.9 seconds (Sampling)
               16196.8 seconds (Total)

Inference for Stan model: normalized_joint_loadings_only_7478cda48744ea0a7d29de17e1bfd57e.
4 chains, each with iter=3000; warmup=1500; thin=1; 
post-warmup draws per chain=1500, total post-warmup draws=6000.

               mean se_mean     sd     2.5%    25%    50%    75%  97.5%  n_eff   Rhat
theta[1,1]    833.0  348.12 550.25     0.07    1.1 1170.7 1213.7 1280.6      2   2.85
theta[2,1]     0.31    0.11   0.61  1.2e-10 4.5e-3   0.06   0.32   1.89     31    1.1
theta[3,1]    3.4e4   1.4e4  2.0e4     0.13   1.37  4.1e4  5.2e4  5.4e4      2   7.34
theta[4,1]   4150.0  2178.6 3385.8   4.9e-4 330.31 3904.3 6837.1  1.4e4      2   3.03
theta[5,1]   2947.7  3223.0 9118.4  1.8e-13 1.9e-4   0.31 354.01  4.0e4      8   1.49
theta[6,1]   979.11   693.7 995.98   3.1e-4   0.27   1.38 1965.4 2301.7      2   5.79
theta[7,1]     0.37    0.16   0.65  4.2e-10 7.7e-3   0.11   0.43   1.93     16   1.14
theta[8,1]     0.62    0.31   1.42  3.1e-11   0.01   0.08   0.45    5.6     20   1.22
theta[9,1]   334.54  236.53 337.58     0.02   0.42  87.48  672.0 759.16      2   7.45
theta[10,1]    0.86    0.09   2.69  1.1e-11   0.01    0.2   0.71   6.98    912   1.01
theta[11,1]    1.69    0.91   2.19  1.5e-12   0.14   0.92    2.3    7.7      6   1.54
theta[12,1]   1.1e4  8777.9  1.6e4     0.25   1.92 4525.1 5193.4  4.2e4      3   2.11
theta[1,2]    788.3  320.21 456.51     1.64   19.3 1033.4 1070.7 1130.0      2   7.74
theta[2,2]     0.29    0.13   0.56  1.5e-13   0.04   0.09   0.26   1.76     19   1.22
theta[3,2]    2.5e4   1.0e4  1.5e4     0.03  1.3e4  3.0e4  3.7e4  3.9e4      2  30.78
theta[4,2]   1410.9   999.7 1429.1     0.23   0.38 1064.3 2741.4 3540.4      2    8.6
theta[5,2]   8871.1   1.1e4  1.5e4   1.4e-7   0.07   0.21  2.2e4  3.6e4      2   43.8
theta[6,2]   2379.6  1121.3 1629.6     0.12   0.56 2474.1 3712.9 5125.2      2    4.8
theta[7,2]     0.84    0.34   1.37  9.5e-11 7.4e-4   0.17   1.01   4.46     16   1.31
theta[8,2]     0.26    0.08   0.51  7.0e-11 3.0e-4   0.15   0.28   1.37     43    1.1
theta[9,2]   515.53   96.49 212.11     4.63 457.53 505.41 583.68 840.11      5   1.61
theta[10,2]    0.75    0.14   1.58   7.7e-8   0.23    0.4   0.73   4.41    133   1.04
theta[11,2]    1.94    0.72   2.24   3.2e-8   0.28   1.46   2.76   8.65     10   1.28
theta[12,2]  1576.2  1147.1 1898.4   2.0e-6   0.02   0.76 3743.7 4363.8      3   3.05
theta[1,3]    371.3  151.37 215.38     0.69 178.19 480.95 506.56 553.05      2   9.05
theta[2,3]     1.72    1.72   2.61  3.6e-11 9.9e-3   0.17    3.9   7.64      2    3.2
theta[3,3]   5350.1  2187.5 3132.8     0.29 6335.7 6835.0 7128.2 9604.5      2   7.09
theta[4,3]   258.37   183.2 263.84      0.1   0.23  92.34 516.88 643.87      2   5.14
theta[5,3]   2481.8  3010.9 4264.3   2.3e-7   0.08   2.86 1284.6  1.0e4      2  22.18
theta[6,3]   1549.8  636.48 1021.9     0.02   0.25 2082.2 2257.0 2560.7      3   2.35
theta[7,3]     2.29    0.66   5.37  1.4e-10   0.06    0.4   2.35  18.36     66   1.06
theta[8,3]    73.93    52.7  79.36   1.2e-3   0.05   1.47 147.29 214.65      2   2.87
theta[9,3]    96.47   68.83 102.44   2.4e-3   0.05   3.29 186.88 249.71      2    3.2
theta[10,3]   15.83   16.84  35.71   1.7e-9   0.08   0.22   7.35 134.03      4   1.52
theta[11,3]  107.99   129.5 217.48  3.4e-10 4.8e-3    0.5   1.88 596.62      3   2.34
theta[12,3]    5.05    4.42  12.67  1.8e-10   0.01   0.05   0.54  44.69      8   1.94
theta[1,4]    160.0   67.47  99.61     0.02   2.46  193.2 227.63 288.17      2   3.62
theta[2,4]     0.92    0.32   0.96  9.4e-14   0.11   0.77   1.23   3.43      9   1.42
theta[3,4]    1.2e4  1083.6 3616.6      0.8  1.2e4  1.2e4  1.5e4  1.6e4     11   1.44
theta[4,4]    96.94  105.06 404.37  1.0e-15 6.1e-3   0.13   2.41 1826.5     15   1.32
theta[5,4]   967.78  1074.7 3263.4  2.3e-13 3.8e-3   0.16   7.32  1.3e4      9   1.51
theta[6,4]   1682.7  1188.3 1682.3     0.52   2.07 1501.1 3361.1 3544.3      2  23.11
theta[7,4]     2.22    1.02   2.68   6.1e-7   0.29   1.22   3.22   9.93      7   1.44
theta[8,4]     0.87    0.75    1.5   3.9e-9 1.7e-3   0.15   1.19   5.21      4   1.56
theta[9,4]   555.04  242.23 377.25     0.74   2.14 637.11 710.59 1091.5      2   2.62
theta[10,4]     1.4    0.34   2.28  3.5e-11    0.1   0.45   1.69   8.79     44   1.15
theta[11,4]  321.94  393.19 580.74  7.0e-14 1.8e-3   0.93  30.77 1853.1      2   4.25
theta[12,4]    0.35    0.08   1.37   3.2e-9 3.0e-4   0.12   0.33   1.74    279   1.03
theta[1,5]   1333.9  685.92 1111.6     0.27   1.03 2116.7 2263.4 2564.6      3   3.49
theta[2,5]     0.61    0.28   1.09  5.0e-14   0.04   0.19   0.59   4.01     15   1.26
theta[3,5]    7.0e4   2.9e4  4.1e4     0.16  3.8e4  8.6e4  9.7e4  1.1e5      2  37.01
theta[4,5]   3221.7  2298.8 3473.3     0.18   0.43   2.66 7027.1 7624.7      2   3.67
theta[5,5]     1.12    0.38   4.49   1.5e-6   0.05   0.27    0.7   8.36    137   1.05
theta[6,5]   9307.9  3830.0 6053.7     0.03   1.56  1.2e4  1.4e4  1.5e4      2   2.66
theta[7,5]     1.97    0.58   2.73   2.2e-9   0.16   0.74   2.99   9.71     22   1.25
theta[8,5]     0.66    0.38   0.98  1.5e-14 1.3e-3   0.24   1.08    3.4      7   1.26
theta[9,5]   988.03  702.35 1030.6     0.02   0.37    2.1 2091.6 2254.4      2   4.54
theta[10,5]  875.81  612.99 1788.0  3.3e-10   0.04   0.34 1102.7 5797.8      9   1.92
theta[11,5]  403.85  494.14 700.96  1.4e-16 1.1e-4   0.41 739.06 1764.2      2  14.14
theta[12,5]   2.5e4   2.9e4  4.1e4   7.6e-4   0.12 1643.0  4.8e4  1.1e5      2   18.7
theta[1,6]    53.61    1.11   9.33    35.32  47.72  53.55  59.62  72.06     71   1.05
theta[2,6]     1.11    0.25   1.24   8.4e-9   0.23   0.69   1.62   4.42     25   1.22
theta[3,6]   334.54   30.36  71.03   207.02 295.51 335.96 379.32 463.07      5   1.33
theta[4,6]    38.39   14.93  30.53   9.6e-3   4.76  40.67  61.01  97.38      4   1.45
theta[5,6]    29.15   14.15  40.97   4.1e-8   0.16  11.56  45.11 133.73      8   1.29
theta[6,6]    62.87    5.73  31.37     2.02  44.21  66.67  85.22 117.08     30    1.1
theta[7,6]     1.28     0.8   2.81  1.7e-10   0.04   0.24   0.95  11.34     12   1.35
theta[8,6]    52.94     3.5  16.83     1.33  45.98   54.6  62.84  79.68     23   1.16
theta[9,6]     4.43    3.33   5.93   4.2e-4    0.1   0.51   8.81  18.52      3   1.69
theta[10,6]    1.59    1.35   3.01  4.1e-11   0.02   0.18   2.22   9.98      5   1.34
theta[11,6]    1.91    0.62   2.93  1.0e-10   0.04   1.11   2.47  11.32     22   1.24
theta[12,6]    6.35    3.79  38.63  2.3e-14 2.1e-4   0.06   1.58  34.56    104   1.03
theta[1,7]   427.09  183.56 262.19     1.88 128.29 573.44 640.82 710.22      2   7.09
theta[2,7]     0.54    0.25   0.88  8.6e-23 1.3e-3   0.07   0.81   2.79     12   1.48
theta[3,7]   7448.2  5406.6 8832.6     0.05   0.31   3.72  1.8e4  1.8e4      3   3.04
theta[4,7]   1676.2  884.45 1355.3     0.03   0.39 1373.6 3343.1 3678.6      2   3.09
theta[5,7]   5671.0  5207.3 7380.4   5.4e-8   0.42   90.2  1.3e4  1.8e4      2  15.62
theta[6,7]   4496.8  780.42 1308.4    15.77 3598.4 4433.1 5842.6 6464.4      3   1.98
theta[7,7]     1.37     0.4   2.02   1.6e-8   0.02   0.56   1.99    6.8     25   1.15
theta[8,7]     1.92     1.7   5.49  2.6e-17 3.1e-3   0.08   1.16  17.41     10   1.32
theta[9,7]   594.21  245.06 356.69      0.1   3.42 751.27 840.21 1022.6      2   4.48
theta[10,7]    3.41    1.76  18.39  1.0e-10   0.23   0.61   1.57  16.76    109   1.04
theta[11,7]    0.61    0.29   1.15  4.5e-10 8.0e-3   0.19   0.63   4.09     16    1.2
theta[12,7]  3975.8  2844.2 5846.8  3.7e-12   0.05   0.71  1.0e4  1.9e4      4    2.2
theta[1,8]   393.01  160.86 228.49     0.28 187.42 507.52 537.35 589.06      2  10.31
theta[2,8]     1.04    0.68   1.08  2.6e-13   0.12   0.58   2.03   3.35      2   2.45
theta[3,8]    1.2e4  5075.9 7228.2     0.43 6708.2  1.6e4  1.7e4  2.0e4      2  10.85
theta[4,8]   1689.9  501.57 800.62     1.65 1342.8 1483.3 2355.8 3045.0      3   3.04
theta[5,8]     7.92    4.41  51.77 10.0e-18 4.5e-4   0.04   3.17  43.67    138   1.03
theta[6,8]    92.52   62.83 149.01   8.8e-3   0.42    2.6 176.23 467.28      6   1.68
theta[7,8]     1.27    0.88   1.72  5.0e-11 1.0e-3   0.44   2.01    6.0      4   1.71
theta[8,8]     1.19     0.8   2.96  2.5e-11 1.8e-3   0.18   0.91  10.51     14   1.23
theta[9,8]   165.71   76.68  135.7     0.26   0.53 239.42 278.85 339.03      3   3.23
theta[10,8]    0.66    0.35    2.5  9.7e-18 5.1e-5   0.01   0.14   7.17     52   1.06
theta[11,8]    2.41    2.23   3.35  1.8e-10   0.11   0.52   5.79   9.95      2   3.07
theta[12,8]  5538.9  4605.7 6538.1   1.6e-3 1794.2 2150.4  1.1e4  1.7e4      2   12.2
theta[1,9]   860.81   50.16  213.2     0.65 881.33 910.93 938.56 990.63     18   1.21
theta[2,9]     0.73    0.64   1.29  2.3e-12 3.2e-4   0.07   0.87   4.52      4   2.86
theta[3,9]    2.9e4  690.68 4533.9    2.8e4  2.9e4  3.0e4  3.0e4  3.3e4     43   1.06
theta[4,9]   2151.6  900.09 1619.5   9.5e-9   0.61 2830.2 3024.3 3351.4      3    1.8
theta[5,9]   283.35  346.44 2411.3   2.9e-7   0.05   1.02   3.97  35.66     48   1.06
theta[6,9]   3267.0  373.85 940.62     6.72 3045.6 3433.6 3641.8 4589.1      6   1.35
theta[7,9]     0.65    0.31   0.71   1.8e-8   0.13    0.4   0.97   2.23      5   1.51
theta[8,9]     0.64    0.28   1.35  4.4e-14 1.0e-3   0.09   0.73   4.94     24   1.19
theta[9,9]   647.33   20.78 135.15     1.05 620.16 655.13 689.21  944.2     42   1.08
theta[10,9]   85.98   98.23 369.89  5.7e-20 4.4e-5   0.11   3.12 1739.7     14   1.27
theta[11,9]    0.76    0.21   1.45   7.3e-8   0.02   0.21   0.96    4.8     50   1.08
theta[12,9]  1756.4  1245.7 3505.8     0.03   0.65 1102.9 1887.7 4358.7      8   1.21
theta[1,10]  2394.4   96.71 218.24   1932.6 2322.4 2423.9 2525.8 2659.4      5   1.63
theta[2,10]    0.73    0.26   0.97  9.6e-10   0.07   0.38   0.92   3.81     14   1.46
theta[3,10]   7.5e4   3.1e4  4.4e4     0.45  3.9e4  9.2e4  1.1e5  1.1e5      2  18.96
theta[4,10]  9501.5  8426.3  1.7e4     0.04   0.54 539.41 7670.9  5.6e4      4   2.37
theta[5,10]  1951.6  2147.7 4710.9  3.4e-10   0.31   0.61    1.4  1.4e4      5   3.11
theta[6,10]   1.2e4  6251.8  1.4e4     0.26   1.13  1.1e4  1.2e4  5.5e4      5    2.0
theta[7,10]  104.51   114.8 326.88  2.0e-10   0.08   0.58   1.94 1163.3      8   1.92
theta[8,10]    23.8   26.97 259.95   6.1e-9   0.01   0.26    4.2  11.93     93   1.03
theta[9,10]  1404.3  364.16 1164.5   6.7e-6   2.56 1881.4 2113.5 3389.3     10   1.82
theta[10,10]   1.03     0.6   1.86  4.5e-11   0.06    0.3   1.26   4.87     10   1.23
theta[11,10] 226.73  163.54 811.84  2.3e-10 1.9e-3   0.05   4.86 1668.7     25   1.14
theta[12,10]  1.2e4   1.3e4  2.5e4     0.17   0.28   1.28 3831.0  7.1e4      4   2.28
theta[1,11]  271.68    6.96  29.09   222.26 252.07 268.77 287.76 342.65     17   1.25
theta[2,11]    0.26    0.16   0.57   6.2e-9   0.02   0.09   0.17   2.35     13   1.37
theta[3,11]   1.0e4  836.38 2843.0     0.76  1.1e4  1.1e4  1.1e4  1.1e4     12   1.39
theta[4,11]    95.1   47.14  92.21   2.1e-3   0.91  82.76  169.9 281.14      4   1.44
theta[5,11]    1.53    1.04   2.74  1.8e-10 6.9e-3   0.11   1.61   8.67      7   1.38
theta[6,11]  2262.0  300.34 873.56     0.55 1988.8 2126.1 3024.7 3201.2      8   1.92
theta[7,11]    0.69    0.21   0.98  9.8e-14   0.08   0.31   0.84   3.56     21    1.2
theta[8,11]    0.78    0.55   1.47  6.1e-13 2.3e-3   0.25   0.71    5.8      7   1.77
theta[9,11]  325.53   230.1 326.33   1.9e-3    0.3 262.73 650.39 713.89      2  13.05
theta[10,11]   1.49    0.67   2.35  2.5e-10   0.02   0.72   1.95   7.44     12   1.28
theta[11,11]   0.63    0.15   1.07   3.8e-6   0.07   0.32    0.7   3.34     50   1.06
theta[12,11] 989.24  1124.8 3532.9  1.8e-12   0.01   0.92   5.73  1.4e4     10   1.54
theta[1,12]  1238.1  168.92 456.88     0.38 1297.4 1404.8 1458.8 1530.9      7   3.16
theta[2,12]    0.66    0.37    0.7  2.2e-10   0.14   0.45    0.9   2.45      4   1.81
theta[3,12]   2.7e4   1.1e4  1.9e4   1.1e-3   0.72  3.9e4  3.9e4  4.6e4      3    2.9
theta[4,12]  4667.3  807.16 3257.9   3.3e-4 3716.0 3967.0 5347.8 8756.4     16   1.25
theta[5,12]  3368.7  2056.7 5886.2  7.1e-20 1.8e-4   7.98 5986.8  1.6e4      8   1.79
theta[6,12]  464.68  345.71 1651.2     0.01   0.24   8.74 571.15 1627.2     23    1.1
theta[7,12]    0.53    0.39   0.95   1.7e-7 2.5e-3   0.07   0.67   3.15      6   1.49
theta[8,12]    0.89    0.43    1.8   3.7e-8 5.7e-3   0.14   0.84    6.8     18   1.33
theta[9,12]  488.99   110.4 194.26      7.8 357.57 554.29 611.06 806.55      3   2.21
theta[10,12]   1.66    1.18   3.53  3.6e-12 9.2e-3   0.21   1.05   13.4      9   1.82
theta[11,12]   1.15    0.61   1.86  5.3e-10 1.8e-3   0.25   1.42   6.35      9    1.7
theta[12,12]  1.7e4  9942.6  1.5e4     1.12 7647.5 8241.6  3.7e4  4.5e4      2   3.28
theta[1,13]  135.42   18.05  53.68     0.96 137.53 152.67 164.54  188.5      9   1.87
theta[2,13]    0.75    0.33   1.42   5.2e-7   0.02    0.1   0.75   5.49     19   1.26
theta[3,13]  1315.6   93.66 356.54     0.94 1259.2 1337.6 1438.3 1944.4     14   1.21
theta[4,13]  150.56   59.31 150.15   8.3e-5   66.4 150.53 183.83 750.97      6   1.44
theta[5,13]   74.39   45.36 195.72   1.1e-5   0.16   3.18  31.68  835.6     19   1.29
theta[6,13]  509.95  125.83 275.96     2.88 437.28 527.34 605.24 1411.0      5   1.97
theta[7,13]    8.13    3.88  11.58   9.4e-3   0.36   1.08  14.01  38.15      9   1.39
theta[8,13]   53.81   38.15  55.54   4.2e-3   0.17  13.62 106.96 142.14      2   4.04
theta[9,13]   35.61   24.77  41.95     0.07   0.22    1.0  64.75  130.9      3    2.3
theta[10,13]  16.71   17.06  56.62  6.9e-12 2.4e-3   0.27   2.81 245.03     11   1.41
theta[11,13]   1.17    0.43   2.05  2.5e-12   0.03   0.34   1.54   6.48     22   1.22
theta[12,13]  18.09   20.69 184.14   1.4e-9 1.5e-3   0.02   0.39  23.07     79   1.03
theta[1,14]   283.2   32.05  65.28   156.17 265.77 305.92 325.26  356.8      4   1.54
theta[2,14]    1.78    1.17   1.89  1.9e-28   0.27    1.0   3.02   6.09      3   2.24
theta[3,14]  1798.5  760.51 1105.1     0.11    0.5 2212.1 2474.9 3043.5      2   4.32
theta[4,14]  494.66  186.97 285.37   171.53 321.85 384.06 724.37 1298.9      2   2.86
theta[5,14]  441.01  370.74 627.83  5.8e-10   0.03    8.0 593.19 1678.7      3   2.24
theta[6,14]  889.07  380.48 605.34     0.44  24.32 1016.9 1158.8 2331.8      3   2.51
theta[7,14]   52.17   24.09   41.9      0.4  14.34  46.77  80.81 142.33      3   1.87
theta[8,14]  150.83   19.31  62.18      0.6 137.89 163.73 186.03 240.36     10   2.04
theta[9,14]  123.75   37.02   65.2     0.23  90.55 114.89 168.51 242.76      3   2.17
theta[10,14]  11.49    8.22  71.11  2.9e-13 5.1e-3   0.43   4.07  53.43     75   1.04
theta[11,14]  12.93   14.36  23.19   1.5e-8   0.11   1.36  10.57  78.41      3   2.14
theta[12,14]   0.79    0.22   2.27   3.7e-7   0.02   0.12   0.55   7.16    104   1.04
theta[1,15]  2535.9   87.93 473.98   2026.0 2436.6 2548.0 2781.9 3169.5     29   1.12
theta[2,15]    0.39    0.19    0.6  4.3e-13   0.01   0.17    0.5   2.32     10   1.49
theta[3,15]   1.0e5   4.2e4  5.9e4     1.71  5.5e4  1.2e5  1.4e5  1.5e5      2  16.55
theta[4,15]  7048.3  3639.7 5977.2     0.17 4611.4 6108.7 6654.6  1.8e4      3   2.38
theta[5,15]  1926.1  2284.7 4131.8  1.1e-18   1.48   6.45  26.97  1.2e4      3   2.26
theta[6,15]   1.3e4  5014.0  1.1e4     0.08    0.6  2.0e4  2.0e4  2.5e4      4   2.04
theta[7,15]    0.98    0.42   1.67  7.3e-12   0.02   0.39   1.47   6.02     16   1.22
theta[8,15]     2.0    0.98   2.31   1.6e-5   0.27   1.19   2.97   8.76      6   1.51
theta[9,15]  3847.0  860.07 2135.4     0.19 3179.9 4544.9 4740.5 6993.5      6   1.67
theta[10,15] 145.11  166.63 830.89   1.1e-6 3.4e-3   0.26   2.41 562.16     25   1.12
theta[11,15] 741.56  825.69 1684.9  3.3e-12   0.05   3.23   7.49 4721.7      4   1.65
theta[12,15]  2.8e4   3.4e4  4.9e4   7.3e-5    0.3   2.57  5.3e4  1.3e5      2   7.25
theta[1,16]  323.34  104.46  223.8     0.04   1.11 454.95 489.84 539.66      5    1.7
theta[2,16]    0.77    0.18   1.01  3.5e-12   0.09   0.51   1.02   3.42     31   1.18
theta[3,16]   1.8e4  7606.2  1.2e4     0.09   0.37  2.6e4  2.7e4  2.7e4      3   2.72
theta[4,16]  1560.1  1113.6 3594.1     0.21   0.69 849.74 995.36  1.6e4     10   1.41
theta[5,16]    2.16    0.89   3.05  5.0e-10   0.16   1.15   2.69  10.61     12   1.37
theta[6,16]   1.5e4  1431.7 5076.7    1.1e4  1.1e4  1.4e4  1.6e4  3.5e4     13   1.29
theta[7,16]    7.05    5.96  30.78  9.9e-12   0.02   0.59   2.06 142.41     27   1.17
theta[8,16]    0.48    0.22   0.75  2.3e-12   0.03   0.21    0.6   2.83     12   1.22
theta[9,16]  1772.3  757.39 1154.1   3.7e-6   1.45 2254.2 2688.5 2816.2      2   3.18
theta[10,16] 266.15  317.81 1367.4  7.7e-11 1.8e-3   1.08    4.0 7279.8     19   1.18
theta[11,16]   0.49    0.09   1.01  2.3e-11   0.02   0.21   0.52   2.63    131   1.05
theta[12,16] 5449.2  6682.9  1.0e4  1.0e-10 2.0e-4   0.02   4.12  2.6e4      2   2.72
theta[1,17]    46.3   20.45  42.35     0.09   0.84  50.53  82.19 122.84      4    1.9
theta[2,17]  272.79   49.26 126.06     4.57 276.59 320.18 351.05 401.16      7   1.83
theta[3,17]   2.7e4  1894.9 4301.9    2.5e4  2.5e4  2.5e4  2.5e4  3.8e4      5   3.14
theta[4,17]    0.99    0.28   1.86  6.2e-10 1.3e-3    0.2   1.07   6.37     43   1.12
theta[5,17]    1.64    0.53   2.77  8.9e-11   0.08    0.5   2.17   7.81     28   1.18
theta[6,17]   1.5e4  2794.4 6247.2     0.12  1.8e4  1.8e4  1.8e4  1.8e4      5   3.14
theta[7,17]    0.42    0.18   1.38  2.7e-12 1.0e-3   0.05   0.23   3.98     57   1.09
theta[8,17]    0.17    0.01   0.43  5.2e-11 2.4e-3   0.11   0.16   1.11   1753   1.01
theta[9,17]  4457.1  116.18 274.74   4149.0 4294.2 4378.5 4482.8 5167.5      6   2.08
theta[10,17]   0.84    0.28   1.27   3.5e-9 6.9e-3   0.42   1.06   4.56     20   1.22
theta[11,17] 792.87  764.85 1727.2   1.7e-9    5.3   94.8 230.28 5170.1      5   3.12
theta[12,17]   3.48    1.56   7.08  1.2e-11   0.02   0.24   4.25   22.9     21    1.1
theta[1,18]   75.16    52.8  75.81   1.3e-5   0.05  92.37 150.59 184.51      2    5.6
theta[2,18]    1.47    0.53   1.46  1.1e-11   0.43   1.16   2.08   5.04      8   1.35
theta[3,18]  2748.3  1146.8 1626.6     0.03 1247.0 3411.6 3854.3 4459.0      2  13.44
theta[4,18]  346.73  305.11 443.61     0.01   0.35   2.67 485.68 1122.9      2    4.3
theta[5,18]  681.45  790.78 1145.5   3.4e-5   0.18   8.27 442.95 3474.0      2   5.12
theta[6,18]  824.85  340.31 558.94     0.23   0.68 1103.9 1232.5 1456.1      3   2.37
theta[7,18]   23.51   23.48  34.75   1.0e-9   0.35   5.49  39.45 105.38      2   3.43
theta[8,18]  137.68   28.85   52.6    60.14  101.8 129.83  168.9 241.28      3   1.61
theta[9,18]  212.79   43.28  78.55     1.57 166.04 201.72  274.2 364.74      3   1.86
theta[10,18]  63.66    75.0  108.0   4.5e-8   0.34   2.04 109.58 304.54      2   5.17
theta[11,18]   6.86    5.51  28.72  8.7e-13 8.4e-3   0.51   2.36  81.94     27   1.12
theta[12,18] 110.21  128.96 202.73  4.0e-15   0.02    1.0  30.76 610.22      2   2.38
theta[1,19]  1653.7   25.59  69.52   1543.0 1604.9 1642.7 1691.0 1813.8      7   1.33
theta[2,19]    0.49    0.33   0.65  1.5e-10 7.7e-5   0.23   0.72   2.14      4   1.53
theta[3,19]   3.7e4  8902.2  1.7e4     0.46  4.4e4  4.5e4  4.5e4  4.6e4      4   2.32
theta[4,19]  2224.2  1482.9 2156.8     0.05   0.39 3894.5 4313.1 4659.7      2   4.42
theta[5,19]    3.58    2.73   9.67   1.3e-9 7.7e-3   0.26    1.7  39.89     13   1.34
theta[6,19]  438.32  180.16 315.56     0.48  43.68 499.85 684.13 978.72      3   1.67
theta[7,19]    0.28    0.11   0.61  2.6e-10 3.1e-3    0.1   0.25   2.11     31   1.17
theta[8,19]    0.85    0.61   1.28   9.2e-7 3.8e-3   0.14   1.46   4.01      4    1.4
theta[9,19]  344.12  143.18 214.08     0.02    1.2 443.26 494.72 572.36      2   3.41
theta[10,19]   0.93    0.28   2.29   2.1e-9   0.01   0.08    0.7   7.16     67   1.04
theta[11,19]    0.6    0.29   0.81   1.4e-9   0.05   0.24   0.87   2.67      8   1.49
theta[12,19]  1.9e4  9998.1  1.8e4   8846.0 9610.8  1.1e4  1.4e4  5.9e4      3   2.49
theta[1,20]  537.12  133.09 282.72     0.26 226.02 650.66 743.33 845.94      5   2.25
theta[2,20]    0.44    0.16   0.49  3.0e-10 5.3e-3   0.37   0.62   1.72     10   1.29
theta[3,20]  4869.3  5962.7 8434.9     0.02    0.1   0.53  1.0e4  2.0e4      2   65.3
theta[4,20]  3811.5  767.57 1681.6     1.54 2082.0 3949.2 4264.9 6859.7      5   1.46
theta[5,20]  6605.7  3916.3 6926.3   3.9e-7  43.79 4377.9 8762.7  2.4e4      3   2.48
theta[6,20]  278.13   198.7 332.23   1.9e-7   0.08   3.89 531.02 827.69      3   2.04
theta[7,20]    0.72    0.62   1.24  5.9e-10   0.04   0.17   0.78   4.97      4   2.02
theta[8,20]    6.53    4.16  19.83   8.3e-9 9.6e-4   0.16   4.35  68.37     23   1.16
theta[9,20]  314.94  153.26 236.58     0.27   5.43 318.73 404.56 764.41      2   2.92
theta[10,20]  27.64   31.17 168.35   3.8e-5   0.09   0.44   0.91 573.47     29   1.12
theta[11,20]   0.83    0.42   1.06  4.7e-16   0.01   0.34   1.46   3.67      6   1.61
theta[12,20] 9480.8  4330.3 7402.3     0.94 2584.3  1.2e4  1.7e4  1.8e4      3   2.37
theta[1,21]   44.95   21.94  33.58     0.26  13.89  42.46  75.65 102.14      2   2.85
theta[2,21]    0.29    0.09   0.63   5.9e-7   0.01   0.07   0.28   1.83     56   1.09
theta[3,21]  525.51  372.98 537.62   5.4e-3   0.06   1.53 1073.9 1241.5      2   5.24
theta[4,21]  142.03   68.52 121.63     0.01   0.31 140.16 227.78 371.55      3   1.94
theta[5,21]  637.83  348.27 516.97     1.58  120.8 446.74 1109.6 1334.8      2   3.36
theta[6,21]  233.65   165.8 241.03     0.16    0.3  116.8 458.76 615.14      2   5.89
theta[7,21]   53.87    7.99  24.81     0.51  40.68   57.4  71.63  93.63     10   1.43
theta[8,21]    75.9   15.23   40.9     0.22  55.41  85.47  105.4 137.86      7   1.58
theta[9,21]   31.55   23.11  35.26     0.03   0.29  19.85  56.89 106.49      2   3.19
theta[10,21]  23.19   15.26  38.53   1.7e-4   0.02   0.19  41.66  121.2      6   1.61
theta[11,21]   1.45    0.73   2.55   4.0e-6   0.17   0.35   1.57   9.32     12    1.4
theta[12,21] 327.61   260.8 397.06  8.5e-12   0.03  38.81 752.12 997.39      2   2.75
theta[1,22]  287.72   94.16 150.32     0.12 324.66 355.78 375.31 412.21      3   2.48
theta[2,22]    1.06     1.1   1.73  1.3e-11 3.3e-3   0.02   2.27    5.4      2   2.67
theta[3,22]  9768.3   981.5 2239.6    32.34 9198.8 9611.3  1.1e4  1.2e4      5    1.5
theta[4,22]  1038.3  431.48 1077.0     0.17  224.2 1159.8 1258.7 2113.6      6   1.35
theta[5,22]  357.35  433.92 701.07  2.4e-10   0.11   0.29   3.98 1894.3      3    2.4
theta[6,22]  532.13  231.17 704.75     0.02  10.64 469.55  729.6 1047.4      9   1.23
theta[7,22]    0.62    0.24    1.0   1.2e-5   0.04   0.27   0.67    3.7     18   1.17
theta[8,22]    0.48    0.17   0.89  4.8e-11 9.8e-3   0.08   0.67   2.85     27   1.14
theta[9,22]   72.75   28.35  66.86   9.0e-3   0.44  89.97 123.63 169.92      6    1.8
theta[10,22]   1.97    0.91   3.18  5.0e-10   0.12   0.78   2.36  11.93     12   1.39
theta[11,22]   0.88    0.22   1.69   6.6e-9   0.03   0.38   1.09   5.02     58   1.08
theta[12,22] 604.03  388.97 1205.4   2.0e-7   0.17  49.73 974.79 1457.7     10    1.2
theta[1,23]   66.64   33.62  51.07     2.43  12.51  59.94  97.91 164.11      2   2.78
theta[2,23]  202.49   120.0 197.41     0.08   0.19 112.42 429.07 488.69      3   3.33
theta[3,23]  1035.8   834.0 1409.4     0.07   0.36   1.51 2844.2 3206.1      3   3.56
theta[4,23]   21.12   21.77   52.6  6.3e-10 7.5e-6   1.14   3.05 194.16      6   3.11
theta[5,23]  615.13  755.69 1177.5   1.5e-9 8.4e-3   0.51   6.35 3052.5      2   2.66
theta[6,23]  3152.4  1415.4 2154.1     0.14 1332.8 3493.3 4473.6 9186.3      2   3.16
theta[7,23]  248.95  115.09 166.53     0.15  67.98 274.54 369.36 547.56      2   5.34
theta[8,23]    1.57    1.01    3.4  2.9e-10 9.0e-4   0.29   1.67  11.95     11   1.37
theta[9,23]   69.95   84.66 143.46  4.6e-12   0.21   1.55 132.86 312.93      3   1.83
theta[10,23]   7.61    8.56   39.0  1.8e-11 4.3e-3   0.11   0.53  93.05     21   1.17
theta[11,23] 1855.9   164.4 449.81     7.68 1781.8 1889.5 2061.9 2324.4      7   1.38
theta[12,23] 2808.2  1994.2 2945.6     0.03 167.81 1094.6 6030.7 7516.9      2   7.05
theta[1,24]   15.54    8.25  14.96   7.8e-9   0.18  10.26  29.47  42.72      3   1.98
theta[2,24]    0.39    0.21   0.46  2.0e-15   0.01   0.23   0.68   1.42      5   1.37
theta[3,24]  125.86  104.97 160.56   5.2e-3    0.1   0.48 287.48 424.83      2   3.76
theta[4,24]   99.58   36.41  98.12   7.1e-4  39.59  89.22 125.73 435.27      7   1.61
theta[5,24]  130.67   88.34 158.44  9.2e-10   0.67  15.02  262.3 430.41      3   2.16
theta[6,24]   93.27   52.22  81.07     0.11    0.2  86.93 153.93 251.01      2   2.52
theta[7,24]    1.04     0.6   2.01   6.4e-5   0.02   0.21   1.21   7.59     11    1.2
theta[8,24]   24.37   13.11  26.74      0.4   3.35  19.91   33.5 113.76      4   1.74
theta[9,24]    4.19    4.48   7.86   1.6e-3   0.11   0.29   2.63  27.07      3   1.83
theta[10,24]  10.59    5.48  17.84   2.6e-4   0.16   1.48  11.09  61.73     11   1.38
theta[11,24]   0.32    0.08   0.59  3.3e-10   0.01    0.1   0.47   1.43     59   1.06
theta[12,24]  61.38   72.38 110.18  6.1e-10   0.12   0.47  96.58 313.09      2    3.4
theta[1,25]  976.22  399.97 566.64     0.02 501.39 1263.7 1328.3 1430.8      2  16.82
theta[2,25]    0.78    0.22   0.96   2.3e-9   0.09   0.46   1.06   3.21     18   1.19
theta[3,25]   3.0e4   1.2e4  1.7e4     0.08  1.5e4  3.8e4  4.0e4  4.4e4      2  13.79
theta[4,25]  2368.5  983.21 2193.6      0.1   0.51 2614.4 2982.4 6582.7      5   2.03
theta[5,25]    1.24    0.33   4.84  8.4e-32 6.3e-4   0.17   0.64  13.05    209   1.02
theta[6,25]  1389.1  1203.3 1732.9   2.3e-7   0.13 356.86 2544.3 5066.2      2    7.7
theta[7,25]    0.65    0.43   1.11  4.2e-11   0.02   0.13   0.81   4.44      7   1.47
theta[8,25]    0.66    0.29   0.94  3.1e-10 2.3e-3   0.36   0.96   2.98     11   1.27
theta[9,25]  535.98  253.97 370.14     0.21   1.26 639.97 853.71 1001.0      2   4.62
theta[10,25]   4.61    4.97  36.25  2.7e-11 9.2e-4   0.05   0.31   6.83     53   1.06
theta[11,25]   0.86    0.72   1.87  9.6e-17 3.6e-7 1.1e-3   0.53   6.19      7    1.5
theta[12,25]  1.3e4   1.2e4  1.7e4  6.7e-36 4023.1 4955.5  2.5e4  4.7e4      2  11.43
theta[1,26]   38.58   45.46  65.95  4.6e-12   0.08   0.38  18.55 182.36      2   4.73
theta[2,26]    0.48    0.19   0.54  5.6e-12   0.02   0.26    0.8   1.86      8   1.78
theta[3,26]   1.8e4  1094.0 4415.2    11.37  1.7e4  1.8e4  1.8e4  2.5e4     16   1.19
theta[4,26]    0.53    0.27   1.12  1.3e-11 9.3e-4   0.16   0.56   3.83     17   1.14
theta[5,26]    0.61    0.09   1.76  2.2e-15 2.4e-4   0.02   0.35    5.5    369    1.0
theta[6,26]  9857.1  4230.5 5985.3   7.1e-3 4968.5  1.2e4  1.4e4  1.6e4      2  43.08
theta[7,26]    0.62    0.28    0.8  1.9e-16 4.7e-4   0.31   0.96   2.68      8   1.33
theta[8,26]    1.15    0.77   1.85  1.5e-10   0.09   0.39   1.56   7.95      6   1.68
theta[9,26]  1845.9  1249.7 1810.8     0.49   0.91 3435.4 3607.6 3757.4      2   4.61
theta[10,26]   1.76    1.15   2.87   4.5e-7   0.01   0.32    2.7  10.93      6   1.45
theta[11,26] 2102.6  2576.8 3687.4  5.0e-14 8.1e-3   0.41 1278.5 8885.4      2    7.0
theta[12,26] 783.87  949.46 4245.7  3.3e-13 3.2e-5 7.7e-3   0.45  2.4e4     20   1.16
theta[1,27]  619.75   93.42 234.27     1.17 662.88 697.92 728.92 795.19      6   7.02
theta[2,27]    0.33    0.13   0.47   5.1e-6   0.01   0.19   0.44   1.45     14   1.16
theta[3,27]   2.9e4  4493.0  1.1e4     0.09  3.2e4  3.2e4  3.3e4  3.9e4      6   5.56
theta[4,27]  1293.4  544.05 1080.3      0.5   1.77 1839.3 2014.8 2353.8      4   1.62
theta[5,27]    1.99    0.37   3.72  9.1e-11   0.02   0.62   2.46  10.49    103   1.06
theta[6,27]  6831.8  485.71 1733.7     2.41 6809.7 6986.6 7249.0 9040.9     13   1.28
theta[7,27]     0.5    0.18   0.85   1.1e-6   0.02   0.23   0.53   2.89     21   1.23
theta[8,27]    0.49    0.15   0.78  6.7e-10 5.7e-3   0.23   0.61   2.73     29    1.1
theta[9,27]  1291.7   93.89 345.51     0.42 1275.4 1344.7 1401.5 2116.4     14   1.33
theta[10,27]  97.25  103.95 300.59  2.3e-22 1.5e-6   0.05   1.29 1275.1      8   1.97
theta[11,27]    0.3    0.05   0.61  6.6e-10 2.7e-3   0.15   0.31   1.69    162   1.05
theta[12,27] 4027.6  4122.0  1.1e4  6.9e-18 5.8e-5    0.1   8.85  3.3e4      7   5.56
theta[1,28]  5283.8   546.2 1672.5   1349.2 5554.6 5887.4 6029.1 7998.7      9    1.3
theta[2,28]     0.2    0.11   0.26   2.5e-8 8.5e-4    0.1   0.36   0.68      6   1.31
theta[3,28]   3.5e4   4.3e4  6.0e4     0.04   0.35   1.92  7.5e4  1.4e5      2 170.85
theta[4,28]   2.7e4   1.3e4  3.3e4     0.53  1.1e4  2.5e4  2.6e4  1.7e5      6   1.59
theta[5,28]   2.0e4   2.2e4  4.8e4   2.2e-8   0.22   4.72    9.0  1.4e5      5   1.57
theta[6,28]    2.54    1.14   5.72   2.0e-9   0.18   0.59   1.62  18.91     25   1.12
theta[7,28]    0.68    0.36   1.03   6.1e-9    0.1   0.33   0.78   4.35      8   1.64
theta[8,28]    0.64    0.37   1.07  5.5e-12   0.09   0.23   0.63   4.05      9   1.73
theta[9,28]  616.14  605.12 1468.0     0.04   0.59    6.3 327.76 7155.7      6    1.6
theta[10,28]   1.17    0.45   2.05  3.9e-12   0.07    0.4   1.13   7.39     21   1.27
theta[11,28]   1.13    0.84   2.14   7.1e-8   0.05   0.31   1.13   8.42      7   1.54
theta[12,28]  9.7e4   4.6e4  7.3e4     0.05  2.8e4  1.5e5  1.5e5  1.8e5      3   2.91
theta[1,29]  207.95   84.72 120.85      0.4  91.58 267.15 286.01 316.96      2   7.29
theta[2,29]    1.18    0.49   1.43  3.0e-10   0.06    0.6    2.1   4.44      9   1.25
theta[3,29]  3134.6  1280.4 1814.2     0.11 1639.9 4121.6 4255.4 4427.6      2  18.69
theta[4,29]  352.32  313.72 447.83     0.19   1.82 161.55 668.43 1189.8      2   8.49
theta[5,29]  742.52  900.74 1275.1   2.8e-3   0.34    2.2 1529.3 3097.1      2  23.25
theta[6,29]  1722.1  210.53 306.91   1226.1 1509.9 1692.2 1948.1 2268.4      2   3.98
theta[7,29]    24.5   26.06  40.88  2.1e-12   0.03   0.29  27.66 119.49      2   2.62
theta[8,29]   75.13   34.23  66.81     0.15   0.61  92.67  133.5 183.87      4   2.23
theta[9,29]   47.96    58.3  83.33     0.07   0.23   0.54  59.02  225.3      2   6.63
theta[10,29]   6.57    3.62  14.28  4.2e-11   0.31   1.09   3.81  49.51     16   1.15
theta[11,29]    0.6    0.15   1.97  9.7e-10 4.1e-4   0.08   0.35   5.62    181   1.04
theta[12,29]    2.3    0.88   9.04  3.2e-13   0.04   0.22    0.6  23.71    105   1.03
theta[1,30]  382.34   59.51  97.93   200.92 321.92  364.0 463.87 557.56      3   2.02
theta[2,30]    0.69    0.23   0.71   4.6e-6   0.09   0.52   1.08   2.34     10   1.26
theta[3,30]   1.1e4  706.08 1873.3   1090.1  1.0e4  1.1e4  1.2e4  1.2e4      7   1.31
theta[4,30]  279.06  197.43 331.42     0.12   1.59   8.31 521.65 1204.6      3   1.99
theta[5,30]  1514.3  766.71 1202.5     0.14   0.86 1400.5 2720.5 3989.5      2   2.46
theta[6,30]  1499.2  1060.1 1503.0   5.4e-3   0.19 1267.3 2991.5 3271.1      2  14.92
theta[7,30]    1.91    0.65   2.35   7.6e-8   0.31   1.15   2.44   9.15     13   1.19
theta[8,30]    2.09    0.77   6.58   3.8e-9   0.08   0.53   1.93   8.96     73   1.04
theta[9,30]  294.03   100.9 183.23      0.7 148.07 212.14 467.17 571.79      3   1.92
theta[10,30]   1.66    0.36   2.99  3.2e-19 9.5e-4   0.97   2.23   6.98     71   1.06
theta[11,30]   1.62    0.65   2.23   1.1e-7   0.21   0.76   2.04   8.08     12   1.38
theta[12,30] 1150.2  1026.5 1736.7   1.1e-3   0.21  44.62 3316.8 4962.0      3   2.02
theta[1,31]  190.19    86.5 125.12     0.04   2.49  235.4 296.14 338.97      2   4.75
theta[2,31]    0.74    0.33   1.12   2.2e-7   0.06    0.3   0.86   4.22     11   1.42
theta[3,31]  3643.8  1494.0 2130.9     0.56 1865.6 4744.2 4932.9 5261.5      2   8.21
theta[4,31]  238.47  141.66 340.96     0.31   1.46 138.26 231.95 1091.9      6   2.28
theta[5,31]  544.24  431.83 637.93  7.2e-12 7.9e-3   9.01 1004.0 1787.4      2   3.57
theta[6,31]  2147.4  156.83 391.23   1814.9 2029.3 2124.0 2363.7 2642.8      6   1.34
theta[7,31]   11.24    9.46  18.43   1.3e-9   0.11   2.54  13.12  68.12      4   2.01
theta[8,31]   10.84   11.06  24.14  3.2e-10    0.1   0.77   4.36  90.97      5   1.79
theta[9,31]  399.81   15.92  57.91    312.1 370.71 398.64  426.0 503.57     13   1.16
theta[10,31]   3.17    0.93   8.56  2.9e-10   0.12   0.68   2.46   22.4     85   1.04
theta[11,31]   2.33    2.26  13.33  9.5e-13 4.6e-3   0.24   0.52   8.97     35   1.08
theta[12,31] 667.49  814.36 1194.4   2.6e-8 2.8e-3   0.11 971.71 3571.3      2   6.17
theta[1,32]  1470.4   44.19 233.03   1298.9 1452.0 1511.6 1554.3 1625.5     28    1.1
theta[2,32]    0.61    0.32   0.78   1.3e-8   0.01   0.45   0.87   2.82      6   1.39
theta[3,32]   4.0e4   1.7e4  2.4e4     0.09  2.1e4  4.9e4  5.4e4  6.4e4      2  23.05
theta[4,32]  3233.1  1452.7 2700.9     0.31    2.6 4944.8 5280.1 6859.5      3    2.8
theta[5,32]  1968.4  2193.5 3232.8  1.0e-10   0.05   0.35 6460.3 7904.5      2   3.76
theta[6,32]  876.92  624.98 952.65     0.24   0.75 483.75 1668.1 2191.1      2   2.84
theta[7,32]    0.59    0.22    0.8   1.3e-7   0.04   0.22    0.9   3.02     13   1.43
theta[8,32]     0.6    0.34   1.07  5.0e-10   0.02    0.2   0.54   4.07     10   1.69
theta[9,32]  569.36  244.34 372.71     0.04   3.19 688.68  796.0 1085.1      2   2.98
theta[10,32]   0.26    0.19   1.31   1.5e-9 2.5e-4   0.05    0.1    2.4     50   1.04
theta[11,32]   0.84    0.46   1.04  3.3e-13 2.2e-3   0.43   1.43   3.23      5   1.42
theta[12,32]  1.8e4   1.6e4  2.3e4     0.09  94.57 7833.9  3.4e4  5.8e4      2  24.44
theta[1,33]  158.29    4.23   21.1   117.92 148.74 160.26 170.36 190.72     25   1.12
theta[2,33]    1.01    0.53   1.07   1.5e-6   0.07   0.64   1.74   3.83      4   1.67
theta[3,33]  768.99  196.13 365.82      0.3 799.45 871.89 957.49 1195.3      3   2.23
theta[4,33]  167.86   35.87 131.08     0.19   8.38 184.88 223.24 500.55     13   1.27
theta[5,33]    1.63     0.7   6.83   2.0e-7   0.07   0.47   0.68  12.26     95   1.03
theta[6,33]  521.76  163.68 305.54   258.22 355.72 409.69 519.24 1370.6      3   3.03
theta[7,33]    6.13    4.19  10.15  3.4e-16   0.28   1.82   6.72  40.91      6   1.53
theta[8,33]   91.33   39.13  66.14     0.28   0.95 122.62 142.87 174.71      3   2.48
theta[9,33]   28.06   17.56  27.29     0.05   0.45  23.76  51.53  80.66      2   2.52
theta[10,33]  26.09   28.03  79.88   6.0e-5   0.13   0.39   1.38 297.09      8   1.92
theta[11,33]   1.62    1.28   2.24  2.7e-11   0.19   0.37   2.75   7.73      3   2.56
theta[12,33]  24.95   19.06  72.89   9.9e-9   0.14   2.04   10.0 315.11     15   1.26
theta[1,34]  185.37    27.6  77.73     0.64 120.65 220.92 239.01 268.78      8   1.47
theta[2,34]    0.63    0.28   0.84  8.5e-11    0.1   0.34   0.91   3.34      9   1.54
theta[3,34]  1921.4  790.63 1141.0     0.29 846.32 2434.3 2539.1 3449.3      2   6.93
theta[4,34]   350.3   226.6 345.39     1.38 150.78 216.89 484.84 1385.7      2   3.21
theta[5,34]  398.86  393.09 651.58  1.0e-11 1.7e-4   0.28  742.8 1699.4      3   2.18
theta[6,34]  917.59  173.44 394.52     0.43 837.47 910.88 1087.1 2081.2      5   1.84
theta[7,34]    8.61    9.53  18.69  1.7e-11 6.0e-4   0.06    1.3  62.08      4   2.33
theta[8,34]   50.22   36.31  54.28     0.49   1.51  10.33   97.1 156.56      2   3.02
theta[9,34]  161.92    9.32   54.9     1.07 150.33 168.82 186.92 270.47     35   1.05
theta[10,34]   1.06    0.47   2.13   3.8e-8   0.11   0.33   0.93   6.99     20   1.12
theta[11,34]  10.37   11.65  45.26   1.5e-7   0.03   0.27   0.87 218.52     15   1.24
theta[12,34]   1.42    0.82   4.59   1.1e-4 5.4e-3   0.18   0.57  15.02     31   1.08
theta[1,35]  990.61   30.34 148.38   896.18 953.25 981.24 1010.8 1430.9     24   1.14
theta[2,35]     1.0    0.65   1.32   9.8e-4   0.11   0.43   1.64   5.66      4   1.71
theta[3,35]   2.4e4  1225.8 5585.4     2.78  2.4e4  2.5e4  2.5e4  2.9e4     21   1.17
theta[4,35]  3288.6  1703.0 5754.1   1336.8 1715.5 1883.1 2602.0  2.9e4     11   1.32
theta[5,35]   54.31   64.29 485.79  1.1e-14 6.9e-4   0.34   0.73  38.02     57   1.05
theta[6,35]   608.1  266.36 647.91     0.04   1.25 428.95 1132.7 1891.5      6   1.89
theta[7,35]    4.05    4.29  20.85  1.1e-10 1.1e-3   0.06    0.3  94.78     24   1.16
theta[8,35]   52.26    60.5  227.4  7.6e-12 3.7e-3   0.25   1.32 1058.5     14   1.27
theta[9,35]  404.46  119.83 389.79   6.8e-5  335.0 382.71 423.37 1993.8     11   1.42
theta[10,35]   0.57    0.19   1.99   1.3e-9 9.3e-4   0.06   0.21   6.46    107   1.05
theta[11,35]   0.88    0.31   1.26   2.1e-8    0.1   0.38   1.15   4.15     17   1.26
theta[12,35] 3905.1  1622.0 2392.8     0.96   5.82 5031.0 5458.0 6610.0      2   3.63
theta[1,36]  215.54   84.04 125.52     0.12 103.32 279.56 297.73 329.72      2   3.18
theta[2,36]    0.64    0.26   0.86  8.8e-13   0.07   0.24    0.9   3.09     11   1.45
theta[3,36]  2699.8  1136.4 1633.8     0.08 1265.0 3150.7 4114.9 4480.4      2   7.19
theta[4,36]  509.57   130.7 382.64     0.32 262.35 516.28 625.14 1347.6      9   2.33
theta[5,36]  823.53  981.12 1469.0  2.7e-10   0.27   8.23 1362.1 4831.0      2   5.43
theta[6,36]  795.69  325.97 623.25     0.18   0.59 1092.2 1232.0 1614.2      4   1.97
theta[7,36]    1.21    0.42   2.48   8.2e-4   0.22   0.47    0.9   7.68     34   1.09
theta[8,36]  183.98   76.93  115.6   3.5e-3   0.47 234.27 266.03 317.72      2   2.95
theta[9,36]   230.7   35.17   75.7    134.1 174.54  202.2 304.75 371.57      5   1.48
theta[10,36]  121.1   51.33 141.98   1.1e-8   0.46  42.39 216.96 431.95      8   2.11
theta[11,36]   4.89    4.24  31.82  1.8e-15 2.0e-4   0.11   0.63   24.1     56   1.05
theta[12,36]   2.84     0.8   8.72   1.5e-9 3.9e-3   0.26   1.86  24.67    118   1.05
theta[1,37]  125.77   90.03 139.85     0.06   0.12   0.67 276.75 314.79      2   2.99
theta[2,37]    0.73    0.27   1.37  2.3e-16   0.02    0.1   0.96   4.51     25   1.16
theta[3,37]  1201.5  852.58 1254.5     0.03   0.13    0.5 2525.9 2723.9      2   4.13
theta[4,37]  527.68  329.42  586.8   2.2e-4    0.2 422.03 620.39 2469.9      3   2.18
theta[5,37]  1532.7  937.07 1581.5   1.6e-5   1.73 278.84 3297.0 3498.2      3   2.39
theta[6,37]  806.71  487.72 746.06     0.38   0.96 1219.9 1509.7 1767.9      2   3.16
theta[7,37]  114.31   17.41  37.84     56.6  89.63 109.11 130.94 222.75      5   1.51
theta[8,37]  143.69  109.13 187.77     0.01   0.06  56.25 232.53 737.07      3   2.33
theta[9,37]  186.38   92.91 140.28   2.3e-6  25.42 161.74 308.46 379.86      2   3.05
theta[10,37]  61.37   60.45 206.15   5.9e-9   0.03    0.3   6.02 870.96     12    1.4
theta[11,37]  37.01   37.95 114.61   2.6e-6   0.03   0.91   3.98 519.46      9   1.46
theta[12,37] 326.23  383.22 561.52  4.0e-12   0.02   1.09 700.75 1516.1      2   4.25
theta[1,38]  411.04   94.42 243.48     0.36  37.13 540.06 571.28 617.27      7   2.95
theta[2,38]     0.6    0.36   1.24   3.3e-7 1.7e-3   0.05   0.57   3.96     12    1.4
theta[3,38]   1.8e4  1216.3 2423.6    1.6e4  1.7e4  1.8e4  2.0e4  2.3e4      4   1.59
theta[4,38]  466.27  173.85 412.15     0.08   0.48  506.6 783.38 1240.5      6   2.55
theta[5,38]  746.06  587.01 2125.8  1.4e-12 3.1e-5   0.35 548.86 3763.3     13   1.36
theta[6,38]  1080.7  448.07 1136.2   1.6e-6    0.4  11.44 2088.4 2889.1      6   3.49
theta[7,38]    0.95    0.22   1.47   8.3e-8   0.13   0.58   1.31   4.95     47   1.08
theta[8,38]    0.64    0.31   1.32  1.3e-14 3.4e-3   0.14   0.55   4.96     18   1.28
theta[9,38]  454.99   83.05 199.68     2.77 328.58 401.99  643.3 747.68      6    1.4
theta[10,38]   1.81    0.72   3.74  7.3e-12   0.15    0.5   1.57  13.09     27   1.09
theta[11,38]  22.39   23.85  87.49   6.3e-9   0.17   1.06    3.2 418.32     13   1.32
theta[12,38] 1714.9  1235.0 1808.0     0.14   0.35 950.96 3095.9 4900.4      2   6.59
mu[1]        747.84    39.7 456.87   258.02 465.51 636.98 879.46 1978.0    132   1.04
mu[2]         72.46    1.82  50.69    25.77  43.61  61.04  87.04  184.1    773   1.01
mu[3]         1.8e4  2805.4  1.1e4   6002.9  1.1e4  1.6e4  2.2e4  4.7e4     16   1.09
mu[4]        2282.6  275.52 1681.6   722.57 1293.7 1822.7 2675.2 6926.0     37   1.07
mu[5]        1787.9  1081.7 2251.5    51.17 321.84 1079.2 2259.9 8126.6      4   1.41
mu[6]        3066.4  435.55 1931.0   1001.1 1817.2 2582.9 3738.8 7909.3     20   1.08
mu[7]         76.77    2.47  47.26    27.26  46.92  64.67  91.27  201.4    365   1.02
mu[8]         87.55    3.16  52.14    31.55  53.65  74.05 105.01 227.34    273   1.02
mu[9]         687.6   47.28 409.84   241.16 420.38 584.07 831.54 1798.7     75   1.04
mu[10]       106.51   25.53 106.42    26.43  48.27  73.52 120.78 401.63     17   1.14
mu[11]       232.13  105.85 233.45    46.76  87.34 150.02  301.0  810.6      5   1.33
mu[12]       7293.9  3235.6 6737.8   1151.4 2786.8 5393.7 9500.6  2.5e4      4   1.36
lp__          7.2e6   2.7e4  4.6e4    7.1e6  7.2e6  7.2e6  7.3e6  7.3e6      3   2.65

Samples were drawn using NUTS at Thu Mar  3 15:42:55 2022.
For each parameter, n_eff is a crude measure of effective sample size,
and Rhat is the potential scale reduction factor on split chains (at 
convergence, Rhat=1).
Warning: some signatures do not have substantial loadings attributed to them: SBS1, SBS2, SBS13, SBS17a, SBS17b, SBS18
max loadings: [ 9.  2. 79. 18. 30. 35.  3.  9.  9.  2. 18. 52.]
